#
# There is insufficient memory for the Java Runtime Environment to continue.
# Native memory allocation (malloc) failed to allocate 2117936 bytes for Chunk::new
# Possible reasons:
#   The system is out of physical RAM or swap space
#   The process is running with CompressedOops enabled, and the Java Heap may be blocking the growth of the native heap
# Possible solutions:
#   Reduce memory load on the system
#   Increase physical memory or swap space
#   Check if swap backing store is full
#   Decrease Java heap size (-Xmx/-Xms)
#   Decrease number of Java threads
#   Decrease Java thread stack sizes (-Xss)
#   Set larger code cache with -XX:ReservedCodeCacheSize=
#   JVM is running with Unscaled Compressed Oops mode in which the Java heap is
#     placed in the first 4GB address space. The Java Heap base address is the
#     maximum limit for the native heap growth. Please use -XX:HeapBaseMinAddress
#     to set the Java Heap base and to place the Java Heap above 4GB virtual address.
# This output file may be truncated or incomplete.
#
#  Out of Memory Error (./src/hotspot/share/memory/arena.cpp:197), pid=9116, tid=11852
#
# JRE version: OpenJDK Runtime Environment (11.0.10) (build 11.0.10+0-b96-7249189)
# Java VM: OpenJDK 64-Bit Server VM (11.0.10+0-b96-7249189, mixed mode, tiered, compressed oops, g1 gc, windows-amd64)
# No core dump will be written. Minidumps are not enabled by default on client versions of Windows
#

---------------  S U M M A R Y ------------

Command Line: --add-opens=java.base/java.util=ALL-UNNAMED --add-opens=java.base/java.lang=ALL-UNNAMED --add-opens=java.base/java.lang.invoke=ALL-UNNAMED --add-opens=java.base/java.util=ALL-UNNAMED --add-opens=java.prefs/java.util.prefs=ALL-UNNAMED --add-opens=java.prefs/java.util.prefs=ALL-UNNAMED --add-opens=java.base/java.nio.charset=ALL-UNNAMED --add-opens=java.base/java.net=ALL-UNNAMED --add-opens=java.base/java.util.concurrent.atomic=ALL-UNNAMED -Xmx2048m -Dfile.encoding=UTF-8 -Duser.country=US -Duser.language=en -Duser.variant org.gradle.launcher.daemon.bootstrap.GradleDaemon 7.0.2

Host: Intel(R) Core(TM) i3-4005U CPU @ 1.70GHz, 4 cores, 7G,  Windows 10 , 64 bit Build 19041 (10.0.19041.1151)
Time: Mon Aug 30 03:31:58 2021 West Bank Gaza Daylight Time elapsed time: 55.006852 seconds (0d 0h 0m 55s)

---------------  T H R E A D  ---------------

Current thread (0x0000028dc5e06800):  JavaThread "C2 CompilerThread1" daemon [_thread_in_native, id=11852, stack(0x000000c5b2900000,0x000000c5b2a00000)]


Current CompileTask:
C2:  55006 7878       4       org.objectweb.asm.Frame::execute (2318 bytes)

Stack: [0x000000c5b2900000,0x000000c5b2a00000]
Native frames: (J=compiled Java code, j=interpreted, Vv=VM code, C=native code)
V  [jvm.dll+0x5ecfaa]
V  [jvm.dll+0x722bd5]
V  [jvm.dll+0x72412d]
V  [jvm.dll+0x7247e3]
V  [jvm.dll+0x242928]
V  [jvm.dll+0xbc4fc]
V  [jvm.dll+0xbca0c]
V  [jvm.dll+0x352d3b]
V  [jvm.dll+0x320ad3]
V  [jvm.dll+0x31ffca]
V  [jvm.dll+0x1fb602]
V  [jvm.dll+0x1fa7f4]
V  [jvm.dll+0x18354c]
V  [jvm.dll+0x208ee7]
V  [jvm.dll+0x207731]
V  [jvm.dll+0x6eb1cf]
V  [jvm.dll+0x6e3d45]
V  [jvm.dll+0x5ebe96]
C  [ucrtbase.dll+0x21bb2]
C  [KERNEL32.DLL+0x17034]
C  [ntdll.dll+0x52651]


---------------  P R O C E S S  ---------------

Threads class SMR info:
_java_thread_list=0x0000028dc6c91db0, length=43, elements={
0x0000028da94fa800, 0x0000028dc502f000, 0x0000028dc5032800, 0x0000028dc5049800,
0x0000028dc504b000, 0x0000028dc504d800, 0x0000028dc5050800, 0x0000028dc507d000,
0x0000028dc5a1f000, 0x0000028dc5b04000, 0x0000028dc6faf800, 0x0000028dc681f000,
0x0000028dc7215000, 0x0000028dc7fa1000, 0x0000028dc8314800, 0x0000028dc85de800,
0x0000028dc8730800, 0x0000028dc6e01800, 0x0000028dc745b000, 0x0000028dc72f1000,
0x0000028dc72f5000, 0x0000028dc72f0000, 0x0000028dc72f3800, 0x0000028dc72ef800,
0x0000028dc72f6000, 0x0000028dc72f2000, 0x0000028dc72f2800, 0x0000028dc72f4000,
0x0000028dc6cd5800, 0x0000028dc6cd4000, 0x0000028dc6cd4800, 0x0000028dc6cd6800,
0x0000028dc6cd7000, 0x0000028dc6cd3000, 0x0000028dc6cdb000, 0x0000028dc6cdd000,
0x0000028dc6cde800, 0x0000028dc6cd8800, 0x0000028dc6cdc000, 0x0000028dc6cdd800,
0x0000028dc6cd9800, 0x0000028dc6ce0000, 0x0000028dc5e06800
}

Java Threads: ( => current thread )
  0x0000028da94fa800 JavaThread "main" [_thread_blocked, id=2220, stack(0x000000c5afa00000,0x000000c5afb00000)]
  0x0000028dc502f000 JavaThread "Reference Handler" daemon [_thread_blocked, id=8472, stack(0x000000c5b0100000,0x000000c5b0200000)]
  0x0000028dc5032800 JavaThread "Finalizer" daemon [_thread_blocked, id=11280, stack(0x000000c5b0200000,0x000000c5b0300000)]
  0x0000028dc5049800 JavaThread "Signal Dispatcher" daemon [_thread_blocked, id=4796, stack(0x000000c5b0300000,0x000000c5b0400000)]
  0x0000028dc504b000 JavaThread "Attach Listener" daemon [_thread_blocked, id=15624, stack(0x000000c5b0400000,0x000000c5b0500000)]
  0x0000028dc504d800 JavaThread "Service Thread" daemon [_thread_blocked, id=13656, stack(0x000000c5b0500000,0x000000c5b0600000)]
  0x0000028dc5050800 JavaThread "C2 CompilerThread0" daemon [_thread_in_native, id=2856, stack(0x000000c5b0600000,0x000000c5b0700000)]
  0x0000028dc507d000 JavaThread "C1 CompilerThread0" daemon [_thread_blocked, id=16604, stack(0x000000c5b0700000,0x000000c5b0800000)]
  0x0000028dc5a1f000 JavaThread "Sweeper thread" daemon [_thread_blocked, id=13796, stack(0x000000c5b0800000,0x000000c5b0900000)]
  0x0000028dc5b04000 JavaThread "Common-Cleaner" daemon [_thread_blocked, id=1076, stack(0x000000c5b0900000,0x000000c5b0a00000)]
  0x0000028dc6faf800 JavaThread "Daemon health stats" [_thread_blocked, id=15712, stack(0x000000c5b0b00000,0x000000c5b0c00000)]
  0x0000028dc681f000 JavaThread "Incoming local TCP Connector on port 5773" [_thread_in_native, id=5824, stack(0x000000c5b0e00000,0x000000c5b0f00000)]
  0x0000028dc7215000 JavaThread "Daemon periodic checks" [_thread_blocked, id=16948, stack(0x000000c5b0f00000,0x000000c5b1000000)]
  0x0000028dc7fa1000 JavaThread "Daemon" [_thread_blocked, id=9468, stack(0x000000c5b1000000,0x000000c5b1100000)]
  0x0000028dc8314800 JavaThread "Handler for socket connection from /127.0.0.1:5773 to /127.0.0.1:5774" [_thread_in_native, id=16916, stack(0x000000c5b1100000,0x000000c5b1200000)]
  0x0000028dc85de800 JavaThread "Cancel handler" [_thread_blocked, id=10756, stack(0x000000c5b1200000,0x000000c5b1300000)]
  0x0000028dc8730800 JavaThread "Daemon worker" [_thread_in_vm, id=9204, stack(0x000000c5b1300000,0x000000c5b1400000)]
  0x0000028dc6e01800 JavaThread "Asynchronous log dispatcher for DefaultDaemonConnection: socket connection from /127.0.0.1:5773 to /127.0.0.1:5774" [_thread_blocked, id=10712, stack(0x000000c5b1400000,0x000000c5b1500000)]
  0x0000028dc745b000 JavaThread "Stdin handler" [_thread_blocked, id=13764, stack(0x000000c5b1500000,0x000000c5b1600000)]
  0x0000028dc72f1000 JavaThread "Daemon client event forwarder" [_thread_blocked, id=8896, stack(0x000000c5b1600000,0x000000c5b1700000)]
  0x0000028dc72f5000 JavaThread "Cache worker for file hash cache (C:\Users\ahmed\.gradle\caches\7.0.2\fileHashes)" [_thread_blocked, id=12816, stack(0x000000c5b1700000,0x000000c5b1800000)]
  0x0000028dc72f0000 JavaThread "File lock request listener" [_thread_in_native, id=584, stack(0x000000c5b1800000,0x000000c5b1900000)]
  0x0000028dc72f3800 JavaThread "Cache worker for journal cache (C:\Users\ahmed\.gradle\caches\journal-1)" [_thread_blocked, id=12524, stack(0x000000c5b1a00000,0x000000c5b1b00000)]
  0x0000028dc72ef800 JavaThread "Cache worker for file hash cache (D:\Programming\Android\MyApps\VideoPlayer\Project\.gradle\7.0.2\fileHashes)" [_thread_blocked, id=8680, stack(0x000000c5b1c00000,0x000000c5b1d00000)]
  0x0000028dc72f6000 JavaThread "File watcher server" daemon [_thread_in_native, id=16204, stack(0x000000c5b1d00000,0x000000c5b1e00000)]
  0x0000028dc72f2000 JavaThread "File watcher consumer" daemon [_thread_blocked, id=14564, stack(0x000000c5b1b00000,0x000000c5b1c00000)]
  0x0000028dc72f2800 JavaThread "jar transforms" [_thread_blocked, id=12972, stack(0x000000c5b1e00000,0x000000c5b1f00000)]
  0x0000028dc72f4000 JavaThread "jar transforms Thread 2" [_thread_blocked, id=3032, stack(0x000000c5b1f00000,0x000000c5b2000000)]
  0x0000028dc6cd5800 JavaThread "jar transforms Thread 3" [_thread_blocked, id=5464, stack(0x000000c5b2000000,0x000000c5b2100000)]
  0x0000028dc6cd4000 JavaThread "jar transforms Thread 4" [_thread_blocked, id=10496, stack(0x000000c5b2100000,0x000000c5b2200000)]
  0x0000028dc6cd4800 JavaThread "Cache worker for checksums cache (D:\Programming\Android\MyApps\VideoPlayer\Project\.gradle\checksums)" [_thread_blocked, id=15676, stack(0x000000c5b2300000,0x000000c5b2400000)]
  0x0000028dc6cd6800 JavaThread "Cache worker for cache directory md-supplier (C:\Users\ahmed\.gradle\caches\7.0.2\md-supplier)" [_thread_blocked, id=4524, stack(0x000000c5b2400000,0x000000c5b2500000)]
  0x0000028dc6cd7000 JavaThread "Cache worker for cache directory md-rule (C:\Users\ahmed\.gradle\caches\7.0.2\md-rule)" [_thread_blocked, id=8160, stack(0x000000c5b2500000,0x000000c5b2600000)]
  0x0000028dc6cd3000 JavaThread "Cache worker for execution history cache (C:\Users\ahmed\.gradle\caches\7.0.2\executionHistory)" [_thread_blocked, id=1320, stack(0x000000c5b2600000,0x000000c5b2700000)]
  0x0000028dc6cdb000 JavaThread "Cache worker for file content cache (C:\Users\ahmed\.gradle\caches\7.0.2\fileContent)" [_thread_blocked, id=5068, stack(0x000000c5b2700000,0x000000c5b2800000)]
  0x0000028dc6cdd000 JavaThread "Cache worker for dependencies-accessors (D:\Programming\Android\MyApps\VideoPlayer\Project\.gradle\7.0.2\dependencies-accessors)" [_thread_blocked, id=6028, stack(0x000000c5b2800000,0x000000c5b2900000)]
  0x0000028dc6cde800 JavaThread "Cache worker for Build Output Cleanup Cache (D:\Programming\Android\MyApps\VideoPlayer\Project\.gradle\buildOutputCleanup)" [_thread_blocked, id=184, stack(0x000000c5b2200000,0x000000c5b2300000)]
  0x0000028dc6cd8800 JavaThread "Build operations" [_thread_blocked, id=3040, stack(0x000000c5b2a00000,0x000000c5b2b00000)]
  0x0000028dc6cdc000 JavaThread "Build operations Thread 2" [_thread_blocked, id=12716, stack(0x000000c5b2b00000,0x000000c5b2c00000)]
  0x0000028dc6cdd800 JavaThread "Build operations Thread 3" [_thread_blocked, id=16508, stack(0x000000c5b2c00000,0x000000c5b2d00000)]
  0x0000028dc6cd9800 JavaThread "Build operations Thread 4" [_thread_blocked, id=8104, stack(0x000000c5b2d00000,0x000000c5b2e00000)]
  0x0000028dc6ce0000 JavaThread "Memory manager" [_thread_blocked, id=15032, stack(0x000000c5b2e00000,0x000000c5b2f00000)]
=>0x0000028dc5e06800 JavaThread "C2 CompilerThread1" daemon [_thread_in_native, id=11852, stack(0x000000c5b2900000,0x000000c5b2a00000)]

Other Threads:
  0x0000028dc502b000 VMThread "VM Thread" [stack: 0x000000c5b0000000,0x000000c5b0100000] [id=16344]
  0x0000028dc5b39800 WatcherThread [stack: 0x000000c5b0a00000,0x000000c5b0b00000] [id=12748]
  0x0000028da9513000 GCTaskThread "GC Thread#0" [stack: 0x000000c5afb00000,0x000000c5afc00000] [id=9156]
  0x0000028dc6094000 GCTaskThread "GC Thread#1" [stack: 0x000000c5b0c00000,0x000000c5b0d00000] [id=3700]
  0x0000028dc5d8d800 GCTaskThread "GC Thread#2" [stack: 0x000000c5b0d00000,0x000000c5b0e00000] [id=12932]
  0x0000028dc8729800 GCTaskThread "GC Thread#3" [stack: 0x000000c5b1900000,0x000000c5b1a00000] [id=13092]
  0x0000028da9543800 ConcurrentGCThread "G1 Main Marker" [stack: 0x000000c5afc00000,0x000000c5afd00000] [id=5180]
  0x0000028da9545800 ConcurrentGCThread "G1 Conc#0" [stack: 0x000000c5afd00000,0x000000c5afe00000] [id=9496]
  0x0000028da95d7800 ConcurrentGCThread "G1 Refine#0" [stack: 0x000000c5afe00000,0x000000c5aff00000] [id=6080]
  0x0000028da95d8800 ConcurrentGCThread "G1 Young RemSet Sampling" [stack: 0x000000c5aff00000,0x000000c5b0000000] [id=3852]

Threads with active compile tasks:
C2 CompilerThread0  55052 7894 %     4       org.gradle.internal.instantiation.generator.AbstractClassGenerator::inspectType @ 107 (560 bytes)
C2 CompilerThread1  55052 7878       4       org.objectweb.asm.Frame::execute (2318 bytes)

VM state:not at safepoint (normal execution)

VM Mutex/Monitor currently owned by a thread: None

Heap address: 0x0000000080000000, size: 2048 MB, Compressed Oops mode: 32-bit
Narrow klass base: 0x0000000000000000, Narrow klass shift: 3
Compressed class space size: 1073741824 Address: 0x0000000100000000

Heap:
 garbage-first heap   total 157696K, used 108690K [0x0000000080000000, 0x0000000100000000)
  region size 1024K, 22 young (22528K), 1 survivors (1024K)
 Metaspace       used 84667K, capacity 86733K, committed 86988K, reserved 1124352K
  class space    used 10924K, capacity 11654K, committed 11776K, reserved 1048576K
Heap Regions: E=young(eden), S=young(survivor), O=old, HS=humongous(starts), HC=humongous(continues), CS=collection set, F=free, A=archive, TAMS=top-at-mark-start (previous, next)
|   0|0x0000000080000000, 0x0000000080100000, 0x0000000080100000|100%| O|  |TAMS 0x0000000080100000, 0x0000000080000000| Untracked 
|   1|0x0000000080100000, 0x0000000080200000, 0x0000000080200000|100%| O|  |TAMS 0x0000000080200000, 0x0000000080100000| Untracked 
|   2|0x0000000080200000, 0x0000000080300000, 0x0000000080300000|100%| O|  |TAMS 0x0000000080300000, 0x0000000080200000| Untracked 
|   3|0x0000000080300000, 0x0000000080400000, 0x0000000080400000|100%|HS|  |TAMS 0x0000000080400000, 0x0000000080300000| Complete 
|   4|0x0000000080400000, 0x0000000080500000, 0x0000000080500000|100%|HC|  |TAMS 0x0000000080500000, 0x0000000080400000| Complete 
|   5|0x0000000080500000, 0x0000000080600000, 0x0000000080600000|100%|HC|  |TAMS 0x0000000080600000, 0x0000000080500000| Complete 
|   6|0x0000000080600000, 0x0000000080700000, 0x0000000080700000|100%| O|  |TAMS 0x0000000080700000, 0x0000000080600000| Untracked 
|   7|0x0000000080700000, 0x0000000080800000, 0x0000000080800000|100%| O|  |TAMS 0x0000000080800000, 0x0000000080700000| Untracked 
|   8|0x0000000080800000, 0x0000000080900000, 0x0000000080900000|100%| O|  |TAMS 0x0000000080900000, 0x0000000080800000| Untracked 
|   9|0x0000000080900000, 0x0000000080a00000, 0x0000000080a00000|100%|HS|  |TAMS 0x0000000080a00000, 0x0000000080900000| Complete 
|  10|0x0000000080a00000, 0x0000000080b00000, 0x0000000080b00000|100%|HC|  |TAMS 0x0000000080b00000, 0x0000000080a00000| Complete 
|  11|0x0000000080b00000, 0x0000000080c00000, 0x0000000080c00000|100%|HS|  |TAMS 0x0000000080c00000, 0x0000000080b00000| Complete 
|  12|0x0000000080c00000, 0x0000000080d00000, 0x0000000080d00000|100%|HC|  |TAMS 0x0000000080d00000, 0x0000000080c00000| Complete 
|  13|0x0000000080d00000, 0x0000000080e00000, 0x0000000080e00000|100%|HC|  |TAMS 0x0000000080e00000, 0x0000000080d00000| Complete 
|  14|0x0000000080e00000, 0x0000000080f00000, 0x0000000080f00000|100%|HS|  |TAMS 0x0000000080f00000, 0x0000000080e00000| Complete 
|  15|0x0000000080f00000, 0x0000000081000000, 0x0000000081000000|100%|HC|  |TAMS 0x0000000081000000, 0x0000000080f00000| Complete 
|  16|0x0000000081000000, 0x0000000081100000, 0x0000000081100000|100%|HC|  |TAMS 0x0000000081100000, 0x0000000081000000| Complete 
|  17|0x0000000081100000, 0x0000000081200000, 0x0000000081200000|100%|HC|  |TAMS 0x0000000081200000, 0x0000000081100000| Complete 
|  18|0x0000000081200000, 0x0000000081300000, 0x0000000081300000|100%|HC|  |TAMS 0x0000000081300000, 0x0000000081200000| Complete 
|  19|0x0000000081300000, 0x0000000081400000, 0x0000000081400000|100%| O|  |TAMS 0x0000000081400000, 0x0000000081300000| Untracked 
|  20|0x0000000081400000, 0x0000000081500000, 0x0000000081500000|100%| O|  |TAMS 0x0000000081500000, 0x0000000081400000| Untracked 
|  21|0x0000000081500000, 0x0000000081600000, 0x0000000081600000|100%| O|  |TAMS 0x0000000081600000, 0x0000000081500000| Untracked 
|  22|0x0000000081600000, 0x0000000081700000, 0x0000000081700000|100%| O|  |TAMS 0x0000000081700000, 0x0000000081600000| Untracked 
|  23|0x0000000081700000, 0x0000000081800000, 0x0000000081800000|100%| O|  |TAMS 0x0000000081800000, 0x0000000081700000| Untracked 
|  24|0x0000000081800000, 0x0000000081900000, 0x0000000081900000|100%| O|  |TAMS 0x0000000081900000, 0x0000000081800000| Untracked 
|  25|0x0000000081900000, 0x0000000081a00000, 0x0000000081a00000|100%| O|  |TAMS 0x0000000081a00000, 0x0000000081900000| Untracked 
|  26|0x0000000081a00000, 0x0000000081b00000, 0x0000000081b00000|100%| O|  |TAMS 0x0000000081b00000, 0x0000000081a00000| Untracked 
|  27|0x0000000081b00000, 0x0000000081c00000, 0x0000000081c00000|100%| O|  |TAMS 0x0000000081c00000, 0x0000000081b00000| Untracked 
|  28|0x0000000081c00000, 0x0000000081d00000, 0x0000000081d00000|100%| O|  |TAMS 0x0000000081d00000, 0x0000000081c00000| Untracked 
|  29|0x0000000081d00000, 0x0000000081e00000, 0x0000000081e00000|100%| O|  |TAMS 0x0000000081e00000, 0x0000000081d00000| Untracked 
|  30|0x0000000081e00000, 0x0000000081f00000, 0x0000000081f00000|100%| O|  |TAMS 0x0000000081f00000, 0x0000000081e00000| Untracked 
|  31|0x0000000081f00000, 0x0000000082000000, 0x0000000082000000|100%|HS|  |TAMS 0x0000000082000000, 0x0000000081f00000| Complete 
|  32|0x0000000082000000, 0x0000000082100000, 0x0000000082100000|100%|HC|  |TAMS 0x0000000082100000, 0x0000000082000000| Complete 
|  33|0x0000000082100000, 0x0000000082200000, 0x0000000082200000|100%|HC|  |TAMS 0x0000000082200000, 0x0000000082100000| Complete 
|  34|0x0000000082200000, 0x0000000082300000, 0x0000000082300000|100%|HC|  |TAMS 0x0000000082300000, 0x0000000082200000| Complete 
|  35|0x0000000082300000, 0x0000000082400000, 0x0000000082400000|100%|HC|  |TAMS 0x0000000082400000, 0x0000000082300000| Complete 
|  36|0x0000000082400000, 0x0000000082500000, 0x0000000082500000|100%|HS|  |TAMS 0x0000000082500000, 0x0000000082400000| Complete 
|  37|0x0000000082500000, 0x0000000082600000, 0x0000000082600000|100%|HC|  |TAMS 0x0000000082600000, 0x0000000082500000| Complete 
|  38|0x0000000082600000, 0x0000000082700000, 0x0000000082700000|100%|HC|  |TAMS 0x0000000082700000, 0x0000000082600000| Complete 
|  39|0x0000000082700000, 0x0000000082800000, 0x0000000082800000|100%| O|  |TAMS 0x0000000082800000, 0x0000000082700000| Untracked 
|  40|0x0000000082800000, 0x0000000082900000, 0x0000000082900000|100%| O|  |TAMS 0x0000000082900000, 0x0000000082800000| Untracked 
|  41|0x0000000082900000, 0x0000000082a00000, 0x0000000082a00000|100%| O|  |TAMS 0x0000000082a00000, 0x0000000082900000| Untracked 
|  42|0x0000000082a00000, 0x0000000082b00000, 0x0000000082b00000|100%| O|  |TAMS 0x0000000082b00000, 0x0000000082a00000| Untracked 
|  43|0x0000000082b00000, 0x0000000082c00000, 0x0000000082c00000|100%| O|  |TAMS 0x0000000082c00000, 0x0000000082b00000| Untracked 
|  44|0x0000000082c00000, 0x0000000082d00000, 0x0000000082d00000|100%| O|  |TAMS 0x0000000082d00000, 0x0000000082c00000| Untracked 
|  45|0x0000000082d00000, 0x0000000082e00000, 0x0000000082e00000|100%| O|  |TAMS 0x0000000082e00000, 0x0000000082d00000| Untracked 
|  46|0x0000000082e00000, 0x0000000082f00000, 0x0000000082f00000|100%| O|  |TAMS 0x0000000082f00000, 0x0000000082e00000| Untracked 
|  47|0x0000000082f00000, 0x0000000083000000, 0x0000000083000000|100%| O|  |TAMS 0x0000000083000000, 0x0000000082f00000| Untracked 
|  48|0x0000000083000000, 0x0000000083100000, 0x0000000083100000|100%| O|  |TAMS 0x0000000083100000, 0x0000000083000000| Untracked 
|  49|0x0000000083100000, 0x0000000083200000, 0x0000000083200000|100%| O|  |TAMS 0x0000000083200000, 0x0000000083100000| Untracked 
|  50|0x0000000083200000, 0x0000000083300000, 0x0000000083300000|100%| O|  |TAMS 0x0000000083300000, 0x0000000083200000| Untracked 
|  51|0x0000000083300000, 0x0000000083400000, 0x0000000083400000|100%|HS|  |TAMS 0x0000000083400000, 0x0000000083300000| Complete 
|  52|0x0000000083400000, 0x0000000083500000, 0x0000000083500000|100%|HS|  |TAMS 0x0000000083500000, 0x0000000083400000| Complete 
|  53|0x0000000083500000, 0x0000000083600000, 0x0000000083600000|100%|HS|  |TAMS 0x0000000083600000, 0x0000000083500000| Complete 
|  54|0x0000000083600000, 0x0000000083700000, 0x0000000083700000|100%|HC|  |TAMS 0x0000000083700000, 0x0000000083600000| Complete 
|  55|0x0000000083700000, 0x0000000083800000, 0x0000000083800000|100%| O|  |TAMS 0x0000000083800000, 0x0000000083700000| Untracked 
|  56|0x0000000083800000, 0x0000000083900000, 0x0000000083900000|100%| O|  |TAMS 0x0000000083900000, 0x0000000083800000| Untracked 
|  57|0x0000000083900000, 0x0000000083a00000, 0x0000000083a00000|100%| O|  |TAMS 0x0000000083a00000, 0x0000000083900000| Untracked 
|  58|0x0000000083a00000, 0x0000000083b00000, 0x0000000083b00000|100%| O|  |TAMS 0x0000000083b00000, 0x0000000083a00000| Untracked 
|  59|0x0000000083b00000, 0x0000000083c00000, 0x0000000083c00000|100%| O|  |TAMS 0x0000000083c00000, 0x0000000083b00000| Untracked 
|  60|0x0000000083c00000, 0x0000000083d00000, 0x0000000083d00000|100%| O|  |TAMS 0x0000000083d00000, 0x0000000083c00000| Untracked 
|  61|0x0000000083d00000, 0x0000000083e00000, 0x0000000083e00000|100%| O|  |TAMS 0x0000000083e00000, 0x0000000083d00000| Untracked 
|  62|0x0000000083e00000, 0x0000000083f00000, 0x0000000083f00000|100%| O|  |TAMS 0x0000000083f00000, 0x0000000083e00000| Untracked 
|  63|0x0000000083f00000, 0x0000000084000000, 0x0000000084000000|100%| O|  |TAMS 0x0000000084000000, 0x0000000083f00000| Untracked 
|  64|0x0000000084000000, 0x0000000084100000, 0x0000000084100000|100%| O|  |TAMS 0x0000000084100000, 0x0000000084000000| Untracked 
|  65|0x0000000084100000, 0x0000000084200000, 0x0000000084200000|100%| O|  |TAMS 0x0000000084200000, 0x0000000084100000| Untracked 
|  66|0x0000000084200000, 0x0000000084300000, 0x0000000084300000|100%| O|  |TAMS 0x0000000084300000, 0x0000000084200000| Untracked 
|  67|0x0000000084300000, 0x0000000084400000, 0x0000000084400000|100%| O|  |TAMS 0x0000000084400000, 0x0000000084300000| Untracked 
|  68|0x0000000084400000, 0x0000000084500000, 0x0000000084500000|100%| O|  |TAMS 0x0000000084500000, 0x0000000084400000| Untracked 
|  69|0x0000000084500000, 0x0000000084600000, 0x0000000084600000|100%| O|  |TAMS 0x0000000084600000, 0x0000000084500000| Untracked 
|  70|0x0000000084600000, 0x0000000084700000, 0x0000000084700000|100%| O|  |TAMS 0x0000000084700000, 0x0000000084600000| Untracked 
|  71|0x0000000084700000, 0x0000000084800000, 0x0000000084800000|100%| O|  |TAMS 0x0000000084800000, 0x0000000084700000| Untracked 
|  72|0x0000000084800000, 0x0000000084900000, 0x0000000084900000|100%| O|  |TAMS 0x0000000084900000, 0x0000000084800000| Untracked 
|  73|0x0000000084900000, 0x0000000084a00000, 0x0000000084a00000|100%| O|  |TAMS 0x0000000084a00000, 0x0000000084900000| Untracked 
|  74|0x0000000084a00000, 0x0000000084b00000, 0x0000000084b00000|100%| O|  |TAMS 0x0000000084b00000, 0x0000000084a00000| Untracked 
|  75|0x0000000084b00000, 0x0000000084c00000, 0x0000000084c00000|100%| O|  |TAMS 0x0000000084c00000, 0x0000000084b00000| Untracked 
|  76|0x0000000084c00000, 0x0000000084d00000, 0x0000000084d00000|100%| O|  |TAMS 0x0000000084d00000, 0x0000000084c00000| Untracked 
|  77|0x0000000084d00000, 0x0000000084e00000, 0x0000000084e00000|100%| O|  |TAMS 0x0000000084e00000, 0x0000000084d00000| Untracked 
|  78|0x0000000084e00000, 0x0000000084f00000, 0x0000000084f00000|100%| O|  |TAMS 0x0000000084f00000, 0x0000000084e00000| Untracked 
|  79|0x0000000084f00000, 0x0000000085000000, 0x0000000085000000|100%| O|  |TAMS 0x0000000085000000, 0x0000000084f00000| Untracked 
|  80|0x0000000085000000, 0x0000000085100000, 0x0000000085100000|100%| O|  |TAMS 0x0000000085100000, 0x0000000085000000| Untracked 
|  81|0x0000000085100000, 0x0000000085200000, 0x0000000085200000|100%| O|  |TAMS 0x00000000851dc200, 0x0000000085100000| Untracked 
|  82|0x0000000085200000, 0x0000000085200000, 0x0000000085300000|  0%| F|  |TAMS 0x0000000085200000, 0x0000000085200000| Untracked 
|  83|0x0000000085300000, 0x0000000085400000, 0x0000000085400000|100%| O|  |TAMS 0x0000000085300000, 0x0000000085300000| Untracked 
|  84|0x0000000085400000, 0x0000000085500000, 0x0000000085500000|100%| O|  |TAMS 0x0000000085400000, 0x0000000085400000| Untracked 
|  85|0x0000000085500000, 0x0000000085600000, 0x0000000085600000|100%| O|  |TAMS 0x0000000085500000, 0x0000000085500000| Untracked 
|  86|0x0000000085600000, 0x0000000085663800, 0x0000000085700000| 38%| O|  |TAMS 0x0000000085600000, 0x0000000085600000| Untracked 
|  87|0x0000000085700000, 0x0000000085700000, 0x0000000085800000|  0%| F|  |TAMS 0x0000000085700000, 0x0000000085700000| Untracked 
|  88|0x0000000085800000, 0x0000000085800000, 0x0000000085900000|  0%| F|  |TAMS 0x0000000085800000, 0x0000000085800000| Untracked 
|  89|0x0000000085900000, 0x0000000085900000, 0x0000000085a00000|  0%| F|  |TAMS 0x0000000085900000, 0x0000000085900000| Untracked 
|  90|0x0000000085a00000, 0x0000000085a00000, 0x0000000085b00000|  0%| F|  |TAMS 0x0000000085a00000, 0x0000000085a00000| Untracked 
|  91|0x0000000085b00000, 0x0000000085b00000, 0x0000000085c00000|  0%| F|  |TAMS 0x0000000085b00000, 0x0000000085b00000| Untracked 
|  92|0x0000000085c00000, 0x0000000085c00000, 0x0000000085d00000|  0%| F|  |TAMS 0x0000000085c00000, 0x0000000085c00000| Untracked 
|  93|0x0000000085d00000, 0x0000000085d00000, 0x0000000085e00000|  0%| F|  |TAMS 0x0000000085d00000, 0x0000000085d00000| Untracked 
|  94|0x0000000085e00000, 0x0000000085e00000, 0x0000000085f00000|  0%| F|  |TAMS 0x0000000085e00000, 0x0000000085e00000| Untracked 
|  95|0x0000000085f00000, 0x0000000085f00000, 0x0000000086000000|  0%| F|  |TAMS 0x0000000085f00000, 0x0000000085f00000| Untracked 
|  96|0x0000000086000000, 0x0000000086000000, 0x0000000086100000|  0%| F|  |TAMS 0x0000000086000000, 0x0000000086000000| Untracked 
|  97|0x0000000086100000, 0x0000000086100000, 0x0000000086200000|  0%| F|  |TAMS 0x0000000086100000, 0x0000000086100000| Untracked 
|  98|0x0000000086200000, 0x0000000086200000, 0x0000000086300000|  0%| F|  |TAMS 0x0000000086200000, 0x0000000086200000| Untracked 
|  99|0x0000000086300000, 0x0000000086300000, 0x0000000086400000|  0%| F|  |TAMS 0x0000000086300000, 0x0000000086300000| Untracked 
| 100|0x0000000086400000, 0x0000000086400000, 0x0000000086500000|  0%| F|  |TAMS 0x0000000086400000, 0x0000000086400000| Untracked 
| 101|0x0000000086500000, 0x00000000865c13b8, 0x0000000086600000| 75%| S|CS|TAMS 0x0000000086500000, 0x0000000086500000| Complete 
| 102|0x0000000086600000, 0x0000000086600000, 0x0000000086700000|  0%| F|  |TAMS 0x0000000086600000, 0x0000000086600000| Untracked 
| 103|0x0000000086700000, 0x0000000086700000, 0x0000000086800000|  0%| F|  |TAMS 0x0000000086700000, 0x0000000086700000| Untracked 
| 104|0x0000000086800000, 0x0000000086800000, 0x0000000086900000|  0%| F|  |TAMS 0x0000000086800000, 0x0000000086800000| Untracked 
| 105|0x0000000086900000, 0x0000000086900000, 0x0000000086a00000|  0%| F|  |TAMS 0x0000000086900000, 0x0000000086900000| Untracked 
| 106|0x0000000086a00000, 0x0000000086a00000, 0x0000000086b00000|  0%| F|  |TAMS 0x0000000086a00000, 0x0000000086a00000| Untracked 
| 107|0x0000000086b00000, 0x0000000086b00000, 0x0000000086c00000|  0%| F|  |TAMS 0x0000000086b00000, 0x0000000086b00000| Untracked 
| 108|0x0000000086c00000, 0x0000000086c00000, 0x0000000086d00000|  0%| F|  |TAMS 0x0000000086c00000, 0x0000000086c00000| Untracked 
| 109|0x0000000086d00000, 0x0000000086d00000, 0x0000000086e00000|  0%| F|  |TAMS 0x0000000086d00000, 0x0000000086d00000| Untracked 
| 110|0x0000000086e00000, 0x0000000086e00000, 0x0000000086f00000|  0%| F|  |TAMS 0x0000000086e00000, 0x0000000086e00000| Untracked 
| 111|0x0000000086f00000, 0x0000000086f00000, 0x0000000087000000|  0%| F|  |TAMS 0x0000000086f00000, 0x0000000086f00000| Untracked 
| 112|0x0000000087000000, 0x0000000087000000, 0x0000000087100000|  0%| F|  |TAMS 0x0000000087000000, 0x0000000087000000| Untracked 
| 113|0x0000000087100000, 0x0000000087100000, 0x0000000087200000|  0%| F|  |TAMS 0x0000000087100000, 0x0000000087100000| Untracked 
| 114|0x0000000087200000, 0x0000000087200000, 0x0000000087300000|  0%| F|  |TAMS 0x0000000087200000, 0x0000000087200000| Untracked 
| 115|0x0000000087300000, 0x0000000087300000, 0x0000000087400000|  0%| F|  |TAMS 0x0000000087300000, 0x0000000087300000| Untracked 
| 116|0x0000000087400000, 0x0000000087400000, 0x0000000087500000|  0%| F|  |TAMS 0x0000000087400000, 0x0000000087400000| Untracked 
| 117|0x0000000087500000, 0x0000000087500000, 0x0000000087600000|  0%| F|  |TAMS 0x0000000087500000, 0x0000000087500000| Untracked 
| 118|0x0000000087600000, 0x0000000087600000, 0x0000000087700000|  0%| F|  |TAMS 0x0000000087600000, 0x0000000087600000| Untracked 
| 119|0x0000000087700000, 0x0000000087700000, 0x0000000087800000|  0%| F|  |TAMS 0x0000000087700000, 0x0000000087700000| Untracked 
| 120|0x0000000087800000, 0x0000000087800000, 0x0000000087900000|  0%| F|  |TAMS 0x0000000087800000, 0x0000000087800000| Untracked 
| 121|0x0000000087900000, 0x0000000087900000, 0x0000000087a00000|  0%| F|  |TAMS 0x0000000087900000, 0x0000000087900000| Untracked 
| 122|0x0000000087a00000, 0x0000000087a00000, 0x0000000087b00000|  0%| F|  |TAMS 0x0000000087a00000, 0x0000000087a00000| Untracked 
| 123|0x0000000087b00000, 0x0000000087b00000, 0x0000000087c00000|  0%| F|  |TAMS 0x0000000087b00000, 0x0000000087b00000| Untracked 
| 124|0x0000000087c00000, 0x0000000087c00000, 0x0000000087d00000|  0%| F|  |TAMS 0x0000000087c00000, 0x0000000087c00000| Untracked 
| 125|0x0000000087d00000, 0x0000000087d00000, 0x0000000087e00000|  0%| F|  |TAMS 0x0000000087d00000, 0x0000000087d00000| Untracked 
| 126|0x0000000087e00000, 0x0000000087e00000, 0x0000000087f00000|  0%| F|  |TAMS 0x0000000087e00000, 0x0000000087e00000| Untracked 
| 127|0x0000000087f00000, 0x0000000087f00000, 0x0000000088000000|  0%| F|  |TAMS 0x0000000087f00000, 0x0000000087f00000| Untracked 
| 128|0x0000000088000000, 0x0000000088000000, 0x0000000088100000|  0%| F|  |TAMS 0x0000000088000000, 0x0000000088000000| Untracked 
| 129|0x0000000088100000, 0x0000000088100000, 0x0000000088200000|  0%| F|  |TAMS 0x0000000088100000, 0x0000000088100000| Untracked 
| 130|0x0000000088200000, 0x0000000088200000, 0x0000000088300000|  0%| F|  |TAMS 0x0000000088200000, 0x0000000088200000| Untracked 
| 131|0x0000000088300000, 0x0000000088300000, 0x0000000088400000|  0%| F|  |TAMS 0x0000000088300000, 0x0000000088300000| Untracked 
| 132|0x0000000088400000, 0x0000000088480800, 0x0000000088500000| 50%| E|  |TAMS 0x0000000088400000, 0x0000000088400000| Complete 
| 133|0x0000000088500000, 0x0000000088600000, 0x0000000088600000|100%| E|CS|TAMS 0x0000000088500000, 0x0000000088500000| Complete 
| 134|0x0000000088600000, 0x0000000088700000, 0x0000000088700000|100%| E|CS|TAMS 0x0000000088600000, 0x0000000088600000| Complete 
| 135|0x0000000088700000, 0x0000000088800000, 0x0000000088800000|100%| E|CS|TAMS 0x0000000088700000, 0x0000000088700000| Complete 
| 136|0x0000000088800000, 0x0000000088900000, 0x0000000088900000|100%| E|CS|TAMS 0x0000000088800000, 0x0000000088800000| Complete 
| 137|0x0000000088900000, 0x0000000088a00000, 0x0000000088a00000|100%| E|CS|TAMS 0x0000000088900000, 0x0000000088900000| Complete 
| 138|0x0000000088a00000, 0x0000000088b00000, 0x0000000088b00000|100%| E|CS|TAMS 0x0000000088a00000, 0x0000000088a00000| Complete 
| 139|0x0000000088b00000, 0x0000000088c00000, 0x0000000088c00000|100%| E|CS|TAMS 0x0000000088b00000, 0x0000000088b00000| Complete 
| 140|0x0000000088c00000, 0x0000000088d00000, 0x0000000088d00000|100%| E|CS|TAMS 0x0000000088c00000, 0x0000000088c00000| Complete 
| 141|0x0000000088d00000, 0x0000000088e00000, 0x0000000088e00000|100%| E|CS|TAMS 0x0000000088d00000, 0x0000000088d00000| Complete 
| 142|0x0000000088e00000, 0x0000000088f00000, 0x0000000088f00000|100%| E|CS|TAMS 0x0000000088e00000, 0x0000000088e00000| Complete 
| 143|0x0000000088f00000, 0x0000000089000000, 0x0000000089000000|100%| E|CS|TAMS 0x0000000088f00000, 0x0000000088f00000| Complete 
| 144|0x0000000089000000, 0x0000000089100000, 0x0000000089100000|100%| E|CS|TAMS 0x0000000089000000, 0x0000000089000000| Complete 
| 145|0x0000000089100000, 0x0000000089200000, 0x0000000089200000|100%| E|CS|TAMS 0x0000000089100000, 0x0000000089100000| Complete 
| 146|0x0000000089200000, 0x0000000089300000, 0x0000000089300000|100%| E|CS|TAMS 0x0000000089200000, 0x0000000089200000| Complete 
| 147|0x0000000089300000, 0x0000000089400000, 0x0000000089400000|100%| E|CS|TAMS 0x0000000089300000, 0x0000000089300000| Complete 
| 148|0x0000000089400000, 0x0000000089500000, 0x0000000089500000|100%| E|CS|TAMS 0x0000000089400000, 0x0000000089400000| Complete 
| 149|0x0000000089500000, 0x0000000089600000, 0x0000000089600000|100%| E|CS|TAMS 0x0000000089500000, 0x0000000089500000| Complete 
| 150|0x0000000089600000, 0x0000000089700000, 0x0000000089700000|100%| E|CS|TAMS 0x0000000089600000, 0x0000000089600000| Complete 
| 151|0x0000000089700000, 0x0000000089800000, 0x0000000089800000|100%| E|CS|TAMS 0x0000000089700000, 0x0000000089700000| Complete 
| 152|0x0000000089800000, 0x0000000089900000, 0x0000000089900000|100%| E|CS|TAMS 0x0000000089800000, 0x0000000089800000| Complete 
| 153|0x0000000089900000, 0x0000000089a00000, 0x0000000089a00000|100%| E|CS|TAMS 0x0000000089900000, 0x0000000089900000| Complete 

Card table byte_map: [0x0000028dbe1f0000,0x0000028dbe5f0000] _byte_map_base: 0x0000028dbddf0000

Marking Bits (Prev, Next): (CMBitMap*) 0x0000028da953a7d0, (CMBitMap*) 0x0000028da953a798
 Prev Bits: [0x0000028dc09f0000, 0x0000028dc29f0000)
 Next Bits: [0x0000028dbe9f0000, 0x0000028dc09f0000)

Polling page: 0x0000028da95e0000

Metaspace:

Usage:
  Non-class:     73.38 MB capacity,    72.04 MB ( 98%) used,     1.13 MB (  2%) free+waste,   215.38 KB ( <1%) overhead. 
      Class:     11.38 MB capacity,    10.67 MB ( 94%) used,   626.75 KB (  5%) free+waste,   100.13 KB ( <1%) overhead. 
       Both:     84.76 MB capacity,    82.71 MB ( 98%) used,     1.74 MB (  2%) free+waste,   315.50 KB ( <1%) overhead. 

Virtual space:
  Non-class space:       74.00 MB reserved,      73.45 MB (>99%) committed 
      Class space:        1.00 GB reserved,      11.50 MB (  1%) committed 
             Both:        1.07 GB reserved,      84.95 MB (  8%) committed 

Chunk freelists:
   Non-Class:  5.00 KB
       Class:  26.00 KB
        Both:  31.00 KB

MaxMetaspaceSize: 17179869184.00 GB
CompressedClassSpaceSize: 1.00 GB

CodeHeap 'non-profiled nmethods': size=120064Kb used=4851Kb max_used=4851Kb free=115212Kb
 bounds [0x0000028db6280000, 0x0000028db6740000, 0x0000028dbd7c0000]
CodeHeap 'profiled nmethods': size=120000Kb used=17566Kb max_used=17566Kb free=102433Kb
 bounds [0x0000028daed50000, 0x0000028dafe80000, 0x0000028db6280000]
CodeHeap 'non-nmethods': size=5696Kb used=2282Kb max_used=2345Kb free=3413Kb
 bounds [0x0000028dae7c0000, 0x0000028daea30000, 0x0000028daed50000]
 total_blobs=8748 nmethods=7862 adapters=797
 compilation: enabled
              stopped_count=0, restarted_count=0
 full_count=0

Compilation events (20 events):
Event: 54.883 Thread 0x0000028dc507d000 7915       1       org.gradle.tooling.internal.adapter.ProtocolToModelAdapter$ViewGraphDetails::access$500 (5 bytes)
Event: 54.883 Thread 0x0000028dc507d000 nmethod 7915 0x0000028db6736d10 code [0x0000028db6736ec0, 0x0000028db6736f58]
Event: 54.884 Thread 0x0000028dc507d000 7916       3       java.lang.reflect.ProxyGenerator::computeUniqueCatchList (163 bytes)
Event: 54.888 Thread 0x0000028dc507d000 nmethod 7916 0x0000028dafe6fa10 code [0x0000028dafe6fe20, 0x0000028dafe71e38]
Event: 54.892 Thread 0x0000028dc5050800 nmethod 7875 0x0000028db6737010 code [0x0000028db6737400, 0x0000028db6739960]
Event: 54.892 Thread 0x0000028dc5050800 7894 %     4       org.gradle.internal.instantiation.generator.AbstractClassGenerator::inspectType @ 107 (560 bytes)
Event: 54.897 Thread 0x0000028dc507d000 7917       3       java.lang.AbstractStringBuilder::append (60 bytes)
Event: 54.898 Thread 0x0000028dc507d000 nmethod 7917 0x0000028dafe72a90 code [0x0000028dafe72c80, 0x0000028dafe72fb8]
Event: 54.900 Thread 0x0000028dc507d000 7918       3       java.util.regex.Matcher::appendTail (19 bytes)
Event: 54.901 Thread 0x0000028dc507d000 nmethod 7918 0x0000028dafe73110 code [0x0000028dafe732e0, 0x0000028dafe735b8]
Event: 54.901 Thread 0x0000028dc507d000 7919       3       org.codehaus.groovy.runtime.MetaClassHelper::sameClasses (48 bytes)
Event: 54.902 Thread 0x0000028dc507d000 nmethod 7919 0x0000028dafe73790 code [0x0000028dafe73980, 0x0000028dafe73fa8]
Event: 54.971 Thread 0x0000028dc507d000 7920       1       java.util.Collections$EmptySet::contains (2 bytes)
Event: 54.971 Thread 0x0000028dc507d000 nmethod 7920 0x0000028db673b410 code [0x0000028db673b5c0, 0x0000028db673b678]
Event: 54.976 Thread 0x0000028dc507d000 7921       1       org.gradle.tooling.internal.adapter.MethodInvocation::getParameterTypes (5 bytes)
Event: 54.977 Thread 0x0000028dc507d000 nmethod 7921 0x0000028db673b710 code [0x0000028db673b8c0, 0x0000028db673b978]
Event: 54.977 Thread 0x0000028dc507d000 7922       1       org.gradle.internal.impldep.com.google.common.base.Present::orNull (5 bytes)
Event: 54.977 Thread 0x0000028dc507d000 nmethod 7922 0x0000028db673ba10 code [0x0000028db673bbc0, 0x0000028db673bc78]
Event: 54.977 Thread 0x0000028dc507d000 7923       1       org.gradle.tooling.internal.adapter.MethodInvocation::getParameters (5 bytes)
Event: 54.977 Thread 0x0000028dc507d000 nmethod 7923 0x0000028db673bd10 code [0x0000028db673bec0, 0x0000028db673bf78]

GC Heap History (20 events):
Event: 44.360 GC heap before
{Heap before GC invocations=15 (full 0):
 garbage-first heap   total 131072K, used 105681K [0x0000000080000000, 0x0000000100000000)
  region size 1024K, 38 young (38912K), 2 survivors (2048K)
 Metaspace       used 61027K, capacity 62777K, committed 62924K, reserved 1103872K
  class space    used 7755K, capacity 8342K, committed 8448K, reserved 1048576K
}
Event: 44.373 GC heap after
{Heap after GC invocations=16 (full 0):
 garbage-first heap   total 131072K, used 72515K [0x0000000080000000, 0x0000000100000000)
  region size 1024K, 5 young (5120K), 5 survivors (5120K)
 Metaspace       used 61027K, capacity 62777K, committed 62924K, reserved 1103872K
  class space    used 7755K, capacity 8342K, committed 8448K, reserved 1048576K
}
Event: 45.188 GC heap before
{Heap before GC invocations=16 (full 0):
 garbage-first heap   total 131072K, used 102211K [0x0000000080000000, 0x0000000100000000)
  region size 1024K, 35 young (35840K), 5 survivors (5120K)
 Metaspace       used 64096K, capacity 65925K, committed 66124K, reserved 1105920K
  class space    used 8147K, capacity 8744K, committed 8832K, reserved 1048576K
}
Event: 45.204 GC heap after
{Heap after GC invocations=17 (full 0):
 garbage-first heap   total 131072K, used 74601K [0x0000000080000000, 0x0000000100000000)
  region size 1024K, 3 young (3072K), 3 survivors (3072K)
 Metaspace       used 64096K, capacity 65925K, committed 66124K, reserved 1105920K
  class space    used 8147K, capacity 8744K, committed 8832K, reserved 1048576K
}
Event: 45.903 GC heap before
{Heap before GC invocations=18 (full 0):
 garbage-first heap   total 131072K, used 107369K [0x0000000080000000, 0x0000000100000000)
  region size 1024K, 34 young (34816K), 3 survivors (3072K)
 Metaspace       used 64966K, capacity 66788K, committed 67020K, reserved 1107968K
  class space    used 8278K, capacity 8877K, committed 8960K, reserved 1048576K
}
Event: 45.917 GC heap after
{Heap after GC invocations=19 (full 0):
 garbage-first heap   total 131072K, used 77387K [0x0000000080000000, 0x0000000100000000)
  region size 1024K, 5 young (5120K), 5 survivors (5120K)
 Metaspace       used 64966K, capacity 66788K, committed 67020K, reserved 1107968K
  class space    used 8278K, capacity 8877K, committed 8960K, reserved 1048576K
}
Event: 46.763 GC heap before
{Heap before GC invocations=19 (full 0):
 garbage-first heap   total 131072K, used 108107K [0x0000000080000000, 0x0000000100000000)
  region size 1024K, 35 young (35840K), 5 survivors (5120K)
 Metaspace       used 68251K, capacity 70084K, committed 70348K, reserved 1110016K
  class space    used 8829K, capacity 9463K, committed 9472K, reserved 1048576K
}
Event: 46.779 GC heap after
{Heap after GC invocations=20 (full 0):
 garbage-first heap   total 131072K, used 78883K [0x0000000080000000, 0x0000000100000000)
  region size 1024K, 2 young (2048K), 2 survivors (2048K)
 Metaspace       used 68251K, capacity 70084K, committed 70348K, reserved 1110016K
  class space    used 8829K, capacity 9463K, committed 9472K, reserved 1048576K
}
Event: 48.003 GC heap before
{Heap before GC invocations=21 (full 0):
 garbage-first heap   total 131072K, used 108579K [0x0000000080000000, 0x0000000100000000)
  region size 1024K, 31 young (31744K), 2 survivors (2048K)
 Metaspace       used 70993K, capacity 72839K, committed 73036K, reserved 1112064K
  class space    used 9211K, capacity 9842K, committed 9856K, reserved 1048576K
}
Event: 48.017 GC heap after
{Heap after GC invocations=22 (full 0):
 garbage-first heap   total 131072K, used 80290K [0x0000000080000000, 0x0000000100000000)
  region size 1024K, 3 young (3072K), 3 survivors (3072K)
 Metaspace       used 70993K, capacity 72839K, committed 73036K, reserved 1112064K
  class space    used 9211K, capacity 9842K, committed 9856K, reserved 1048576K
}
Event: 49.378 GC heap before
{Heap before GC invocations=22 (full 0):
 garbage-first heap   total 131072K, used 109986K [0x0000000080000000, 0x0000000100000000)
  region size 1024K, 32 young (32768K), 3 survivors (3072K)
 Metaspace       used 73033K, capacity 75018K, committed 75212K, reserved 1114112K
  class space    used 9493K, capacity 10118K, committed 10240K, reserved 1048576K
}
Event: 49.394 GC heap after
{Heap after GC invocations=23 (full 0):
 garbage-first heap   total 131072K, used 81834K [0x0000000080000000, 0x0000000100000000)
  region size 1024K, 4 young (4096K), 4 survivors (4096K)
 Metaspace       used 73033K, capacity 75018K, committed 75212K, reserved 1114112K
  class space    used 9493K, capacity 10118K, committed 10240K, reserved 1048576K
}
Event: 51.752 GC heap before
{Heap before GC invocations=24 (full 0):
 garbage-first heap   total 131072K, used 110506K [0x0000000080000000, 0x0000000100000000)
  region size 1024K, 32 young (32768K), 4 survivors (4096K)
 Metaspace       used 74816K, capacity 76866K, committed 77004K, reserved 1116160K
  class space    used 9723K, capacity 10426K, committed 10496K, reserved 1048576K
}
Event: 51.768 GC heap after
{Heap after GC invocations=25 (full 0):
 garbage-first heap   total 131072K, used 83905K [0x0000000080000000, 0x0000000100000000)
  region size 1024K, 4 young (4096K), 4 survivors (4096K)
 Metaspace       used 74816K, capacity 76866K, committed 77004K, reserved 1116160K
  class space    used 9723K, capacity 10426K, committed 10496K, reserved 1048576K
}
Event: 52.450 GC heap before
{Heap before GC invocations=25 (full 0):
 garbage-first heap   total 131072K, used 110529K [0x0000000080000000, 0x0000000100000000)
  region size 1024K, 30 young (30720K), 4 survivors (4096K)
 Metaspace       used 76269K, capacity 78363K, committed 78540K, reserved 1118208K
  class space    used 9929K, capacity 10648K, committed 10752K, reserved 1048576K
}
Event: 52.469 GC heap after
{Heap after GC invocations=26 (full 0):
 garbage-first heap   total 131072K, used 85887K [0x0000000080000000, 0x0000000100000000)
  region size 1024K, 4 young (4096K), 4 survivors (4096K)
 Metaspace       used 76269K, capacity 78363K, committed 78540K, reserved 1118208K
  class space    used 9929K, capacity 10648K, committed 10752K, reserved 1048576K
}
Event: 53.221 GC heap before
{Heap before GC invocations=27 (full 0):
 garbage-first heap   total 131072K, used 104319K [0x0000000080000000, 0x0000000100000000)
  region size 1024K, 24 young (24576K), 4 survivors (4096K)
 Metaspace       used 78241K, capacity 80327K, committed 80460K, reserved 1118208K
  class space    used 10165K, capacity 10876K, committed 10880K, reserved 1048576K
}
Event: 53.237 GC heap after
{Heap after GC invocations=28 (full 0):
 garbage-first heap   total 131072K, used 87920K [0x0000000080000000, 0x0000000100000000)
  region size 1024K, 4 young (4096K), 4 survivors (4096K)
 Metaspace       used 78241K, capacity 80327K, committed 80460K, reserved 1118208K
  class space    used 10165K, capacity 10876K, committed 10880K, reserved 1048576K
}
Event: 54.111 GC heap before
{Heap before GC invocations=29 (full 0):
 garbage-first heap   total 131072K, used 111472K [0x0000000080000000, 0x0000000100000000)
  region size 1024K, 26 young (26624K), 4 survivors (4096K)
 Metaspace       used 81390K, capacity 83469K, committed 83660K, reserved 1122304K
  class space    used 10545K, capacity 11262K, committed 11264K, reserved 1048576K
}
Event: 54.125 GC heap after
{Heap after GC invocations=30 (full 0):
 garbage-first heap   total 157696K, used 88210K [0x0000000080000000, 0x0000000100000000)
  region size 1024K, 1 young (1024K), 1 survivors (1024K)
 Metaspace       used 81390K, capacity 83469K, committed 83660K, reserved 1122304K
  class space    used 10545K, capacity 11262K, committed 11264K, reserved 1048576K
}

Deoptimization events (20 events):
Event: 54.476 Thread 0x0000028dc8730800 DEOPT PACKING pc=0x0000028daf90cbe3 sp=0x000000c5b13f8690
Event: 54.476 Thread 0x0000028dc8730800 DEOPT UNPACKING pc=0x0000028dae7e76ce sp=0x000000c5b13f7b40 mode 0
Event: 54.476 Thread 0x0000028dc8730800 DEOPT PACKING pc=0x0000028daf90cbe3 sp=0x000000c5b13f8690
Event: 54.476 Thread 0x0000028dc8730800 DEOPT UNPACKING pc=0x0000028dae7e76ce sp=0x000000c5b13f7b40 mode 0
Event: 54.476 Thread 0x0000028dc8730800 DEOPT PACKING pc=0x0000028daf90cbe3 sp=0x000000c5b13f8690
Event: 54.476 Thread 0x0000028dc8730800 DEOPT UNPACKING pc=0x0000028dae7e76ce sp=0x000000c5b13f7b40 mode 0
Event: 54.476 Thread 0x0000028dc8730800 DEOPT PACKING pc=0x0000028daf90cbe3 sp=0x000000c5b13f8690
Event: 54.476 Thread 0x0000028dc8730800 DEOPT UNPACKING pc=0x0000028dae7e76ce sp=0x000000c5b13f7b40 mode 0
Event: 54.486 Thread 0x0000028dc8730800 Uncommon trap: trap_request=0xffffff4d fr.pc=0x0000028db661d690 relative=0x00000000000018b0
Event: 54.486 Thread 0x0000028dc8730800 Uncommon trap: reason=unstable_if action=reinterpret pc=0x0000028db661d690 method=java.util.regex.Pattern.atom()Ljava/util/regex/Pattern$Node; @ 14 c2
Event: 54.486 Thread 0x0000028dc8730800 DEOPT PACKING pc=0x0000028db661d690 sp=0x000000c5b13f8520
Event: 54.486 Thread 0x0000028dc8730800 DEOPT UNPACKING pc=0x0000028dae7e78af sp=0x000000c5b13f8508 mode 2
Event: 54.490 Thread 0x0000028dc8730800 Uncommon trap: trap_request=0xffffff4d fr.pc=0x0000028db642b0b8 relative=0x0000000000000078
Event: 54.490 Thread 0x0000028dc8730800 Uncommon trap: reason=unstable_if action=reinterpret pc=0x0000028db642b0b8 method=java.util.regex.Matcher.find()Z @ 10 c2
Event: 54.490 Thread 0x0000028dc8730800 DEOPT PACKING pc=0x0000028db642b0b8 sp=0x000000c5b13f8900
Event: 54.490 Thread 0x0000028dc8730800 DEOPT UNPACKING pc=0x0000028dae7e78af sp=0x000000c5b13f8880 mode 2
Event: 54.571 Thread 0x0000028dc8730800 Uncommon trap: trap_request=0xffffff4d fr.pc=0x0000028db6617e08 relative=0x00000000000002e8
Event: 54.571 Thread 0x0000028dc8730800 Uncommon trap: reason=unstable_if action=reinterpret pc=0x0000028db6617e08 method=com.google.gson.stream.JsonReader.doPeek()I @ 525 c2
Event: 54.571 Thread 0x0000028dc8730800 DEOPT PACKING pc=0x0000028db6617e08 sp=0x000000c5b13f90b0
Event: 54.571 Thread 0x0000028dc8730800 DEOPT UNPACKING pc=0x0000028dae7e78af sp=0x000000c5b13f9030 mode 2

Classes redefined (0 events):
No events

Internal exceptions (20 events):
Event: 52.597 Thread 0x0000028dc8730800 Exception <a 'java/lang/ClassNotFoundException'{0x0000000087a9abd8}: java/util/AbstractMapBeanInfo> (0x0000000087a9abd8) thrown at [./src/hotspot/share/classfile/systemDictionary.cpp, line 231]
Event: 52.598 Thread 0x0000028dc8730800 Exception <a 'java/lang/ClassNotFoundException'{0x0000000087aa4748}: java/util/AbstractMapCustomizer> (0x0000000087aa4748) thrown at [./src/hotspot/share/classfile/systemDictionary.cpp, line 231]
Event: 52.599 Thread 0x0000028dc8730800 Exception <a 'java/lang/ClassNotFoundException'{0x0000000087ab7df8}: java/util/HashMapCustomizer> (0x0000000087ab7df8) thrown at [./src/hotspot/share/classfile/systemDictionary.cpp, line 231]
Event: 52.610 Thread 0x0000028dc8730800 Exception <a 'java/lang/ClassNotFoundException'{0x0000000087ad9670}: java/util/LinkedHashMapCustomizer> (0x0000000087ad9670) thrown at [./src/hotspot/share/classfile/systemDictionary.cpp, line 231]
Event: 52.617 Thread 0x0000028dc8730800 Exception <a 'java/lang/ClassNotFoundException'{0x00000000879463c8}: org/gradle/api/plugins/internal/DefaultJavaPluginConventionBeanInfo> (0x00000000879463c8) thrown at [./src/hotspot/share/classfile/systemDictionary.cpp, line 231]
Event: 52.618 Thread 0x0000028dc8730800 Exception <a 'java/lang/ClassNotFoundException'{0x0000000087966d50}: org/gradle/api/plugins/JavaPluginConventionBeanInfo> (0x0000000087966d50) thrown at [./src/hotspot/share/classfile/systemDictionary.cpp, line 231]
Event: 52.624 Thread 0x0000028dc8730800 Exception <a 'java/lang/ClassNotFoundException'{0x0000000087987a50}: org/gradle/api/plugins/JavaPluginConventionCustomizer> (0x0000000087987a50) thrown at [./src/hotspot/share/classfile/systemDictionary.cpp, line 231]
Event: 52.626 Thread 0x0000028dc8730800 Exception <a 'java/lang/ClassNotFoundException'{0x00000000879c0228}: org/gradle/api/plugins/internal/DefaultJavaPluginConventionCustomizer> (0x00000000879c0228) thrown at [./src/hotspot/share/classfile/systemDictionary.cpp, line 231]
Event: 52.641 Thread 0x0000028dc8730800 Exception <a 'java/lang/ClassNotFoundException'{0x0000000087833b28}: org/gradle/api/plugins/internal/DefaultBasePluginConventionBeanInfo> (0x0000000087833b28) thrown at [./src/hotspot/share/classfile/systemDictionary.cpp, line 231]
Event: 52.642 Thread 0x0000028dc8730800 Exception <a 'java/lang/ClassNotFoundException'{0x00000000878544b0}: org/gradle/api/plugins/BasePluginConventionBeanInfo> (0x00000000878544b0) thrown at [./src/hotspot/share/classfile/systemDictionary.cpp, line 231]
Event: 52.643 Thread 0x0000028dc8730800 Exception <a 'java/lang/ClassNotFoundException'{0x0000000087874f30}: org/gradle/api/plugins/BasePluginConventionCustomizer> (0x0000000087874f30) thrown at [./src/hotspot/share/classfile/systemDictionary.cpp, line 231]
Event: 52.646 Thread 0x0000028dc8730800 Exception <a 'java/lang/ClassNotFoundException'{0x00000000878a3d40}: org/gradle/api/plugins/internal/DefaultBasePluginConventionCustomizer> (0x00000000878a3d40) thrown at [./src/hotspot/share/classfile/systemDictionary.cpp, line 231]
Event: 53.531 Thread 0x0000028dc8730800 Exception <a 'sun/nio/fs/WindowsException'{0x0000000087a83460}> (0x0000000087a83460) thrown at [./src/hotspot/share/prims/jni.cpp, line 615]
Event: 53.532 Thread 0x0000028dc8730800 Exception <a 'sun/nio/fs/WindowsException'{0x0000000087a83a28}> (0x0000000087a83a28) thrown at [./src/hotspot/share/prims/jni.cpp, line 615]
Event: 53.880 Thread 0x0000028dc8730800 Exception <a 'java/lang/NullPointerException'{0x00000000871419a8}> (0x00000000871419a8) thrown at [./src/hotspot/share/interpreter/linkResolver.cpp, line 1440]
Event: 54.404 Thread 0x0000028dc8730800 Exception <a 'java/lang/NoSuchMethodError'{0x0000000089234e50}: 'int java.lang.invoke.DirectMethodHandle$Holder.invokeStatic(java.lang.Object, java.lang.Object, int, java.lang.Object)'> (0x0000000089234e50) thrown at [./src/hotspot/share/interpreter/linkResolver.cpp, line 773]
Event: 54.527 Thread 0x0000028dc8730800 Exception <a 'sun/nio/fs/WindowsException'{0x0000000089166568}> (0x0000000089166568) thrown at [./src/hotspot/share/prims/jni.cpp, line 615]
Event: 54.528 Thread 0x0000028dc8730800 Exception <a 'sun/nio/fs/WindowsException'{0x00000000891678e0}> (0x00000000891678e0) thrown at [./src/hotspot/share/prims/jni.cpp, line 615]
Event: 54.528 Thread 0x0000028dc8730800 Exception <a 'sun/nio/fs/WindowsException'{0x0000000089168ca8}> (0x0000000089168ca8) thrown at [./src/hotspot/share/prims/jni.cpp, line 615]
Event: 54.528 Thread 0x0000028dc8730800 Exception <a 'sun/nio/fs/WindowsException'{0x000000008916a070}> (0x000000008916a070) thrown at [./src/hotspot/share/prims/jni.cpp, line 615]

Events (20 events):
Event: 54.982 loading class com/android/tools/idea/gradle/model/IdeBaseConfig
Event: 54.982 loading class com/android/tools/idea/gradle/model/IdeBaseConfig done
Event: 54.989 loading class kotlin/io/FilesKt
Event: 54.989 loading class kotlin/io/FilesKt done
Event: 54.989 loading class kotlin/io/FilesKt__UtilsKt
Event: 54.989 loading class kotlin/io/FilesKt__UtilsKt done
Event: 54.991 loading class kotlin/io/FilesKt__FileTreeWalkKt
Event: 54.991 loading class kotlin/io/FilesKt__FileTreeWalkKt done
Event: 54.992 loading class kotlin/io/FilesKt__FileReadWriteKt
Event: 54.992 loading class kotlin/io/FilesKt__FileReadWriteKt done
Event: 54.993 loading class kotlin/io/FilesKt__FilePathComponentsKt
Event: 54.993 loading class kotlin/io/FilesKt__FilePathComponentsKt done
Event: 54.996 loading class kotlin/io/TerminateException
Event: 54.996 loading class kotlin/io/TerminateException done
Event: 54.996 loading class kotlin/io/FileSystemException
Event: 54.996 loading class kotlin/io/FileSystemException done
Event: 54.997 loading class kotlin/text/StringsKt
Event: 54.997 loading class kotlin/text/StringsKt done
Event: 54.997 loading class kotlin/text/StringsKt___StringsKt
Event: 54.997 loading class kotlin/text/StringsKt___StringsKt done


Dynamic libraries:
0x00007ff6eaa30000 - 0x00007ff6eaa3a000 	C:\Program Files\Android\Android Studio\jre\bin\java.exe
0x00007ff9e6230000 - 0x00007ff9e6425000 	C:\WINDOWS\SYSTEM32\ntdll.dll
0x00007ff9e50f0000 - 0x00007ff9e51ad000 	C:\WINDOWS\System32\KERNEL32.DLL
0x00007ff9e3f60000 - 0x00007ff9e4229000 	C:\WINDOWS\System32\KERNELBASE.dll
0x00007ff9e3e60000 - 0x00007ff9e3f60000 	C:\WINDOWS\System32\ucrtbase.dll
0x00007ff9df450000 - 0x00007ff9df467000 	C:\Program Files\Android\Android Studio\jre\bin\VCRUNTIME140.dll
0x00007ff9df320000 - 0x00007ff9df339000 	C:\Program Files\Android\Android Studio\jre\bin\jli.dll
0x00007ff9d7170000 - 0x00007ff9d740a000 	C:\WINDOWS\WinSxS\amd64_microsoft.windows.common-controls_6595b64144ccf1df_6.0.19041.1110_none_60b5254171f9507e\COMCTL32.dll
0x00007ff9e4920000 - 0x00007ff9e49be000 	C:\WINDOWS\System32\msvcrt.dll
0x00007ff9e4a20000 - 0x00007ff9e4bc0000 	C:\WINDOWS\System32\USER32.dll
0x00007ff9e3e30000 - 0x00007ff9e3e52000 	C:\WINDOWS\System32\win32u.dll
0x00007ff9e5f80000 - 0x00007ff9e5faa000 	C:\WINDOWS\System32\GDI32.dll
0x00007ff9e39b0000 - 0x00007ff9e3abb000 	C:\WINDOWS\System32\gdi32full.dll
0x00007ff9e3d90000 - 0x00007ff9e3e2d000 	C:\WINDOWS\System32\msvcp_win.dll
0x00007ff9e48f0000 - 0x00007ff9e4920000 	C:\WINDOWS\System32\IMM32.DLL
0x00007ff9cac00000 - 0x00007ff9cac9d000 	C:\Program Files\Android\Android Studio\jre\bin\msvcp140.dll
0x00007ff987c00000 - 0x00007ff9886cf000 	C:\Program Files\Android\Android Studio\jre\bin\server\jvm.dll
0x00007ff9e4290000 - 0x00007ff9e433c000 	C:\WINDOWS\System32\ADVAPI32.dll
0x00007ff9e44f0000 - 0x00007ff9e458b000 	C:\WINDOWS\System32\sechost.dll
0x00007ff9e51b0000 - 0x00007ff9e52da000 	C:\WINDOWS\System32\RPCRT4.dll
0x00007ff9e5070000 - 0x00007ff9e5078000 	C:\WINDOWS\System32\PSAPI.DLL
0x00007ff9d87c0000 - 0x00007ff9d87c9000 	C:\WINDOWS\SYSTEM32\WSOCK32.dll
0x00007ff9e5080000 - 0x00007ff9e50eb000 	C:\WINDOWS\System32\WS2_32.dll
0x00007ff9d74e0000 - 0x00007ff9d7507000 	C:\WINDOWS\SYSTEM32\WINMM.dll
0x00007ff9d6c10000 - 0x00007ff9d6c1a000 	C:\WINDOWS\SYSTEM32\VERSION.dll
0x00007ff9e1870000 - 0x00007ff9e1882000 	C:\WINDOWS\SYSTEM32\kernel.appcore.dll
0x00007ff997120000 - 0x00007ff997131000 	C:\Program Files\Android\Android Studio\jre\bin\verify.dll
0x00007ff9d29c0000 - 0x00007ff9d2ba4000 	C:\WINDOWS\SYSTEM32\DBGHELP.DLL
0x00007ff9d2990000 - 0x00007ff9d29bc000 	C:\WINDOWS\SYSTEM32\dbgcore.DLL
0x00007ff9e3ac0000 - 0x00007ff9e3b43000 	C:\WINDOWS\System32\bcryptPrimitives.dll
0x00007ff996ff0000 - 0x00007ff997019000 	C:\Program Files\Android\Android Studio\jre\bin\java.dll
0x00007ff9c9d90000 - 0x00007ff9c9d9b000 	C:\Program Files\Android\Android Studio\jre\bin\jimage.dll
0x00007ff9970d0000 - 0x00007ff9970e8000 	C:\Program Files\Android\Android Studio\jre\bin\zip.dll
0x00007ff9e53c0000 - 0x00007ff9e5aff000 	C:\WINDOWS\System32\SHELL32.dll
0x00007ff9e1a70000 - 0x00007ff9e2200000 	C:\WINDOWS\SYSTEM32\windows.storage.dll
0x00007ff9e4590000 - 0x00007ff9e48e5000 	C:\WINDOWS\System32\combase.dll
0x00007ff9e33c0000 - 0x00007ff9e33ec000 	C:\WINDOWS\SYSTEM32\Wldp.dll
0x00007ff9e4e60000 - 0x00007ff9e4f0e000 	C:\WINDOWS\System32\SHCORE.dll
0x00007ff9e49c0000 - 0x00007ff9e4a15000 	C:\WINDOWS\System32\shlwapi.dll
0x00007ff9e38a0000 - 0x00007ff9e38bf000 	C:\WINDOWS\SYSTEM32\profapi.dll
0x00007ff9944c0000 - 0x00007ff9944da000 	C:\Program Files\Android\Android Studio\jre\bin\net.dll
0x00007ff9d8b30000 - 0x00007ff9d8c38000 	C:\WINDOWS\SYSTEM32\WINHTTP.dll
0x00007ff9e3120000 - 0x00007ff9e318a000 	C:\WINDOWS\system32\mswsock.dll
0x00007ff9944a0000 - 0x00007ff9944b4000 	C:\Program Files\Android\Android Studio\jre\bin\nio.dll
0x00007ff9bd0f0000 - 0x00007ff9bd117000 	C:\Users\ahmed\.gradle\native\8bec1ad78214c89d9ad589b4d07fe93259594b29d510b10fafb7a158f7737e5d\windows-amd64\native-platform.dll
0x00007ff986cd0000 - 0x00007ff986e0d000 	C:\Users\ahmed\.gradle\native\53dbd7edfb1c66fb8903c78663c9afc45aea4f116125fa6feffd364cf09443e8\windows-amd64\native-platform-file-events.dll
0x00007ff9c9830000 - 0x00007ff9c983a000 	C:\Program Files\Android\Android Studio\jre\bin\management.dll
0x00007ff9c8bc0000 - 0x00007ff9c8bcc000 	C:\Program Files\Android\Android Studio\jre\bin\management_ext.dll
0x00007ff9e3320000 - 0x00007ff9e3338000 	C:\WINDOWS\SYSTEM32\CRYPTSP.dll
0x00007ff9e2a30000 - 0x00007ff9e2a64000 	C:\WINDOWS\system32\rsaenh.dll
0x00007ff9e3b50000 - 0x00007ff9e3b77000 	C:\WINDOWS\System32\bcrypt.dll
0x00007ff9e3820000 - 0x00007ff9e384e000 	C:\WINDOWS\SYSTEM32\USERENV.dll
0x00007ff9e3310000 - 0x00007ff9e331c000 	C:\WINDOWS\SYSTEM32\CRYPTBASE.dll
0x00007ff9e2dc0000 - 0x00007ff9e2dfb000 	C:\WINDOWS\SYSTEM32\IPHLPAPI.DLL
0x00007ff9e6180000 - 0x00007ff9e6188000 	C:\WINDOWS\System32\NSI.dll
0x00007ff9dd700000 - 0x00007ff9dd717000 	C:\WINDOWS\SYSTEM32\dhcpcsvc6.DLL
0x00007ff9dd6e0000 - 0x00007ff9dd6fd000 	C:\WINDOWS\SYSTEM32\dhcpcsvc.DLL
0x00007ff9e2e00000 - 0x00007ff9e2ecc000 	C:\WINDOWS\SYSTEM32\DNSAPI.dll

dbghelp: loaded successfully - version: 4.0.5 - missing functions: none
symbol engine: initialized successfully - sym options: 0x614 - pdb path: .;C:\Program Files\Android\Android Studio\jre\bin;C:\WINDOWS\SYSTEM32;C:\WINDOWS\WinSxS\amd64_microsoft.windows.common-controls_6595b64144ccf1df_6.0.19041.1110_none_60b5254171f9507e;C:\Program Files\Android\Android Studio\jre\bin\server;C:\Users\ahmed\.gradle\native\8bec1ad78214c89d9ad589b4d07fe93259594b29d510b10fafb7a158f7737e5d\windows-amd64;C:\Users\ahmed\.gradle\native\53dbd7edfb1c66fb8903c78663c9afc45aea4f116125fa6feffd364cf09443e8\windows-amd64

VM Arguments:
jvm_args: --add-opens=java.base/java.util=ALL-UNNAMED --add-opens=java.base/java.lang=ALL-UNNAMED --add-opens=java.base/java.lang.invoke=ALL-UNNAMED --add-opens=java.base/java.util=ALL-UNNAMED --add-opens=java.prefs/java.util.prefs=ALL-UNNAMED --add-opens=java.prefs/java.util.prefs=ALL-UNNAMED --add-opens=java.base/java.nio.charset=ALL-UNNAMED --add-opens=java.base/java.net=ALL-UNNAMED --add-opens=java.base/java.util.concurrent.atomic=ALL-UNNAMED -Xmx2048m -Dfile.encoding=UTF-8 -Duser.country=US -Duser.language=en -Duser.variant 
java_command: org.gradle.launcher.daemon.bootstrap.GradleDaemon 7.0.2
java_class_path (initial): C:\Users\ahmed\.gradle\wrapper\dists\gradle-7.0.2-bin\857tjihv64xamwrf0h14cai3r\gradle-7.0.2\lib\gradle-launcher-7.0.2.jar
Launcher Type: SUN_STANDARD

[Global flags]
     intx CICompilerCount                          = 3                                         {product} {ergonomic}
     uint ConcGCThreads                            = 1                                         {product} {ergonomic}
     uint G1ConcRefinementThreads                  = 4                                         {product} {ergonomic}
   size_t G1HeapRegionSize                         = 1048576                                   {product} {ergonomic}
    uintx GCDrainStackTargetSize                   = 64                                        {product} {ergonomic}
   size_t InitialHeapSize                          = 134217728                                 {product} {ergonomic}
   size_t MarkStackSize                            = 4194304                                   {product} {ergonomic}
   size_t MaxHeapSize                              = 2147483648                                {product} {command line}
   size_t MaxNewSize                               = 1287651328                                {product} {ergonomic}
   size_t MinHeapDeltaBytes                        = 1048576                                   {product} {ergonomic}
    uintx NonNMethodCodeHeapSize                   = 5830732                                {pd product} {ergonomic}
    uintx NonProfiledCodeHeapSize                  = 122913754                              {pd product} {ergonomic}
    uintx ProfiledCodeHeapSize                     = 122913754                              {pd product} {ergonomic}
    uintx ReservedCodeCacheSize                    = 251658240                              {pd product} {ergonomic}
     bool SegmentedCodeCache                       = true                                      {product} {ergonomic}
     bool UseCompressedClassPointers               = true                                 {lp64_product} {ergonomic}
     bool UseCompressedOops                        = true                                 {lp64_product} {ergonomic}
     bool UseG1GC                                  = true                                      {product} {ergonomic}
     bool UseLargePagesIndividualAllocation        = false                                  {pd product} {ergonomic}

Logging:
Log output configuration:
 #0: stdout all=warning uptime,level,tags
 #1: stderr all=off uptime,level,tags

Environment Variables:
PATH=C:\Program Files\Common Files\Oracle\Java\javapath;C:\WINDOWS\system32;C:\WINDOWS;C:\WINDOWS\System32\Wbem;C:\WINDOWS\System32\WindowsPowerShell\v1.0\;C:\Program Files (x86)\Brackets\command;C:\Program Files\Dart\dart-sdk\bin;C:\Program Files\Git\cmd;C:\src\flutter\bin;;C:\WINDOWS\System32\OpenSSH\;C:\Users\ahmed\AppData\Local\Programs\Python\Python39\Scripts\;C:\Users\ahmed\AppData\Local\Programs\Python\Python39\;C:\Users\ahmed\AppData\Local\Microsoft\WindowsApps;C:\Users\ahmed\AppData\Local\Programs\Microsoft VS Code\bin;C:\Users\ahmed\AppData\Local\atom\bin;C:\Users\ahmed\AppData\Local\Microsoft\WindowsApps;
USERNAME=ahmed
OS=Windows_NT
PROCESSOR_IDENTIFIER=Intel64 Family 6 Model 69 Stepping 1, GenuineIntel



---------------  S Y S T E M  ---------------

OS: Windows 10 , 64 bit Build 19041 (10.0.19041.1151)
OS uptime: 2 days 7:16 hours

CPU:total 4 (initial active 4) (2 cores per cpu, 2 threads per core) family 6 model 69 stepping 1 microcode 0x26, cmov, cx8, fxsr, mmx, sse, sse2, sse3, ssse3, sse4.1, sse4.2, popcnt, avx, avx2, aes, clmul, erms, lzcnt, ht, tsc, tscinvbit, bmi1, bmi2, fma

Memory: 4k page, system-wide physical 8128M (1033M free)
TotalPageFile size 23425M (AvailPageFile size 5M)
current process WorkingSet (physical memory assigned to process): 396M, peak: 396M
current process commit charge ("private bytes"): 428M, peak: 430M

vm_info: OpenJDK 64-Bit Server VM (11.0.10+0-b96-7249189) for windows-amd64 JRE (11.0.10+0-b96-7249189), built on Mar 31 2021 21:44:00 by "builder" with MS VC++ 14.0 (VS2015)

END.
