#
# There is insufficient memory for the Java Runtime Environment to continue.
# Native memory allocation (malloc) failed to allocate 32744 bytes for ChunkPool::allocate
# Possible reasons:
#   The system is out of physical RAM or swap space
#   The process is running with CompressedOops enabled, and the Java Heap may be blocking the growth of the native heap
# Possible solutions:
#   Reduce memory load on the system
#   Increase physical memory or swap space
#   Check if swap backing store is full
#   Decrease Java heap size (-Xmx/-Xms)
#   Decrease number of Java threads
#   Decrease Java thread stack sizes (-Xss)
#   Set larger code cache with -XX:ReservedCodeCacheSize=
#   JVM is running with Unscaled Compressed Oops mode in which the Java heap is
#     placed in the first 4GB address space. The Java Heap base address is the
#     maximum limit for the native heap growth. Please use -XX:HeapBaseMinAddress
#     to set the Java Heap base and to place the Java Heap above 4GB virtual address.
# This output file may be truncated or incomplete.
#
#  Out of Memory Error (./src/hotspot/share/memory/arena.cpp:81), pid=2068, tid=9388
#
# JRE version: OpenJDK Runtime Environment (11.0.10) (build 11.0.10+0-b96-7249189)
# Java VM: OpenJDK 64-Bit Server VM (11.0.10+0-b96-7249189, mixed mode, tiered, compressed oops, g1 gc, windows-amd64)
# No core dump will be written. Minidumps are not enabled by default on client versions of Windows
#

---------------  S U M M A R Y ------------

Command Line: --add-opens=java.base/java.util=ALL-UNNAMED --add-opens=java.base/java.lang=ALL-UNNAMED --add-opens=java.base/java.lang.invoke=ALL-UNNAMED --add-opens=java.base/java.util=ALL-UNNAMED --add-opens=java.prefs/java.util.prefs=ALL-UNNAMED --add-opens=java.prefs/java.util.prefs=ALL-UNNAMED --add-opens=java.base/java.nio.charset=ALL-UNNAMED --add-opens=java.base/java.net=ALL-UNNAMED --add-opens=java.base/java.util.concurrent.atomic=ALL-UNNAMED -Xmx2048m -Dfile.encoding=UTF-8 -Duser.country=US -Duser.language=en -Duser.variant org.gradle.launcher.daemon.bootstrap.GradleDaemon 7.0.2

Host: Intel(R) Core(TM) i3-4005U CPU @ 1.70GHz, 4 cores, 7G,  Windows 10 , 64 bit Build 19041 (10.0.19041.1151)
Time: Mon Aug 30 03:23:59 2021 West Bank Gaza Daylight Time elapsed time: 44.930409 seconds (0d 0h 0m 44s)

---------------  T H R E A D  ---------------

Current thread (0x000002226f62a000):  JavaThread "WorkerExecutor Queue Thread 4" [_thread_in_vm, id=9388, stack(0x0000006ae7300000,0x0000006ae7400000)]

Stack: [0x0000006ae7300000,0x0000006ae7400000]
Native frames: (J=compiled Java code, j=interpreted, Vv=VM code, C=native code)
V  [jvm.dll+0x5ecfaa]
V  [jvm.dll+0x722bd5]
V  [jvm.dll+0x72412d]
V  [jvm.dll+0x7247e3]
V  [jvm.dll+0x242928]
V  [jvm.dll+0xbc75b]
V  [jvm.dll+0xbca0c]
V  [jvm.dll+0x1c3227]
V  [jvm.dll+0x1c3f45]
V  [jvm.dll+0x1c4a1a]
V  [jvm.dll+0x1b9a74]
V  [jvm.dll+0x4c924b]
V  [jvm.dll+0x6c09bb]
V  [jvm.dll+0x3e2794]
V  [jvm.dll+0x3e6a59]
C  [java.dll+0x19b8]

Java frames: (J=compiled Java code, j=interpreted, Vv=VM code)
J 1216  java.lang.ClassLoader.defineClass1(Ljava/lang/ClassLoader;Ljava/lang/String;[BIILjava/security/ProtectionDomain;Ljava/lang/String;)Ljava/lang/Class; java.base@11.0.10 (0 bytes) @ 0x000002225df9517b [0x000002225df950c0+0x00000000000000bb]
J 6295 c2 java.lang.ClassLoader.defineClass(Ljava/lang/String;[BIILjava/security/ProtectionDomain;)Ljava/lang/Class; java.base@11.0.10 (43 bytes) @ 0x000002225e26693c [0x000002225e266260+0x00000000000006dc]
J 11493 c2 java.net.URLClassLoader$1.run()Ljava/lang/Class; java.base@11.0.10 (63 bytes) @ 0x000002225e595ff8 [0x000002225e595000+0x0000000000000ff8]
J 11494 c2 java.net.URLClassLoader$1.run()Ljava/lang/Object; java.base@11.0.10 (5 bytes) @ 0x000002225e59b3d4 [0x000002225e59b3a0+0x0000000000000034]
v  ~StubRoutines::call_stub
J 549  java.security.AccessController.doPrivileged(Ljava/security/PrivilegedExceptionAction;Ljava/security/AccessControlContext;)Ljava/lang/Object; java.base@11.0.10 (0 bytes) @ 0x000002225df2af26 [0x000002225df2aec0+0x0000000000000066]
J 4430 c2 java.net.URLClassLoader.findClass(Ljava/lang/String;)Ljava/lang/Class; java.base@11.0.10 (47 bytes) @ 0x000002225e1333f8 [0x000002225e133360+0x0000000000000098]
J 4434 c2 java.lang.ClassLoader.loadClass(Ljava/lang/String;Z)Ljava/lang/Class; java.base@11.0.10 (122 bytes) @ 0x000002225e1357e8 [0x000002225e135540+0x00000000000002a8]
J 2844 c2 java.lang.ClassLoader.loadClass(Ljava/lang/String;)Ljava/lang/Class; java.base@11.0.10 (7 bytes) @ 0x000002225e0657e0 [0x000002225e0657a0+0x0000000000000040]
v  ~StubRoutines::call_stub
j  com.android.signflinger.SignedApk.v2andV3Sign(Ljava/io/RandomAccessFile;Lcom/android/zipflinger/ZipInfo;)[B+15
j  com.android.signflinger.SignedApk.finishV2andV3()V+55
j  com.android.signflinger.SignedApk.finishSigning()V+5
j  com.android.signflinger.SignedApk.close()V+1
j  com.android.zipflinger.SynchronizedArchive.close()V+11
j  com.android.builder.internal.packaging.ApkFlinger.close()V+58
j  com.google.common.io.Closer.close()V+31
j  com.android.builder.internal.packaging.IncrementalPackager.close()V+55
j  com.android.build.gradle.tasks.PackageAndroidArtifact.doTask(Ljava/io/File;Ljava/io/File;Lcom/android/builder/files/KeyedFileCache;Lcom/android/build/api/variant/impl/BuiltArtifactsImpl;Ljava/util/Map;Ljava/util/Map;Ljava/util/Collection;Ljava/util/Map;Ljava/util/Map;Ljava/util/Collection;Ljava/util/Collection;Lcom/android/build/gradle/tasks/PackageAndroidArtifact$SplitterParams;)V+610
j  com.android.build.gradle.tasks.PackageAndroidArtifact.access$000(Ljava/io/File;Ljava/io/File;Lcom/android/builder/files/KeyedFileCache;Lcom/android/build/api/variant/impl/BuiltArtifactsImpl;Ljava/util/Map;Ljava/util/Map;Ljava/util/Collection;Ljava/util/Map;Ljava/util/Map;Ljava/util/Collection;Ljava/util/Collection;Lcom/android/build/gradle/tasks/PackageAndroidArtifact$SplitterParams;)V+20
j  com.android.build.gradle.tasks.PackageAndroidArtifact$IncrementalSplitterRunnable.doExecute()V+414
j  com.android.build.gradle.internal.workeractions.WorkActionAdapter.execute()V+86
j  org.gradle.workers.internal.DefaultWorkerServer.execute(Lorg/gradle/workers/internal/SimpleActionExecutionSpec;)Lorg/gradle/workers/internal/DefaultWorkResult;+128
j  org.gradle.workers.internal.NoIsolationWorkerFactory$1$1.create()Lorg/gradle/workers/internal/DefaultWorkResult;+29
j  org.gradle.workers.internal.NoIsolationWorkerFactory$1$1.create()Ljava/lang/Object;+1
j  org.gradle.internal.classloader.ClassLoaderUtils.executeInClassloader(Ljava/lang/ClassLoader;Lorg/gradle/internal/Factory;)Ljava/lang/Object;+15
j  org.gradle.workers.internal.NoIsolationWorkerFactory$1.lambda$execute$0(Ljava/lang/ClassLoader;Lorg/gradle/workers/WorkerExecutor;Lorg/gradle/workers/internal/IsolatedParametersActionExecutionSpec;)Lorg/gradle/workers/internal/DefaultWorkResult;+10
j  org.gradle.workers.internal.NoIsolationWorkerFactory$1$$Lambda$1149.execute(Lorg/gradle/workers/internal/IsolatedParametersActionExecutionSpec;)Lorg/gradle/workers/internal/DefaultWorkResult;+13
j  org.gradle.workers.internal.AbstractWorker$1.call(Lorg/gradle/internal/operations/BuildOperationContext;)Lorg/gradle/workers/internal/DefaultWorkResult;+8
j  org.gradle.workers.internal.AbstractWorker$1.call(Lorg/gradle/internal/operations/BuildOperationContext;)Ljava/lang/Object;+2
J 8354 c1 org.gradle.internal.operations.DefaultBuildOperationRunner$CallableBuildOperationWorker.execute(Lorg/gradle/internal/operations/BuildOperation;Lorg/gradle/internal/operations/BuildOperationContext;)V (10 bytes) @ 0x0000022257b17734 [0x0000022257b174e0+0x0000000000000254]
J 6273 c1 org.gradle.internal.operations.DefaultBuildOperationRunner$3.execute(Lorg/gradle/internal/operations/BuildOperationDescriptor;Lorg/gradle/internal/operations/BuildOperationState;Lorg/gradle/internal/operations/BuildOperationState;Lorg/gradle/internal/operations/DefaultBuildOperationRunner$ReadableBuildOperationContext;Lorg/gradle/internal/operations/DefaultBuildOperationRunner$BuildOperationExecutionListener;)Lorg/gradle/internal/operations/BuildOperation; (110 bytes) @ 0x00000222576d25a4 [0x00000222576d23c0+0x00000000000001e4]
J 6287 c1 org.gradle.internal.operations.DefaultBuildOperationRunner.execute(Lorg/gradle/internal/operations/BuildOperationDescriptor$Builder;Lorg/gradle/internal/operations/BuildOperationState;Lorg/gradle/internal/operations/DefaultBuildOperationRunner$BuildOperationExecution;)Ljava/lang/Object; (140 bytes) @ 0x00000222576dd8b4 [0x00000222576dcba0+0x0000000000000d14]
J 8357 c1 org.gradle.internal.operations.DefaultBuildOperationRunner.call(Lorg/gradle/internal/operations/CallableBuildOperation;)Ljava/lang/Object; (24 bytes) @ 0x0000022257b187dc [0x0000022257b180e0+0x00000000000006fc]
J 8353 c1 org.gradle.internal.operations.DefaultBuildOperationExecutor.call(Lorg/gradle/internal/operations/CallableBuildOperation;)Ljava/lang/Object; (19 bytes) @ 0x0000022257b164cc [0x0000022257b15c20+0x00000000000008ac]
j  org.gradle.workers.internal.AbstractWorker.executeWrappedInBuildOperation(Lorg/gradle/workers/internal/IsolatedParametersActionExecutionSpec;Lorg/gradle/internal/operations/BuildOperationRef;Lorg/gradle/workers/internal/AbstractWorker$Work;)Lorg/gradle/workers/internal/DefaultWorkResult;+15
j  org.gradle.workers.internal.NoIsolationWorkerFactory$1.execute(Lorg/gradle/workers/internal/IsolatedParametersActionExecutionSpec;Lorg/gradle/internal/operations/BuildOperationRef;)Lorg/gradle/workers/internal/DefaultWorkResult;+17
j  org.gradle.workers.internal.DefaultWorkerExecutor.lambda$submitWork$2(Lorg/gradle/workers/internal/WorkerFactory;Lorg/gradle/workers/internal/WorkerRequirement;Lorg/gradle/workers/internal/IsolatedParametersActionExecutionSpec;Lorg/gradle/internal/operations/BuildOperationRef;)Lorg/gradle/workers/internal/DefaultWorkResult;+13
j  org.gradle.workers.internal.DefaultWorkerExecutor$$Lambda$1148.call()Ljava/lang/Object;+16
J 7345 c1 java.util.concurrent.FutureTask.run()V java.base@11.0.10 (123 bytes) @ 0x0000022257901bc4 [0x0000022257901520+0x00000000000006a4]
j  org.gradle.internal.work.DefaultConditionalExecutionQueue$ExecutionRunner.runExecution(Lorg/gradle/internal/work/ConditionalExecution;)V+6
j  org.gradle.internal.work.DefaultConditionalExecutionQueue$ExecutionRunner.runBatch(Lorg/gradle/internal/work/ConditionalExecution;)V+8
j  org.gradle.internal.work.DefaultConditionalExecutionQueue$ExecutionRunner.run()V+11
j  java.util.concurrent.Executors$RunnableAdapter.call()Ljava/lang/Object;+4 java.base@11.0.10
J 7345 c1 java.util.concurrent.FutureTask.run()V java.base@11.0.10 (123 bytes) @ 0x0000022257901bc4 [0x0000022257901520+0x00000000000006a4]
J 8500 c1 org.gradle.internal.concurrent.ManagedExecutorImpl$1.run()V (57 bytes) @ 0x0000022257b62bdc [0x0000022257b62960+0x000000000000027c]
j  java.util.concurrent.ThreadPoolExecutor.runWorker(Ljava/util/concurrent/ThreadPoolExecutor$Worker;)V+92 java.base@11.0.10
j  java.util.concurrent.ThreadPoolExecutor$Worker.run()V+5 java.base@11.0.10
j  org.gradle.internal.concurrent.ThreadFactoryImpl$ManagedThreadRunnable.run()V+7
j  java.lang.Thread.run()V+11 java.base@11.0.10
v  ~StubRoutines::call_stub

---------------  P R O C E S S  ---------------

Threads class SMR info:
_java_thread_list=0x0000022274149080, length=54, elements={
0x000002225294d800, 0x000002226c523000, 0x000002226c526000, 0x000002226c53c000,
0x000002226c53e000, 0x000002226c540000, 0x000002226c54c800, 0x000002226c550000,
0x000002226c553800, 0x000002226cff8000, 0x000002226f007000, 0x000002226d186800,
0x000002226ef2c000, 0x000002226f004000, 0x000002226ef44800, 0x000002226ef41800,
0x000002226dca3000, 0x000002226fadc800, 0x000002226fadb800, 0x000002226fade000,
0x000002226fadd000, 0x000002226fadb000, 0x000002226fad8800, 0x000002226fadf000,
0x000002226fad9000, 0x000002226fada000, 0x0000022270432000, 0x000002227042f000,
0x000002227042f800, 0x000002227042d000, 0x0000022270430800, 0x0000022270431000,
0x000002227042c800, 0x0000022270438000, 0x0000022270437000, 0x0000022270433000,
0x0000022270438800, 0x0000022270439800, 0x000002227043a000, 0x0000022270434800,
0x000002227043b000, 0x0000022270435800, 0x000002226f626000, 0x000002226f625800,
0x000002226f627000, 0x000002226f628800, 0x000002226f629800, 0x000002226f62f000,
0x000002226f62c800, 0x000002226f62e800, 0x000002226f62a000, 0x00000222706c2800,
0x000002226f62c000, 0x000002226f630800
}

Java Threads: ( => current thread )
  0x000002225294d800 JavaThread "main" [_thread_blocked, id=12700, stack(0x0000006ae3200000,0x0000006ae3300000)]
  0x000002226c523000 JavaThread "Reference Handler" daemon [_thread_blocked, id=9892, stack(0x0000006ae3900000,0x0000006ae3a00000)]
  0x000002226c526000 JavaThread "Finalizer" daemon [_thread_blocked, id=6908, stack(0x0000006ae3a00000,0x0000006ae3b00000)]
  0x000002226c53c000 JavaThread "Signal Dispatcher" daemon [_thread_blocked, id=15820, stack(0x0000006ae3b00000,0x0000006ae3c00000)]
  0x000002226c53e000 JavaThread "Attach Listener" daemon [_thread_blocked, id=12680, stack(0x0000006ae3c00000,0x0000006ae3d00000)]
  0x000002226c540000 JavaThread "Service Thread" daemon [_thread_blocked, id=13596, stack(0x0000006ae3d00000,0x0000006ae3e00000)]
  0x000002226c54c800 JavaThread "C2 CompilerThread0" daemon [_thread_in_native, id=10124, stack(0x0000006ae3e00000,0x0000006ae3f00000)]
  0x000002226c550000 JavaThread "C1 CompilerThread0" daemon [_thread_blocked, id=9300, stack(0x0000006ae3f00000,0x0000006ae4000000)]
  0x000002226c553800 JavaThread "Sweeper thread" daemon [_thread_blocked, id=8060, stack(0x0000006ae4000000,0x0000006ae4100000)]
  0x000002226cff8000 JavaThread "Common-Cleaner" daemon [_thread_blocked, id=13632, stack(0x0000006ae4100000,0x0000006ae4200000)]
  0x000002226f007000 JavaThread "Daemon health stats" [_thread_blocked, id=320, stack(0x0000006ae4600000,0x0000006ae4700000)]
  0x000002226d186800 JavaThread "Incoming local TCP Connector on port 2265" [_thread_in_native, id=13496, stack(0x0000006ae4300000,0x0000006ae4400000)]
  0x000002226ef2c000 JavaThread "Daemon periodic checks" [_thread_blocked, id=15064, stack(0x0000006ae4700000,0x0000006ae4800000)]
  0x000002226f004000 JavaThread "Daemon" [_thread_blocked, id=8508, stack(0x0000006ae4800000,0x0000006ae4900000)]
  0x000002226ef44800 JavaThread "Handler for socket connection from /127.0.0.1:2265 to /127.0.0.1:2266" [_thread_in_native, id=6136, stack(0x0000006ae4900000,0x0000006ae4a00000)]
  0x000002226ef41800 JavaThread "Cancel handler" [_thread_blocked, id=1400, stack(0x0000006ae4a00000,0x0000006ae4b00000)]
  0x000002226dca3000 JavaThread "Daemon worker" [_thread_blocked, id=12376, stack(0x0000006ae4b00000,0x0000006ae4c00000)]
  0x000002226fadc800 JavaThread "Asynchronous log dispatcher for DefaultDaemonConnection: socket connection from /127.0.0.1:2265 to /127.0.0.1:2266" [_thread_blocked, id=16364, stack(0x0000006ae4d00000,0x0000006ae4e00000)]
  0x000002226fadb800 JavaThread "Stdin handler" [_thread_blocked, id=2124, stack(0x0000006ae4e00000,0x0000006ae4f00000)]
  0x000002226fade000 JavaThread "Daemon client event forwarder" [_thread_blocked, id=8968, stack(0x0000006ae4f00000,0x0000006ae5000000)]
  0x000002226fadd000 JavaThread "Cache worker for file hash cache (C:\Users\ahmed\.gradle\caches\7.0.2\fileHashes)" [_thread_blocked, id=2128, stack(0x0000006ae5000000,0x0000006ae5100000)]
  0x000002226fadb000 JavaThread "File lock request listener" [_thread_in_native, id=16992, stack(0x0000006ae5100000,0x0000006ae5200000)]
  0x000002226fad8800 JavaThread "Cache worker for journal cache (C:\Users\ahmed\.gradle\caches\journal-1)" [_thread_blocked, id=11380, stack(0x0000006ae5200000,0x0000006ae5300000)]
  0x000002226fadf000 JavaThread "Cache worker for file hash cache (D:\Programming\Android\MyApps\VideoPlayer\Project\.gradle\7.0.2\fileHashes)" [_thread_blocked, id=11180, stack(0x0000006ae5400000,0x0000006ae5500000)]
  0x000002226fad9000 JavaThread "File watcher server" daemon [_thread_in_native, id=1196, stack(0x0000006ae5500000,0x0000006ae5600000)]
  0x000002226fada000 JavaThread "File watcher consumer" daemon [_thread_blocked, id=7156, stack(0x0000006ae5600000,0x0000006ae5700000)]
  0x0000022270432000 JavaThread "Cache worker for checksums cache (D:\Programming\Android\MyApps\VideoPlayer\Project\.gradle\checksums)" [_thread_blocked, id=8036, stack(0x0000006ae5700000,0x0000006ae5800000)]
  0x000002227042f000 JavaThread "Cache worker for cache directory md-supplier (C:\Users\ahmed\.gradle\caches\7.0.2\md-supplier)" [_thread_blocked, id=8168, stack(0x0000006ae5800000,0x0000006ae5900000)]
  0x000002227042f800 JavaThread "Cache worker for cache directory md-rule (C:\Users\ahmed\.gradle\caches\7.0.2\md-rule)" [_thread_blocked, id=3824, stack(0x0000006ae5900000,0x0000006ae5a00000)]
  0x000002227042d000 JavaThread "Cache worker for execution history cache (C:\Users\ahmed\.gradle\caches\7.0.2\executionHistory)" [_thread_blocked, id=14508, stack(0x0000006ae5a00000,0x0000006ae5b00000)]
  0x0000022270430800 JavaThread "jar transforms" [_thread_blocked, id=16100, stack(0x0000006ae5b00000,0x0000006ae5c00000)]
  0x0000022270431000 JavaThread "jar transforms Thread 2" [_thread_blocked, id=15108, stack(0x0000006ae5c00000,0x0000006ae5d00000)]
  0x000002227042c800 JavaThread "Cache worker for file content cache (C:\Users\ahmed\.gradle\caches\7.0.2\fileContent)" [_thread_blocked, id=7484, stack(0x0000006ae5d00000,0x0000006ae5e00000)]
  0x0000022270438000 JavaThread "Cache worker for dependencies-accessors (D:\Programming\Android\MyApps\VideoPlayer\Project\.gradle\7.0.2\dependencies-accessors)" [_thread_blocked, id=12696, stack(0x0000006ae5e00000,0x0000006ae5f00000)]
  0x0000022270437000 JavaThread "jar transforms Thread 3" [_thread_blocked, id=10328, stack(0x0000006ae5f00000,0x0000006ae6000000)]
  0x0000022270433000 JavaThread "Cache worker for Build Output Cleanup Cache (D:\Programming\Android\MyApps\VideoPlayer\Project\.gradle\buildOutputCleanup)" [_thread_blocked, id=9200, stack(0x0000006ae6000000,0x0000006ae6100000)]
  0x0000022270438800 JavaThread "Build operations" [_thread_blocked, id=6816, stack(0x0000006ae6100000,0x0000006ae6200000)]
  0x0000022270439800 JavaThread "Build operations Thread 2" [_thread_blocked, id=14464, stack(0x0000006ae6200000,0x0000006ae6300000)]
  0x000002227043a000 JavaThread "Build operations Thread 3" [_thread_blocked, id=12820, stack(0x0000006ae6300000,0x0000006ae6400000)]
  0x0000022270434800 JavaThread "Build operations Thread 4" [_thread_blocked, id=7592, stack(0x0000006ae6400000,0x0000006ae6500000)]
  0x000002227043b000 JavaThread "jar transforms Thread 4" [_thread_blocked, id=15104, stack(0x0000006ae6500000,0x0000006ae6600000)]
  0x0000022270435800 JavaThread "Memory manager" [_thread_blocked, id=16256, stack(0x0000006ae6600000,0x0000006ae6700000)]
  0x000002226f626000 JavaThread "build event listener" [_thread_blocked, id=8048, stack(0x0000006ae6700000,0x0000006ae6800000)]
  0x000002226f625800 JavaThread "Execution worker for ':'" [_thread_blocked, id=2080, stack(0x0000006ae6800000,0x0000006ae6900000)]
  0x000002226f627000 JavaThread "Execution worker for ':' Thread 2" [_thread_blocked, id=10896, stack(0x0000006ae6900000,0x0000006ae6a00000)]
  0x000002226f628800 JavaThread "Execution worker for ':' Thread 3" [_thread_blocked, id=10432, stack(0x0000006ae6a00000,0x0000006ae6b00000)]
  0x000002226f629800 JavaThread "Cache worker for execution history cache (D:\Programming\Android\MyApps\VideoPlayer\Project\.gradle\7.0.2\executionHistory)" [_thread_blocked, id=2476, stack(0x0000006ae6b00000,0x0000006ae6c00000)]
  0x000002226f62f000 JavaThread "Cache worker for Java compile cache (C:\Users\ahmed\.gradle\caches\7.0.2\javaCompile)" [_thread_blocked, id=10652, stack(0x0000006ae6c00000,0x0000006ae6d00000)]
  0x000002226f62c800 JavaThread "Cache worker for Java compile cache (D:\Programming\Android\MyApps\VideoPlayer\Project\.gradle\7.0.2\javaCompile)" [_thread_blocked, id=5616, stack(0x0000006ae6d00000,0x0000006ae6e00000)]
  0x000002226f62e800 JavaThread "WorkerExecutor Queue Thread 3" [_thread_blocked, id=5600, stack(0x0000006ae7200000,0x0000006ae7300000)]
=>0x000002226f62a000 JavaThread "WorkerExecutor Queue Thread 4" [_thread_in_vm, id=9388, stack(0x0000006ae7300000,0x0000006ae7400000)]
  0x00000222706c2800 JavaThread "C2 CompilerThread1" daemon [_thread_in_native, id=2332, stack(0x0000006ae5300000,0x0000006ae5400000)]
  0x000002226f62c000 JavaThread "WorkerExecutor Queue Thread 6" [_thread_blocked, id=13472, stack(0x0000006ae7000000,0x0000006ae7100000)]
  0x000002226f630800 JavaThread "ForkJoinPool.commonPool-worker-3" daemon [_thread_blocked, id=14164, stack(0x0000006ae7100000,0x0000006ae7200000)]

Other Threads:
  0x000002226c51e000 VMThread "VM Thread" [stack: 0x0000006ae3800000,0x0000006ae3900000] [id=14040]
  0x000002226d01d000 WatcherThread [stack: 0x0000006ae4200000,0x0000006ae4300000] [id=1876]
  0x0000022252965000 GCTaskThread "GC Thread#0" [stack: 0x0000006ae3300000,0x0000006ae3400000] [id=13784]
  0x000002226dc0b000 GCTaskThread "GC Thread#1" [stack: 0x0000006ae4400000,0x0000006ae4500000] [id=1452]
  0x000002226d8fe800 GCTaskThread "GC Thread#2" [stack: 0x0000006ae4500000,0x0000006ae4600000] [id=4236]
  0x000002226e150000 GCTaskThread "GC Thread#3" [stack: 0x0000006ae4c00000,0x0000006ae4d00000] [id=16056]
  0x0000022252997000 ConcurrentGCThread "G1 Main Marker" [stack: 0x0000006ae3400000,0x0000006ae3500000] [id=6804]
  0x0000022252999000 ConcurrentGCThread "G1 Conc#0" [stack: 0x0000006ae3500000,0x0000006ae3600000] [id=14280]
  0x0000022252a29000 ConcurrentGCThread "G1 Refine#0" [stack: 0x0000006ae3600000,0x0000006ae3700000] [id=13268]
  0x0000022252a2a000 ConcurrentGCThread "G1 Young RemSet Sampling" [stack: 0x0000006ae3700000,0x0000006ae3800000] [id=3020]

Threads with active compile tasks:
C2 CompilerThread0  45239 12047       4       java.lang.reflect.Method::invoke (65 bytes)
C2 CompilerThread1  45239 12155       4       java.lang.Class::annotationData (44 bytes)

VM state:not at safepoint (normal execution)

VM Mutex/Monitor currently owned by a thread: None

Heap address: 0x0000000080000000, size: 2048 MB, Compressed Oops mode: 32-bit
Narrow klass base: 0x0000000000000000, Narrow klass shift: 3
Compressed class space size: 1073741824 Address: 0x0000000100000000

Heap:
 garbage-first heap   total 227328K, used 115147K [0x0000000080000000, 0x0000000100000000)
  region size 1024K, 27 young (27648K), 5 survivors (5120K)
 Metaspace       used 106047K, capacity 108824K, committed 109264K, reserved 1144832K
  class space    used 14034K, capacity 15104K, committed 15180K, reserved 1048576K
Heap Regions: E=young(eden), S=young(survivor), O=old, HS=humongous(starts), HC=humongous(continues), CS=collection set, F=free, A=archive, TAMS=top-at-mark-start (previous, next)
|   0|0x0000000080000000, 0x0000000080100000, 0x0000000080100000|100%| O|  |TAMS 0x0000000080100000, 0x0000000080000000| Untracked 
|   1|0x0000000080100000, 0x0000000080200000, 0x0000000080200000|100%| O|  |TAMS 0x0000000080200000, 0x0000000080100000| Untracked 
|   2|0x0000000080200000, 0x0000000080300000, 0x0000000080300000|100%| O|  |TAMS 0x0000000080300000, 0x0000000080200000| Untracked 
|   3|0x0000000080300000, 0x0000000080400000, 0x0000000080400000|100%|HS|  |TAMS 0x0000000080400000, 0x0000000080300000| Complete 
|   4|0x0000000080400000, 0x0000000080500000, 0x0000000080500000|100%|HC|  |TAMS 0x0000000080500000, 0x0000000080400000| Complete 
|   5|0x0000000080500000, 0x0000000080600000, 0x0000000080600000|100%|HC|  |TAMS 0x0000000080600000, 0x0000000080500000| Complete 
|   6|0x0000000080600000, 0x0000000080700000, 0x0000000080700000|100%| O|  |TAMS 0x0000000080700000, 0x0000000080600000| Untracked 
|   7|0x0000000080700000, 0x0000000080800000, 0x0000000080800000|100%| O|  |TAMS 0x0000000080800000, 0x0000000080700000| Untracked 
|   8|0x0000000080800000, 0x0000000080900000, 0x0000000080900000|100%| O|  |TAMS 0x0000000080900000, 0x0000000080800000| Untracked 
|   9|0x0000000080900000, 0x0000000080a00000, 0x0000000080a00000|100%| O|  |TAMS 0x0000000080a00000, 0x0000000080900000| Untracked 
|  10|0x0000000080a00000, 0x0000000080b00000, 0x0000000080b00000|100%| O|  |TAMS 0x0000000080b00000, 0x0000000080a00000| Complete 
|  11|0x0000000080b00000, 0x0000000080c00000, 0x0000000080c00000|100%| O|  |TAMS 0x0000000080c00000, 0x0000000080b00000| Complete 
|  12|0x0000000080c00000, 0x0000000080d00000, 0x0000000080d00000|100%| O|  |TAMS 0x0000000080d00000, 0x0000000080c00000| Untracked 
|  13|0x0000000080d00000, 0x0000000080e00000, 0x0000000080e00000|100%| O|  |TAMS 0x0000000080e00000, 0x0000000080d00000| Untracked 
|  14|0x0000000080e00000, 0x0000000080f00000, 0x0000000080f00000|100%| O|  |TAMS 0x0000000080f00000, 0x0000000080e00000| Untracked 
|  15|0x0000000080f00000, 0x0000000081000000, 0x0000000081000000|100%| O|  |TAMS 0x0000000081000000, 0x0000000080f00000| Complete 
|  16|0x0000000081000000, 0x0000000081100000, 0x0000000081100000|100%|HS|  |TAMS 0x0000000081100000, 0x0000000081000000| Complete 
|  17|0x0000000081100000, 0x0000000081200000, 0x0000000081200000|100%| O|  |TAMS 0x0000000081200000, 0x0000000081100000| Untracked 
|  18|0x0000000081200000, 0x0000000081300000, 0x0000000081300000|100%| O|  |TAMS 0x0000000081300000, 0x0000000081200000| Untracked 
|  19|0x0000000081300000, 0x0000000081400000, 0x0000000081400000|100%| O|  |TAMS 0x0000000081400000, 0x0000000081300000| Untracked 
|  20|0x0000000081400000, 0x0000000081500000, 0x0000000081500000|100%| O|  |TAMS 0x0000000081500000, 0x0000000081400000| Complete 
|  21|0x0000000081500000, 0x0000000081600000, 0x0000000081600000|100%| O|  |TAMS 0x0000000081600000, 0x0000000081500000| Untracked 
|  22|0x0000000081600000, 0x0000000081700000, 0x0000000081700000|100%| O|  |TAMS 0x0000000081700000, 0x0000000081600000| Untracked 
|  23|0x0000000081700000, 0x0000000081800000, 0x0000000081800000|100%|HS|  |TAMS 0x0000000081800000, 0x0000000081700000| Complete 
|  24|0x0000000081800000, 0x0000000081900000, 0x0000000081900000|100%|HS|  |TAMS 0x0000000081900000, 0x0000000081800000| Complete 
|  25|0x0000000081900000, 0x0000000081a00000, 0x0000000081a00000|100%|HC|  |TAMS 0x0000000081a00000, 0x0000000081900000| Complete 
|  26|0x0000000081a00000, 0x0000000081b00000, 0x0000000081b00000|100%| O|  |TAMS 0x0000000081b00000, 0x0000000081a00000| Untracked 
|  27|0x0000000081b00000, 0x0000000081c00000, 0x0000000081c00000|100%| O|  |TAMS 0x0000000081c00000, 0x0000000081b00000| Untracked 
|  28|0x0000000081c00000, 0x0000000081d00000, 0x0000000081d00000|100%| O|  |TAMS 0x0000000081d00000, 0x0000000081c00000| Untracked 
|  29|0x0000000081d00000, 0x0000000081e00000, 0x0000000081e00000|100%| O|  |TAMS 0x0000000081e00000, 0x0000000081d00000| Untracked 
|  30|0x0000000081e00000, 0x0000000081f00000, 0x0000000081f00000|100%| O|  |TAMS 0x0000000081f00000, 0x0000000081e00000| Untracked 
|  31|0x0000000081f00000, 0x0000000082000000, 0x0000000082000000|100%| O|  |TAMS 0x0000000082000000, 0x0000000081f00000| Complete 
|  32|0x0000000082000000, 0x0000000082100000, 0x0000000082100000|100%| O|  |TAMS 0x0000000082100000, 0x0000000082000000| Untracked 
|  33|0x0000000082100000, 0x0000000082200000, 0x0000000082200000|100%| O|  |TAMS 0x0000000082200000, 0x0000000082100000| Untracked 
|  34|0x0000000082200000, 0x0000000082300000, 0x0000000082300000|100%| O|  |TAMS 0x0000000082300000, 0x0000000082200000| Untracked 
|  35|0x0000000082300000, 0x0000000082400000, 0x0000000082400000|100%| O|  |TAMS 0x0000000082400000, 0x0000000082300000| Untracked 
|  36|0x0000000082400000, 0x0000000082500000, 0x0000000082500000|100%| O|  |TAMS 0x0000000082500000, 0x0000000082400000| Untracked 
|  37|0x0000000082500000, 0x0000000082600000, 0x0000000082600000|100%| O|  |TAMS 0x0000000082600000, 0x0000000082500000| Untracked 
|  38|0x0000000082600000, 0x0000000082700000, 0x0000000082700000|100%| O|  |TAMS 0x0000000082700000, 0x0000000082600000| Untracked 
|  39|0x0000000082700000, 0x0000000082800000, 0x0000000082800000|100%| O|  |TAMS 0x0000000082800000, 0x0000000082700000| Untracked 
|  40|0x0000000082800000, 0x0000000082900000, 0x0000000082900000|100%| O|  |TAMS 0x0000000082900000, 0x0000000082800000| Untracked 
|  41|0x0000000082900000, 0x0000000082a00000, 0x0000000082a00000|100%| O|  |TAMS 0x0000000082a00000, 0x0000000082900000| Complete 
|  42|0x0000000082a00000, 0x0000000082b00000, 0x0000000082b00000|100%| O|  |TAMS 0x0000000082b00000, 0x0000000082a00000| Complete 
|  43|0x0000000082b00000, 0x0000000082c00000, 0x0000000082c00000|100%| O|  |TAMS 0x0000000082c00000, 0x0000000082b00000| Untracked 
|  44|0x0000000082c00000, 0x0000000082d00000, 0x0000000082d00000|100%| O|  |TAMS 0x0000000082d00000, 0x0000000082c00000| Untracked 
|  45|0x0000000082d00000, 0x0000000082e00000, 0x0000000082e00000|100%| O|  |TAMS 0x0000000082e00000, 0x0000000082d00000| Untracked 
|  46|0x0000000082e00000, 0x0000000082f00000, 0x0000000082f00000|100%| O|  |TAMS 0x0000000082f00000, 0x0000000082e00000| Untracked 
|  47|0x0000000082f00000, 0x0000000083000000, 0x0000000083000000|100%| O|  |TAMS 0x0000000083000000, 0x0000000082f00000| Untracked 
|  48|0x0000000083000000, 0x0000000083100000, 0x0000000083100000|100%| O|  |TAMS 0x0000000083100000, 0x0000000083000000| Untracked 
|  49|0x0000000083100000, 0x0000000083200000, 0x0000000083200000|100%| O|  |TAMS 0x0000000083200000, 0x0000000083100000| Untracked 
|  50|0x0000000083200000, 0x0000000083300000, 0x0000000083300000|100%| O|  |TAMS 0x0000000083300000, 0x0000000083200000| Untracked 
|  51|0x0000000083300000, 0x0000000083400000, 0x0000000083400000|100%| O|  |TAMS 0x0000000083400000, 0x0000000083300000| Untracked 
|  52|0x0000000083400000, 0x0000000083500000, 0x0000000083500000|100%| O|  |TAMS 0x0000000083500000, 0x0000000083400000| Untracked 
|  53|0x0000000083500000, 0x0000000083600000, 0x0000000083600000|100%| O|  |TAMS 0x0000000083600000, 0x0000000083500000| Untracked 
|  54|0x0000000083600000, 0x0000000083700000, 0x0000000083700000|100%| O|  |TAMS 0x0000000083700000, 0x0000000083600000| Untracked 
|  55|0x0000000083700000, 0x0000000083800000, 0x0000000083800000|100%| O|  |TAMS 0x0000000083800000, 0x0000000083700000| Untracked 
|  56|0x0000000083800000, 0x0000000083900000, 0x0000000083900000|100%| O|  |TAMS 0x0000000083900000, 0x0000000083800000| Untracked 
|  57|0x0000000083900000, 0x0000000083a00000, 0x0000000083a00000|100%| O|  |TAMS 0x0000000083a00000, 0x0000000083900000| Complete 
|  58|0x0000000083a00000, 0x0000000083b00000, 0x0000000083b00000|100%| O|  |TAMS 0x0000000083b00000, 0x0000000083a00000| Complete 
|  59|0x0000000083b00000, 0x0000000083c00000, 0x0000000083c00000|100%|HS|  |TAMS 0x0000000083c00000, 0x0000000083b00000| Complete 
|  60|0x0000000083c00000, 0x0000000083d00000, 0x0000000083d00000|100%|HC|  |TAMS 0x0000000083d00000, 0x0000000083c00000| Complete 
|  61|0x0000000083d00000, 0x0000000083e00000, 0x0000000083e00000|100%| O|  |TAMS 0x0000000083e00000, 0x0000000083d00000| Untracked 
|  62|0x0000000083e00000, 0x0000000083f00000, 0x0000000083f00000|100%| O|  |TAMS 0x0000000083f00000, 0x0000000083e00000| Untracked 
|  63|0x0000000083f00000, 0x0000000084000000, 0x0000000084000000|100%| O|  |TAMS 0x0000000084000000, 0x0000000083f00000| Untracked 
|  64|0x0000000084000000, 0x0000000084100000, 0x0000000084100000|100%| O|  |TAMS 0x0000000084100000, 0x0000000084000000| Untracked 
|  65|0x0000000084100000, 0x0000000084200000, 0x0000000084200000|100%| O|  |TAMS 0x0000000084200000, 0x0000000084100000| Untracked 
|  66|0x0000000084200000, 0x0000000084300000, 0x0000000084300000|100%| O|  |TAMS 0x0000000084300000, 0x0000000084200000| Complete 
|  67|0x0000000084300000, 0x0000000084400000, 0x0000000084400000|100%| O|  |TAMS 0x0000000084400000, 0x0000000084300000| Complete 
|  68|0x0000000084400000, 0x0000000084500000, 0x0000000084500000|100%| O|  |TAMS 0x0000000084500000, 0x0000000084400000| Complete 
|  69|0x0000000084500000, 0x0000000084600000, 0x0000000084600000|100%| O|  |TAMS 0x0000000084600000, 0x0000000084500000| Complete 
|  70|0x0000000084600000, 0x0000000084700000, 0x0000000084700000|100%| O|  |TAMS 0x0000000084700000, 0x0000000084600000| Complete 
|  71|0x0000000084700000, 0x0000000084800000, 0x0000000084800000|100%| O|  |TAMS 0x0000000084800000, 0x0000000084700000| Untracked 
|  72|0x0000000084800000, 0x0000000084900000, 0x0000000084900000|100%| O|  |TAMS 0x0000000084900000, 0x0000000084800000| Untracked 
|  73|0x0000000084900000, 0x0000000084a00000, 0x0000000084a00000|100%| O|  |TAMS 0x0000000084a00000, 0x0000000084900000| Complete 
|  74|0x0000000084a00000, 0x0000000084b00000, 0x0000000084b00000|100%| O|  |TAMS 0x0000000084b00000, 0x0000000084a00000| Untracked 
|  75|0x0000000084b00000, 0x0000000084c00000, 0x0000000084c00000|100%| O|  |TAMS 0x0000000084c00000, 0x0000000084b00000| Untracked 
|  76|0x0000000084c00000, 0x0000000084d00000, 0x0000000084d00000|100%| O|  |TAMS 0x0000000084d00000, 0x0000000084c00000| Untracked 
|  77|0x0000000084d00000, 0x0000000084e00000, 0x0000000084e00000|100%| O|  |TAMS 0x0000000084e00000, 0x0000000084d00000| Untracked 
|  78|0x0000000084e00000, 0x0000000084f00000, 0x0000000084f00000|100%| O|  |TAMS 0x0000000084f00000, 0x0000000084e00000| Complete 
|  79|0x0000000084f00000, 0x0000000085000000, 0x0000000085000000|100%| O|  |TAMS 0x0000000085000000, 0x0000000084f00000| Complete 
|  80|0x0000000085000000, 0x0000000085100000, 0x0000000085100000|100%| O|  |TAMS 0x0000000085100000, 0x0000000085000000| Complete 
|  81|0x0000000085100000, 0x0000000085200000, 0x0000000085200000|100%| O|  |TAMS 0x0000000085200000, 0x0000000085100000| Complete 
|  82|0x0000000085200000, 0x0000000085300000, 0x0000000085300000|100%| O|  |TAMS 0x0000000085300000, 0x0000000085200000| Complete 
|  83|0x0000000085300000, 0x0000000085400000, 0x0000000085400000|100%| O|  |TAMS 0x0000000085400000, 0x0000000085300000| Complete 
|  84|0x0000000085400000, 0x0000000085500000, 0x0000000085500000|100%| O|  |TAMS 0x0000000085500000, 0x0000000085400000| Complete 
|  85|0x0000000085500000, 0x0000000085600000, 0x0000000085600000|100%| O|  |TAMS 0x0000000085600000, 0x0000000085500000| Complete 
|  86|0x0000000085600000, 0x0000000085700000, 0x0000000085700000|100%| O|  |TAMS 0x0000000085700000, 0x0000000085600000| Complete 
|  87|0x0000000085700000, 0x0000000085800000, 0x0000000085800000|100%| O|  |TAMS 0x0000000085800000, 0x0000000085700000| Complete 
|  88|0x0000000085800000, 0x0000000085800000, 0x0000000085900000|  0%| F|  |TAMS 0x0000000085800000, 0x0000000085800000| Untracked 
|  89|0x0000000085900000, 0x0000000085900000, 0x0000000085a00000|  0%| F|  |TAMS 0x0000000085900000, 0x0000000085900000| Untracked 
|  90|0x0000000085a00000, 0x0000000085a00000, 0x0000000085b00000|  0%| F|  |TAMS 0x0000000085a00000, 0x0000000085a00000| Untracked 
|  91|0x0000000085b00000, 0x0000000085b00000, 0x0000000085c00000|  0%| F|  |TAMS 0x0000000085b00000, 0x0000000085b00000| Untracked 
|  92|0x0000000085c00000, 0x0000000085c00000, 0x0000000085d00000|  0%| F|  |TAMS 0x0000000085c00000, 0x0000000085c00000| Untracked 
|  93|0x0000000085d00000, 0x0000000085d00000, 0x0000000085e00000|  0%| F|  |TAMS 0x0000000085d00000, 0x0000000085d00000| Untracked 
|  94|0x0000000085e00000, 0x0000000085e00000, 0x0000000085f00000|  0%| F|  |TAMS 0x0000000085e00000, 0x0000000085e00000| Untracked 
|  95|0x0000000085f00000, 0x0000000085f00000, 0x0000000086000000|  0%| F|  |TAMS 0x0000000085f00000, 0x0000000085f00000| Untracked 
|  96|0x0000000086000000, 0x0000000086000000, 0x0000000086100000|  0%| F|  |TAMS 0x0000000086000000, 0x0000000086000000| Untracked 
|  97|0x0000000086100000, 0x0000000086100000, 0x0000000086200000|  0%| F|  |TAMS 0x0000000086100000, 0x0000000086100000| Untracked 
|  98|0x0000000086200000, 0x0000000086200000, 0x0000000086300000|  0%| F|  |TAMS 0x0000000086200000, 0x0000000086200000| Untracked 
|  99|0x0000000086300000, 0x0000000086300000, 0x0000000086400000|  0%| F|  |TAMS 0x0000000086300000, 0x0000000086300000| Untracked 
| 100|0x0000000086400000, 0x0000000086400000, 0x0000000086500000|  0%| F|  |TAMS 0x0000000086400000, 0x0000000086400000| Untracked 
| 101|0x0000000086500000, 0x0000000086500000, 0x0000000086600000|  0%| F|  |TAMS 0x0000000086500000, 0x0000000086500000| Untracked 
| 102|0x0000000086600000, 0x0000000086600000, 0x0000000086700000|  0%| F|  |TAMS 0x0000000086600000, 0x0000000086600000| Untracked 
| 103|0x0000000086700000, 0x0000000086700000, 0x0000000086800000|  0%| F|  |TAMS 0x0000000086700000, 0x0000000086700000| Untracked 
| 104|0x0000000086800000, 0x0000000086800000, 0x0000000086900000|  0%| F|  |TAMS 0x0000000086800000, 0x0000000086800000| Untracked 
| 105|0x0000000086900000, 0x0000000086900000, 0x0000000086a00000|  0%| F|  |TAMS 0x0000000086900000, 0x0000000086900000| Untracked 
| 106|0x0000000086a00000, 0x0000000086a00000, 0x0000000086b00000|  0%| F|  |TAMS 0x0000000086a00000, 0x0000000086a00000| Untracked 
| 107|0x0000000086b00000, 0x0000000086b00000, 0x0000000086c00000|  0%| F|  |TAMS 0x0000000086b00000, 0x0000000086b00000| Untracked 
| 108|0x0000000086c00000, 0x0000000086c00000, 0x0000000086d00000|  0%| F|  |TAMS 0x0000000086c00000, 0x0000000086c00000| Untracked 
| 109|0x0000000086d00000, 0x0000000086d00000, 0x0000000086e00000|  0%| F|  |TAMS 0x0000000086d00000, 0x0000000086d00000| Untracked 
| 110|0x0000000086e00000, 0x0000000086e00000, 0x0000000086f00000|  0%| F|  |TAMS 0x0000000086e00000, 0x0000000086e00000| Untracked 
| 111|0x0000000086f00000, 0x0000000086f00000, 0x0000000087000000|  0%| F|  |TAMS 0x0000000086f00000, 0x0000000086f00000| Untracked 
| 112|0x0000000087000000, 0x0000000087000000, 0x0000000087100000|  0%| F|  |TAMS 0x0000000087000000, 0x0000000087000000| Untracked 
| 113|0x0000000087100000, 0x0000000087100000, 0x0000000087200000|  0%| F|  |TAMS 0x0000000087100000, 0x0000000087100000| Untracked 
| 114|0x0000000087200000, 0x0000000087200000, 0x0000000087300000|  0%| F|  |TAMS 0x0000000087200000, 0x0000000087200000| Untracked 
| 115|0x0000000087300000, 0x0000000087300000, 0x0000000087400000|  0%| F|  |TAMS 0x0000000087300000, 0x0000000087300000| Untracked 
| 116|0x0000000087400000, 0x0000000087400000, 0x0000000087500000|  0%| F|  |TAMS 0x0000000087400000, 0x0000000087400000| Untracked 
| 117|0x0000000087500000, 0x0000000087500000, 0x0000000087600000|  0%| F|  |TAMS 0x0000000087500000, 0x0000000087500000| Untracked 
| 118|0x0000000087600000, 0x0000000087600000, 0x0000000087700000|  0%| F|  |TAMS 0x0000000087600000, 0x0000000087600000| Untracked 
| 119|0x0000000087700000, 0x0000000087700000, 0x0000000087800000|  0%| F|  |TAMS 0x0000000087700000, 0x0000000087700000| Untracked 
| 120|0x0000000087800000, 0x0000000087800000, 0x0000000087900000|  0%| F|  |TAMS 0x0000000087800000, 0x0000000087800000| Untracked 
| 121|0x0000000087900000, 0x0000000087900000, 0x0000000087a00000|  0%| F|  |TAMS 0x0000000087900000, 0x0000000087900000| Untracked 
| 122|0x0000000087a00000, 0x0000000087a00000, 0x0000000087b00000|  0%| F|  |TAMS 0x0000000087a00000, 0x0000000087a00000| Untracked 
| 123|0x0000000087b00000, 0x0000000087b00000, 0x0000000087c00000|  0%| F|  |TAMS 0x0000000087b00000, 0x0000000087b00000| Untracked 
| 124|0x0000000087c00000, 0x0000000087c00000, 0x0000000087d00000|  0%| F|  |TAMS 0x0000000087c00000, 0x0000000087c00000| Untracked 
| 125|0x0000000087d00000, 0x0000000087d00000, 0x0000000087e00000|  0%| F|  |TAMS 0x0000000087d00000, 0x0000000087d00000| Untracked 
| 126|0x0000000087e00000, 0x0000000087e00000, 0x0000000087f00000|  0%| F|  |TAMS 0x0000000087e00000, 0x0000000087e00000| Untracked 
| 127|0x0000000087f00000, 0x0000000087f00000, 0x0000000088000000|  0%| F|  |TAMS 0x0000000087f00000, 0x0000000087f00000| Untracked 
| 128|0x0000000088000000, 0x0000000088000000, 0x0000000088100000|  0%| F|  |TAMS 0x0000000088000000, 0x0000000088000000| Untracked 
| 129|0x0000000088100000, 0x0000000088100000, 0x0000000088200000|  0%| F|  |TAMS 0x0000000088100000, 0x0000000088100000| Untracked 
| 130|0x0000000088200000, 0x0000000088200000, 0x0000000088300000|  0%| F|  |TAMS 0x0000000088200000, 0x0000000088200000| Untracked 
| 131|0x0000000088300000, 0x0000000088300000, 0x0000000088400000|  0%| F|  |TAMS 0x0000000088300000, 0x0000000088300000| Untracked 
| 132|0x0000000088400000, 0x0000000088400000, 0x0000000088500000|  0%| F|  |TAMS 0x0000000088400000, 0x0000000088400000| Untracked 
| 133|0x0000000088500000, 0x0000000088500000, 0x0000000088600000|  0%| F|  |TAMS 0x0000000088500000, 0x0000000088500000| Untracked 
| 134|0x0000000088600000, 0x0000000088600000, 0x0000000088700000|  0%| F|  |TAMS 0x0000000088600000, 0x0000000088600000| Untracked 
| 135|0x0000000088700000, 0x0000000088700000, 0x0000000088800000|  0%| F|  |TAMS 0x0000000088700000, 0x0000000088700000| Untracked 
| 136|0x0000000088800000, 0x0000000088800000, 0x0000000088900000|  0%| F|  |TAMS 0x0000000088800000, 0x0000000088800000| Untracked 
| 137|0x0000000088900000, 0x0000000088900000, 0x0000000088a00000|  0%| F|  |TAMS 0x0000000088900000, 0x0000000088900000| Untracked 
| 138|0x0000000088a00000, 0x0000000088a00000, 0x0000000088b00000|  0%| F|  |TAMS 0x0000000088a00000, 0x0000000088a00000| Untracked 
| 139|0x0000000088b00000, 0x0000000088b00000, 0x0000000088c00000|  0%| F|  |TAMS 0x0000000088b00000, 0x0000000088b00000| Untracked 
| 140|0x0000000088c00000, 0x0000000088c00000, 0x0000000088d00000|  0%| F|  |TAMS 0x0000000088c00000, 0x0000000088c00000| Untracked 
| 141|0x0000000088d00000, 0x0000000088d00000, 0x0000000088e00000|  0%| F|  |TAMS 0x0000000088d00000, 0x0000000088d00000| Untracked 
| 142|0x0000000088e00000, 0x0000000088e00000, 0x0000000088f00000|  0%| F|  |TAMS 0x0000000088e00000, 0x0000000088e00000| Untracked 
| 143|0x0000000088f00000, 0x0000000088f00000, 0x0000000089000000|  0%| F|  |TAMS 0x0000000088f00000, 0x0000000088f00000| Untracked 
| 144|0x0000000089000000, 0x0000000089000000, 0x0000000089100000|  0%| F|  |TAMS 0x0000000089000000, 0x0000000089000000| Untracked 
| 145|0x0000000089100000, 0x0000000089100000, 0x0000000089200000|  0%| F|  |TAMS 0x0000000089100000, 0x0000000089100000| Untracked 
| 146|0x0000000089200000, 0x0000000089200000, 0x0000000089300000|  0%| F|  |TAMS 0x0000000089200000, 0x0000000089200000| Untracked 
| 147|0x0000000089300000, 0x0000000089300000, 0x0000000089400000|  0%| F|  |TAMS 0x0000000089300000, 0x0000000089300000| Untracked 
| 148|0x0000000089400000, 0x0000000089400000, 0x0000000089500000|  0%| F|  |TAMS 0x0000000089400000, 0x0000000089400000| Untracked 
| 149|0x0000000089500000, 0x0000000089500000, 0x0000000089600000|  0%| F|  |TAMS 0x0000000089500000, 0x0000000089500000| Untracked 
| 150|0x0000000089600000, 0x0000000089600000, 0x0000000089700000|  0%| F|  |TAMS 0x0000000089600000, 0x0000000089600000| Untracked 
| 151|0x0000000089700000, 0x0000000089700000, 0x0000000089800000|  0%| F|  |TAMS 0x0000000089700000, 0x0000000089700000| Untracked 
| 152|0x0000000089800000, 0x0000000089800000, 0x0000000089900000|  0%| F|  |TAMS 0x0000000089800000, 0x0000000089800000| Untracked 
| 153|0x0000000089900000, 0x0000000089900000, 0x0000000089a00000|  0%| F|  |TAMS 0x0000000089900000, 0x0000000089900000| Untracked 
| 154|0x0000000089a00000, 0x0000000089a00000, 0x0000000089b00000|  0%| F|  |TAMS 0x0000000089a00000, 0x0000000089a00000| Untracked 
| 155|0x0000000089b00000, 0x0000000089b00000, 0x0000000089c00000|  0%| F|  |TAMS 0x0000000089b00000, 0x0000000089b00000| Untracked 
| 156|0x0000000089c00000, 0x0000000089c00000, 0x0000000089d00000|  0%| F|  |TAMS 0x0000000089c00000, 0x0000000089c00000| Untracked 
| 157|0x0000000089d00000, 0x0000000089d00000, 0x0000000089e00000|  0%| F|  |TAMS 0x0000000089d00000, 0x0000000089d00000| Untracked 
| 158|0x0000000089e00000, 0x0000000089e00000, 0x0000000089f00000|  0%| F|  |TAMS 0x0000000089e00000, 0x0000000089e00000| Untracked 
| 159|0x0000000089f00000, 0x0000000089f00000, 0x000000008a000000|  0%| F|  |TAMS 0x0000000089f00000, 0x0000000089f00000| Untracked 
| 160|0x000000008a000000, 0x000000008a000000, 0x000000008a100000|  0%| F|  |TAMS 0x000000008a000000, 0x000000008a000000| Untracked 
| 161|0x000000008a100000, 0x000000008a100000, 0x000000008a200000|  0%| F|  |TAMS 0x000000008a100000, 0x000000008a100000| Untracked 
| 162|0x000000008a200000, 0x000000008a200000, 0x000000008a300000|  0%| F|  |TAMS 0x000000008a200000, 0x000000008a200000| Untracked 
| 163|0x000000008a300000, 0x000000008a300000, 0x000000008a400000|  0%| F|  |TAMS 0x000000008a300000, 0x000000008a300000| Untracked 
| 164|0x000000008a400000, 0x000000008a400000, 0x000000008a500000|  0%| F|  |TAMS 0x000000008a400000, 0x000000008a400000| Untracked 
| 165|0x000000008a500000, 0x000000008a500000, 0x000000008a600000|  0%| F|  |TAMS 0x000000008a500000, 0x000000008a500000| Untracked 
| 166|0x000000008a600000, 0x000000008a600000, 0x000000008a700000|  0%| F|  |TAMS 0x000000008a600000, 0x000000008a600000| Untracked 
| 167|0x000000008a700000, 0x000000008a700000, 0x000000008a800000|  0%| F|  |TAMS 0x000000008a700000, 0x000000008a700000| Untracked 
| 168|0x000000008a800000, 0x000000008a800000, 0x000000008a900000|  0%| F|  |TAMS 0x000000008a800000, 0x000000008a800000| Untracked 
| 169|0x000000008a900000, 0x000000008a900000, 0x000000008aa00000|  0%| F|  |TAMS 0x000000008a900000, 0x000000008a900000| Untracked 
| 170|0x000000008aa00000, 0x000000008aa00000, 0x000000008ab00000|  0%| F|  |TAMS 0x000000008aa00000, 0x000000008aa00000| Untracked 
| 171|0x000000008ab00000, 0x000000008ab00000, 0x000000008ac00000|  0%| F|  |TAMS 0x000000008ab00000, 0x000000008ab00000| Untracked 
| 172|0x000000008ac00000, 0x000000008ac00000, 0x000000008ad00000|  0%| F|  |TAMS 0x000000008ac00000, 0x000000008ac00000| Untracked 
| 173|0x000000008ad00000, 0x000000008ad00000, 0x000000008ae00000|  0%| F|  |TAMS 0x000000008ad00000, 0x000000008ad00000| Untracked 
| 174|0x000000008ae00000, 0x000000008ae72e60, 0x000000008af00000| 44%| S|CS|TAMS 0x000000008ae00000, 0x000000008ae00000| Complete 
| 175|0x000000008af00000, 0x000000008b000000, 0x000000008b000000|100%| S|CS|TAMS 0x000000008af00000, 0x000000008af00000| Complete 
| 176|0x000000008b000000, 0x000000008b100000, 0x000000008b100000|100%| S|CS|TAMS 0x000000008b000000, 0x000000008b000000| Complete 
| 177|0x000000008b100000, 0x000000008b200000, 0x000000008b200000|100%| S|CS|TAMS 0x000000008b100000, 0x000000008b100000| Complete 
| 178|0x000000008b200000, 0x000000008b300000, 0x000000008b300000|100%| S|CS|TAMS 0x000000008b200000, 0x000000008b200000| Complete 
| 179|0x000000008b300000, 0x000000008b300000, 0x000000008b400000|  0%| F|  |TAMS 0x000000008b300000, 0x000000008b300000| Untracked 
| 180|0x000000008b400000, 0x000000008b400000, 0x000000008b500000|  0%| F|  |TAMS 0x000000008b400000, 0x000000008b400000| Untracked 
| 181|0x000000008b500000, 0x000000008b500000, 0x000000008b600000|  0%| F|  |TAMS 0x000000008b500000, 0x000000008b500000| Untracked 
| 182|0x000000008b600000, 0x000000008b600000, 0x000000008b700000|  0%| F|  |TAMS 0x000000008b600000, 0x000000008b600000| Untracked 
| 183|0x000000008b700000, 0x000000008b700000, 0x000000008b800000|  0%| F|  |TAMS 0x000000008b700000, 0x000000008b700000| Untracked 
| 184|0x000000008b800000, 0x000000008b800000, 0x000000008b900000|  0%| F|  |TAMS 0x000000008b800000, 0x000000008b800000| Untracked 
| 185|0x000000008b900000, 0x000000008b900000, 0x000000008ba00000|  0%| F|  |TAMS 0x000000008b900000, 0x000000008b900000| Untracked 
| 186|0x000000008ba00000, 0x000000008ba00000, 0x000000008bb00000|  0%| F|  |TAMS 0x000000008ba00000, 0x000000008ba00000| Untracked 
| 187|0x000000008bb00000, 0x000000008bb00000, 0x000000008bc00000|  0%| F|  |TAMS 0x000000008bb00000, 0x000000008bb00000| Untracked 
| 188|0x000000008bc00000, 0x000000008bc00000, 0x000000008bd00000|  0%| F|  |TAMS 0x000000008bc00000, 0x000000008bc00000| Untracked 
| 189|0x000000008bd00000, 0x000000008bd00000, 0x000000008be00000|  0%| F|  |TAMS 0x000000008bd00000, 0x000000008bd00000| Untracked 
| 190|0x000000008be00000, 0x000000008be00000, 0x000000008bf00000|  0%| F|  |TAMS 0x000000008be00000, 0x000000008be00000| Untracked 
| 191|0x000000008bf00000, 0x000000008bf00000, 0x000000008c000000|  0%| F|  |TAMS 0x000000008bf00000, 0x000000008bf00000| Untracked 
| 192|0x000000008c000000, 0x000000008c000000, 0x000000008c100000|  0%| F|  |TAMS 0x000000008c000000, 0x000000008c000000| Untracked 
| 193|0x000000008c100000, 0x000000008c100000, 0x000000008c200000|  0%| F|  |TAMS 0x000000008c100000, 0x000000008c100000| Untracked 
| 194|0x000000008c200000, 0x000000008c200000, 0x000000008c300000|  0%| F|  |TAMS 0x000000008c200000, 0x000000008c200000| Untracked 
| 195|0x000000008c300000, 0x000000008c300000, 0x000000008c400000|  0%| F|  |TAMS 0x000000008c300000, 0x000000008c300000| Untracked 
| 196|0x000000008c400000, 0x000000008c400000, 0x000000008c500000|  0%| F|  |TAMS 0x000000008c400000, 0x000000008c400000| Untracked 
| 197|0x000000008c500000, 0x000000008c500000, 0x000000008c600000|  0%| F|  |TAMS 0x000000008c500000, 0x000000008c500000| Untracked 
| 198|0x000000008c600000, 0x000000008c600000, 0x000000008c700000|  0%| F|  |TAMS 0x000000008c600000, 0x000000008c600000| Untracked 
| 199|0x000000008c700000, 0x000000008c700000, 0x000000008c800000|  0%| F|  |TAMS 0x000000008c700000, 0x000000008c700000| Untracked 
| 200|0x000000008c800000, 0x000000008c817188, 0x000000008c900000|  9%| E|  |TAMS 0x000000008c800000, 0x000000008c800000| Complete 
| 201|0x000000008c900000, 0x000000008ca00000, 0x000000008ca00000|100%| E|  |TAMS 0x000000008c900000, 0x000000008c900000| Complete 
| 202|0x000000008ca00000, 0x000000008cb00000, 0x000000008cb00000|100%| E|CS|TAMS 0x000000008ca00000, 0x000000008ca00000| Complete 
| 203|0x000000008cb00000, 0x000000008cc00000, 0x000000008cc00000|100%| E|CS|TAMS 0x000000008cb00000, 0x000000008cb00000| Complete 
| 204|0x000000008cc00000, 0x000000008cd00000, 0x000000008cd00000|100%| E|CS|TAMS 0x000000008cc00000, 0x000000008cc00000| Complete 
| 205|0x000000008cd00000, 0x000000008ce00000, 0x000000008ce00000|100%| E|CS|TAMS 0x000000008cd00000, 0x000000008cd00000| Complete 
| 206|0x000000008ce00000, 0x000000008cf00000, 0x000000008cf00000|100%| E|CS|TAMS 0x000000008ce00000, 0x000000008ce00000| Complete 
| 207|0x000000008cf00000, 0x000000008d000000, 0x000000008d000000|100%| E|CS|TAMS 0x000000008cf00000, 0x000000008cf00000| Complete 
| 208|0x000000008d000000, 0x000000008d100000, 0x000000008d100000|100%| E|CS|TAMS 0x000000008d000000, 0x000000008d000000| Complete 
| 209|0x000000008d100000, 0x000000008d200000, 0x000000008d200000|100%| E|CS|TAMS 0x000000008d100000, 0x000000008d100000| Complete 
| 210|0x000000008d200000, 0x000000008d300000, 0x000000008d300000|100%| E|CS|TAMS 0x000000008d200000, 0x000000008d200000| Complete 
| 211|0x000000008d300000, 0x000000008d400000, 0x000000008d400000|100%| E|CS|TAMS 0x000000008d300000, 0x000000008d300000| Complete 
| 212|0x000000008d400000, 0x000000008d500000, 0x000000008d500000|100%| E|CS|TAMS 0x000000008d400000, 0x000000008d400000| Complete 
| 213|0x000000008d500000, 0x000000008d600000, 0x000000008d600000|100%| E|CS|TAMS 0x000000008d500000, 0x000000008d500000| Complete 
| 214|0x000000008d600000, 0x000000008d700000, 0x000000008d700000|100%| E|CS|TAMS 0x000000008d600000, 0x000000008d600000| Complete 
| 215|0x000000008d700000, 0x000000008d800000, 0x000000008d800000|100%| E|CS|TAMS 0x000000008d700000, 0x000000008d700000| Complete 
| 216|0x000000008d800000, 0x000000008d900000, 0x000000008d900000|100%| E|CS|TAMS 0x000000008d800000, 0x000000008d800000| Complete 
| 217|0x000000008d900000, 0x000000008da00000, 0x000000008da00000|100%| E|CS|TAMS 0x000000008d900000, 0x000000008d900000| Complete 
| 218|0x000000008da00000, 0x000000008db00000, 0x000000008db00000|100%| E|CS|TAMS 0x000000008da00000, 0x000000008da00000| Complete 
| 219|0x000000008db00000, 0x000000008dc00000, 0x000000008dc00000|100%| E|CS|TAMS 0x000000008db00000, 0x000000008db00000| Complete 
| 220|0x000000008dc00000, 0x000000008dd00000, 0x000000008dd00000|100%| E|CS|TAMS 0x000000008dc00000, 0x000000008dc00000| Complete 
| 221|0x000000008dd00000, 0x000000008de00000, 0x000000008de00000|100%| E|CS|TAMS 0x000000008dd00000, 0x000000008dd00000| Complete 

Card table byte_map: [0x0000022265840000,0x0000022265c40000] _byte_map_base: 0x0000022265440000

Marking Bits (Prev, Next): (CMBitMap*) 0x000002225298e300, (CMBitMap*) 0x000002225298e2c8
 Prev Bits: [0x0000022268040000, 0x000002226a040000)
 Next Bits: [0x0000022266040000, 0x0000022268040000)

Polling page: 0x0000022250810000

Metaspace:

Usage:
  Non-class:     91.52 MB capacity,    89.86 MB ( 98%) used,     1.33 MB (  1%) free+waste,   341.06 KB ( <1%) overhead. 
      Class:     14.75 MB capacity,    13.71 MB ( 93%) used,   911.62 KB (  6%) free+waste,   157.56 KB (  1%) overhead. 
       Both:    106.27 MB capacity,   103.56 MB ( 97%) used,     2.22 MB (  2%) free+waste,   498.63 KB ( <1%) overhead. 

Virtual space:
  Non-class space:       94.00 MB reserved,      91.88 MB ( 98%) committed 
      Class space:        1.00 GB reserved,      14.82 MB (  1%) committed 
             Both:        1.09 GB reserved,     106.70 MB ( 10%) committed 

Chunk freelists:
   Non-Class:  276.00 KB
       Class:  64.00 KB
        Both:  340.00 KB

MaxMetaspaceSize: 17179869184.00 GB
CompressedClassSpaceSize: 1.00 GB

CodeHeap 'non-profiled nmethods': size=120064Kb used=7187Kb max_used=7187Kb free=112877Kb
 bounds [0x000002225df00000, 0x000002225e610000, 0x0000022265440000]
CodeHeap 'profiled nmethods': size=120000Kb used=26703Kb max_used=26703Kb free=93296Kb
 bounds [0x00000222569d0000, 0x00000222583f0000, 0x000002225df00000]
CodeHeap 'non-nmethods': size=5696Kb used=2329Kb max_used=2372Kb free=3366Kb
 bounds [0x0000022256440000, 0x00000222566b0000, 0x00000222569d0000]
 total_blobs=13178 nmethods=12231 adapters=858
 compilation: enabled
              stopped_count=0, restarted_count=0
 full_count=0

Compilation events (20 events):
Event: 44.839 Thread 0x000002226c550000 12372       2       com.android.zipflinger.ZipMap::parseCentralDirectoryRecord (533 bytes)
Event: 44.844 Thread 0x000002226c550000 nmethod 12372 0x00000222583de190 code [0x00000222583de5c0, 0x00000222583dfb38]
Event: 44.844 Thread 0x000002226c550000 12374       2       com.android.zipflinger.Entry::setNameBytes (16 bytes)
Event: 44.845 Thread 0x000002226c550000 nmethod 12374 0x00000222583e0810 code [0x00000222583e09e0, 0x00000222583e0bc8]
Event: 44.845 Thread 0x000002226c550000 12376       2       com.android.zipflinger.ZipMap::readLocalFields (96 bytes)
Event: 44.846 Thread 0x000002226c550000 nmethod 12376 0x00000222583e0d10 code [0x00000222583e0f80, 0x00000222583e1558]
Event: 44.846 Thread 0x000002226c550000 12377       2       com.android.zipflinger.ZipMap::checkPolicy (99 bytes)
Event: 44.847 Thread 0x000002226c550000 nmethod 12377 0x00000222583e1890 code [0x00000222583e1b00, 0x00000222583e23e8]
Event: 44.848 Thread 0x000002226c550000 12378       1       com.android.zipflinger.Entry::getCdLocation (5 bytes)
Event: 44.848 Thread 0x000002226c550000 nmethod 12378 0x000002225e604290 code [0x000002225e604440, 0x000002225e6044f8]
Event: 44.848 Thread 0x000002226c550000 12379       2       com.android.zipflinger.Location::size (12 bytes)
Event: 44.848 Thread 0x000002226c550000 nmethod 12379 0x00000222583e2810 code [0x00000222583e29c0, 0x00000222583e2ad8]
Event: 44.851 Thread 0x000002226c550000 12380       2       java.lang.Math::toIntExact (21 bytes)
Event: 44.852 Thread 0x000002226c550000 nmethod 12380 0x00000222583e2b90 code [0x00000222583e2d40, 0x00000222583e2ec8]
Event: 44.852 Thread 0x000002226c550000 12382       2       com.android.zipflinger.Location::compareTo (13 bytes)
Event: 44.852 Thread 0x000002226c550000 nmethod 12382 0x00000222583e2f90 code [0x00000222583e3160, 0x00000222583e3328]
Event: 44.852 Thread 0x000002226c550000 12381       2       com.android.zipflinger.Location::compareTo (9 bytes)
Event: 44.852 Thread 0x000002226c550000 nmethod 12381 0x00000222583e3410 code [0x00000222583e35e0, 0x00000222583e37e8]
Event: 44.873 Thread 0x000002226c550000 12383       2       java.security.ProtectionDomain$Key::<init> (10 bytes)
Event: 44.873 Thread 0x000002226c550000 nmethod 12383 0x00000222583e3910 code [0x00000222583e3ac0, 0x00000222583e3bf8]

GC Heap History (20 events):
Event: 18.113 GC heap before
{Heap before GC invocations=12 (full 0):
 garbage-first heap   total 157696K, used 68021K [0x0000000080000000, 0x0000000100000000)
  region size 1024K, 36 young (36864K), 11 survivors (11264K)
 Metaspace       used 58262K, capacity 59736K, committed 59900K, reserved 1101824K
  class space    used 7401K, capacity 7940K, committed 8064K, reserved 1048576K
}
Event: 18.152 GC heap after
{Heap after GC invocations=13 (full 0):
 garbage-first heap   total 189440K, used 46531K [0x0000000080000000, 0x0000000100000000)
  region size 1024K, 3 young (3072K), 3 survivors (3072K)
 Metaspace       used 58262K, capacity 59736K, committed 59900K, reserved 1101824K
  class space    used 7401K, capacity 7940K, committed 8064K, reserved 1048576K
}
Event: 20.004 GC heap before
{Heap before GC invocations=14 (full 0):
 garbage-first heap   total 189440K, used 112067K [0x0000000080000000, 0x0000000100000000)
  region size 1024K, 67 young (68608K), 3 survivors (3072K)
 Metaspace       used 63292K, capacity 64896K, committed 65160K, reserved 1105920K
  class space    used 8056K, capacity 8643K, committed 8780K, reserved 1048576K
}
Event: 20.034 GC heap after
{Heap after GC invocations=15 (full 0):
 garbage-first heap   total 189440K, used 51364K [0x0000000080000000, 0x0000000100000000)
  region size 1024K, 8 young (8192K), 8 survivors (8192K)
 Metaspace       used 63292K, capacity 64896K, committed 65160K, reserved 1105920K
  class space    used 8056K, capacity 8643K, committed 8780K, reserved 1048576K
}
Event: 21.941 GC heap before
{Heap before GC invocations=16 (full 0):
 garbage-first heap   total 189440K, used 118948K [0x0000000080000000, 0x0000000100000000)
  region size 1024K, 74 young (75776K), 8 survivors (8192K)
 Metaspace       used 69329K, capacity 71007K, committed 71176K, reserved 1112064K
  class space    used 8993K, capacity 9620K, committed 9676K, reserved 1048576K
}
Event: 21.971 GC heap after
{Heap after GC invocations=17 (full 0):
 garbage-first heap   total 189440K, used 56186K [0x0000000080000000, 0x0000000100000000)
  region size 1024K, 5 young (5120K), 5 survivors (5120K)
 Metaspace       used 69329K, capacity 71007K, committed 71176K, reserved 1112064K
  class space    used 8993K, capacity 9620K, committed 9676K, reserved 1048576K
}
Event: 23.967 GC heap before
{Heap before GC invocations=17 (full 0):
 garbage-first heap   total 189440K, used 125818K [0x0000000080000000, 0x0000000100000000)
  region size 1024K, 73 young (74752K), 5 survivors (5120K)
 Metaspace       used 76575K, capacity 78447K, committed 78728K, reserved 1118208K
  class space    used 10016K, capacity 10710K, committed 10828K, reserved 1048576K
}
Event: 23.990 GC heap after
{Heap after GC invocations=18 (full 0):
 garbage-first heap   total 189440K, used 60054K [0x0000000080000000, 0x0000000100000000)
  region size 1024K, 9 young (9216K), 9 survivors (9216K)
 Metaspace       used 76575K, capacity 78447K, committed 78728K, reserved 1118208K
  class space    used 10016K, capacity 10710K, committed 10828K, reserved 1048576K
}
Event: 26.061 GC heap before
{Heap before GC invocations=18 (full 0):
 garbage-first heap   total 189440K, used 130710K [0x0000000080000000, 0x0000000100000000)
  region size 1024K, 79 young (80896K), 9 survivors (9216K)
 Metaspace       used 78736K, capacity 80778K, committed 81032K, reserved 1120256K
  class space    used 10291K, capacity 11034K, committed 11084K, reserved 1048576K
}
Event: 26.097 GC heap after
{Heap after GC invocations=19 (full 0):
 garbage-first heap   total 189440K, used 65319K [0x0000000080000000, 0x0000000100000000)
  region size 1024K, 10 young (10240K), 10 survivors (10240K)
 Metaspace       used 78736K, capacity 80778K, committed 81032K, reserved 1120256K
  class space    used 10291K, capacity 11034K, committed 11084K, reserved 1048576K
}
Event: 28.189 GC heap before
{Heap before GC invocations=19 (full 0):
 garbage-first heap   total 189440K, used 135975K [0x0000000080000000, 0x0000000100000000)
  region size 1024K, 80 young (81920K), 10 survivors (10240K)
 Metaspace       used 79695K, capacity 81708K, committed 81928K, reserved 1120256K
  class space    used 10349K, capacity 11122K, committed 11212K, reserved 1048576K
}
Event: 28.226 GC heap after
{Heap after GC invocations=20 (full 0):
 garbage-first heap   total 227328K, used 69985K [0x0000000080000000, 0x0000000100000000)
  region size 1024K, 10 young (10240K), 10 survivors (10240K)
 Metaspace       used 79695K, capacity 81708K, committed 81928K, reserved 1120256K
  class space    used 10349K, capacity 11122K, committed 11212K, reserved 1048576K
}
Event: 35.150 GC heap before
{Heap before GC invocations=20 (full 0):
 garbage-first heap   total 227328K, used 162145K [0x0000000080000000, 0x0000000100000000)
  region size 1024K, 99 young (101376K), 10 survivors (10240K)
 Metaspace       used 88191K, capacity 90541K, committed 90760K, reserved 1128448K
  class space    used 11393K, capacity 12257K, committed 12364K, reserved 1048576K
}
Event: 35.239 GC heap after
{Heap after GC invocations=21 (full 0):
 garbage-first heap   total 227328K, used 86016K [0x0000000080000000, 0x0000000100000000)
  region size 1024K, 13 young (13312K), 13 survivors (13312K)
 Metaspace       used 88191K, capacity 90541K, committed 90760K, reserved 1128448K
  class space    used 11393K, capacity 12257K, committed 12364K, reserved 1048576K
}
Event: 39.649 GC heap before
{Heap before GC invocations=21 (full 0):
 garbage-first heap   total 227328K, used 166912K [0x0000000080000000, 0x0000000100000000)
  region size 1024K, 93 young (95232K), 13 survivors (13312K)
 Metaspace       used 91539K, capacity 93928K, committed 94216K, reserved 1130496K
  class space    used 11751K, capacity 12663K, committed 12748K, reserved 1048576K
}
Event: 39.725 GC heap after
{Heap after GC invocations=22 (full 0):
 garbage-first heap   total 227328K, used 91136K [0x0000000080000000, 0x0000000100000000)
  region size 1024K, 8 young (8192K), 8 survivors (8192K)
 Metaspace       used 91539K, capacity 93928K, committed 94216K, reserved 1130496K
  class space    used 11751K, capacity 12663K, committed 12748K, reserved 1048576K
}
Event: 42.431 GC heap before
{Heap before GC invocations=22 (full 0):
 garbage-first heap   total 227328K, used 169984K [0x0000000080000000, 0x0000000100000000)
  region size 1024K, 86 young (88064K), 8 survivors (8192K)
 Metaspace       used 101714K, capacity 104518K, committed 104584K, reserved 1140736K
  class space    used 13318K, capacity 14387K, committed 14412K, reserved 1048576K
}
Event: 42.465 GC heap after
{Heap after GC invocations=23 (full 0):
 garbage-first heap   total 227328K, used 94643K [0x0000000080000000, 0x0000000100000000)
  region size 1024K, 4 young (4096K), 4 survivors (4096K)
 Metaspace       used 101714K, capacity 104518K, committed 104584K, reserved 1140736K
  class space    used 13318K, capacity 14387K, committed 14412K, reserved 1048576K
}
Event: 43.959 GC heap before
{Heap before GC invocations=23 (full 0):
 garbage-first heap   total 227328K, used 136627K [0x0000000080000000, 0x0000000100000000)
  region size 1024K, 47 young (48128K), 4 survivors (4096K)
 Metaspace       used 105521K, capacity 108463K, committed 108600K, reserved 1142784K
  class space    used 13971K, capacity 15106K, committed 15180K, reserved 1048576K
}
Event: 43.978 GC heap after
{Heap after GC invocations=24 (full 0):
 garbage-first heap   total 227328K, used 95102K [0x0000000080000000, 0x0000000100000000)
  region size 1024K, 5 young (5120K), 5 survivors (5120K)
 Metaspace       used 105521K, capacity 108463K, committed 108600K, reserved 1142784K
  class space    used 13971K, capacity 15106K, committed 15180K, reserved 1048576K
}

Deoptimization events (20 events):
Event: 44.721 Thread 0x000002226f62a000 DEOPT PACKING pc=0x000002225e049818 sp=0x0000006ae73fd990
Event: 44.721 Thread 0x000002226f62a000 DEOPT UNPACKING pc=0x00000222564678af sp=0x0000006ae73fd908 mode 2
Event: 44.722 Thread 0x000002226f62a000 Uncommon trap: trap_request=0xffffff4d fr.pc=0x000002225e32bf5c relative=0x00000000000007dc
Event: 44.722 Thread 0x000002226f62a000 Uncommon trap: reason=unstable_if action=reinterpret pc=0x000002225e32bf5c method=java.io.BufferedInputStream.read([BII)I @ 31 c2
Event: 44.722 Thread 0x000002226f62a000 DEOPT PACKING pc=0x000002225e32bf5c sp=0x0000006ae73fd740
Event: 44.722 Thread 0x000002226f62a000 DEOPT UNPACKING pc=0x00000222564678af sp=0x0000006ae73fd718 mode 2
Event: 44.722 Thread 0x000002226f62a000 Uncommon trap: trap_request=0xffffffde fr.pc=0x000002225e049818 relative=0x0000000000000ef8
Event: 44.722 Thread 0x000002226f62a000 Uncommon trap: reason=class_check action=maybe_recompile pc=0x000002225e049818 method=java.io.DataInputStream.readUnsignedShort()I @ 4 c2
Event: 44.722 Thread 0x000002226f62a000 DEOPT PACKING pc=0x000002225e049818 sp=0x0000006ae73fd990
Event: 44.722 Thread 0x000002226f62a000 DEOPT UNPACKING pc=0x00000222564678af sp=0x0000006ae73fd908 mode 2
Event: 44.765 Thread 0x000002226f62a000 DEOPT PACKING pc=0x0000022256f71011 sp=0x0000006ae73fd960
Event: 44.765 Thread 0x000002226f62a000 DEOPT UNPACKING pc=0x00000222564676ce sp=0x0000006ae73fce40 mode 0
Event: 44.821 Thread 0x000002226f62a000 Uncommon trap: trap_request=0xffffff4d fr.pc=0x000002225e45dee4 relative=0x0000000000000f04
Event: 44.821 Thread 0x000002226f62a000 Uncommon trap: reason=unstable_if action=reinterpret pc=0x000002225e45dee4 method=sun.nio.ch.IOUtil.readIntoNativeBuffer(Ljava/io/FileDescriptor;Ljava/nio/ByteBuffer;JZILsun/nio/ch/NativeDispatcher;)I @ 86 c2
Event: 44.821 Thread 0x000002226f62a000 DEOPT PACKING pc=0x000002225e45dee4 sp=0x0000006ae73fd630
Event: 44.821 Thread 0x000002226f62a000 DEOPT UNPACKING pc=0x00000222564678af sp=0x0000006ae73fd568 mode 2
Event: 44.823 Thread 0x000002226f62a000 Uncommon trap: trap_request=0xffffff4d fr.pc=0x000002225e466d5c relative=0x000000000000019c
Event: 44.823 Thread 0x000002226f62a000 Uncommon trap: reason=unstable_if action=reinterpret pc=0x000002225e466d5c method=sun.nio.ch.IOUtil.readIntoNativeBuffer(Ljava/io/FileDescriptor;Ljava/nio/ByteBuffer;JZILsun/nio/ch/NativeDispatcher;)I @ 86 c2
Event: 44.823 Thread 0x000002226f62a000 DEOPT PACKING pc=0x000002225e466d5c sp=0x0000006ae73fd5e0
Event: 44.823 Thread 0x000002226f62a000 DEOPT UNPACKING pc=0x00000222564678af sp=0x0000006ae73fd580 mode 2

Classes redefined (0 events):
No events

Internal exceptions (20 events):
Event: 41.123 Thread 0x000002226f62c000 Exception <a 'java/lang/NoSuchMethodError'{0x000000008aebb048}: 'java.lang.Object java.lang.invoke.DirectMethodHandle$Holder.invokeStatic(java.lang.Object, int, java.lang.Object, java.lang.Object)'> (0x000000008aebb048) thrown at [./src/hotspot/share/interpreter/linkResolver.cpp, line 773]
Event: 41.179 Thread 0x000002226f62c000 Exception <a 'java/lang/NoSuchMethodError'{0x000000008ade78d8}: 'java.lang.Object java.lang.invoke.Invokers$Holder.linkToTargetMethod(java.lang.Object, java.lang.Object, java.lang.Object, java.lang.Object, java.lang.Object, java.lang.Object, java.lang.Object)'> (0x000000008ade78d8) thrown at [./src/hotspot/share/interpreter/linkResolver.cpp, line 773]
Event: 41.267 Thread 0x000002226f62c000 Exception <a 'java/lang/NoSuchMethodError'{0x000000008aa17138}: 'java.lang.Object java.lang.invoke.DirectMethodHandle$Holder.invokeVirtual(java.lang.Object, java.lang.Object, int, java.lang.Object)'> (0x000000008aa17138) thrown at [./src/hotspot/share/interpreter/linkResolver.cpp, line 773]
Event: 41.273 Thread 0x000002226f62c000 Exception <a 'java/lang/IncompatibleClassChangeError'{0x000000008aa30a38}: Found class java.lang.Object, but interface was expected> (0x000000008aa30a38) thrown at [./src/hotspot/share/interpreter/linkResolver.cpp, line 839]
Event: 41.274 Thread 0x000002226f62c000 Exception <a 'java/lang/IncompatibleClassChangeError'{0x000000008aa39aa0}: Found class java.lang.Object, but interface was expected> (0x000000008aa39aa0) thrown at [./src/hotspot/share/interpreter/linkResolver.cpp, line 839]
Event: 41.335 Thread 0x000002226f62c000 Exception <a 'java/lang/NoSuchMethodError'{0x000000008a9516d0}: 'void java.lang.invoke.DirectMethodHandle$Holder.invokeVirtual(java.lang.Object, java.lang.Object, int, java.lang.Object)'> (0x000000008a9516d0) thrown at [./src/hotspot/share/interpreter/linkResolver.cpp, line 773]
Event: 41.463 Thread 0x000002226f62c000 Exception <a 'java/lang/NoSuchMethodError'{0x000000008a7cf3e8}: 'java.lang.Object java.lang.invoke.DirectMethodHandle$Holder.newInvokeSpecial(java.lang.Object, int)'> (0x000000008a7cf3e8) thrown at [./src/hotspot/share/interpreter/linkResolver.cpp, line 773]
Event: 41.780 Thread 0x000002226f62c000 Exception <a 'java/lang/NoSuchMethodError'{0x000000008a3c8ce8}: 'void java.lang.invoke.DirectMethodHandle$Holder.invokeSpecial(java.lang.Object, java.lang.Object, int, java.lang.Object, java.lang.Object, java.lang.Object, java.lang.Object)'> (0x000000008a3c8ce8) thrown at [./src/hotspot/share/interpreter/linkResolver.cpp, line 773]
Event: 41.782 Thread 0x000002226f62c000 Exception <a 'java/lang/NoSuchMethodError'{0x000000008a3d43e0}: 'java.lang.Object java.lang.invoke.Invokers$Holder.linkToTargetMethod(java.lang.Object, int, java.lang.Object, java.lang.Object, java.lang.Object, java.lang.Object)'> (0x000000008a3d43e0) thrown at [./src/hotspot/share/interpreter/linkResolver.cpp, line 773]
Event: 41.783 Thread 0x000002226f62c000 Exception <a 'java/lang/NoSuchMethodError'{0x000000008a3d7e98}: 'void java.lang.invoke.DirectMethodHandle$Holder.invokeSpecial(java.lang.Object, java.lang.Object, java.lang.Object, java.lang.Object, java.lang.Object, java.lang.Object, java.lang.Object, java.lang.Object, java.lang.Object)'> (0x000000008a3d7e98) thrown at [./src/hotspot/share/interpreter/linkResolver.cpp, line 773]
Event: 41.787 Thread 0x000002226f62c000 Exception <a 'java/lang/NoSuchMethodError'{0x000000008a3ef838}: 'void java.lang.invoke.DirectMethodHandle$Holder.invokeStatic(java.lang.Object, java.lang.Object, java.lang.Object, java.lang.Object, java.lang.Object, java.lang.Object, java.lang.Object, java.lang.Object)'> (0x000000008a3ef838) thrown at [./src/hotspot/share/interpreter/linkResolver.cpp, line 773]
Event: 41.910 Thread 0x000002226f62c000 Exception <a 'java/lang/NoSuchMethodError'{0x000000008a08ac58}: 'void java.lang.invoke.DirectMethodHandle$Holder.invokeVirtual(java.lang.Object, java.lang.Object, int)'> (0x000000008a08ac58) thrown at [./src/hotspot/share/interpreter/linkResolver.cpp, line 773]
Event: 41.941 Thread 0x000002226f62c000 Exception <a 'sun/nio/fs/WindowsException'{0x0000000089f0e658}> (0x0000000089f0e658) thrown at [./src/hotspot/share/prims/jni.cpp, line 615]
Event: 42.018 Thread 0x000002226f627000 Exception <a 'java/lang/NoSuchMethodError'{0x0000000089e2e898}: <clinit>> (0x0000000089e2e898) thrown at [./src/hotspot/share/prims/jni.cpp, line 1362]
Event: 42.266 Thread 0x000002226f62e800 Exception <a 'sun/nio/fs/WindowsException'{0x000000008950aff0}> (0x000000008950aff0) thrown at [./src/hotspot/share/prims/jni.cpp, line 615]
Event: 42.709 Thread 0x000002226f62e800 Exception <a 'java/lang/IncompatibleClassChangeError'{0x000000008da640f8}: Found class java.lang.Object, but interface was expected> (0x000000008da640f8) thrown at [./src/hotspot/share/interpreter/linkResolver.cpp, line 839]
Event: 42.954 Thread 0x000002226f62e800 Exception <a 'java/lang/IncompatibleClassChangeError'{0x000000008d9605b8}: Found class java.lang.Object, but interface was expected> (0x000000008d9605b8) thrown at [./src/hotspot/share/interpreter/linkResolver.cpp, line 839]
Event: 43.007 Thread 0x000002226f62e800 Exception <a 'sun/nio/fs/WindowsException'{0x000000008d9e0400}> (0x000000008d9e0400) thrown at [./src/hotspot/share/prims/jni.cpp, line 615]
Event: 44.531 Thread 0x000002226f628800 Exception <a 'java/lang/NoSuchMethodError'{0x000000008d090a70}: <clinit>> (0x000000008d090a70) thrown at [./src/hotspot/share/prims/jni.cpp, line 1362]
Event: 44.532 Thread 0x000002226f628800 Exception <a 'java/lang/NoSuchMethodError'{0x000000008d0a3338}: <clinit>> (0x000000008d0a3338) thrown at [./src/hotspot/share/prims/jni.cpp, line 1362]

Events (20 events):
Event: 44.884 loading class com/google/common/collect/HashBiMap$1
Event: 44.884 loading class com/google/common/collect/HashBiMap$1 done
Event: 44.885 loading class com/google/common/collect/HashBiMap$Itr
Event: 44.885 loading class com/google/common/collect/HashBiMap$Itr done
Event: 44.885 Executing VM operation: RevokeBias
Event: 44.911 Executing VM operation: RevokeBias done
Event: 44.911 loading class com/android/zipflinger/LocalFileHeader
Event: 44.911 loading class com/android/zipflinger/LocalFileHeader done
Event: 44.912 loading class com/google/common/collect/HashBiMap$1$MapEntry
Event: 44.912 loading class com/google/common/collect/HashBiMap$1$MapEntry done
Event: 44.913 loading class com/android/zipflinger/CentralDirectoryRecord
Event: 44.913 loading class com/android/zipflinger/CentralDirectoryRecord done
Event: 44.915 Executing VM operation: RevokeBias
Event: 44.915 Executing VM operation: RevokeBias done
Event: 44.919 loading class com/android/zipflinger/Zip64
Event: 44.919 loading class com/android/zipflinger/Zip64 done
Event: 44.922 Executing VM operation: RevokeBias
Event: 44.922 Executing VM operation: RevokeBias done
Event: 44.923 loading class com/android/apksig/util/DataSources
Event: 44.923 loading class com/android/apksig/util/DataSources done


Dynamic libraries:
0x00007ff6eaa30000 - 0x00007ff6eaa3a000 	C:\Program Files\Android\Android Studio\jre\bin\java.exe
0x00007ff9e6230000 - 0x00007ff9e6425000 	C:\WINDOWS\SYSTEM32\ntdll.dll
0x00007ff9e50f0000 - 0x00007ff9e51ad000 	C:\WINDOWS\System32\KERNEL32.DLL
0x00007ff9e3f60000 - 0x00007ff9e4229000 	C:\WINDOWS\System32\KERNELBASE.dll
0x00007ff9e3e60000 - 0x00007ff9e3f60000 	C:\WINDOWS\System32\ucrtbase.dll
0x00007ff9d6140000 - 0x00007ff9d6157000 	C:\Program Files\Android\Android Studio\jre\bin\VCRUNTIME140.dll
0x00007ff9d6030000 - 0x00007ff9d6049000 	C:\Program Files\Android\Android Studio\jre\bin\jli.dll
0x00007ff9e4a20000 - 0x00007ff9e4bc0000 	C:\WINDOWS\System32\USER32.dll
0x00007ff9d7170000 - 0x00007ff9d740a000 	C:\WINDOWS\WinSxS\amd64_microsoft.windows.common-controls_6595b64144ccf1df_6.0.19041.1110_none_60b5254171f9507e\COMCTL32.dll
0x00007ff9e4920000 - 0x00007ff9e49be000 	C:\WINDOWS\System32\msvcrt.dll
0x00007ff9e3e30000 - 0x00007ff9e3e52000 	C:\WINDOWS\System32\win32u.dll
0x00007ff9e5f80000 - 0x00007ff9e5faa000 	C:\WINDOWS\System32\GDI32.dll
0x00007ff9e39b0000 - 0x00007ff9e3abb000 	C:\WINDOWS\System32\gdi32full.dll
0x00007ff9e3d90000 - 0x00007ff9e3e2d000 	C:\WINDOWS\System32\msvcp_win.dll
0x00007ff9e48f0000 - 0x00007ff9e4920000 	C:\WINDOWS\System32\IMM32.DLL
0x00007ff9bd2c0000 - 0x00007ff9bd35d000 	C:\Program Files\Android\Android Studio\jre\bin\msvcp140.dll
0x00007ff987c00000 - 0x00007ff9886cf000 	C:\Program Files\Android\Android Studio\jre\bin\server\jvm.dll
0x00007ff9e4290000 - 0x00007ff9e433c000 	C:\WINDOWS\System32\ADVAPI32.dll
0x00007ff9e44f0000 - 0x00007ff9e458b000 	C:\WINDOWS\System32\sechost.dll
0x00007ff9e51b0000 - 0x00007ff9e52da000 	C:\WINDOWS\System32\RPCRT4.dll
0x00007ff9e5070000 - 0x00007ff9e5078000 	C:\WINDOWS\System32\PSAPI.DLL
0x00007ff9d74e0000 - 0x00007ff9d7507000 	C:\WINDOWS\SYSTEM32\WINMM.dll
0x00007ff9d87c0000 - 0x00007ff9d87c9000 	C:\WINDOWS\SYSTEM32\WSOCK32.dll
0x00007ff9d6c10000 - 0x00007ff9d6c1a000 	C:\WINDOWS\SYSTEM32\VERSION.dll
0x00007ff9e5080000 - 0x00007ff9e50eb000 	C:\WINDOWS\System32\WS2_32.dll
0x00007ff9e1870000 - 0x00007ff9e1882000 	C:\WINDOWS\SYSTEM32\kernel.appcore.dll
0x00007ff997120000 - 0x00007ff997131000 	C:\Program Files\Android\Android Studio\jre\bin\verify.dll
0x00007ff9d29c0000 - 0x00007ff9d2ba4000 	C:\WINDOWS\SYSTEM32\DBGHELP.DLL
0x00007ff9d2990000 - 0x00007ff9d29bc000 	C:\WINDOWS\SYSTEM32\dbgcore.DLL
0x00007ff9e3ac0000 - 0x00007ff9e3b43000 	C:\WINDOWS\System32\bcryptPrimitives.dll
0x00007ff996ff0000 - 0x00007ff997019000 	C:\Program Files\Android\Android Studio\jre\bin\java.dll
0x00007ff9c9d90000 - 0x00007ff9c9d9b000 	C:\Program Files\Android\Android Studio\jre\bin\jimage.dll
0x00007ff9970d0000 - 0x00007ff9970e8000 	C:\Program Files\Android\Android Studio\jre\bin\zip.dll
0x00007ff9e53c0000 - 0x00007ff9e5aff000 	C:\WINDOWS\System32\SHELL32.dll
0x00007ff9e1a70000 - 0x00007ff9e2200000 	C:\WINDOWS\SYSTEM32\windows.storage.dll
0x00007ff9e4590000 - 0x00007ff9e48e5000 	C:\WINDOWS\System32\combase.dll
0x00007ff9e33c0000 - 0x00007ff9e33ec000 	C:\WINDOWS\SYSTEM32\Wldp.dll
0x00007ff9e4e60000 - 0x00007ff9e4f0e000 	C:\WINDOWS\System32\SHCORE.dll
0x00007ff9e49c0000 - 0x00007ff9e4a15000 	C:\WINDOWS\System32\shlwapi.dll
0x00007ff9e38a0000 - 0x00007ff9e38bf000 	C:\WINDOWS\SYSTEM32\profapi.dll
0x00007ff9944c0000 - 0x00007ff9944da000 	C:\Program Files\Android\Android Studio\jre\bin\net.dll
0x00007ff9d8b30000 - 0x00007ff9d8c38000 	C:\WINDOWS\SYSTEM32\WINHTTP.dll
0x00007ff9e3120000 - 0x00007ff9e318a000 	C:\WINDOWS\system32\mswsock.dll
0x00007ff9944a0000 - 0x00007ff9944b4000 	C:\Program Files\Android\Android Studio\jre\bin\nio.dll
0x00007ff9bd0f0000 - 0x00007ff9bd117000 	C:\Users\ahmed\.gradle\native\8bec1ad78214c89d9ad589b4d07fe93259594b29d510b10fafb7a158f7737e5d\windows-amd64\native-platform.dll
0x00007ff986cd0000 - 0x00007ff986e0d000 	C:\Users\ahmed\.gradle\native\53dbd7edfb1c66fb8903c78663c9afc45aea4f116125fa6feffd364cf09443e8\windows-amd64\native-platform-file-events.dll
0x00007ff9c9830000 - 0x00007ff9c983a000 	C:\Program Files\Android\Android Studio\jre\bin\management.dll
0x00007ff9c8bc0000 - 0x00007ff9c8bcc000 	C:\Program Files\Android\Android Studio\jre\bin\management_ext.dll
0x00007ff9e3320000 - 0x00007ff9e3338000 	C:\WINDOWS\SYSTEM32\CRYPTSP.dll
0x00007ff9e2a30000 - 0x00007ff9e2a64000 	C:\WINDOWS\system32\rsaenh.dll
0x00007ff9e3b50000 - 0x00007ff9e3b77000 	C:\WINDOWS\System32\bcrypt.dll
0x00007ff9e3820000 - 0x00007ff9e384e000 	C:\WINDOWS\SYSTEM32\USERENV.dll
0x00007ff9e3310000 - 0x00007ff9e331c000 	C:\WINDOWS\SYSTEM32\CRYPTBASE.dll
0x00007ff9e2dc0000 - 0x00007ff9e2dfb000 	C:\WINDOWS\SYSTEM32\IPHLPAPI.DLL
0x00007ff9e6180000 - 0x00007ff9e6188000 	C:\WINDOWS\System32\NSI.dll
0x00007ff9dd700000 - 0x00007ff9dd717000 	C:\WINDOWS\SYSTEM32\dhcpcsvc6.DLL
0x00007ff9dd6e0000 - 0x00007ff9dd6fd000 	C:\WINDOWS\SYSTEM32\dhcpcsvc.DLL
0x00007ff9e2e00000 - 0x00007ff9e2ecc000 	C:\WINDOWS\SYSTEM32\DNSAPI.dll

dbghelp: loaded successfully - version: 4.0.5 - missing functions: none
symbol engine: initialized successfully - sym options: 0x614 - pdb path: .;C:\Program Files\Android\Android Studio\jre\bin;C:\WINDOWS\SYSTEM32;C:\WINDOWS\WinSxS\amd64_microsoft.windows.common-controls_6595b64144ccf1df_6.0.19041.1110_none_60b5254171f9507e;C:\Program Files\Android\Android Studio\jre\bin\server;C:\Users\ahmed\.gradle\native\8bec1ad78214c89d9ad589b4d07fe93259594b29d510b10fafb7a158f7737e5d\windows-amd64;C:\Users\ahmed\.gradle\native\53dbd7edfb1c66fb8903c78663c9afc45aea4f116125fa6feffd364cf09443e8\windows-amd64

VM Arguments:
jvm_args: --add-opens=java.base/java.util=ALL-UNNAMED --add-opens=java.base/java.lang=ALL-UNNAMED --add-opens=java.base/java.lang.invoke=ALL-UNNAMED --add-opens=java.base/java.util=ALL-UNNAMED --add-opens=java.prefs/java.util.prefs=ALL-UNNAMED --add-opens=java.prefs/java.util.prefs=ALL-UNNAMED --add-opens=java.base/java.nio.charset=ALL-UNNAMED --add-opens=java.base/java.net=ALL-UNNAMED --add-opens=java.base/java.util.concurrent.atomic=ALL-UNNAMED -Xmx2048m -Dfile.encoding=UTF-8 -Duser.country=US -Duser.language=en -Duser.variant 
java_command: org.gradle.launcher.daemon.bootstrap.GradleDaemon 7.0.2
java_class_path (initial): C:\Users\ahmed\.gradle\wrapper\dists\gradle-7.0.2-bin\857tjihv64xamwrf0h14cai3r\gradle-7.0.2\lib\gradle-launcher-7.0.2.jar
Launcher Type: SUN_STANDARD

[Global flags]
     intx CICompilerCount                          = 3                                         {product} {ergonomic}
     uint ConcGCThreads                            = 1                                         {product} {ergonomic}
     uint G1ConcRefinementThreads                  = 4                                         {product} {ergonomic}
   size_t G1HeapRegionSize                         = 1048576                                   {product} {ergonomic}
    uintx GCDrainStackTargetSize                   = 64                                        {product} {ergonomic}
   size_t InitialHeapSize                          = 134217728                                 {product} {ergonomic}
   size_t MarkStackSize                            = 4194304                                   {product} {ergonomic}
   size_t MaxHeapSize                              = 2147483648                                {product} {command line}
   size_t MaxNewSize                               = 1287651328                                {product} {ergonomic}
   size_t MinHeapDeltaBytes                        = 1048576                                   {product} {ergonomic}
    uintx NonNMethodCodeHeapSize                   = 5830732                                {pd product} {ergonomic}
    uintx NonProfiledCodeHeapSize                  = 122913754                              {pd product} {ergonomic}
    uintx ProfiledCodeHeapSize                     = 122913754                              {pd product} {ergonomic}
    uintx ReservedCodeCacheSize                    = 251658240                              {pd product} {ergonomic}
     bool SegmentedCodeCache                       = true                                      {product} {ergonomic}
     bool UseCompressedClassPointers               = true                                 {lp64_product} {ergonomic}
     bool UseCompressedOops                        = true                                 {lp64_product} {ergonomic}
     bool UseG1GC                                  = true                                      {product} {ergonomic}
     bool UseLargePagesIndividualAllocation        = false                                  {pd product} {ergonomic}

Logging:
Log output configuration:
 #0: stdout all=warning uptime,level,tags
 #1: stderr all=off uptime,level,tags

Environment Variables:
PATH=C:\Program Files\Common Files\Oracle\Java\javapath;C:\WINDOWS\system32;C:\WINDOWS;C:\WINDOWS\System32\Wbem;C:\WINDOWS\System32\WindowsPowerShell\v1.0\;C:\Program Files (x86)\Brackets\command;C:\Program Files\Dart\dart-sdk\bin;C:\Program Files\Git\cmd;C:\src\flutter\bin;;C:\WINDOWS\System32\OpenSSH\;C:\Users\ahmed\AppData\Local\Programs\Python\Python39\Scripts\;C:\Users\ahmed\AppData\Local\Programs\Python\Python39\;C:\Users\ahmed\AppData\Local\Microsoft\WindowsApps;C:\Users\ahmed\AppData\Local\Programs\Microsoft VS Code\bin;C:\Users\ahmed\AppData\Local\atom\bin;C:\Users\ahmed\AppData\Local\Microsoft\WindowsApps;
USERNAME=ahmed
OS=Windows_NT
PROCESSOR_IDENTIFIER=Intel64 Family 6 Model 69 Stepping 1, GenuineIntel



---------------  S Y S T E M  ---------------

OS: Windows 10 , 64 bit Build 19041 (10.0.19041.1151)
OS uptime: 2 days 7:08 hours

CPU:total 4 (initial active 4) (2 cores per cpu, 2 threads per core) family 6 model 69 stepping 1 microcode 0x26, cmov, cx8, fxsr, mmx, sse, sse2, sse3, ssse3, sse4.1, sse4.2, popcnt, avx, avx2, aes, clmul, erms, lzcnt, ht, tsc, tscinvbit, bmi1, bmi2, fma

Memory: 4k page, system-wide physical 8128M (1042M free)
TotalPageFile size 23425M (AvailPageFile size 0M)
current process WorkingSet (physical memory assigned to process): 521M, peak: 521M
current process commit charge ("private bytes"): 547M, peak: 547M

vm_info: OpenJDK 64-Bit Server VM (11.0.10+0-b96-7249189) for windows-amd64 JRE (11.0.10+0-b96-7249189), built on Mar 31 2021 21:44:00 by "builder" with MS VC++ 14.0 (VS2015)

END.
