#
# There is insufficient memory for the Java Runtime Environment to continue.
# Native memory allocation (malloc) failed to allocate 1867696 bytes for Chunk::new
# Possible reasons:
#   The system is out of physical RAM or swap space
#   The process is running with CompressedOops enabled, and the Java Heap may be blocking the growth of the native heap
# Possible solutions:
#   Reduce memory load on the system
#   Increase physical memory or swap space
#   Check if swap backing store is full
#   Decrease Java heap size (-Xmx/-Xms)
#   Decrease number of Java threads
#   Decrease Java thread stack sizes (-Xss)
#   Set larger code cache with -XX:ReservedCodeCacheSize=
#   JVM is running with Unscaled Compressed Oops mode in which the Java heap is
#     placed in the first 4GB address space. The Java Heap base address is the
#     maximum limit for the native heap growth. Please use -XX:HeapBaseMinAddress
#     to set the Java Heap base and to place the Java Heap above 4GB virtual address.
# This output file may be truncated or incomplete.
#
#  Out of Memory Error (./src/hotspot/share/memory/arena.cpp:197), pid=2412, tid=10192
#
# JRE version: OpenJDK Runtime Environment (11.0.10) (build 11.0.10+0-b96-7249189)
# Java VM: OpenJDK 64-Bit Server VM (11.0.10+0-b96-7249189, mixed mode, tiered, compressed oops, g1 gc, windows-amd64)
# No core dump will be written. Minidumps are not enabled by default on client versions of Windows
#

---------------  S U M M A R Y ------------

Command Line: --add-opens=java.base/java.util=ALL-UNNAMED --add-opens=java.base/java.lang=ALL-UNNAMED --add-opens=java.base/java.lang.invoke=ALL-UNNAMED --add-opens=java.base/java.util=ALL-UNNAMED --add-opens=java.prefs/java.util.prefs=ALL-UNNAMED --add-opens=java.prefs/java.util.prefs=ALL-UNNAMED --add-opens=java.base/java.nio.charset=ALL-UNNAMED --add-opens=java.base/java.net=ALL-UNNAMED --add-opens=java.base/java.util.concurrent.atomic=ALL-UNNAMED -Xmx2048m -Dfile.encoding=UTF-8 -Duser.country=US -Duser.language=en -Duser.variant org.gradle.launcher.daemon.bootstrap.GradleDaemon 7.0.2

Host: Intel(R) Core(TM) i3-4005U CPU @ 1.70GHz, 4 cores, 7G,  Windows 10 , 64 bit Build 19041 (10.0.19041.1151)
Time: Mon Aug 30 03:33:13 2021 West Bank Gaza Daylight Time elapsed time: 17.135778 seconds (0d 0h 0m 17s)

---------------  T H R E A D  ---------------

Current thread (0x000001b86b983800):  JavaThread "C2 CompilerThread1" daemon [_thread_in_native, id=10192, stack(0x00000088d6300000,0x00000088d6400000)]


Current CompileTask:
C2:  17135 5072       4       java.lang.invoke.MethodType::makeImpl (108 bytes)

Stack: [0x00000088d6300000,0x00000088d6400000]
Native frames: (J=compiled Java code, j=interpreted, Vv=VM code, C=native code)
V  [jvm.dll+0x5ecfaa]
V  [jvm.dll+0x722bd5]
V  [jvm.dll+0x72412d]
V  [jvm.dll+0x7247e3]
V  [jvm.dll+0x242928]
V  [jvm.dll+0xbc4fc]
V  [jvm.dll+0xbca0c]
V  [jvm.dll+0x352d3b]
V  [jvm.dll+0x320ad3]
V  [jvm.dll+0x31ffca]
V  [jvm.dll+0x1fb602]
V  [jvm.dll+0x1fa7f4]
V  [jvm.dll+0x18354c]
V  [jvm.dll+0x208ee7]
V  [jvm.dll+0x207731]
V  [jvm.dll+0x6eb1cf]
V  [jvm.dll+0x6e3d45]
V  [jvm.dll+0x5ebe96]
C  [ucrtbase.dll+0x21bb2]
C  [KERNEL32.DLL+0x17034]
C  [ntdll.dll+0x52651]


---------------  P R O C E S S  ---------------

Threads class SMR info:
_java_thread_list=0x000001b86db138e0, length=42, elements={
0x000001b84db21000, 0x000001b8676dc000, 0x000001b867721800, 0x000001b867736800,
0x000001b867739000, 0x000001b86773d800, 0x000001b868043800, 0x000001b86804c800,
0x000001b868051800, 0x000001b8681e6800, 0x000001b86a487800, 0x000001b86ab0d800,
0x000001b86b182800, 0x000001b869b72800, 0x000001b8695c4800, 0x000001b86a5d4000,
0x000001b86a1cf800, 0x000001b86abfd000, 0x000001b86a07a000, 0x000001b86a29c800,
0x000001b86a29e000, 0x000001b86a29b800, 0x000001b86a29d800, 0x000001b86a298800,
0x000001b86a29f000, 0x000001b86a29b000, 0x000001b86a29a000, 0x000001b86a299000,
0x000001b86b977000, 0x000001b86b978000, 0x000001b86b97c000, 0x000001b86b978800,
0x000001b86b979800, 0x000001b86b976800, 0x000001b86b980000, 0x000001b86b97a800,
0x000001b86b981800, 0x000001b86b983800, 0x000001b86b982800, 0x000001b86b985000,
0x000001b86b97f800, 0x000001b86b984000
}

Java Threads: ( => current thread )
  0x000001b84db21000 JavaThread "main" [_thread_blocked, id=8996, stack(0x00000088d4200000,0x00000088d4300000)]
  0x000001b8676dc000 JavaThread "Reference Handler" daemon [_thread_blocked, id=16216, stack(0x00000088d4900000,0x00000088d4a00000)]
  0x000001b867721800 JavaThread "Finalizer" daemon [_thread_blocked, id=12076, stack(0x00000088d4a00000,0x00000088d4b00000)]
  0x000001b867736800 JavaThread "Signal Dispatcher" daemon [_thread_blocked, id=6388, stack(0x00000088d4b00000,0x00000088d4c00000)]
  0x000001b867739000 JavaThread "Attach Listener" daemon [_thread_blocked, id=9244, stack(0x00000088d4c00000,0x00000088d4d00000)]
  0x000001b86773d800 JavaThread "Service Thread" daemon [_thread_blocked, id=7476, stack(0x00000088d4d00000,0x00000088d4e00000)]
  0x000001b868043800 JavaThread "C2 CompilerThread0" daemon [_thread_in_native, id=16008, stack(0x00000088d4e00000,0x00000088d4f00000)]
  0x000001b86804c800 JavaThread "C1 CompilerThread0" daemon [_thread_blocked, id=12856, stack(0x00000088d4f00000,0x00000088d5000000)]
  0x000001b868051800 JavaThread "Sweeper thread" daemon [_thread_blocked, id=7460, stack(0x00000088d5000000,0x00000088d5100000)]
  0x000001b8681e6800 JavaThread "Common-Cleaner" daemon [_thread_blocked, id=8528, stack(0x00000088d5100000,0x00000088d5200000)]
  0x000001b86a487800 JavaThread "Daemon health stats" [_thread_blocked, id=4436, stack(0x00000088d5600000,0x00000088d5700000)]
  0x000001b86ab0d800 JavaThread "Incoming local TCP Connector on port 5896" [_thread_in_native, id=15080, stack(0x00000088d5700000,0x00000088d5800000)]
  0x000001b86b182800 JavaThread "Daemon periodic checks" [_thread_blocked, id=3628, stack(0x00000088d5800000,0x00000088d5900000)]
  0x000001b869b72800 JavaThread "Daemon" [_thread_blocked, id=9408, stack(0x00000088d5900000,0x00000088d5a00000)]
  0x000001b8695c4800 JavaThread "Handler for socket connection from /127.0.0.1:5896 to /127.0.0.1:5897" [_thread_in_native, id=13916, stack(0x00000088d5a00000,0x00000088d5b00000)]
  0x000001b86a5d4000 JavaThread "Cancel handler" [_thread_blocked, id=13448, stack(0x00000088d5b00000,0x00000088d5c00000)]
  0x000001b86a1cf800 JavaThread "Daemon worker" [_thread_in_Java, id=1572, stack(0x00000088d5c00000,0x00000088d5d00000)]
  0x000001b86abfd000 JavaThread "Asynchronous log dispatcher for DefaultDaemonConnection: socket connection from /127.0.0.1:5896 to /127.0.0.1:5897" [_thread_blocked, id=8272, stack(0x00000088d5d00000,0x00000088d5e00000)]
  0x000001b86a07a000 JavaThread "Stdin handler" [_thread_blocked, id=2616, stack(0x00000088d5e00000,0x00000088d5f00000)]
  0x000001b86a29c800 JavaThread "Daemon client event forwarder" [_thread_blocked, id=4000, stack(0x00000088d5f00000,0x00000088d6000000)]
  0x000001b86a29e000 JavaThread "Cache worker for file hash cache (C:\Users\ahmed\.gradle\caches\7.0.2\fileHashes)" [_thread_blocked, id=15956, stack(0x00000088d5300000,0x00000088d5400000)]
  0x000001b86a29b800 JavaThread "File lock request listener" [_thread_in_native, id=10872, stack(0x00000088d6000000,0x00000088d6100000)]
  0x000001b86a29d800 JavaThread "Cache worker for journal cache (C:\Users\ahmed\.gradle\caches\journal-1)" [_thread_blocked, id=6648, stack(0x00000088d6200000,0x00000088d6300000)]
  0x000001b86a298800 JavaThread "Cache worker for file hash cache (D:\Programming\Android\MyApps\VideoPlayer\Project\.gradle\7.0.2\fileHashes)" [_thread_blocked, id=13124, stack(0x00000088d6400000,0x00000088d6500000)]
  0x000001b86a29f000 JavaThread "File watcher server" daemon [_thread_in_native, id=4112, stack(0x00000088d6500000,0x00000088d6600000)]
  0x000001b86a29b000 JavaThread "File watcher consumer" daemon [_thread_blocked, id=13900, stack(0x00000088d6600000,0x00000088d6700000)]
  0x000001b86a29a000 JavaThread "jar transforms" [_thread_blocked, id=11200, stack(0x00000088d6700000,0x00000088d6800000)]
  0x000001b86a299000 JavaThread "jar transforms Thread 2" [_thread_blocked, id=2680, stack(0x00000088d6800000,0x00000088d6900000)]
  0x000001b86b977000 JavaThread "jar transforms Thread 3" [_thread_blocked, id=1204, stack(0x00000088d6900000,0x00000088d6a00000)]
  0x000001b86b978000 JavaThread "jar transforms Thread 4" [_thread_blocked, id=13952, stack(0x00000088d6a00000,0x00000088d6b00000)]
  0x000001b86b97c000 JavaThread "Cache worker for checksums cache (D:\Programming\Android\MyApps\VideoPlayer\Project\.gradle\checksums)" [_thread_blocked, id=14640, stack(0x00000088d6b00000,0x00000088d6c00000)]
  0x000001b86b978800 JavaThread "Cache worker for cache directory md-supplier (C:\Users\ahmed\.gradle\caches\7.0.2\md-supplier)" [_thread_blocked, id=15512, stack(0x00000088d6c00000,0x00000088d6d00000)]
  0x000001b86b979800 JavaThread "Cache worker for cache directory md-rule (C:\Users\ahmed\.gradle\caches\7.0.2\md-rule)" [_thread_blocked, id=5028, stack(0x00000088d6d00000,0x00000088d6e00000)]
  0x000001b86b976800 JavaThread "Cache worker for execution history cache (C:\Users\ahmed\.gradle\caches\7.0.2\executionHistory)" [_thread_blocked, id=11584, stack(0x00000088d6e00000,0x00000088d6f00000)]
  0x000001b86b980000 JavaThread "Cache worker for file content cache (C:\Users\ahmed\.gradle\caches\7.0.2\fileContent)" [_thread_blocked, id=11880, stack(0x00000088d6f00000,0x00000088d7000000)]
  0x000001b86b97a800 JavaThread "Cache worker for dependencies-accessors (D:\Programming\Android\MyApps\VideoPlayer\Project\.gradle\7.0.2\dependencies-accessors)" [_thread_blocked, id=13748, stack(0x00000088d7000000,0x00000088d7100000)]
  0x000001b86b981800 JavaThread "Cache worker for Build Output Cleanup Cache (D:\Programming\Android\MyApps\VideoPlayer\Project\.gradle\buildOutputCleanup)" [_thread_blocked, id=4452, stack(0x00000088d7100000,0x00000088d7200000)]
=>0x000001b86b983800 JavaThread "C2 CompilerThread1" daemon [_thread_in_native, id=10192, stack(0x00000088d6300000,0x00000088d6400000)]
  0x000001b86b982800 JavaThread "Build operations" [_thread_blocked, id=8580, stack(0x00000088d7200000,0x00000088d7300000)]
  0x000001b86b985000 JavaThread "Build operations Thread 2" [_thread_blocked, id=5160, stack(0x00000088d7300000,0x00000088d7400000)]
  0x000001b86b97f800 JavaThread "Build operations Thread 3" [_thread_blocked, id=7812, stack(0x00000088d7400000,0x00000088d7500000)]
  0x000001b86b984000 JavaThread "Build operations Thread 4" [_thread_blocked, id=11092, stack(0x00000088d7500000,0x00000088d7600000)]

Other Threads:
  0x000001b8676d7800 VMThread "VM Thread" [stack: 0x00000088d4800000,0x00000088d4900000] [id=16076]
  0x000001b868231000 WatcherThread [stack: 0x00000088d5200000,0x00000088d5300000] [id=5376]
  0x000001b84db39800 GCTaskThread "GC Thread#0" [stack: 0x00000088d4300000,0x00000088d4400000] [id=9768]
  0x000001b8685d2800 GCTaskThread "GC Thread#1" [stack: 0x00000088d5400000,0x00000088d5500000] [id=12148]
  0x000001b86873e000 GCTaskThread "GC Thread#2" [stack: 0x00000088d5500000,0x00000088d5600000] [id=12068]
  0x000001b868296000 GCTaskThread "GC Thread#3" [stack: 0x00000088d6100000,0x00000088d6200000] [id=15548]
  0x000001b84db6a800 ConcurrentGCThread "G1 Main Marker" [stack: 0x00000088d4400000,0x00000088d4500000] [id=13956]
  0x000001b84db6b800 ConcurrentGCThread "G1 Conc#0" [stack: 0x00000088d4500000,0x00000088d4600000] [id=4056]
  0x000001b84dbf9800 ConcurrentGCThread "G1 Refine#0" [stack: 0x00000088d4600000,0x00000088d4700000] [id=8180]
  0x000001b84dbfa800 ConcurrentGCThread "G1 Young RemSet Sampling" [stack: 0x00000088d4700000,0x00000088d4800000] [id=8636]

Threads with active compile tasks:
C2 CompilerThread0  17179 5221       4       java.util.HashMap::clear (50 bytes)
C1 CompilerThread0  17179 5281       3       java.util.concurrent.ThreadPoolExecutor$Worker::tryAcquire (20 bytes)
C2 CompilerThread1  17179 5072       4       java.lang.invoke.MethodType::makeImpl (108 bytes)

VM state:not at safepoint (normal execution)

VM Mutex/Monitor currently owned by a thread: None

Heap address: 0x0000000080000000, size: 2048 MB, Compressed Oops mode: 32-bit
Narrow klass base: 0x0000000000000000, Narrow klass shift: 3
Compressed class space size: 1073741824 Address: 0x0000000100000000

Heap:
 garbage-first heap   total 157696K, used 117285K [0x0000000080000000, 0x0000000100000000)
  region size 1024K, 72 young (73728K), 10 survivors (10240K)
 Metaspace       used 49437K, capacity 50806K, committed 50816K, reserved 1093632K
  class space    used 6323K, capacity 6775K, committed 6784K, reserved 1048576K
Heap Regions: E=young(eden), S=young(survivor), O=old, HS=humongous(starts), HC=humongous(continues), CS=collection set, F=free, A=archive, TAMS=top-at-mark-start (previous, next)
|   0|0x0000000080000000, 0x0000000080100000, 0x0000000080100000|100%| O|  |TAMS 0x0000000080100000, 0x0000000080000000| Untracked 
|   1|0x0000000080100000, 0x0000000080200000, 0x0000000080200000|100%| O|  |TAMS 0x0000000080200000, 0x0000000080100000| Untracked 
|   2|0x0000000080200000, 0x0000000080300000, 0x0000000080300000|100%| O|  |TAMS 0x0000000080300000, 0x0000000080200000| Untracked 
|   3|0x0000000080300000, 0x0000000080400000, 0x0000000080400000|100%|HS|  |TAMS 0x0000000080400000, 0x0000000080300000| Complete 
|   4|0x0000000080400000, 0x0000000080500000, 0x0000000080500000|100%|HC|  |TAMS 0x0000000080500000, 0x0000000080400000| Complete 
|   5|0x0000000080500000, 0x0000000080600000, 0x0000000080600000|100%|HC|  |TAMS 0x0000000080600000, 0x0000000080500000| Complete 
|   6|0x0000000080600000, 0x0000000080700000, 0x0000000080700000|100%| O|  |TAMS 0x0000000080700000, 0x0000000080600000| Untracked 
|   7|0x0000000080700000, 0x0000000080800000, 0x0000000080800000|100%| O|  |TAMS 0x0000000080800000, 0x0000000080700000| Untracked 
|   8|0x0000000080800000, 0x0000000080900000, 0x0000000080900000|100%| O|  |TAMS 0x0000000080900000, 0x0000000080800000| Untracked 
|   9|0x0000000080900000, 0x0000000080a00000, 0x0000000080a00000|100%|HS|  |TAMS 0x0000000080a00000, 0x0000000080900000| Complete 
|  10|0x0000000080a00000, 0x0000000080b00000, 0x0000000080b00000|100%|HC|  |TAMS 0x0000000080b00000, 0x0000000080a00000| Complete 
|  11|0x0000000080b00000, 0x0000000080c00000, 0x0000000080c00000|100%|HS|  |TAMS 0x0000000080c00000, 0x0000000080b00000| Complete 
|  12|0x0000000080c00000, 0x0000000080d00000, 0x0000000080d00000|100%|HC|  |TAMS 0x0000000080d00000, 0x0000000080c00000| Complete 
|  13|0x0000000080d00000, 0x0000000080e00000, 0x0000000080e00000|100%|HC|  |TAMS 0x0000000080e00000, 0x0000000080d00000| Complete 
|  14|0x0000000080e00000, 0x0000000080f00000, 0x0000000080f00000|100%|HS|  |TAMS 0x0000000080f00000, 0x0000000080e00000| Complete 
|  15|0x0000000080f00000, 0x0000000081000000, 0x0000000081000000|100%|HC|  |TAMS 0x0000000081000000, 0x0000000080f00000| Complete 
|  16|0x0000000081000000, 0x0000000081100000, 0x0000000081100000|100%|HC|  |TAMS 0x0000000081100000, 0x0000000081000000| Complete 
|  17|0x0000000081100000, 0x0000000081200000, 0x0000000081200000|100%|HC|  |TAMS 0x0000000081200000, 0x0000000081100000| Complete 
|  18|0x0000000081200000, 0x0000000081300000, 0x0000000081300000|100%|HC|  |TAMS 0x0000000081300000, 0x0000000081200000| Complete 
|  19|0x0000000081300000, 0x0000000081400000, 0x0000000081400000|100%| O|  |TAMS 0x0000000081400000, 0x0000000081300000| Untracked 
|  20|0x0000000081400000, 0x0000000081500000, 0x0000000081500000|100%| O|  |TAMS 0x0000000081500000, 0x0000000081400000| Untracked 
|  21|0x0000000081500000, 0x0000000081600000, 0x0000000081600000|100%| O|  |TAMS 0x0000000081600000, 0x0000000081500000| Untracked 
|  22|0x0000000081600000, 0x0000000081700000, 0x0000000081700000|100%| O|  |TAMS 0x0000000081700000, 0x0000000081600000| Untracked 
|  23|0x0000000081700000, 0x0000000081800000, 0x0000000081800000|100%| O|  |TAMS 0x0000000081800000, 0x0000000081700000| Untracked 
|  24|0x0000000081800000, 0x0000000081900000, 0x0000000081900000|100%| O|  |TAMS 0x0000000081900000, 0x0000000081800000| Untracked 
|  25|0x0000000081900000, 0x0000000081a00000, 0x0000000081a00000|100%| O|  |TAMS 0x0000000081a00000, 0x0000000081900000| Untracked 
|  26|0x0000000081a00000, 0x0000000081b00000, 0x0000000081b00000|100%| O|  |TAMS 0x0000000081b00000, 0x0000000081a00000| Untracked 
|  27|0x0000000081b00000, 0x0000000081c00000, 0x0000000081c00000|100%| O|  |TAMS 0x0000000081c00000, 0x0000000081b00000| Untracked 
|  28|0x0000000081c00000, 0x0000000081d00000, 0x0000000081d00000|100%| O|  |TAMS 0x0000000081d00000, 0x0000000081c00000| Untracked 
|  29|0x0000000081d00000, 0x0000000081e00000, 0x0000000081e00000|100%| O|  |TAMS 0x0000000081e00000, 0x0000000081d00000| Untracked 
|  30|0x0000000081e00000, 0x0000000081f00000, 0x0000000081f00000|100%| O|  |TAMS 0x0000000081f00000, 0x0000000081e00000| Untracked 
|  31|0x0000000081f00000, 0x0000000082000000, 0x0000000082000000|100%| O|  |TAMS 0x0000000081fc2600, 0x0000000081f00000| Untracked 
|  32|0x0000000082000000, 0x0000000082100000, 0x0000000082100000|100%|HS|  |TAMS 0x0000000082000000, 0x0000000082000000| Complete 
|  33|0x0000000082100000, 0x0000000082200000, 0x0000000082200000|100%|HC|  |TAMS 0x0000000082100000, 0x0000000082100000| Complete 
|  34|0x0000000082200000, 0x0000000082300000, 0x0000000082300000|100%|HC|  |TAMS 0x0000000082200000, 0x0000000082200000| Complete 
|  35|0x0000000082300000, 0x0000000082400000, 0x0000000082400000|100%|HC|  |TAMS 0x0000000082300000, 0x0000000082300000| Complete 
|  36|0x0000000082400000, 0x0000000082500000, 0x0000000082500000|100%|HC|  |TAMS 0x0000000082400000, 0x0000000082400000| Complete 
|  37|0x0000000082500000, 0x0000000082600000, 0x0000000082600000|100%|HS|  |TAMS 0x0000000082500000, 0x0000000082500000| Complete 
|  38|0x0000000082600000, 0x0000000082700000, 0x0000000082700000|100%|HC|  |TAMS 0x0000000082600000, 0x0000000082600000| Complete 
|  39|0x0000000082700000, 0x0000000082800000, 0x0000000082800000|100%|HC|  |TAMS 0x0000000082700000, 0x0000000082700000| Complete 
|  40|0x0000000082800000, 0x0000000082800000, 0x0000000082900000|  0%| F|  |TAMS 0x0000000082800000, 0x0000000082800000| Untracked 
|  41|0x0000000082900000, 0x0000000082a00000, 0x0000000082a00000|100%| O|  |TAMS 0x0000000082900000, 0x0000000082900000| Untracked 
|  42|0x0000000082a00000, 0x0000000082b00000, 0x0000000082b00000|100%| O|  |TAMS 0x0000000082a00000, 0x0000000082a00000| Untracked 
|  43|0x0000000082b00000, 0x0000000082c00000, 0x0000000082c00000|100%| O|  |TAMS 0x0000000082b00000, 0x0000000082b00000| Untracked 
|  44|0x0000000082c00000, 0x0000000082c89400, 0x0000000082d00000| 53%| O|  |TAMS 0x0000000082c00000, 0x0000000082c00000| Untracked 
|  45|0x0000000082d00000, 0x0000000082d00000, 0x0000000082e00000|  0%| F|  |TAMS 0x0000000082d00000, 0x0000000082d00000| Untracked 
|  46|0x0000000082e00000, 0x0000000082e00000, 0x0000000082f00000|  0%| F|  |TAMS 0x0000000082e00000, 0x0000000082e00000| Untracked 
|  47|0x0000000082f00000, 0x0000000082f00000, 0x0000000083000000|  0%| F|  |TAMS 0x0000000082f00000, 0x0000000082f00000| Untracked 
|  48|0x0000000083000000, 0x0000000083000000, 0x0000000083100000|  0%| F|  |TAMS 0x0000000083000000, 0x0000000083000000| Untracked 
|  49|0x0000000083100000, 0x0000000083100000, 0x0000000083200000|  0%| F|  |TAMS 0x0000000083100000, 0x0000000083100000| Untracked 
|  50|0x0000000083200000, 0x0000000083200000, 0x0000000083300000|  0%| F|  |TAMS 0x0000000083200000, 0x0000000083200000| Untracked 
|  51|0x0000000083300000, 0x0000000083300000, 0x0000000083400000|  0%| F|  |TAMS 0x0000000083300000, 0x0000000083300000| Untracked 
|  52|0x0000000083400000, 0x0000000083400000, 0x0000000083500000|  0%| F|  |TAMS 0x0000000083400000, 0x0000000083400000| Untracked 
|  53|0x0000000083500000, 0x0000000083500000, 0x0000000083600000|  0%| F|  |TAMS 0x0000000083500000, 0x0000000083500000| Untracked 
|  54|0x0000000083600000, 0x0000000083600000, 0x0000000083700000|  0%| F|  |TAMS 0x0000000083600000, 0x0000000083600000| Untracked 
|  55|0x0000000083700000, 0x0000000083700000, 0x0000000083800000|  0%| F|  |TAMS 0x0000000083700000, 0x0000000083700000| Untracked 
|  56|0x0000000083800000, 0x0000000083800000, 0x0000000083900000|  0%| F|  |TAMS 0x0000000083800000, 0x0000000083800000| Untracked 
|  57|0x0000000083900000, 0x0000000083900000, 0x0000000083a00000|  0%| F|  |TAMS 0x0000000083900000, 0x0000000083900000| Untracked 
|  58|0x0000000083a00000, 0x0000000083a00000, 0x0000000083b00000|  0%| F|  |TAMS 0x0000000083a00000, 0x0000000083a00000| Untracked 
|  59|0x0000000083b00000, 0x0000000083b00000, 0x0000000083c00000|  0%| F|  |TAMS 0x0000000083b00000, 0x0000000083b00000| Untracked 
|  60|0x0000000083c00000, 0x0000000083c00000, 0x0000000083d00000|  0%| F|  |TAMS 0x0000000083c00000, 0x0000000083c00000| Untracked 
|  61|0x0000000083d00000, 0x0000000083d00000, 0x0000000083e00000|  0%| F|  |TAMS 0x0000000083d00000, 0x0000000083d00000| Untracked 
|  62|0x0000000083e00000, 0x0000000083e00000, 0x0000000083f00000|  0%| F|  |TAMS 0x0000000083e00000, 0x0000000083e00000| Untracked 
|  63|0x0000000083f00000, 0x0000000083f00000, 0x0000000084000000|  0%| F|  |TAMS 0x0000000083f00000, 0x0000000083f00000| Untracked 
|  64|0x0000000084000000, 0x0000000084000000, 0x0000000084100000|  0%| F|  |TAMS 0x0000000084000000, 0x0000000084000000| Untracked 
|  65|0x0000000084100000, 0x0000000084100000, 0x0000000084200000|  0%| F|  |TAMS 0x0000000084100000, 0x0000000084100000| Untracked 
|  66|0x0000000084200000, 0x0000000084200000, 0x0000000084300000|  0%| F|  |TAMS 0x0000000084200000, 0x0000000084200000| Untracked 
|  67|0x0000000084300000, 0x0000000084300000, 0x0000000084400000|  0%| F|  |TAMS 0x0000000084300000, 0x0000000084300000| Untracked 
|  68|0x0000000084400000, 0x0000000084400000, 0x0000000084500000|  0%| F|  |TAMS 0x0000000084400000, 0x0000000084400000| Untracked 
|  69|0x0000000084500000, 0x0000000084500000, 0x0000000084600000|  0%| F|  |TAMS 0x0000000084500000, 0x0000000084500000| Untracked 
|  70|0x0000000084600000, 0x0000000084600000, 0x0000000084700000|  0%| F|  |TAMS 0x0000000084600000, 0x0000000084600000| Untracked 
|  71|0x0000000084700000, 0x0000000084700000, 0x0000000084800000|  0%| F|  |TAMS 0x0000000084700000, 0x0000000084700000| Untracked 
|  72|0x0000000084800000, 0x0000000084800000, 0x0000000084900000|  0%| F|  |TAMS 0x0000000084800000, 0x0000000084800000| Untracked 
|  73|0x0000000084900000, 0x0000000084a00000, 0x0000000084a00000|100%| S|CS|TAMS 0x0000000084900000, 0x0000000084900000| Complete 
|  74|0x0000000084a00000, 0x0000000084b00000, 0x0000000084b00000|100%| S|CS|TAMS 0x0000000084a00000, 0x0000000084a00000| Complete 
|  75|0x0000000084b00000, 0x0000000084c00000, 0x0000000084c00000|100%| S|CS|TAMS 0x0000000084b00000, 0x0000000084b00000| Complete 
|  76|0x0000000084c00000, 0x0000000084d00000, 0x0000000084d00000|100%| S|CS|TAMS 0x0000000084c00000, 0x0000000084c00000| Complete 
|  77|0x0000000084d00000, 0x0000000084e00000, 0x0000000084e00000|100%| S|CS|TAMS 0x0000000084d00000, 0x0000000084d00000| Complete 
|  78|0x0000000084e00000, 0x0000000084f00000, 0x0000000084f00000|100%| S|CS|TAMS 0x0000000084e00000, 0x0000000084e00000| Complete 
|  79|0x0000000084f00000, 0x0000000085000000, 0x0000000085000000|100%| S|CS|TAMS 0x0000000084f00000, 0x0000000084f00000| Complete 
|  80|0x0000000085000000, 0x0000000085100000, 0x0000000085100000|100%| S|CS|TAMS 0x0000000085000000, 0x0000000085000000| Complete 
|  81|0x0000000085100000, 0x0000000085200000, 0x0000000085200000|100%| S|CS|TAMS 0x0000000085100000, 0x0000000085100000| Complete 
|  82|0x0000000085200000, 0x0000000085300000, 0x0000000085300000|100%| S|CS|TAMS 0x0000000085200000, 0x0000000085200000| Complete 
|  83|0x0000000085300000, 0x0000000085300000, 0x0000000085400000|  0%| F|  |TAMS 0x0000000085300000, 0x0000000085300000| Untracked 
|  84|0x0000000085400000, 0x0000000085400000, 0x0000000085500000|  0%| F|  |TAMS 0x0000000085400000, 0x0000000085400000| Untracked 
|  85|0x0000000085500000, 0x0000000085500000, 0x0000000085600000|  0%| F|  |TAMS 0x0000000085500000, 0x0000000085500000| Untracked 
|  86|0x0000000085600000, 0x0000000085600000, 0x0000000085700000|  0%| F|  |TAMS 0x0000000085600000, 0x0000000085600000| Untracked 
|  87|0x0000000085700000, 0x0000000085700000, 0x0000000085800000|  0%| F|  |TAMS 0x0000000085700000, 0x0000000085700000| Untracked 
|  88|0x0000000085800000, 0x0000000085800000, 0x0000000085900000|  0%| F|  |TAMS 0x0000000085800000, 0x0000000085800000| Untracked 
|  89|0x0000000085900000, 0x0000000085900000, 0x0000000085a00000|  0%| F|  |TAMS 0x0000000085900000, 0x0000000085900000| Untracked 
|  90|0x0000000085a00000, 0x0000000085a00000, 0x0000000085b00000|  0%| F|  |TAMS 0x0000000085a00000, 0x0000000085a00000| Untracked 
|  91|0x0000000085b00000, 0x0000000085b00000, 0x0000000085c00000|  0%| F|  |TAMS 0x0000000085b00000, 0x0000000085b00000| Untracked 
|  92|0x0000000085c00000, 0x0000000085c63010, 0x0000000085d00000| 38%| E|  |TAMS 0x0000000085c00000, 0x0000000085c00000| Complete 
|  93|0x0000000085d00000, 0x0000000085e00000, 0x0000000085e00000|100%| E|CS|TAMS 0x0000000085d00000, 0x0000000085d00000| Complete 
|  94|0x0000000085e00000, 0x0000000085f00000, 0x0000000085f00000|100%| E|CS|TAMS 0x0000000085e00000, 0x0000000085e00000| Complete 
|  95|0x0000000085f00000, 0x0000000086000000, 0x0000000086000000|100%| E|CS|TAMS 0x0000000085f00000, 0x0000000085f00000| Complete 
|  96|0x0000000086000000, 0x0000000086100000, 0x0000000086100000|100%| E|CS|TAMS 0x0000000086000000, 0x0000000086000000| Complete 
|  97|0x0000000086100000, 0x0000000086200000, 0x0000000086200000|100%| E|CS|TAMS 0x0000000086100000, 0x0000000086100000| Complete 
|  98|0x0000000086200000, 0x0000000086300000, 0x0000000086300000|100%| E|CS|TAMS 0x0000000086200000, 0x0000000086200000| Complete 
|  99|0x0000000086300000, 0x0000000086400000, 0x0000000086400000|100%| E|CS|TAMS 0x0000000086300000, 0x0000000086300000| Complete 
| 100|0x0000000086400000, 0x0000000086500000, 0x0000000086500000|100%| E|CS|TAMS 0x0000000086400000, 0x0000000086400000| Complete 
| 101|0x0000000086500000, 0x0000000086600000, 0x0000000086600000|100%| E|CS|TAMS 0x0000000086500000, 0x0000000086500000| Complete 
| 102|0x0000000086600000, 0x0000000086700000, 0x0000000086700000|100%| E|CS|TAMS 0x0000000086600000, 0x0000000086600000| Complete 
| 103|0x0000000086700000, 0x0000000086800000, 0x0000000086800000|100%| E|CS|TAMS 0x0000000086700000, 0x0000000086700000| Complete 
| 104|0x0000000086800000, 0x0000000086900000, 0x0000000086900000|100%| E|CS|TAMS 0x0000000086800000, 0x0000000086800000| Complete 
| 105|0x0000000086900000, 0x0000000086a00000, 0x0000000086a00000|100%| E|CS|TAMS 0x0000000086900000, 0x0000000086900000| Complete 
| 106|0x0000000086a00000, 0x0000000086b00000, 0x0000000086b00000|100%| E|CS|TAMS 0x0000000086a00000, 0x0000000086a00000| Complete 
| 107|0x0000000086b00000, 0x0000000086c00000, 0x0000000086c00000|100%| E|CS|TAMS 0x0000000086b00000, 0x0000000086b00000| Complete 
| 108|0x0000000086c00000, 0x0000000086d00000, 0x0000000086d00000|100%| E|CS|TAMS 0x0000000086c00000, 0x0000000086c00000| Complete 
| 109|0x0000000086d00000, 0x0000000086e00000, 0x0000000086e00000|100%| E|CS|TAMS 0x0000000086d00000, 0x0000000086d00000| Complete 
| 110|0x0000000086e00000, 0x0000000086f00000, 0x0000000086f00000|100%| E|CS|TAMS 0x0000000086e00000, 0x0000000086e00000| Complete 
| 111|0x0000000086f00000, 0x0000000087000000, 0x0000000087000000|100%| E|CS|TAMS 0x0000000086f00000, 0x0000000086f00000| Complete 
| 112|0x0000000087000000, 0x0000000087100000, 0x0000000087100000|100%| E|CS|TAMS 0x0000000087000000, 0x0000000087000000| Complete 
| 113|0x0000000087100000, 0x0000000087200000, 0x0000000087200000|100%| E|CS|TAMS 0x0000000087100000, 0x0000000087100000| Complete 
| 114|0x0000000087200000, 0x0000000087300000, 0x0000000087300000|100%| E|CS|TAMS 0x0000000087200000, 0x0000000087200000| Complete 
| 115|0x0000000087300000, 0x0000000087400000, 0x0000000087400000|100%| E|CS|TAMS 0x0000000087300000, 0x0000000087300000| Complete 
| 116|0x0000000087400000, 0x0000000087500000, 0x0000000087500000|100%| E|CS|TAMS 0x0000000087400000, 0x0000000087400000| Complete 
| 117|0x0000000087500000, 0x0000000087600000, 0x0000000087600000|100%| E|CS|TAMS 0x0000000087500000, 0x0000000087500000| Complete 
| 118|0x0000000087600000, 0x0000000087700000, 0x0000000087700000|100%| E|CS|TAMS 0x0000000087600000, 0x0000000087600000| Complete 
| 119|0x0000000087700000, 0x0000000087800000, 0x0000000087800000|100%| E|CS|TAMS 0x0000000087700000, 0x0000000087700000| Complete 
| 120|0x0000000087800000, 0x0000000087900000, 0x0000000087900000|100%| E|CS|TAMS 0x0000000087800000, 0x0000000087800000| Complete 
| 121|0x0000000087900000, 0x0000000087a00000, 0x0000000087a00000|100%| E|CS|TAMS 0x0000000087900000, 0x0000000087900000| Complete 
| 122|0x0000000087a00000, 0x0000000087b00000, 0x0000000087b00000|100%| E|CS|TAMS 0x0000000087a00000, 0x0000000087a00000| Complete 
| 123|0x0000000087b00000, 0x0000000087c00000, 0x0000000087c00000|100%| E|CS|TAMS 0x0000000087b00000, 0x0000000087b00000| Complete 
| 124|0x0000000087c00000, 0x0000000087d00000, 0x0000000087d00000|100%| E|CS|TAMS 0x0000000087c00000, 0x0000000087c00000| Complete 
| 125|0x0000000087d00000, 0x0000000087e00000, 0x0000000087e00000|100%| E|CS|TAMS 0x0000000087d00000, 0x0000000087d00000| Complete 
| 126|0x0000000087e00000, 0x0000000087f00000, 0x0000000087f00000|100%| E|CS|TAMS 0x0000000087e00000, 0x0000000087e00000| Complete 
| 127|0x0000000087f00000, 0x0000000088000000, 0x0000000088000000|100%| E|CS|TAMS 0x0000000087f00000, 0x0000000087f00000| Complete 
| 128|0x0000000088000000, 0x0000000088100000, 0x0000000088100000|100%| E|CS|TAMS 0x0000000088000000, 0x0000000088000000| Complete 
| 129|0x0000000088100000, 0x0000000088200000, 0x0000000088200000|100%| E|CS|TAMS 0x0000000088100000, 0x0000000088100000| Complete 
| 130|0x0000000088200000, 0x0000000088300000, 0x0000000088300000|100%| E|CS|TAMS 0x0000000088200000, 0x0000000088200000| Complete 
| 131|0x0000000088300000, 0x0000000088400000, 0x0000000088400000|100%| E|CS|TAMS 0x0000000088300000, 0x0000000088300000| Complete 
| 132|0x0000000088400000, 0x0000000088500000, 0x0000000088500000|100%| E|CS|TAMS 0x0000000088400000, 0x0000000088400000| Complete 
| 133|0x0000000088500000, 0x0000000088600000, 0x0000000088600000|100%| E|CS|TAMS 0x0000000088500000, 0x0000000088500000| Complete 
| 134|0x0000000088600000, 0x0000000088700000, 0x0000000088700000|100%| E|CS|TAMS 0x0000000088600000, 0x0000000088600000| Complete 
| 135|0x0000000088700000, 0x0000000088800000, 0x0000000088800000|100%| E|CS|TAMS 0x0000000088700000, 0x0000000088700000| Complete 
| 136|0x0000000088800000, 0x0000000088900000, 0x0000000088900000|100%| E|CS|TAMS 0x0000000088800000, 0x0000000088800000| Complete 
| 137|0x0000000088900000, 0x0000000088a00000, 0x0000000088a00000|100%| E|CS|TAMS 0x0000000088900000, 0x0000000088900000| Complete 
| 138|0x0000000088a00000, 0x0000000088b00000, 0x0000000088b00000|100%| E|CS|TAMS 0x0000000088a00000, 0x0000000088a00000| Complete 
| 139|0x0000000088b00000, 0x0000000088c00000, 0x0000000088c00000|100%| E|CS|TAMS 0x0000000088b00000, 0x0000000088b00000| Complete 
| 140|0x0000000088c00000, 0x0000000088d00000, 0x0000000088d00000|100%| E|CS|TAMS 0x0000000088c00000, 0x0000000088c00000| Complete 
| 141|0x0000000088d00000, 0x0000000088e00000, 0x0000000088e00000|100%| E|CS|TAMS 0x0000000088d00000, 0x0000000088d00000| Complete 
| 142|0x0000000088e00000, 0x0000000088f00000, 0x0000000088f00000|100%| E|CS|TAMS 0x0000000088e00000, 0x0000000088e00000| Complete 
| 143|0x0000000088f00000, 0x0000000089000000, 0x0000000089000000|100%| E|CS|TAMS 0x0000000088f00000, 0x0000000088f00000| Complete 
| 144|0x0000000089000000, 0x0000000089100000, 0x0000000089100000|100%| E|CS|TAMS 0x0000000089000000, 0x0000000089000000| Complete 
| 145|0x0000000089100000, 0x0000000089200000, 0x0000000089200000|100%| E|CS|TAMS 0x0000000089100000, 0x0000000089100000| Complete 
| 146|0x0000000089200000, 0x0000000089300000, 0x0000000089300000|100%| E|CS|TAMS 0x0000000089200000, 0x0000000089200000| Complete 
| 147|0x0000000089300000, 0x0000000089400000, 0x0000000089400000|100%| E|CS|TAMS 0x0000000089300000, 0x0000000089300000| Complete 
| 148|0x0000000089400000, 0x0000000089500000, 0x0000000089500000|100%| E|CS|TAMS 0x0000000089400000, 0x0000000089400000| Complete 
| 149|0x0000000089500000, 0x0000000089600000, 0x0000000089600000|100%| E|CS|TAMS 0x0000000089500000, 0x0000000089500000| Complete 
| 150|0x0000000089600000, 0x0000000089700000, 0x0000000089700000|100%| E|CS|TAMS 0x0000000089600000, 0x0000000089600000| Complete 
| 151|0x0000000089700000, 0x0000000089800000, 0x0000000089800000|100%| E|CS|TAMS 0x0000000089700000, 0x0000000089700000| Complete 
| 152|0x0000000089800000, 0x0000000089900000, 0x0000000089900000|100%| E|CS|TAMS 0x0000000089800000, 0x0000000089800000| Complete 
| 153|0x0000000089900000, 0x0000000089a00000, 0x0000000089a00000|100%| E|CS|TAMS 0x0000000089900000, 0x0000000089900000| Complete 

Card table byte_map: [0x000001b860a10000,0x000001b860e10000] _byte_map_base: 0x000001b860610000

Marking Bits (Prev, Next): (CMBitMap*) 0x000001b84db61a70, (CMBitMap*) 0x000001b84db61a38
 Prev Bits: [0x000001b863210000, 0x000001b865210000)
 Next Bits: [0x000001b861210000, 0x000001b863210000)

Polling page: 0x000001b84b8d0000

Metaspace:

Usage:
  Non-class:     43.00 MB capacity,    42.10 MB ( 98%) used,   786.32 KB (  2%) free+waste,   129.56 KB ( <1%) overhead. 
      Class:      6.62 MB capacity,     6.18 MB ( 93%) used,   388.96 KB (  6%) free+waste,    62.25 KB ( <1%) overhead. 
       Both:     49.62 MB capacity,    48.28 MB ( 97%) used,     1.15 MB (  2%) free+waste,   191.81 KB ( <1%) overhead. 

Virtual space:
  Non-class space:       44.00 MB reserved,      43.00 MB ( 98%) committed 
      Class space:        1.00 GB reserved,       6.63 MB ( <1%) committed 
             Both:        1.04 GB reserved,      49.63 MB (  5%) committed 

Chunk freelists:
   Non-Class:  1.00 KB
       Class:  9.00 KB
        Both:  10.00 KB

MaxMetaspaceSize: 17179869184.00 GB
CompressedClassSpaceSize: 1.00 GB

CodeHeap 'non-profiled nmethods': size=120064Kb used=2704Kb max_used=2704Kb free=117359Kb
 bounds [0x000001b8590d0000, 0x000001b859380000, 0x000001b860610000]
CodeHeap 'profiled nmethods': size=120000Kb used=10975Kb max_used=10975Kb free=109024Kb
 bounds [0x000001b851ba0000, 0x000001b852660000, 0x000001b8590d0000]
CodeHeap 'non-nmethods': size=5696Kb used=2222Kb max_used=2274Kb free=3473Kb
 bounds [0x000001b851610000, 0x000001b851880000, 0x000001b851ba0000]
 total_blobs=6036 nmethods=5237 adapters=710
 compilation: enabled
              stopped_count=0, restarted_count=0
 full_count=0

Compilation events (20 events):
Event: 17.109 Thread 0x000001b86804c800 nmethod 5253 0x000001b85263f290 code [0x000001b85263f480, 0x000001b85263f9f8]
Event: 17.109 Thread 0x000001b86804c800 5254       3       org.gradle.internal.snapshot.AbstractIncompleteFileSystemNode$2::<init> (26 bytes)
Event: 17.110 Thread 0x000001b86804c800 nmethod 5254 0x000001b85263fb90 code [0x000001b85263fd60, 0x000001b852640038]
Event: 17.110 Thread 0x000001b86804c800 5255       3       org.gradle.internal.snapshot.PartialDirectoryNode::withIncompleteChildren (9 bytes)
Event: 17.110 Thread 0x000001b86804c800 nmethod 5255 0x000001b852640110 code [0x000001b8526402e0, 0x000001b8526405b8]
Event: 17.111 Thread 0x000001b86804c800 5256       3       java.util.Optional::orElseGet (21 bytes)
Event: 17.111 Thread 0x000001b86804c800 nmethod 5256 0x000001b852640710 code [0x000001b8526408e0, 0x000001b852640ae8]
Event: 17.112 Thread 0x000001b86804c800 5257       3       org.gradle.internal.snapshot.PathUtil::compareDifferentCharsIgnoringCase (38 bytes)
Event: 17.113 Thread 0x000001b86804c800 nmethod 5257 0x000001b852640b90 code [0x000001b852640e00, 0x000001b8526416b8]
Event: 17.115 Thread 0x000001b86804c800 5258       3       java.util.stream.Collectors$$Lambda$63/0x0000000100161040::accept (11 bytes)
Event: 17.115 Thread 0x000001b86804c800 nmethod 5258 0x000001b852641a10 code [0x000001b852641be0, 0x000001b852641ea8]
Event: 17.121 Thread 0x000001b86804c800 5259       3       org.gradle.internal.time.DefaultTimer::getElapsedMillis (29 bytes)
Event: 17.121 Thread 0x000001b86804c800 nmethod 5259 0x000001b852641f90 code [0x000001b852642160, 0x000001b852642448]
Event: 17.124 Thread 0x000001b86804c800 5260       3       org.gradle.internal.time.DefaultCountdownTimer::hasExpired (15 bytes)
Event: 17.125 Thread 0x000001b86804c800 nmethod 5260 0x000001b852642590 code [0x000001b852642780, 0x000001b852642cc8]
Event: 17.125 Thread 0x000001b86804c800 5261       3       org.gradle.internal.time.DefaultCountdownTimer::getRemainingMillis (14 bytes)
Event: 17.126 Thread 0x000001b86804c800 nmethod 5261 0x000001b852642e90 code [0x000001b852643080, 0x000001b852643508]
Event: 17.128 Thread 0x000001b86804c800 5262       3       org.gradle.internal.snapshot.ChildMap$Entry::withNode (22 bytes)
Event: 17.129 Thread 0x000001b86804c800 nmethod 5262 0x000001b852643710 code [0x000001b852643960, 0x000001b852644288]
Event: 17.133 Thread 0x000001b86804c800 5263       3       org.gradle.internal.snapshot.SingletonChildMap::withNode (11 bytes)

GC Heap History (16 events):
Event: 1.290 GC heap before
{Heap before GC invocations=0 (full 0):
 garbage-first heap   total 131072K, used 19456K [0x0000000080000000, 0x0000000100000000)
  region size 1024K, 14 young (14336K), 0 survivors (0K)
 Metaspace       used 6734K, capacity 6925K, committed 7168K, reserved 1056768K
  class space    used 582K, capacity 650K, committed 768K, reserved 1048576K
}
Event: 1.307 GC heap after
{Heap after GC invocations=1 (full 0):
 garbage-first heap   total 131072K, used 7880K [0x0000000080000000, 0x0000000100000000)
  region size 1024K, 2 young (2048K), 2 survivors (2048K)
 Metaspace       used 6734K, capacity 6925K, committed 7168K, reserved 1056768K
  class space    used 582K, capacity 650K, committed 768K, reserved 1048576K
}
Event: 2.026 GC heap before
{Heap before GC invocations=1 (full 0):
 garbage-first heap   total 131072K, used 19144K [0x0000000080000000, 0x0000000100000000)
  region size 1024K, 13 young (13312K), 2 survivors (2048K)
 Metaspace       used 9851K, capacity 10054K, committed 10112K, reserved 1058816K
  class space    used 1021K, capacity 1102K, committed 1152K, reserved 1048576K
}
Event: 2.031 GC heap after
{Heap after GC invocations=2 (full 0):
 garbage-first heap   total 131072K, used 9153K [0x0000000080000000, 0x0000000100000000)
  region size 1024K, 2 young (2048K), 2 survivors (2048K)
 Metaspace       used 9851K, capacity 10054K, committed 10112K, reserved 1058816K
  class space    used 1021K, capacity 1102K, committed 1152K, reserved 1048576K
}
Event: 3.204 GC heap before
{Heap before GC invocations=2 (full 0):
 garbage-first heap   total 131072K, used 37825K [0x0000000080000000, 0x0000000100000000)
  region size 1024K, 30 young (30720K), 2 survivors (2048K)
 Metaspace       used 10771K, capacity 11007K, committed 11264K, reserved 1058816K
  class space    used 1124K, capacity 1206K, committed 1280K, reserved 1048576K
}
Event: 3.210 GC heap after
{Heap after GC invocations=3 (full 0):
 garbage-first heap   total 131072K, used 12108K [0x0000000080000000, 0x0000000100000000)
  region size 1024K, 3 young (3072K), 3 survivors (3072K)
 Metaspace       used 10771K, capacity 11007K, committed 11264K, reserved 1058816K
  class space    used 1124K, capacity 1206K, committed 1280K, reserved 1048576K
}
Event: 6.120 GC heap before
{Heap before GC invocations=3 (full 0):
 garbage-first heap   total 131072K, used 77644K [0x0000000080000000, 0x0000000100000000)
  region size 1024K, 68 young (69632K), 3 survivors (3072K)
 Metaspace       used 20619K, capacity 21089K, committed 21248K, reserved 1067008K
  class space    used 2514K, capacity 2699K, committed 2816K, reserved 1048576K
}
Event: 6.136 GC heap after
{Heap after GC invocations=4 (full 0):
 garbage-first heap   total 131072K, used 16733K [0x0000000080000000, 0x0000000100000000)
  region size 1024K, 9 young (9216K), 9 survivors (9216K)
 Metaspace       used 20619K, capacity 21089K, committed 21248K, reserved 1067008K
  class space    used 2514K, capacity 2699K, committed 2816K, reserved 1048576K
}
Event: 8.017 GC heap before
{Heap before GC invocations=5 (full 0):
 garbage-first heap   total 131072K, used 93533K [0x0000000080000000, 0x0000000100000000)
  region size 1024K, 74 young (75776K), 9 survivors (9216K)
 Metaspace       used 26911K, capacity 27694K, committed 27904K, reserved 1073152K
  class space    used 3550K, capacity 3838K, committed 3840K, reserved 1048576K
}
Event: 8.037 GC heap after
{Heap after GC invocations=6 (full 0):
 garbage-first heap   total 131072K, used 32476K [0x0000000080000000, 0x0000000100000000)
  region size 1024K, 6 young (6144K), 6 survivors (6144K)
 Metaspace       used 26911K, capacity 27694K, committed 27904K, reserved 1073152K
  class space    used 3550K, capacity 3838K, committed 3840K, reserved 1048576K
}
Event: 9.800 GC heap before
{Heap before GC invocations=6 (full 0):
 garbage-first heap   total 131072K, used 82652K [0x0000000080000000, 0x0000000100000000)
  region size 1024K, 56 young (57344K), 6 survivors (6144K)
 Metaspace       used 34831K, capacity 35730K, committed 35840K, reserved 1081344K
  class space    used 4548K, capacity 4899K, committed 4992K, reserved 1048576K
}
Event: 9.826 GC heap after
{Heap after GC invocations=7 (full 0):
 garbage-first heap   total 131072K, used 36362K [0x0000000080000000, 0x0000000100000000)
  region size 1024K, 4 young (4096K), 4 survivors (4096K)
 Metaspace       used 34831K, capacity 35730K, committed 35840K, reserved 1081344K
  class space    used 4548K, capacity 4899K, committed 4992K, reserved 1048576K
}
Event: 11.703 GC heap before
{Heap before GC invocations=8 (full 0):
 garbage-first heap   total 131072K, used 99850K [0x0000000080000000, 0x0000000100000000)
  region size 1024K, 64 young (65536K), 4 survivors (4096K)
 Metaspace       used 40944K, capacity 42003K, committed 42368K, reserved 1085440K
  class space    used 5255K, capacity 5646K, committed 5760K, reserved 1048576K
}
Event: 11.737 GC heap after
{Heap after GC invocations=9 (full 0):
 garbage-first heap   total 157696K, used 40156K [0x0000000080000000, 0x0000000100000000)
  region size 1024K, 8 young (8192K), 8 survivors (8192K)
 Metaspace       used 40944K, capacity 42003K, committed 42368K, reserved 1085440K
  class space    used 5255K, capacity 5646K, committed 5760K, reserved 1048576K
}
Event: 13.858 GC heap before
{Heap before GC invocations=10 (full 0):
 garbage-first heap   total 157696K, used 121052K [0x0000000080000000, 0x0000000100000000)
  region size 1024K, 79 young (80896K), 8 survivors (8192K)
 Metaspace       used 45668K, capacity 46864K, committed 46976K, reserved 1089536K
  class space    used 5795K, capacity 6233K, committed 6272K, reserved 1048576K
}
Event: 13.890 GC heap after
{Heap after GC invocations=11 (full 0):
 garbage-first heap   total 157696K, used 54821K [0x0000000080000000, 0x0000000100000000)
  region size 1024K, 10 young (10240K), 10 survivors (10240K)
 Metaspace       used 45668K, capacity 46864K, committed 46976K, reserved 1089536K
  class space    used 5795K, capacity 6233K, committed 6272K, reserved 1048576K
}

Deoptimization events (20 events):
Event: 16.981 Thread 0x000001b86b985000 DEOPT PACKING pc=0x000001b8591a344c sp=0x00000088d73fe8f0
Event: 16.981 Thread 0x000001b86b985000 DEOPT UNPACKING pc=0x000001b8516378af sp=0x00000088d73fe830 mode 2
Event: 16.983 Thread 0x000001b86b985000 Uncommon trap: trap_request=0xffffff4d fr.pc=0x000001b8591c05c4 relative=0x0000000000000f04
Event: 16.983 Thread 0x000001b86b985000 Uncommon trap: reason=unstable_if action=reinterpret pc=0x000001b8591c05c4 method=java.util.concurrent.ConcurrentHashMap.addCount(JI)V @ 7 c2
Event: 16.983 Thread 0x000001b86b97f800 Uncommon trap: trap_request=0xffffff4d fr.pc=0x000001b8591c05c4 relative=0x0000000000000f04
Event: 16.983 Thread 0x000001b86b985000 DEOPT PACKING pc=0x000001b8591c05c4 sp=0x00000088d73fe9c0
Event: 16.983 Thread 0x000001b86b97f800 Uncommon trap: reason=unstable_if action=reinterpret pc=0x000001b8591c05c4 method=java.util.concurrent.ConcurrentHashMap.addCount(JI)V @ 7 c2
Event: 16.983 Thread 0x000001b86b97f800 DEOPT PACKING pc=0x000001b8591c05c4 sp=0x00000088d74fe3b0
Event: 16.983 Thread 0x000001b86b985000 DEOPT UNPACKING pc=0x000001b8516378af sp=0x00000088d73fe890 mode 2
Event: 16.983 Thread 0x000001b86b97f800 DEOPT UNPACKING pc=0x000001b8516378af sp=0x00000088d74fe280 mode 2
Event: 17.002 Thread 0x000001b86a1cf800 DEOPT PACKING pc=0x000001b852336bf4 sp=0x00000088d5cf7170
Event: 17.002 Thread 0x000001b86a1cf800 DEOPT UNPACKING pc=0x000001b8516376ce sp=0x00000088d5cf6710 mode 0
Event: 17.027 Thread 0x000001b86b97f800 Uncommon trap: trap_request=0xffffff4d fr.pc=0x000001b85936b50c relative=0x000000000000016c
Event: 17.027 Thread 0x000001b86b97f800 Uncommon trap: reason=unstable_if action=reinterpret pc=0x000001b85936b50c method=java.util.concurrent.locks.ReentrantLock$Sync.nonfairTryAcquire(I)Z @ 19 c2
Event: 17.027 Thread 0x000001b86b97f800 DEOPT PACKING pc=0x000001b85936b50c sp=0x00000088d74fe880
Event: 17.027 Thread 0x000001b86b97f800 DEOPT UNPACKING pc=0x000001b8516378af sp=0x00000088d74fe7b0 mode 2
Event: 17.034 Thread 0x000001b86b982800 Uncommon trap: trap_request=0xffffff4d fr.pc=0x000001b859365e8c relative=0x000000000000016c
Event: 17.034 Thread 0x000001b86b982800 Uncommon trap: reason=unstable_if action=reinterpret pc=0x000001b859365e8c method=java.util.concurrent.locks.ReentrantLock$Sync.nonfairTryAcquire(I)Z @ 19 c2
Event: 17.034 Thread 0x000001b86b982800 DEOPT PACKING pc=0x000001b859365e8c sp=0x00000088d72fdd20
Event: 17.034 Thread 0x000001b86b982800 DEOPT UNPACKING pc=0x000001b8516378af sp=0x00000088d72fdcc8 mode 2

Classes redefined (0 events):
No events

Internal exceptions (20 events):
Event: 14.511 Thread 0x000001b86a1cf800 Exception <a 'java/lang/ClassNotFoundException'{0x0000000088a04b20}: org/gradle/internal/service/scopes/ProjectScopeServicesCustomizer> (0x0000000088a04b20) thrown at [./src/hotspot/share/classfile/systemDictionary.cpp, line 231]
Event: 14.574 Thread 0x000001b86a1cf800 Exception <a 'java/lang/ClassNotFoundException'{0x0000000088a53688}: org/gradle/tooling/provider/model/internal/DefaultToolingModelBuilderRegistryBeanInfo> (0x0000000088a53688) thrown at [./src/hotspot/share/classfile/systemDictionary.cpp, line 231]
Event: 14.576 Thread 0x000001b86a1cf800 Exception <a 'java/lang/ClassNotFoundException'{0x0000000088a6f6b0}: org/gradle/tooling/provider/model/internal/DefaultToolingModelBuilderRegistryCustomizer> (0x0000000088a6f6b0) thrown at [./src/hotspot/share/classfile/systemDictionary.cpp, line 231]
Event: 14.594 Thread 0x000001b86a1cf800 Exception <a 'java/lang/ClassNotFoundException'{0x000000008880fed8}: org/codehaus/groovy/reflection/CachedFieldBeanInfo> (0x000000008880fed8) thrown at [./src/hotspot/share/classfile/systemDictionary.cpp, line 231]
Event: 14.787 Thread 0x000001b86a1cf800 Exception <a 'java/lang/ClassNotFoundException'{0x00000000888312c8}: groovy/lang/MetaPropertyBeanInfo> (0x00000000888312c8) thrown at [./src/hotspot/share/classfile/systemDictionary.cpp, line 231]
Event: 14.791 Thread 0x000001b86a1cf800 Exception <a 'java/lang/ClassNotFoundException'{0x0000000088852f08}: groovy/lang/MetaPropertyCustomizer> (0x0000000088852f08) thrown at [./src/hotspot/share/classfile/systemDictionary.cpp, line 231]
Event: 14.801 Thread 0x000001b86a1cf800 Exception <a 'java/lang/ClassNotFoundException'{0x00000000887dc528}: org/codehaus/groovy/reflection/CachedFieldCustomizer> (0x00000000887dc528) thrown at [./src/hotspot/share/classfile/systemDictionary.cpp, line 231]
Event: 14.816 Thread 0x000001b86a1cf800 Exception <a 'java/lang/ClassNotFoundException'{0x0000000088503020}: java/util/ArrayListBeanInfo> (0x0000000088503020) thrown at [./src/hotspot/share/classfile/systemDictionary.cpp, line 231]
Event: 14.816 Thread 0x000001b86a1cf800 Exception <a 'java/lang/ClassNotFoundException'{0x000000008850de18}: java/util/AbstractListBeanInfo> (0x000000008850de18) thrown at [./src/hotspot/share/classfile/systemDictionary.cpp, line 231]
Event: 14.817 Thread 0x000001b86a1cf800 Exception <a 'java/lang/ClassNotFoundException'{0x0000000088518ec8}: java/util/AbstractListCustomizer> (0x0000000088518ec8) thrown at [./src/hotspot/share/classfile/systemDictionary.cpp, line 231]
Event: 14.819 Thread 0x000001b86a1cf800 Exception <a 'java/lang/ClassNotFoundException'{0x000000008852e990}: java/util/ArrayListCustomizer> (0x000000008852e990) thrown at [./src/hotspot/share/classfile/systemDictionary.cpp, line 231]
Event: 14.838 Thread 0x000001b86a1cf800 Exception <a 'java/lang/ClassNotFoundException'{0x00000000885b3490}: java/util/CollectionBeanInfo> (0x00000000885b3490) thrown at [./src/hotspot/share/classfile/systemDictionary.cpp, line 231]
Event: 14.848 Thread 0x000001b86a1cf800 Exception <a 'java/lang/ClassNotFoundException'{0x00000000885be500}: java/util/CollectionCustomizer> (0x00000000885be500) thrown at [./src/hotspot/share/classfile/systemDictionary.cpp, line 231]
Event: 15.025 Thread 0x000001b86a1cf800 Implicit null exception at 0x000001b8591be5f4 to 0x000001b8591be808
Event: 15.025 Thread 0x000001b86a1cf800 Implicit null exception at 0x000001b859107bf8 to 0x000001b859107c8a
Event: 15.257 Thread 0x000001b86a1cf800 Exception <a 'java/lang/ClassNotFoundException'{0x0000000087d2d870}: build_5zuztkyw2xdkbhkvz5kkh0l4gBeanInfo> (0x0000000087d2d870) thrown at [./src/hotspot/share/classfile/systemDictionary.cpp, line 231]
Event: 15.266 Thread 0x000001b86a1cf800 Exception <a 'java/lang/ClassNotFoundException'{0x0000000087d436b8}: org/gradle/api/internal/project/ProjectScriptBeanInfo> (0x0000000087d436b8) thrown at [./src/hotspot/share/classfile/systemDictionary.cpp, line 231]
Event: 15.267 Thread 0x000001b86a1cf800 Exception <a 'java/lang/ClassNotFoundException'{0x0000000087d596d0}: org/gradle/api/internal/project/ProjectScriptCustomizer> (0x0000000087d596d0) thrown at [./src/hotspot/share/classfile/systemDictionary.cpp, line 231]
Event: 15.270 Thread 0x000001b86a1cf800 Exception <a 'java/lang/ClassNotFoundException'{0x0000000087d748c0}: build_5zuztkyw2xdkbhkvz5kkh0l4gCustomizer> (0x0000000087d748c0) thrown at [./src/hotspot/share/classfile/systemDictionary.cpp, line 231]
Event: 16.851 Thread 0x000001b86a1cf800 Exception <a 'java/lang/NoSuchMethodError'{0x00000000863000a0}: 'void java.lang.invoke.DirectMethodHandle$Holder.invokeStatic(java.lang.Object, java.lang.Object, java.lang.Object, int, java.lang.Object)'> (0x00000000863000a0) thrown at [./src/hotspot/share/interpreter/linkResolver.cpp, line 773]

Events (20 events):
Event: 16.905 loading class org/gradle/api/internal/artifacts/ivyservice/modulecache/artifacts/DefaultCachedArtifact
Event: 16.905 loading class org/gradle/api/internal/artifacts/ivyservice/modulecache/artifacts/DefaultCachedArtifact done
Event: 16.908 Executing VM operation: RevokeBias
Event: 16.908 Executing VM operation: RevokeBias done
Event: 16.908 loading class org/gradle/internal/component/model/ModuleSources
Event: 16.908 loading class org/gradle/internal/component/model/ModuleSources done
Event: 16.908 loading class org/gradle/internal/component/model/ModuleSources
Event: 16.908 loading class org/gradle/internal/component/model/ModuleSources done
Event: 16.909 loading class org/gradle/api/internal/artifacts/DefaultArtifactIdentifier
Event: 16.909 loading class org/gradle/api/internal/artifacts/DefaultArtifactIdentifier done
Event: 16.910 loading class org/gradle/api/internal/artifacts/ivyservice/resolutionstrategy/DefaultCachePolicy$CachedArtifactResolutionControl
Event: 16.910 loading class org/gradle/api/internal/artifacts/ivyservice/resolutionstrategy/DefaultCachePolicy$CachedArtifactResolutionControl done
Event: 16.912 loading class org/gradle/api/internal/artifacts/DownloadArtifactBuildOperationType
Event: 16.912 loading class org/gradle/api/internal/artifacts/DownloadArtifactBuildOperationType done
Event: 16.914 loading class org/gradle/api/internal/artifacts/DownloadArtifactBuildOperationType$Result
Event: 16.914 loading class org/gradle/api/internal/artifacts/DownloadArtifactBuildOperationType$Result done
Event: 16.914 loading class org/gradle/api/internal/artifacts/DownloadArtifactBuildOperationType$1
Event: 16.914 loading class org/gradle/api/internal/artifacts/DownloadArtifactBuildOperationType$1 done
Event: 16.981 loading class java/util/concurrent/ThreadLocalRandom
Event: 16.982 loading class java/util/concurrent/ThreadLocalRandom done


Dynamic libraries:
0x00007ff6eaa30000 - 0x00007ff6eaa3a000 	C:\Program Files\Android\Android Studio\jre\bin\java.exe
0x00007ff9e6230000 - 0x00007ff9e6425000 	C:\WINDOWS\SYSTEM32\ntdll.dll
0x00007ff9e50f0000 - 0x00007ff9e51ad000 	C:\WINDOWS\System32\KERNEL32.DLL
0x00007ff9e3f60000 - 0x00007ff9e4229000 	C:\WINDOWS\System32\KERNELBASE.dll
0x00007ff9e3e60000 - 0x00007ff9e3f60000 	C:\WINDOWS\System32\ucrtbase.dll
0x00007ff9df320000 - 0x00007ff9df339000 	C:\Program Files\Android\Android Studio\jre\bin\jli.dll
0x00007ff9dc750000 - 0x00007ff9dc767000 	C:\Program Files\Android\Android Studio\jre\bin\VCRUNTIME140.dll
0x00007ff9e4a20000 - 0x00007ff9e4bc0000 	C:\WINDOWS\System32\USER32.dll
0x00007ff9e3e30000 - 0x00007ff9e3e52000 	C:\WINDOWS\System32\win32u.dll
0x00007ff9d7170000 - 0x00007ff9d740a000 	C:\WINDOWS\WinSxS\amd64_microsoft.windows.common-controls_6595b64144ccf1df_6.0.19041.1110_none_60b5254171f9507e\COMCTL32.dll
0x00007ff9e5f80000 - 0x00007ff9e5faa000 	C:\WINDOWS\System32\GDI32.dll
0x00007ff9e4920000 - 0x00007ff9e49be000 	C:\WINDOWS\System32\msvcrt.dll
0x00007ff9e39b0000 - 0x00007ff9e3abb000 	C:\WINDOWS\System32\gdi32full.dll
0x00007ff9e3d90000 - 0x00007ff9e3e2d000 	C:\WINDOWS\System32\msvcp_win.dll
0x00007ff9e48f0000 - 0x00007ff9e4920000 	C:\WINDOWS\System32\IMM32.DLL
0x00007ff9ca280000 - 0x00007ff9ca31d000 	C:\Program Files\Android\Android Studio\jre\bin\msvcp140.dll
0x00007ff987c00000 - 0x00007ff9886cf000 	C:\Program Files\Android\Android Studio\jre\bin\server\jvm.dll
0x00007ff9e4290000 - 0x00007ff9e433c000 	C:\WINDOWS\System32\ADVAPI32.dll
0x00007ff9e44f0000 - 0x00007ff9e458b000 	C:\WINDOWS\System32\sechost.dll
0x00007ff9e51b0000 - 0x00007ff9e52da000 	C:\WINDOWS\System32\RPCRT4.dll
0x00007ff9e5070000 - 0x00007ff9e5078000 	C:\WINDOWS\System32\PSAPI.DLL
0x00007ff9d87c0000 - 0x00007ff9d87c9000 	C:\WINDOWS\SYSTEM32\WSOCK32.dll
0x00007ff9e5080000 - 0x00007ff9e50eb000 	C:\WINDOWS\System32\WS2_32.dll
0x00007ff9d74e0000 - 0x00007ff9d7507000 	C:\WINDOWS\SYSTEM32\WINMM.dll
0x00007ff9d6c10000 - 0x00007ff9d6c1a000 	C:\WINDOWS\SYSTEM32\VERSION.dll
0x00007ff9e1870000 - 0x00007ff9e1882000 	C:\WINDOWS\SYSTEM32\kernel.appcore.dll
0x00007ff997120000 - 0x00007ff997131000 	C:\Program Files\Android\Android Studio\jre\bin\verify.dll
0x00007ff9d29c0000 - 0x00007ff9d2ba4000 	C:\WINDOWS\SYSTEM32\DBGHELP.DLL
0x00007ff9d2990000 - 0x00007ff9d29bc000 	C:\WINDOWS\SYSTEM32\dbgcore.DLL
0x00007ff9e3ac0000 - 0x00007ff9e3b43000 	C:\WINDOWS\System32\bcryptPrimitives.dll
0x00007ff996ff0000 - 0x00007ff997019000 	C:\Program Files\Android\Android Studio\jre\bin\java.dll
0x00007ff9c9d90000 - 0x00007ff9c9d9b000 	C:\Program Files\Android\Android Studio\jre\bin\jimage.dll
0x00007ff9970d0000 - 0x00007ff9970e8000 	C:\Program Files\Android\Android Studio\jre\bin\zip.dll
0x00007ff9e53c0000 - 0x00007ff9e5aff000 	C:\WINDOWS\System32\SHELL32.dll
0x00007ff9e1a70000 - 0x00007ff9e2200000 	C:\WINDOWS\SYSTEM32\windows.storage.dll
0x00007ff9e4590000 - 0x00007ff9e48e5000 	C:\WINDOWS\System32\combase.dll
0x00007ff9e33c0000 - 0x00007ff9e33ec000 	C:\WINDOWS\SYSTEM32\Wldp.dll
0x00007ff9e4e60000 - 0x00007ff9e4f0e000 	C:\WINDOWS\System32\SHCORE.dll
0x00007ff9e49c0000 - 0x00007ff9e4a15000 	C:\WINDOWS\System32\shlwapi.dll
0x00007ff9e38a0000 - 0x00007ff9e38bf000 	C:\WINDOWS\SYSTEM32\profapi.dll
0x00007ff9944c0000 - 0x00007ff9944da000 	C:\Program Files\Android\Android Studio\jre\bin\net.dll
0x00007ff9d8b30000 - 0x00007ff9d8c38000 	C:\WINDOWS\SYSTEM32\WINHTTP.dll
0x00007ff9e3120000 - 0x00007ff9e318a000 	C:\WINDOWS\system32\mswsock.dll
0x00007ff9944a0000 - 0x00007ff9944b4000 	C:\Program Files\Android\Android Studio\jre\bin\nio.dll
0x00007ff9bd0f0000 - 0x00007ff9bd117000 	C:\Users\ahmed\.gradle\native\8bec1ad78214c89d9ad589b4d07fe93259594b29d510b10fafb7a158f7737e5d\windows-amd64\native-platform.dll
0x00007ff986cd0000 - 0x00007ff986e0d000 	C:\Users\ahmed\.gradle\native\53dbd7edfb1c66fb8903c78663c9afc45aea4f116125fa6feffd364cf09443e8\windows-amd64\native-platform-file-events.dll
0x00007ff9c9830000 - 0x00007ff9c983a000 	C:\Program Files\Android\Android Studio\jre\bin\management.dll
0x00007ff9c8bc0000 - 0x00007ff9c8bcc000 	C:\Program Files\Android\Android Studio\jre\bin\management_ext.dll
0x00007ff9e3320000 - 0x00007ff9e3338000 	C:\WINDOWS\SYSTEM32\CRYPTSP.dll
0x00007ff9e2a30000 - 0x00007ff9e2a64000 	C:\WINDOWS\system32\rsaenh.dll
0x00007ff9e3b50000 - 0x00007ff9e3b77000 	C:\WINDOWS\System32\bcrypt.dll
0x00007ff9e3820000 - 0x00007ff9e384e000 	C:\WINDOWS\SYSTEM32\USERENV.dll
0x00007ff9e3310000 - 0x00007ff9e331c000 	C:\WINDOWS\SYSTEM32\CRYPTBASE.dll
0x00007ff9e2dc0000 - 0x00007ff9e2dfb000 	C:\WINDOWS\SYSTEM32\IPHLPAPI.DLL
0x00007ff9e6180000 - 0x00007ff9e6188000 	C:\WINDOWS\System32\NSI.dll
0x00007ff9dd700000 - 0x00007ff9dd717000 	C:\WINDOWS\SYSTEM32\dhcpcsvc6.DLL
0x00007ff9dd6e0000 - 0x00007ff9dd6fd000 	C:\WINDOWS\SYSTEM32\dhcpcsvc.DLL
0x00007ff9e2e00000 - 0x00007ff9e2ecc000 	C:\WINDOWS\SYSTEM32\DNSAPI.dll

dbghelp: loaded successfully - version: 4.0.5 - missing functions: none
symbol engine: initialized successfully - sym options: 0x614 - pdb path: .;C:\Program Files\Android\Android Studio\jre\bin;C:\WINDOWS\SYSTEM32;C:\WINDOWS\WinSxS\amd64_microsoft.windows.common-controls_6595b64144ccf1df_6.0.19041.1110_none_60b5254171f9507e;C:\Program Files\Android\Android Studio\jre\bin\server;C:\Users\ahmed\.gradle\native\8bec1ad78214c89d9ad589b4d07fe93259594b29d510b10fafb7a158f7737e5d\windows-amd64;C:\Users\ahmed\.gradle\native\53dbd7edfb1c66fb8903c78663c9afc45aea4f116125fa6feffd364cf09443e8\windows-amd64

VM Arguments:
jvm_args: --add-opens=java.base/java.util=ALL-UNNAMED --add-opens=java.base/java.lang=ALL-UNNAMED --add-opens=java.base/java.lang.invoke=ALL-UNNAMED --add-opens=java.base/java.util=ALL-UNNAMED --add-opens=java.prefs/java.util.prefs=ALL-UNNAMED --add-opens=java.prefs/java.util.prefs=ALL-UNNAMED --add-opens=java.base/java.nio.charset=ALL-UNNAMED --add-opens=java.base/java.net=ALL-UNNAMED --add-opens=java.base/java.util.concurrent.atomic=ALL-UNNAMED -Xmx2048m -Dfile.encoding=UTF-8 -Duser.country=US -Duser.language=en -Duser.variant 
java_command: org.gradle.launcher.daemon.bootstrap.GradleDaemon 7.0.2
java_class_path (initial): C:\Users\ahmed\.gradle\wrapper\dists\gradle-7.0.2-bin\857tjihv64xamwrf0h14cai3r\gradle-7.0.2\lib\gradle-launcher-7.0.2.jar
Launcher Type: SUN_STANDARD

[Global flags]
     intx CICompilerCount                          = 3                                         {product} {ergonomic}
     uint ConcGCThreads                            = 1                                         {product} {ergonomic}
     uint G1ConcRefinementThreads                  = 4                                         {product} {ergonomic}
   size_t G1HeapRegionSize                         = 1048576                                   {product} {ergonomic}
    uintx GCDrainStackTargetSize                   = 64                                        {product} {ergonomic}
   size_t InitialHeapSize                          = 134217728                                 {product} {ergonomic}
   size_t MarkStackSize                            = 4194304                                   {product} {ergonomic}
   size_t MaxHeapSize                              = 2147483648                                {product} {command line}
   size_t MaxNewSize                               = 1287651328                                {product} {ergonomic}
   size_t MinHeapDeltaBytes                        = 1048576                                   {product} {ergonomic}
    uintx NonNMethodCodeHeapSize                   = 5830732                                {pd product} {ergonomic}
    uintx NonProfiledCodeHeapSize                  = 122913754                              {pd product} {ergonomic}
    uintx ProfiledCodeHeapSize                     = 122913754                              {pd product} {ergonomic}
    uintx ReservedCodeCacheSize                    = 251658240                              {pd product} {ergonomic}
     bool SegmentedCodeCache                       = true                                      {product} {ergonomic}
     bool UseCompressedClassPointers               = true                                 {lp64_product} {ergonomic}
     bool UseCompressedOops                        = true                                 {lp64_product} {ergonomic}
     bool UseG1GC                                  = true                                      {product} {ergonomic}
     bool UseLargePagesIndividualAllocation        = false                                  {pd product} {ergonomic}

Logging:
Log output configuration:
 #0: stdout all=warning uptime,level,tags
 #1: stderr all=off uptime,level,tags

Environment Variables:
PATH=C:\Program Files\Common Files\Oracle\Java\javapath;C:\WINDOWS\system32;C:\WINDOWS;C:\WINDOWS\System32\Wbem;C:\WINDOWS\System32\WindowsPowerShell\v1.0\;C:\Program Files (x86)\Brackets\command;C:\Program Files\Dart\dart-sdk\bin;C:\Program Files\Git\cmd;C:\src\flutter\bin;;C:\WINDOWS\System32\OpenSSH\;C:\Users\ahmed\AppData\Local\Programs\Python\Python39\Scripts\;C:\Users\ahmed\AppData\Local\Programs\Python\Python39\;C:\Users\ahmed\AppData\Local\Microsoft\WindowsApps;C:\Users\ahmed\AppData\Local\Programs\Microsoft VS Code\bin;C:\Users\ahmed\AppData\Local\atom\bin;C:\Users\ahmed\AppData\Local\Microsoft\WindowsApps;
USERNAME=ahmed
OS=Windows_NT
PROCESSOR_IDENTIFIER=Intel64 Family 6 Model 69 Stepping 1, GenuineIntel



---------------  S Y S T E M  ---------------

OS: Windows 10 , 64 bit Build 19041 (10.0.19041.1151)
OS uptime: 2 days 7:18 hours

CPU:total 4 (initial active 4) (2 cores per cpu, 2 threads per core) family 6 model 69 stepping 1 microcode 0x26, cmov, cx8, fxsr, mmx, sse, sse2, sse3, ssse3, sse4.1, sse4.2, popcnt, avx, avx2, aes, clmul, erms, lzcnt, ht, tsc, tscinvbit, bmi1, bmi2, fma

Memory: 4k page, system-wide physical 8128M (1040M free)
TotalPageFile size 23425M (AvailPageFile size 5M)
current process WorkingSet (physical memory assigned to process): 313M, peak: 313M
current process commit charge ("private bytes"): 347M, peak: 349M

vm_info: OpenJDK 64-Bit Server VM (11.0.10+0-b96-7249189) for windows-amd64 JRE (11.0.10+0-b96-7249189), built on Mar 31 2021 21:44:00 by "builder" with MS VC++ 14.0 (VS2015)

END.
