#
# There is insufficient memory for the Java Runtime Environment to continue.
# Native memory allocation (malloc) failed to allocate 1813136 bytes for Chunk::new
# Possible reasons:
#   The system is out of physical RAM or swap space
#   The process is running with CompressedOops enabled, and the Java Heap may be blocking the growth of the native heap
# Possible solutions:
#   Reduce memory load on the system
#   Increase physical memory or swap space
#   Check if swap backing store is full
#   Decrease Java heap size (-Xmx/-Xms)
#   Decrease number of Java threads
#   Decrease Java thread stack sizes (-Xss)
#   Set larger code cache with -XX:ReservedCodeCacheSize=
#   JVM is running with Unscaled Compressed Oops mode in which the Java heap is
#     placed in the first 4GB address space. The Java Heap base address is the
#     maximum limit for the native heap growth. Please use -XX:HeapBaseMinAddress
#     to set the Java Heap base and to place the Java Heap above 4GB virtual address.
# This output file may be truncated or incomplete.
#
#  Out of Memory Error (./src/hotspot/share/memory/arena.cpp:197), pid=8184, tid=14052
#
# JRE version: OpenJDK Runtime Environment (11.0.10) (build 11.0.10+0-b96-7249189)
# Java VM: OpenJDK 64-Bit Server VM (11.0.10+0-b96-7249189, mixed mode, tiered, compressed oops, g1 gc, windows-amd64)
# No core dump will be written. Minidumps are not enabled by default on client versions of Windows
#

---------------  S U M M A R Y ------------

Command Line: --add-opens=java.base/java.util=ALL-UNNAMED --add-opens=java.base/java.lang=ALL-UNNAMED --add-opens=java.base/java.lang.invoke=ALL-UNNAMED --add-opens=java.base/java.util=ALL-UNNAMED --add-opens=java.prefs/java.util.prefs=ALL-UNNAMED --add-opens=java.prefs/java.util.prefs=ALL-UNNAMED --add-opens=java.base/java.nio.charset=ALL-UNNAMED --add-opens=java.base/java.net=ALL-UNNAMED --add-opens=java.base/java.util.concurrent.atomic=ALL-UNNAMED -Xmx2048m -Dfile.encoding=UTF-8 -Duser.country=US -Duser.language=en -Duser.variant org.gradle.launcher.daemon.bootstrap.GradleDaemon 7.0.2

Host: Intel(R) Core(TM) i3-4005U CPU @ 1.70GHz, 4 cores, 7G,  Windows 10 , 64 bit Build 19041 (10.0.19041.1151)
Time: Mon Aug 30 03:35:11 2021 West Bank Gaza Daylight Time elapsed time: 7.213616 seconds (0d 0h 0m 7s)

---------------  T H R E A D  ---------------

Current thread (0x0000022293e38800):  JavaThread "C2 CompilerThread1" daemon [_thread_in_native, id=14052, stack(0x000000d9fa700000,0x000000d9fa800000)]


Current CompileTask:
C2:   7213 2172       4       java.net.URLClassLoader$1::run (5 bytes)

Stack: [0x000000d9fa700000,0x000000d9fa800000]
Native frames: (J=compiled Java code, j=interpreted, Vv=VM code, C=native code)
V  [jvm.dll+0x5ecfaa]
V  [jvm.dll+0x722bd5]
V  [jvm.dll+0x72412d]
V  [jvm.dll+0x7247e3]
V  [jvm.dll+0x242928]
V  [jvm.dll+0xbc4fc]
V  [jvm.dll+0xbca0c]
V  [jvm.dll+0x352d3b]
V  [jvm.dll+0x320ad3]
V  [jvm.dll+0x31ffca]
V  [jvm.dll+0x1fb602]
V  [jvm.dll+0x1fa7f4]
V  [jvm.dll+0x18354c]
V  [jvm.dll+0x208ee7]
V  [jvm.dll+0x207731]
V  [jvm.dll+0x6eb1cf]
V  [jvm.dll+0x6e3d45]
V  [jvm.dll+0x5ebe96]
C  [ucrtbase.dll+0x21bb2]
C  [KERNEL32.DLL+0x17034]
C  [ntdll.dll+0x52651]


---------------  P R O C E S S  ---------------

Threads class SMR info:
_java_thread_list=0x0000022292862eb0, length=31, elements={
0x00000222f790a800, 0x00000222914de000, 0x00000222914df800, 0x00000222914f7000,
0x00000222914f8800, 0x00000222914f9800, 0x0000022291508000, 0x000002229150d000,
0x0000022291510800, 0x0000022291fc6800, 0x00000222931b6800, 0x00000222942f4000,
0x0000022295144800, 0x000002229368e800, 0x0000022293fc8000, 0x0000022294a07000,
0x0000022294b5a800, 0x0000022294b78000, 0x0000022294846000, 0x0000022293d91800,
0x0000022293d8e800, 0x0000022293d92800, 0x0000022293d93000, 0x0000022293e38800,
0x0000022293d94000, 0x0000022293d90000, 0x0000022293d95000, 0x0000022293d91000,
0x0000022293d8f000, 0x000002229523a800, 0x0000022295235000
}

Java Threads: ( => current thread )
  0x00000222f790a800 JavaThread "main" [_thread_blocked, id=12600, stack(0x000000d9f8600000,0x000000d9f8700000)]
  0x00000222914de000 JavaThread "Reference Handler" daemon [_thread_blocked, id=8932, stack(0x000000d9f8d00000,0x000000d9f8e00000)]
  0x00000222914df800 JavaThread "Finalizer" daemon [_thread_blocked, id=15276, stack(0x000000d9f8e00000,0x000000d9f8f00000)]
  0x00000222914f7000 JavaThread "Signal Dispatcher" daemon [_thread_blocked, id=17196, stack(0x000000d9f8f00000,0x000000d9f9000000)]
  0x00000222914f8800 JavaThread "Attach Listener" daemon [_thread_blocked, id=14916, stack(0x000000d9f9000000,0x000000d9f9100000)]
  0x00000222914f9800 JavaThread "Service Thread" daemon [_thread_blocked, id=7764, stack(0x000000d9f9100000,0x000000d9f9200000)]
  0x0000022291508000 JavaThread "C2 CompilerThread0" daemon [_thread_in_native, id=12172, stack(0x000000d9f9200000,0x000000d9f9300000)]
  0x000002229150d000 JavaThread "C1 CompilerThread0" daemon [_thread_in_native, id=10620, stack(0x000000d9f9300000,0x000000d9f9400000)]
  0x0000022291510800 JavaThread "Sweeper thread" daemon [_thread_blocked, id=2588, stack(0x000000d9f9400000,0x000000d9f9500000)]
  0x0000022291fc6800 JavaThread "Common-Cleaner" daemon [_thread_blocked, id=8548, stack(0x000000d9f9500000,0x000000d9f9600000)]
  0x00000222931b6800 JavaThread "Daemon health stats" [_thread_blocked, id=10216, stack(0x000000d9f9a00000,0x000000d9f9b00000)]
  0x00000222942f4000 JavaThread "Incoming local TCP Connector on port 7271" [_thread_in_native, id=4416, stack(0x000000d9f9b00000,0x000000d9f9c00000)]
  0x0000022295144800 JavaThread "Daemon periodic checks" [_thread_blocked, id=10628, stack(0x000000d9f9c00000,0x000000d9f9d00000)]
  0x000002229368e800 JavaThread "Daemon" [_thread_blocked, id=6316, stack(0x000000d9f9d00000,0x000000d9f9e00000)]
  0x0000022293fc8000 JavaThread "Handler for socket connection from /127.0.0.1:7271 to /127.0.0.1:7272" [_thread_in_native, id=6620, stack(0x000000d9f9e00000,0x000000d9f9f00000)]
  0x0000022294a07000 JavaThread "Cancel handler" [_thread_blocked, id=4540, stack(0x000000d9f9f00000,0x000000d9fa000000)]
  0x0000022294b5a800 JavaThread "Daemon worker" [_thread_in_native, id=12200, stack(0x000000d9fa000000,0x000000d9fa100000)]
  0x0000022294b78000 JavaThread "Asynchronous log dispatcher for DefaultDaemonConnection: socket connection from /127.0.0.1:7271 to /127.0.0.1:7272" [_thread_blocked, id=12236, stack(0x000000d9fa100000,0x000000d9fa200000)]
  0x0000022294846000 JavaThread "Stdin handler" [_thread_blocked, id=8544, stack(0x000000d9fa200000,0x000000d9fa300000)]
  0x0000022293d91800 JavaThread "Daemon client event forwarder" [_thread_blocked, id=2432, stack(0x000000d9fa300000,0x000000d9fa400000)]
  0x0000022293d8e800 JavaThread "Cache worker for file hash cache (C:\Users\ahmed\.gradle\caches\7.0.2\fileHashes)" [_thread_blocked, id=15776, stack(0x000000d9f9700000,0x000000d9f9800000)]
  0x0000022293d92800 JavaThread "File lock request listener" [_thread_in_native, id=5024, stack(0x000000d9fa400000,0x000000d9fa500000)]
  0x0000022293d93000 JavaThread "Cache worker for journal cache (C:\Users\ahmed\.gradle\caches\journal-1)" [_thread_blocked, id=14680, stack(0x000000d9fa600000,0x000000d9fa700000)]
=>0x0000022293e38800 JavaThread "C2 CompilerThread1" daemon [_thread_in_native, id=14052, stack(0x000000d9fa700000,0x000000d9fa800000)]
  0x0000022293d94000 JavaThread "Cache worker for file hash cache (D:\Programming\Android\MyApps\VideoPlayer\Project\.gradle\7.0.2\fileHashes)" [_thread_blocked, id=2500, stack(0x000000d9fa800000,0x000000d9fa900000)]
  0x0000022293d90000 JavaThread "File watcher server" daemon [_thread_in_native, id=5640, stack(0x000000d9fa900000,0x000000d9faa00000)]
  0x0000022293d95000 JavaThread "File watcher consumer" daemon [_thread_blocked, id=16944, stack(0x000000d9faa00000,0x000000d9fab00000)]
  0x0000022293d91000 JavaThread "jar transforms" [_thread_blocked, id=9376, stack(0x000000d9fab00000,0x000000d9fac00000)]
  0x0000022293d8f000 JavaThread "jar transforms Thread 2" [_thread_blocked, id=16744, stack(0x000000d9fac00000,0x000000d9fad00000)]
  0x000002229523a800 JavaThread "jar transforms Thread 3" [_thread_blocked, id=15900, stack(0x000000d9fad00000,0x000000d9fae00000)]
  0x0000022295235000 JavaThread "jar transforms Thread 4" [_thread_blocked, id=9120, stack(0x000000d9fae00000,0x000000d9faf00000)]

Other Threads:
  0x00000222914d9800 VMThread "VM Thread" [stack: 0x000000d9f8c00000,0x000000d9f8d00000] [id=17036]
  0x0000022291fff800 WatcherThread [stack: 0x000000d9f9600000,0x000000d9f9700000] [id=972]
  0x00000222f7924000 GCTaskThread "GC Thread#0" [stack: 0x000000d9f8700000,0x000000d9f8800000] [id=2572]
  0x0000022292ab0800 GCTaskThread "GC Thread#1" [stack: 0x000000d9f9800000,0x000000d9f9900000] [id=15544]
  0x00000222927b2800 GCTaskThread "GC Thread#2" [stack: 0x000000d9f9900000,0x000000d9f9a00000] [id=8668]
  0x000002229286f000 GCTaskThread "GC Thread#3" [stack: 0x000000d9fa500000,0x000000d9fa600000] [id=4348]
  0x00000222f7953800 ConcurrentGCThread "G1 Main Marker" [stack: 0x000000d9f8800000,0x000000d9f8900000] [id=13172]
  0x00000222f7956000 ConcurrentGCThread "G1 Conc#0" [stack: 0x000000d9f8900000,0x000000d9f8a00000] [id=15068]
  0x00000222f79e7800 ConcurrentGCThread "G1 Refine#0" [stack: 0x000000d9f8a00000,0x000000d9f8b00000] [id=12180]
  0x00000222f79e8800 ConcurrentGCThread "G1 Young RemSet Sampling" [stack: 0x000000d9f8b00000,0x000000d9f8c00000] [id=6000]

Threads with active compile tasks:
C2 CompilerThread0   7255 2173   !   4       java.net.URLClassLoader$1::run (63 bytes)
C1 CompilerThread0   7256 2274       3       java.net.URI::decode (380 bytes)
C2 CompilerThread1   7256 2172       4       java.net.URLClassLoader$1::run (5 bytes)

VM state:not at safepoint (normal execution)

VM Mutex/Monitor currently owned by a thread: None

Heap address: 0x0000000080000000, size: 2048 MB, Compressed Oops mode: 32-bit
Narrow klass base: 0x0000000000000000, Narrow klass shift: 3
Compressed class space size: 1073741824 Address: 0x0000000100000000

Heap:
 garbage-first heap   total 131072K, used 67456K [0x0000000080000000, 0x0000000100000000)
  region size 1024K, 60 young (61440K), 9 survivors (9216K)
 Metaspace       used 25976K, capacity 26567K, committed 26752K, reserved 1073152K
  class space    used 3400K, capacity 3638K, committed 3712K, reserved 1048576K
Heap Regions: E=young(eden), S=young(survivor), O=old, HS=humongous(starts), HC=humongous(continues), CS=collection set, F=free, A=archive, TAMS=top-at-mark-start (previous, next)
|   0|0x0000000080000000, 0x0000000080100000, 0x0000000080100000|100%| O|  |TAMS 0x0000000080100000, 0x0000000080000000| Untracked 
|   1|0x0000000080100000, 0x00000000801a2a00, 0x0000000080200000| 63%| O|  |TAMS 0x00000000801a2a00, 0x0000000080100000| Untracked 
|   2|0x0000000080200000, 0x0000000080200000, 0x0000000080300000|  0%| F|  |TAMS 0x0000000080200000, 0x0000000080200000| Untracked 
|   3|0x0000000080300000, 0x0000000080400000, 0x0000000080400000|100%|HS|  |TAMS 0x0000000080400000, 0x0000000080300000| Complete 
|   4|0x0000000080400000, 0x0000000080500000, 0x0000000080500000|100%|HC|  |TAMS 0x0000000080500000, 0x0000000080400000| Complete 
|   5|0x0000000080500000, 0x0000000080600000, 0x0000000080600000|100%|HC|  |TAMS 0x0000000080600000, 0x0000000080500000| Complete 
|   6|0x0000000080600000, 0x0000000080700000, 0x0000000080700000|100%| O|  |TAMS 0x0000000080700000, 0x0000000080600000| Untracked 
|   7|0x0000000080700000, 0x0000000080800000, 0x0000000080800000|100%| O|  |TAMS 0x0000000080800000, 0x0000000080700000| Untracked 
|   8|0x0000000080800000, 0x0000000080900000, 0x0000000080900000|100%| O|  |TAMS 0x0000000080900000, 0x0000000080800000| Untracked 
|   9|0x0000000080900000, 0x0000000080900000, 0x0000000080a00000|  0%| F|  |TAMS 0x0000000080900000, 0x0000000080900000| Untracked 
|  10|0x0000000080a00000, 0x0000000080a00000, 0x0000000080b00000|  0%| F|  |TAMS 0x0000000080a00000, 0x0000000080a00000| Untracked 
|  11|0x0000000080b00000, 0x0000000080b00000, 0x0000000080c00000|  0%| F|  |TAMS 0x0000000080b00000, 0x0000000080b00000| Untracked 
|  12|0x0000000080c00000, 0x0000000080c00000, 0x0000000080d00000|  0%| F|  |TAMS 0x0000000080c00000, 0x0000000080c00000| Untracked 
|  13|0x0000000080d00000, 0x0000000080d00000, 0x0000000080e00000|  0%| F|  |TAMS 0x0000000080d00000, 0x0000000080d00000| Untracked 
|  14|0x0000000080e00000, 0x0000000080e00000, 0x0000000080f00000|  0%| F|  |TAMS 0x0000000080e00000, 0x0000000080e00000| Untracked 
|  15|0x0000000080f00000, 0x0000000080f00000, 0x0000000081000000|  0%| F|  |TAMS 0x0000000080f00000, 0x0000000080f00000| Untracked 
|  16|0x0000000081000000, 0x0000000081000000, 0x0000000081100000|  0%| F|  |TAMS 0x0000000081000000, 0x0000000081000000| Untracked 
|  17|0x0000000081100000, 0x0000000081100000, 0x0000000081200000|  0%| F|  |TAMS 0x0000000081100000, 0x0000000081100000| Untracked 
|  18|0x0000000081200000, 0x0000000081200000, 0x0000000081300000|  0%| F|  |TAMS 0x0000000081200000, 0x0000000081200000| Untracked 
|  19|0x0000000081300000, 0x0000000081300000, 0x0000000081400000|  0%| F|  |TAMS 0x0000000081300000, 0x0000000081300000| Untracked 
|  20|0x0000000081400000, 0x0000000081400000, 0x0000000081500000|  0%| F|  |TAMS 0x0000000081400000, 0x0000000081400000| Untracked 
|  21|0x0000000081500000, 0x0000000081500000, 0x0000000081600000|  0%| F|  |TAMS 0x0000000081500000, 0x0000000081500000| Untracked 
|  22|0x0000000081600000, 0x0000000081600000, 0x0000000081700000|  0%| F|  |TAMS 0x0000000081600000, 0x0000000081600000| Untracked 
|  23|0x0000000081700000, 0x0000000081700000, 0x0000000081800000|  0%| F|  |TAMS 0x0000000081700000, 0x0000000081700000| Untracked 
|  24|0x0000000081800000, 0x0000000081800000, 0x0000000081900000|  0%| F|  |TAMS 0x0000000081800000, 0x0000000081800000| Untracked 
|  25|0x0000000081900000, 0x0000000081900000, 0x0000000081a00000|  0%| F|  |TAMS 0x0000000081900000, 0x0000000081900000| Untracked 
|  26|0x0000000081a00000, 0x0000000081a00000, 0x0000000081b00000|  0%| F|  |TAMS 0x0000000081a00000, 0x0000000081a00000| Untracked 
|  27|0x0000000081b00000, 0x0000000081b00000, 0x0000000081c00000|  0%| F|  |TAMS 0x0000000081b00000, 0x0000000081b00000| Untracked 
|  28|0x0000000081c00000, 0x0000000081c00000, 0x0000000081d00000|  0%| F|  |TAMS 0x0000000081c00000, 0x0000000081c00000| Untracked 
|  29|0x0000000081d00000, 0x0000000081d00000, 0x0000000081e00000|  0%| F|  |TAMS 0x0000000081d00000, 0x0000000081d00000| Untracked 
|  30|0x0000000081e00000, 0x0000000081e00000, 0x0000000081f00000|  0%| F|  |TAMS 0x0000000081e00000, 0x0000000081e00000| Untracked 
|  31|0x0000000081f00000, 0x0000000081f00000, 0x0000000082000000|  0%| F|  |TAMS 0x0000000081f00000, 0x0000000081f00000| Untracked 
|  32|0x0000000082000000, 0x0000000082000000, 0x0000000082100000|  0%| F|  |TAMS 0x0000000082000000, 0x0000000082000000| Untracked 
|  33|0x0000000082100000, 0x0000000082100000, 0x0000000082200000|  0%| F|  |TAMS 0x0000000082100000, 0x0000000082100000| Untracked 
|  34|0x0000000082200000, 0x0000000082200000, 0x0000000082300000|  0%| F|  |TAMS 0x0000000082200000, 0x0000000082200000| Untracked 
|  35|0x0000000082300000, 0x0000000082300000, 0x0000000082400000|  0%| F|  |TAMS 0x0000000082300000, 0x0000000082300000| Untracked 
|  36|0x0000000082400000, 0x0000000082400000, 0x0000000082500000|  0%| F|  |TAMS 0x0000000082400000, 0x0000000082400000| Untracked 
|  37|0x0000000082500000, 0x0000000082500000, 0x0000000082600000|  0%| F|  |TAMS 0x0000000082500000, 0x0000000082500000| Untracked 
|  38|0x0000000082600000, 0x0000000082600000, 0x0000000082700000|  0%| F|  |TAMS 0x0000000082600000, 0x0000000082600000| Untracked 
|  39|0x0000000082700000, 0x0000000082700000, 0x0000000082800000|  0%| F|  |TAMS 0x0000000082700000, 0x0000000082700000| Untracked 
|  40|0x0000000082800000, 0x0000000082800000, 0x0000000082900000|  0%| F|  |TAMS 0x0000000082800000, 0x0000000082800000| Untracked 
|  41|0x0000000082900000, 0x0000000082900000, 0x0000000082a00000|  0%| F|  |TAMS 0x0000000082900000, 0x0000000082900000| Untracked 
|  42|0x0000000082a00000, 0x0000000082a00000, 0x0000000082b00000|  0%| F|  |TAMS 0x0000000082a00000, 0x0000000082a00000| Untracked 
|  43|0x0000000082b00000, 0x0000000082b00000, 0x0000000082c00000|  0%| F|  |TAMS 0x0000000082b00000, 0x0000000082b00000| Untracked 
|  44|0x0000000082c00000, 0x0000000082c00000, 0x0000000082d00000|  0%| F|  |TAMS 0x0000000082c00000, 0x0000000082c00000| Untracked 
|  45|0x0000000082d00000, 0x0000000082d00000, 0x0000000082e00000|  0%| F|  |TAMS 0x0000000082d00000, 0x0000000082d00000| Untracked 
|  46|0x0000000082e00000, 0x0000000082e00000, 0x0000000082f00000|  0%| F|  |TAMS 0x0000000082e00000, 0x0000000082e00000| Untracked 
|  47|0x0000000082f00000, 0x0000000082f00000, 0x0000000083000000|  0%| F|  |TAMS 0x0000000082f00000, 0x0000000082f00000| Untracked 
|  48|0x0000000083000000, 0x0000000083000000, 0x0000000083100000|  0%| F|  |TAMS 0x0000000083000000, 0x0000000083000000| Untracked 
|  49|0x0000000083100000, 0x000000008313d820, 0x0000000083200000| 24%| S|CS|TAMS 0x0000000083100000, 0x0000000083100000| Complete 
|  50|0x0000000083200000, 0x0000000083300000, 0x0000000083300000|100%| S|CS|TAMS 0x0000000083200000, 0x0000000083200000| Complete 
|  51|0x0000000083300000, 0x0000000083400000, 0x0000000083400000|100%| S|CS|TAMS 0x0000000083300000, 0x0000000083300000| Complete 
|  52|0x0000000083400000, 0x0000000083500000, 0x0000000083500000|100%| S|CS|TAMS 0x0000000083400000, 0x0000000083400000| Complete 
|  53|0x0000000083500000, 0x0000000083600000, 0x0000000083600000|100%| S|CS|TAMS 0x0000000083500000, 0x0000000083500000| Complete 
|  54|0x0000000083600000, 0x0000000083700000, 0x0000000083700000|100%| S|CS|TAMS 0x0000000083600000, 0x0000000083600000| Complete 
|  55|0x0000000083700000, 0x0000000083800000, 0x0000000083800000|100%| S|CS|TAMS 0x0000000083700000, 0x0000000083700000| Complete 
|  56|0x0000000083800000, 0x0000000083900000, 0x0000000083900000|100%| S|CS|TAMS 0x0000000083800000, 0x0000000083800000| Complete 
|  57|0x0000000083900000, 0x0000000083a00000, 0x0000000083a00000|100%| S|CS|TAMS 0x0000000083900000, 0x0000000083900000| Complete 
|  58|0x0000000083a00000, 0x0000000083a00000, 0x0000000083b00000|  0%| F|  |TAMS 0x0000000083a00000, 0x0000000083a00000| Untracked 
|  59|0x0000000083b00000, 0x0000000083b00000, 0x0000000083c00000|  0%| F|  |TAMS 0x0000000083b00000, 0x0000000083b00000| Untracked 
|  60|0x0000000083c00000, 0x0000000083c00000, 0x0000000083d00000|  0%| F|  |TAMS 0x0000000083c00000, 0x0000000083c00000| Untracked 
|  61|0x0000000083d00000, 0x0000000083d00000, 0x0000000083e00000|  0%| F|  |TAMS 0x0000000083d00000, 0x0000000083d00000| Untracked 
|  62|0x0000000083e00000, 0x0000000083e00000, 0x0000000083f00000|  0%| F|  |TAMS 0x0000000083e00000, 0x0000000083e00000| Untracked 
|  63|0x0000000083f00000, 0x0000000083f00000, 0x0000000084000000|  0%| F|  |TAMS 0x0000000083f00000, 0x0000000083f00000| Untracked 
|  64|0x0000000084000000, 0x0000000084000000, 0x0000000084100000|  0%| F|  |TAMS 0x0000000084000000, 0x0000000084000000| Untracked 
|  65|0x0000000084100000, 0x0000000084100000, 0x0000000084200000|  0%| F|  |TAMS 0x0000000084100000, 0x0000000084100000| Untracked 
|  66|0x0000000084200000, 0x0000000084200000, 0x0000000084300000|  0%| F|  |TAMS 0x0000000084200000, 0x0000000084200000| Untracked 
|  67|0x0000000084300000, 0x0000000084300000, 0x0000000084400000|  0%| F|  |TAMS 0x0000000084300000, 0x0000000084300000| Untracked 
|  68|0x0000000084400000, 0x0000000084400000, 0x0000000084500000|  0%| F|  |TAMS 0x0000000084400000, 0x0000000084400000| Untracked 
|  69|0x0000000084500000, 0x0000000084500000, 0x0000000084600000|  0%| F|  |TAMS 0x0000000084500000, 0x0000000084500000| Untracked 
|  70|0x0000000084600000, 0x0000000084600000, 0x0000000084700000|  0%| F|  |TAMS 0x0000000084600000, 0x0000000084600000| Untracked 
|  71|0x0000000084700000, 0x0000000084700000, 0x0000000084800000|  0%| F|  |TAMS 0x0000000084700000, 0x0000000084700000| Untracked 
|  72|0x0000000084800000, 0x0000000084800000, 0x0000000084900000|  0%| F|  |TAMS 0x0000000084800000, 0x0000000084800000| Untracked 
|  73|0x0000000084900000, 0x0000000084900000, 0x0000000084a00000|  0%| F|  |TAMS 0x0000000084900000, 0x0000000084900000| Untracked 
|  74|0x0000000084a00000, 0x0000000084a00000, 0x0000000084b00000|  0%| F|  |TAMS 0x0000000084a00000, 0x0000000084a00000| Untracked 
|  75|0x0000000084b00000, 0x0000000084b00000, 0x0000000084c00000|  0%| F|  |TAMS 0x0000000084b00000, 0x0000000084b00000| Untracked 
|  76|0x0000000084c00000, 0x0000000084c00000, 0x0000000084d00000|  0%| F|  |TAMS 0x0000000084c00000, 0x0000000084c00000| Untracked 
|  77|0x0000000084d00000, 0x0000000084d767e8, 0x0000000084e00000| 46%| E|  |TAMS 0x0000000084d00000, 0x0000000084d00000| Complete 
|  78|0x0000000084e00000, 0x0000000084f00000, 0x0000000084f00000|100%| E|CS|TAMS 0x0000000084e00000, 0x0000000084e00000| Complete 
|  79|0x0000000084f00000, 0x0000000085000000, 0x0000000085000000|100%| E|CS|TAMS 0x0000000084f00000, 0x0000000084f00000| Complete 
|  80|0x0000000085000000, 0x0000000085100000, 0x0000000085100000|100%| E|CS|TAMS 0x0000000085000000, 0x0000000085000000| Complete 
|  81|0x0000000085100000, 0x0000000085200000, 0x0000000085200000|100%| E|CS|TAMS 0x0000000085100000, 0x0000000085100000| Complete 
|  82|0x0000000085200000, 0x0000000085300000, 0x0000000085300000|100%| E|CS|TAMS 0x0000000085200000, 0x0000000085200000| Complete 
|  83|0x0000000085300000, 0x0000000085400000, 0x0000000085400000|100%| E|CS|TAMS 0x0000000085300000, 0x0000000085300000| Complete 
|  84|0x0000000085400000, 0x0000000085500000, 0x0000000085500000|100%| E|CS|TAMS 0x0000000085400000, 0x0000000085400000| Complete 
|  85|0x0000000085500000, 0x0000000085600000, 0x0000000085600000|100%| E|CS|TAMS 0x0000000085500000, 0x0000000085500000| Complete 
|  86|0x0000000085600000, 0x0000000085700000, 0x0000000085700000|100%| E|CS|TAMS 0x0000000085600000, 0x0000000085600000| Complete 
|  87|0x0000000085700000, 0x0000000085800000, 0x0000000085800000|100%| E|CS|TAMS 0x0000000085700000, 0x0000000085700000| Complete 
|  88|0x0000000085800000, 0x0000000085900000, 0x0000000085900000|100%| E|CS|TAMS 0x0000000085800000, 0x0000000085800000| Complete 
|  89|0x0000000085900000, 0x0000000085a00000, 0x0000000085a00000|100%| E|CS|TAMS 0x0000000085900000, 0x0000000085900000| Complete 
|  90|0x0000000085a00000, 0x0000000085b00000, 0x0000000085b00000|100%| E|CS|TAMS 0x0000000085a00000, 0x0000000085a00000| Complete 
|  91|0x0000000085b00000, 0x0000000085c00000, 0x0000000085c00000|100%| E|CS|TAMS 0x0000000085b00000, 0x0000000085b00000| Complete 
|  92|0x0000000085c00000, 0x0000000085d00000, 0x0000000085d00000|100%| E|CS|TAMS 0x0000000085c00000, 0x0000000085c00000| Complete 
|  93|0x0000000085d00000, 0x0000000085e00000, 0x0000000085e00000|100%| E|CS|TAMS 0x0000000085d00000, 0x0000000085d00000| Complete 
|  94|0x0000000085e00000, 0x0000000085f00000, 0x0000000085f00000|100%| E|CS|TAMS 0x0000000085e00000, 0x0000000085e00000| Complete 
|  95|0x0000000085f00000, 0x0000000086000000, 0x0000000086000000|100%| E|CS|TAMS 0x0000000085f00000, 0x0000000085f00000| Complete 
|  96|0x0000000086000000, 0x0000000086100000, 0x0000000086100000|100%| E|CS|TAMS 0x0000000086000000, 0x0000000086000000| Complete 
|  97|0x0000000086100000, 0x0000000086200000, 0x0000000086200000|100%| E|CS|TAMS 0x0000000086100000, 0x0000000086100000| Complete 
|  98|0x0000000086200000, 0x0000000086300000, 0x0000000086300000|100%| E|CS|TAMS 0x0000000086200000, 0x0000000086200000| Complete 
|  99|0x0000000086300000, 0x0000000086400000, 0x0000000086400000|100%| E|CS|TAMS 0x0000000086300000, 0x0000000086300000| Complete 
| 100|0x0000000086400000, 0x0000000086500000, 0x0000000086500000|100%| E|CS|TAMS 0x0000000086400000, 0x0000000086400000| Complete 
| 101|0x0000000086500000, 0x0000000086600000, 0x0000000086600000|100%| E|CS|TAMS 0x0000000086500000, 0x0000000086500000| Complete 
| 102|0x0000000086600000, 0x0000000086700000, 0x0000000086700000|100%| E|CS|TAMS 0x0000000086600000, 0x0000000086600000| Complete 
| 103|0x0000000086700000, 0x0000000086800000, 0x0000000086800000|100%| E|CS|TAMS 0x0000000086700000, 0x0000000086700000| Complete 
| 104|0x0000000086800000, 0x0000000086900000, 0x0000000086900000|100%| E|CS|TAMS 0x0000000086800000, 0x0000000086800000| Complete 
| 105|0x0000000086900000, 0x0000000086a00000, 0x0000000086a00000|100%| E|CS|TAMS 0x0000000086900000, 0x0000000086900000| Complete 
| 106|0x0000000086a00000, 0x0000000086b00000, 0x0000000086b00000|100%| E|CS|TAMS 0x0000000086a00000, 0x0000000086a00000| Complete 
| 107|0x0000000086b00000, 0x0000000086c00000, 0x0000000086c00000|100%| E|CS|TAMS 0x0000000086b00000, 0x0000000086b00000| Complete 
| 108|0x0000000086c00000, 0x0000000086d00000, 0x0000000086d00000|100%| E|CS|TAMS 0x0000000086c00000, 0x0000000086c00000| Complete 
| 109|0x0000000086d00000, 0x0000000086e00000, 0x0000000086e00000|100%| E|CS|TAMS 0x0000000086d00000, 0x0000000086d00000| Complete 
| 110|0x0000000086e00000, 0x0000000086f00000, 0x0000000086f00000|100%| E|CS|TAMS 0x0000000086e00000, 0x0000000086e00000| Complete 
| 111|0x0000000086f00000, 0x0000000087000000, 0x0000000087000000|100%| E|CS|TAMS 0x0000000086f00000, 0x0000000086f00000| Complete 
| 112|0x0000000087000000, 0x0000000087100000, 0x0000000087100000|100%| E|CS|TAMS 0x0000000087000000, 0x0000000087000000| Complete 
| 113|0x0000000087100000, 0x0000000087200000, 0x0000000087200000|100%| E|CS|TAMS 0x0000000087100000, 0x0000000087100000| Complete 
| 114|0x0000000087200000, 0x0000000087300000, 0x0000000087300000|100%| E|CS|TAMS 0x0000000087200000, 0x0000000087200000| Complete 
| 115|0x0000000087300000, 0x0000000087400000, 0x0000000087400000|100%| E|CS|TAMS 0x0000000087300000, 0x0000000087300000| Complete 
| 116|0x0000000087400000, 0x0000000087500000, 0x0000000087500000|100%| E|CS|TAMS 0x0000000087400000, 0x0000000087400000| Complete 
| 117|0x0000000087500000, 0x0000000087600000, 0x0000000087600000|100%| E|CS|TAMS 0x0000000087500000, 0x0000000087500000| Complete 
| 118|0x0000000087600000, 0x0000000087700000, 0x0000000087700000|100%| E|CS|TAMS 0x0000000087600000, 0x0000000087600000| Complete 
| 119|0x0000000087700000, 0x0000000087800000, 0x0000000087800000|100%| E|CS|TAMS 0x0000000087700000, 0x0000000087700000| Complete 
| 120|0x0000000087800000, 0x0000000087900000, 0x0000000087900000|100%| E|CS|TAMS 0x0000000087800000, 0x0000000087800000| Complete 
| 121|0x0000000087900000, 0x0000000087a00000, 0x0000000087a00000|100%| E|CS|TAMS 0x0000000087900000, 0x0000000087900000| Complete 
| 122|0x0000000087a00000, 0x0000000087b00000, 0x0000000087b00000|100%| E|CS|TAMS 0x0000000087a00000, 0x0000000087a00000| Complete 
| 123|0x0000000087b00000, 0x0000000087c00000, 0x0000000087c00000|100%| E|CS|TAMS 0x0000000087b00000, 0x0000000087b00000| Complete 
| 124|0x0000000087c00000, 0x0000000087d00000, 0x0000000087d00000|100%| E|CS|TAMS 0x0000000087c00000, 0x0000000087c00000| Complete 
| 125|0x0000000087d00000, 0x0000000087e00000, 0x0000000087e00000|100%| E|CS|TAMS 0x0000000087d00000, 0x0000000087d00000| Complete 
| 126|0x0000000087e00000, 0x0000000087f00000, 0x0000000087f00000|100%| E|CS|TAMS 0x0000000087e00000, 0x0000000087e00000| Complete 
| 127|0x0000000087f00000, 0x0000000088000000, 0x0000000088000000|100%| E|CS|TAMS 0x0000000087f00000, 0x0000000087f00000| Complete 

Card table byte_map: [0x00000222fb800000,0x00000222fbc00000] _byte_map_base: 0x00000222fb400000

Marking Bits (Prev, Next): (CMBitMap*) 0x00000222f794ae00, (CMBitMap*) 0x00000222f794adc8
 Prev Bits: [0x00000222fe000000, 0x0000022300000000)
 Next Bits: [0x00000222fc000000, 0x00000222fe000000)

Polling page: 0x00000222f5780000

Metaspace:

Usage:
  Non-class:     22.39 MB capacity,    22.05 MB ( 98%) used,   298.23 KB (  1%) free+waste,    54.75 KB ( <1%) overhead. 
      Class:      3.55 MB capacity,     3.32 MB ( 93%) used,   210.24 KB (  6%) free+waste,    27.75 KB ( <1%) overhead. 
       Both:     25.94 MB capacity,    25.37 MB ( 98%) used,   508.48 KB (  2%) free+waste,    82.50 KB ( <1%) overhead. 

Virtual space:
  Non-class space:       24.00 MB reserved,      22.50 MB ( 94%) committed 
      Class space:        1.00 GB reserved,       3.63 MB ( <1%) committed 
             Both:        1.02 GB reserved,      26.13 MB (  2%) committed 

Chunk freelists:
   Non-Class:  47.00 KB
       Class:  10.00 KB
        Both:  57.00 KB

MaxMetaspaceSize: 17179869184.00 GB
CompressedClassSpaceSize: 1.00 GB

CodeHeap 'non-profiled nmethods': size=120064Kb used=1065Kb max_used=1065Kb free=118999Kb
 bounds [0x0000022287ac0000, 0x0000022287d30000, 0x000002228f000000]
CodeHeap 'profiled nmethods': size=120000Kb used=4854Kb max_used=4854Kb free=115145Kb
 bounds [0x0000022280590000, 0x0000022280a50000, 0x0000022287ac0000]
CodeHeap 'non-nmethods': size=5696Kb used=1159Kb max_used=1201Kb free=4536Kb
 bounds [0x0000022280000000, 0x0000022280270000, 0x0000022280590000]
 total_blobs=2763 nmethods=2260 adapters=414
 compilation: enabled
              stopped_count=0, restarted_count=0
 full_count=0

Compilation events (20 events):
Event: 7.170 Thread 0x000002229150d000 2238  s    3       java.io.BufferedInputStream::read (113 bytes)
Event: 7.171 Thread 0x000002229150d000 nmethod 2238 0x0000022280a33f90 code [0x0000022280a341c0, 0x0000022280a34b18]
Event: 7.171 Thread 0x000002229150d000 2239       3       java.io.DataInputStream::readLong (128 bytes)
Event: 7.172 Thread 0x000002229150d000 nmethod 2239 0x0000022280a34d90 code [0x0000022280a34f60, 0x0000022280a35268]
Event: 7.172 Thread 0x000002229150d000 2242       3       com.google.common.io.CountingInputStream::read (33 bytes)
Event: 7.172 Thread 0x000002229150d000 nmethod 2242 0x0000022280a35410 code [0x0000022280a355c0, 0x0000022280a357c8]
Event: 7.172 Thread 0x000002229150d000 2241       3       org.gradle.cache.internal.btree.BlockPointer::pos (56 bytes)
Event: 7.174 Thread 0x000002229150d000 nmethod 2241 0x0000022280a35890 code [0x0000022280a35b00, 0x0000022280a364f8]
Event: 7.174 Thread 0x000002229150d000 2243       3       java.util.concurrent.locks.AbstractQueuedSynchronizer::compareAndSetState (10 bytes)
Event: 7.175 Thread 0x000002229150d000 nmethod 2243 0x0000022280a36890 code [0x0000022280a36aa0, 0x0000022280a37018]
Event: 7.189 Thread 0x000002229150d000 2245       3       jdk.internal.misc.Unsafe::weakCompareAndSetInt (11 bytes)
Event: 7.189 Thread 0x000002229150d000 nmethod 2245 0x0000022280a37290 code [0x0000022280a37440, 0x0000022280a37558]
Event: 7.190 Thread 0x000002229150d000 2246       3       jdk.internal.misc.Unsafe::getAndAddInt (27 bytes)
Event: 7.191 Thread 0x000002229150d000 nmethod 2246 0x0000022280a37610 code [0x0000022280a377c0, 0x0000022280a379f8]
Event: 7.202 Thread 0x000002229150d000 2247       3       java.net.URI::match (56 bytes)
Event: 7.202 Thread 0x000002229150d000 nmethod 2247 0x0000022280a37b10 code [0x0000022280a37cc0, 0x0000022280a37f78]
Event: 7.205 Thread 0x000002229150d000 2248       3       org.gradle.cache.internal.btree.BTreePersistentIndexedCache$IndexEntry::<init> (5 bytes)
Event: 7.205 Thread 0x000002229150d000 nmethod 2248 0x0000022280a38010 code [0x0000022280a381c0, 0x0000022280a38378]
Event: 7.205 Thread 0x000002229150d000 2249       3       org.gradle.cache.internal.btree.BTreePersistentIndexedCache$IndexEntry::<init> (5 bytes)
Event: 7.205 Thread 0x000002229150d000 nmethod 2249 0x0000022280a38490 code [0x0000022280a38640, 0x0000022280a38798]

GC Heap History (8 events):
Event: 1.280 GC heap before
{Heap before GC invocations=0 (full 0):
 garbage-first heap   total 131072K, used 19456K [0x0000000080000000, 0x0000000100000000)
  region size 1024K, 14 young (14336K), 0 survivors (0K)
 Metaspace       used 6731K, capacity 6921K, committed 7168K, reserved 1056768K
  class space    used 582K, capacity 650K, committed 768K, reserved 1048576K
}
Event: 1.292 GC heap after
{Heap after GC invocations=1 (full 0):
 garbage-first heap   total 131072K, used 7886K [0x0000000080000000, 0x0000000100000000)
  region size 1024K, 2 young (2048K), 2 survivors (2048K)
 Metaspace       used 6731K, capacity 6921K, committed 7168K, reserved 1056768K
  class space    used 582K, capacity 650K, committed 768K, reserved 1048576K
}
Event: 1.941 GC heap before
{Heap before GC invocations=1 (full 0):
 garbage-first heap   total 131072K, used 18126K [0x0000000080000000, 0x0000000100000000)
  region size 1024K, 12 young (12288K), 2 survivors (2048K)
 Metaspace       used 9823K, capacity 9986K, committed 10112K, reserved 1058816K
  class space    used 1021K, capacity 1102K, committed 1152K, reserved 1048576K
}
Event: 1.946 GC heap after
{Heap after GC invocations=2 (full 0):
 garbage-first heap   total 131072K, used 8912K [0x0000000080000000, 0x0000000100000000)
  region size 1024K, 2 young (2048K), 2 survivors (2048K)
 Metaspace       used 9823K, capacity 9986K, committed 10112K, reserved 1058816K
  class space    used 1021K, capacity 1102K, committed 1152K, reserved 1048576K
}
Event: 3.044 GC heap before
{Heap before GC invocations=2 (full 0):
 garbage-first heap   total 131072K, used 37584K [0x0000000080000000, 0x0000000100000000)
  region size 1024K, 29 young (29696K), 2 survivors (2048K)
 Metaspace       used 10779K, capacity 11003K, committed 11264K, reserved 1058816K
  class space    used 1124K, capacity 1206K, committed 1280K, reserved 1048576K
}
Event: 3.051 GC heap after
{Heap after GC invocations=3 (full 0):
 garbage-first heap   total 131072K, used 11692K [0x0000000080000000, 0x0000000100000000)
  region size 1024K, 3 young (3072K), 3 survivors (3072K)
 Metaspace       used 10779K, capacity 11003K, committed 11264K, reserved 1058816K
  class space    used 1124K, capacity 1206K, committed 1280K, reserved 1048576K
}
Event: 5.749 GC heap before
{Heap before GC invocations=3 (full 0):
 garbage-first heap   total 131072K, used 79276K [0x0000000080000000, 0x0000000100000000)
  region size 1024K, 70 young (71680K), 3 survivors (3072K)
 Metaspace       used 20560K, capacity 21085K, committed 21248K, reserved 1067008K
  class space    used 2509K, capacity 2699K, committed 2816K, reserved 1048576K
}
Event: 5.766 GC heap after
{Heap after GC invocations=4 (full 0):
 garbage-first heap   total 131072K, used 16256K [0x0000000080000000, 0x0000000100000000)
  region size 1024K, 9 young (9216K), 9 survivors (9216K)
 Metaspace       used 20560K, capacity 21085K, committed 21248K, reserved 1067008K
  class space    used 2509K, capacity 2699K, committed 2816K, reserved 1048576K
}

Deoptimization events (20 events):
Event: 6.985 Thread 0x0000022294b5a800 Uncommon trap: trap_request=0xffffff7e fr.pc=0x0000022287bc24b0 relative=0x0000000000000150
Event: 6.985 Thread 0x0000022294b5a800 Uncommon trap: reason=predicate action=maybe_recompile pc=0x0000022287bc24b0 method=com.google.common.base.CharMatcher.indexIn(Ljava/lang/CharSequence;I)I @ 19 c2
Event: 6.985 Thread 0x0000022294b5a800 DEOPT PACKING pc=0x0000022287bc24b0 sp=0x000000d9fa0fbe30
Event: 6.985 Thread 0x0000022294b5a800 DEOPT UNPACKING pc=0x00000222800278af sp=0x000000d9fa0fbdc0 mode 2
Event: 7.085 Thread 0x0000022294b5a800 Uncommon trap: trap_request=0xffffffde fr.pc=0x0000022287bc715c relative=0x000000000000031c
Event: 7.085 Thread 0x0000022294b5a800 Uncommon trap: reason=class_check action=maybe_recompile pc=0x0000022287bc715c method=java.util.Collections$SetFromMap.remove(Ljava/lang/Object;)Z @ 5 c2
Event: 7.085 Thread 0x0000022294b5a800 DEOPT PACKING pc=0x0000022287bc715c sp=0x000000d9fa0fc850
Event: 7.085 Thread 0x0000022294b5a800 DEOPT UNPACKING pc=0x00000222800278af sp=0x000000d9fa0fc838 mode 2
Event: 7.085 Thread 0x0000022294b5a800 Uncommon trap: trap_request=0xffffffde fr.pc=0x0000022287bc715c relative=0x000000000000031c
Event: 7.085 Thread 0x0000022294b5a800 Uncommon trap: reason=class_check action=maybe_recompile pc=0x0000022287bc715c method=java.util.Collections$SetFromMap.remove(Ljava/lang/Object;)Z @ 5 c2
Event: 7.085 Thread 0x0000022294b5a800 DEOPT PACKING pc=0x0000022287bc715c sp=0x000000d9fa0fc7d0
Event: 7.085 Thread 0x0000022294b5a800 DEOPT UNPACKING pc=0x00000222800278af sp=0x000000d9fa0fc7b8 mode 2
Event: 7.121 Thread 0x0000022294b5a800 Uncommon trap: trap_request=0xffffff4d fr.pc=0x0000022287b12f28 relative=0x00000000000001e8
Event: 7.121 Thread 0x0000022294b5a800 Uncommon trap: reason=unstable_if action=reinterpret pc=0x0000022287b12f28 method=java.net.URI.match(CJJ)Z @ 19 c2
Event: 7.121 Thread 0x0000022294b5a800 DEOPT PACKING pc=0x0000022287b12f28 sp=0x000000d9fa0fbde0
Event: 7.121 Thread 0x0000022294b5a800 DEOPT UNPACKING pc=0x00000222800278af sp=0x000000d9fa0fbce0 mode 2
Event: 7.121 Thread 0x0000022294b5a800 Uncommon trap: trap_request=0xffffff4d fr.pc=0x0000022287ae1168 relative=0x0000000000000048
Event: 7.121 Thread 0x0000022294b5a800 Uncommon trap: reason=unstable_if action=reinterpret pc=0x0000022287ae1168 method=java.net.URI.match(CJJ)Z @ 19 c2
Event: 7.121 Thread 0x0000022294b5a800 DEOPT PACKING pc=0x0000022287ae1168 sp=0x000000d9fa0fbd20
Event: 7.121 Thread 0x0000022294b5a800 DEOPT UNPACKING pc=0x00000222800278af sp=0x000000d9fa0fbcd0 mode 2

Classes redefined (0 events):
No events

Internal exceptions (20 events):
Event: 5.491 Thread 0x0000022294b5a800 Exception <a 'java/lang/IncompatibleClassChangeError'{0x00000000842b2f60}: Found class java.lang.Object, but interface was expected> (0x00000000842b2f60) thrown at [./src/hotspot/share/interpreter/linkResolver.cpp, line 839]
Event: 5.525 Thread 0x0000022294b5a800 Exception <a 'java/lang/NoSuchMethodError'{0x0000000084028080}: 'void java.lang.invoke.DirectMethodHandle$Holder.invokeStaticInit(java.lang.Object)'> (0x0000000084028080) thrown at [./src/hotspot/share/interpreter/linkResolver.cpp, line 773]
Event: 5.617 Thread 0x0000022294b5a800 Exception <a 'java/lang/NoSuchMethodError'{0x0000000083e944b8}: 'java.lang.Object java.lang.invoke.DirectMethodHandle$Holder.invokeStatic(java.lang.Object, java.lang.Object, java.lang.Object, int)'> (0x0000000083e944b8) thrown at [./src/hotspot/share/interpreter/linkResolver.cpp, line 773]
Event: 5.617 Thread 0x0000022294b5a800 Exception <a 'java/lang/NoSuchMethodError'{0x0000000083e98680}: 'java.lang.Object java.lang.invoke.DirectMethodHandle$Holder.invokeSpecial(java.lang.Object, java.lang.Object, java.lang.Object, java.lang.Object, int)'> (0x0000000083e98680) thrown at [./src/hotspot/share/interpreter/linkResolver.cpp, line 773]
Event: 5.618 Thread 0x0000022294b5a800 Exception <a 'java/lang/NoSuchMethodError'{0x0000000083e9c068}: 'java.lang.Object java.lang.invoke.Invokers$Holder.linkToTargetMethod(java.lang.Object, java.lang.Object, int, java.lang.Object)'> (0x0000000083e9c068) thrown at [./src/hotspot/share/interpreter/linkResolver.cpp, line 773]
Event: 5.801 Thread 0x0000022294b5a800 Exception <a 'java/lang/NoSuchMethodError'{0x0000000087fe4370}: 'int java.lang.invoke.DirectMethodHandle$Holder.invokeSpecialIFC(java.lang.Object, java.lang.Object, java.lang.Object, java.lang.Object)'> (0x0000000087fe4370) thrown at [./src/hotspot/share/interpreter/linkResolver.cpp, line 773]
Event: 5.804 Thread 0x0000022294b5a800 Exception <a 'java/lang/NoSuchMethodError'{0x0000000087ff2130}: 'java.lang.Object java.lang.invoke.DirectMethodHandle$Holder.invokeInterface(java.lang.Object, java.lang.Object, java.lang.Object)'> (0x0000000087ff2130) thrown at [./src/hotspot/share/interpreter/linkResolver.cpp, line 773]
Event: 5.805 Thread 0x0000022294b5a800 Exception <a 'java/lang/IncompatibleClassChangeError'{0x0000000087ff5608}: Found class java.lang.Object, but interface was expected> (0x0000000087ff5608) thrown at [./src/hotspot/share/interpreter/linkResolver.cpp, line 839]
Event: 5.823 Thread 0x0000022294b5a800 Exception <a 'java/lang/NoSuchMethodError'{0x0000000087eac328}: 'void java.lang.invoke.DirectMethodHandle$Holder.invokeStatic(java.lang.Object, java.lang.Object, java.lang.Object, java.lang.Object, java.lang.Object)'> (0x0000000087eac328) thrown at [./src/hotspot/share/interpreter/linkResolver.cpp, line 773]
Event: 5.974 Thread 0x0000022294b5a800 Exception <a 'java/lang/NoSuchMethodError'{0x00000000879969b8}: 'void java.lang.invoke.DirectMethodHandle$Holder.invokeSpecial(java.lang.Object, java.lang.Object)'> (0x00000000879969b8) thrown at [./src/hotspot/share/interpreter/linkResolver.cpp, line 773]
Event: 6.044 Thread 0x0000022294b5a800 Exception <a 'java/lang/NoSuchMethodError'{0x00000000877c9898}: 'java.lang.Object java.lang.invoke.DirectMethodHandle$Holder.invokeSpecial(java.lang.Object, java.lang.Object, java.lang.Object, java.lang.Object, java.lang.Object, java.lang.Object, java.lang.Object, java.lang.Object, java.lang.Object)'> (0x00000000877c9898) thrown at [./src/hotspot/share/interpreter/linkResolver.cpp, line 773]
Event: 6.187 Thread 0x0000022294b5a800 Exception <a 'java/lang/NoSuchMethodError'{0x0000000086d41230}: 'java.lang.Object java.lang.invoke.DirectMethodHandle$Holder.invokeVirtual(java.lang.Object, java.lang.Object, java.lang.Object, java.lang.Object)'> (0x0000000086d41230) thrown at [./src/hotspot/share/interpreter/linkResolver.cpp, line 773]
Event: 6.230 Thread 0x0000022294b5a800 Exception <a 'java/lang/NoSuchMethodError'{0x0000000086a09310}: 'java.lang.Object java.lang.invoke.Invokers$Holder.invoker(java.lang.Object, java.lang.Object, java.lang.Object, java.lang.Object, java.lang.Object)'> (0x0000000086a09310) thrown at [./src/hotspot/share/interpreter/linkResolver.cpp, line 773]
Event: 6.414 Thread 0x0000022294b5a800 Exception <a 'java/lang/NoSuchMethodError'{0x0000000086656f10}: 'void java.lang.invoke.DirectMethodHandle$Holder.invokeSpecial(java.lang.Object, java.lang.Object, java.lang.Object, java.lang.Object, java.lang.Object, java.lang.Object)'> (0x0000000086656f10) thrown at [./src/hotspot/share/interpreter/linkResolver.cpp, line 773]
Event: 6.435 Thread 0x0000022294b5a800 Exception <a 'java/lang/NoSuchMethodError'{0x00000000866eb950}: 'void java.lang.invoke.DirectMethodHandle$Holder.invokeSpecial(java.lang.Object, java.lang.Object, java.lang.Object, java.lang.Object, java.lang.Object, java.lang.Object, java.lang.Object)'> (0x00000000866eb950) thrown at [./src/hotspot/share/interpreter/linkResolver.cpp, line 773]
Event: 6.437 Thread 0x0000022294b5a800 Exception <a 'java/lang/NoSuchMethodError'{0x00000000866f3b98}: 'java.lang.Object java.lang.invoke.Invokers$Holder.linkToTargetMethod(java.lang.Object, java.lang.Object, java.lang.Object, java.lang.Object, java.lang.Object, java.lang.Object)'> (0x00000000866f3b98) thrown at [./src/hotspot/share/interpreter/linkResolver.cpp, line 773]
Event: 6.792 Thread 0x0000022294b5a800 Exception <a 'java/lang/NoSuchMethodError'{0x0000000085827cd0}: 'void java.lang.invoke.DirectMethodHandle$Holder.invokeStaticInit(java.lang.Object, java.lang.Object)'> (0x0000000085827cd0) thrown at [./src/hotspot/share/interpreter/linkResolver.cpp, line 773]
Event: 7.065 Thread 0x0000022294b5a800 Exception <a 'java/lang/NoSuchMethodError'{0x0000000085270288}: 'void java.lang.invoke.DirectMethodHandle$Holder.invokeStatic(java.lang.Object, java.lang.Object, java.lang.Object, java.lang.Object)'> (0x0000000085270288) thrown at [./src/hotspot/share/interpreter/linkResolver.cpp, line 773]
Event: 7.072 Thread 0x0000022294b5a800 Exception <a 'java/lang/NoSuchMethodError'{0x0000000085284050}: 'int java.lang.invoke.DirectMethodHandle$Holder.invokeInterface(java.lang.Object, java.lang.Object)'> (0x0000000085284050) thrown at [./src/hotspot/share/interpreter/linkResolver.cpp, line 773]
Event: 7.181 Thread 0x0000022294b5a800 Exception <a 'java/lang/NoSuchMethodError'{0x00000000850c80b8}: 'int java.lang.invoke.DirectMethodHandle$Holder.invokeStaticInit(java.lang.Object, java.lang.Object, java.lang.Object)'> (0x00000000850c80b8) thrown at [./src/hotspot/share/interpreter/linkResolver.cpp, line 773]

Events (20 events):
Event: 7.198 loading class org/gradle/internal/snapshot/ReadOnlyFileSystemNode$1 done
Event: 7.199 loading class org/gradle/internal/classpath/DefaultCachedClasspathTransformer$TransformFile
Event: 7.199 loading class org/gradle/internal/classpath/DefaultCachedClasspathTransformer$TransformFile done
Event: 7.201 loading class org/gradle/internal/classpath/DefaultCachedClasspathTransformer$TransformFile
Event: 7.201 loading class org/gradle/internal/classpath/DefaultCachedClasspathTransformer$TransformFile done
Event: 7.201 Thread 0x0000022293d91000 Thread added: 0x0000022293d91000
Event: 7.203 loading class org/gradle/internal/snapshot/SnapshotUtil$1
Event: 7.203 loading class org/gradle/internal/snapshot/SnapshotUtil$1 done
Event: 7.205 loading class org/gradle/internal/snapshot/AbstractIncompleteFileSystemNode$2
Event: 7.205 loading class org/gradle/internal/snapshot/AbstractIncompleteFileSystemNode$2 done
Event: 7.207 loading class org/gradle/internal/snapshot/SingletonChildMap$2
Event: 7.207 loading class org/gradle/internal/snapshot/SingletonChildMap$2 done
Event: 7.207 loading class org/gradle/internal/snapshot/AbstractStorePathRelationshipHandler
Event: 7.207 loading class org/gradle/internal/snapshot/AbstractStorePathRelationshipHandler done
Event: 7.208 loading class org/gradle/internal/snapshot/ChildMapFactory
Event: 7.208 loading class org/gradle/internal/snapshot/ChildMapFactory done
Event: 7.209 loading class org/gradle/internal/snapshot/PathUtil$1
Event: 7.209 loading class org/gradle/internal/snapshot/PathUtil$1 done
Event: 7.210 loading class org/gradle/internal/snapshot/MediumChildMap
Event: 7.210 loading class org/gradle/internal/snapshot/MediumChildMap done


Dynamic libraries:
0x00007ff6eaa30000 - 0x00007ff6eaa3a000 	C:\Program Files\Android\Android Studio\jre\bin\java.exe
0x00007ff9e6230000 - 0x00007ff9e6425000 	C:\WINDOWS\SYSTEM32\ntdll.dll
0x00007ff9e50f0000 - 0x00007ff9e51ad000 	C:\WINDOWS\System32\KERNEL32.DLL
0x00007ff9e3f60000 - 0x00007ff9e4229000 	C:\WINDOWS\System32\KERNELBASE.dll
0x00007ff9e3e60000 - 0x00007ff9e3f60000 	C:\WINDOWS\System32\ucrtbase.dll
0x00007ff9df320000 - 0x00007ff9df339000 	C:\Program Files\Android\Android Studio\jre\bin\jli.dll
0x00007ff9e4a20000 - 0x00007ff9e4bc0000 	C:\WINDOWS\System32\USER32.dll
0x00007ff9e3e30000 - 0x00007ff9e3e52000 	C:\WINDOWS\System32\win32u.dll
0x00007ff9e5f80000 - 0x00007ff9e5faa000 	C:\WINDOWS\System32\GDI32.dll
0x00007ff9e39b0000 - 0x00007ff9e3abb000 	C:\WINDOWS\System32\gdi32full.dll
0x00007ff9e3d90000 - 0x00007ff9e3e2d000 	C:\WINDOWS\System32\msvcp_win.dll
0x00007ff9dc750000 - 0x00007ff9dc767000 	C:\Program Files\Android\Android Studio\jre\bin\VCRUNTIME140.dll
0x00007ff9d7170000 - 0x00007ff9d740a000 	C:\WINDOWS\WinSxS\amd64_microsoft.windows.common-controls_6595b64144ccf1df_6.0.19041.1110_none_60b5254171f9507e\COMCTL32.dll
0x00007ff9e4920000 - 0x00007ff9e49be000 	C:\WINDOWS\System32\msvcrt.dll
0x00007ff9e48f0000 - 0x00007ff9e4920000 	C:\WINDOWS\System32\IMM32.DLL
0x00007ff9ca280000 - 0x00007ff9ca31d000 	C:\Program Files\Android\Android Studio\jre\bin\msvcp140.dll
0x00007ff987c00000 - 0x00007ff9886cf000 	C:\Program Files\Android\Android Studio\jre\bin\server\jvm.dll
0x00007ff9e4290000 - 0x00007ff9e433c000 	C:\WINDOWS\System32\ADVAPI32.dll
0x00007ff9e44f0000 - 0x00007ff9e458b000 	C:\WINDOWS\System32\sechost.dll
0x00007ff9e51b0000 - 0x00007ff9e52da000 	C:\WINDOWS\System32\RPCRT4.dll
0x00007ff9e5070000 - 0x00007ff9e5078000 	C:\WINDOWS\System32\PSAPI.DLL
0x00007ff9d87c0000 - 0x00007ff9d87c9000 	C:\WINDOWS\SYSTEM32\WSOCK32.dll
0x00007ff9d74e0000 - 0x00007ff9d7507000 	C:\WINDOWS\SYSTEM32\WINMM.dll
0x00007ff9e5080000 - 0x00007ff9e50eb000 	C:\WINDOWS\System32\WS2_32.dll
0x00007ff9d6c10000 - 0x00007ff9d6c1a000 	C:\WINDOWS\SYSTEM32\VERSION.dll
0x00007ff9e1870000 - 0x00007ff9e1882000 	C:\WINDOWS\SYSTEM32\kernel.appcore.dll
0x00007ff997120000 - 0x00007ff997131000 	C:\Program Files\Android\Android Studio\jre\bin\verify.dll
0x00007ff9d29c0000 - 0x00007ff9d2ba4000 	C:\WINDOWS\SYSTEM32\DBGHELP.DLL
0x00007ff9d2990000 - 0x00007ff9d29bc000 	C:\WINDOWS\SYSTEM32\dbgcore.DLL
0x00007ff9e3ac0000 - 0x00007ff9e3b43000 	C:\WINDOWS\System32\bcryptPrimitives.dll
0x00007ff996ff0000 - 0x00007ff997019000 	C:\Program Files\Android\Android Studio\jre\bin\java.dll
0x00007ff9c9d90000 - 0x00007ff9c9d9b000 	C:\Program Files\Android\Android Studio\jre\bin\jimage.dll
0x00007ff9970d0000 - 0x00007ff9970e8000 	C:\Program Files\Android\Android Studio\jre\bin\zip.dll
0x00007ff9e53c0000 - 0x00007ff9e5aff000 	C:\WINDOWS\System32\SHELL32.dll
0x00007ff9e1a70000 - 0x00007ff9e2200000 	C:\WINDOWS\SYSTEM32\windows.storage.dll
0x00007ff9e4590000 - 0x00007ff9e48e5000 	C:\WINDOWS\System32\combase.dll
0x00007ff9e33c0000 - 0x00007ff9e33ec000 	C:\WINDOWS\SYSTEM32\Wldp.dll
0x00007ff9e4e60000 - 0x00007ff9e4f0e000 	C:\WINDOWS\System32\SHCORE.dll
0x00007ff9e49c0000 - 0x00007ff9e4a15000 	C:\WINDOWS\System32\shlwapi.dll
0x00007ff9e38a0000 - 0x00007ff9e38bf000 	C:\WINDOWS\SYSTEM32\profapi.dll
0x00007ff9944c0000 - 0x00007ff9944da000 	C:\Program Files\Android\Android Studio\jre\bin\net.dll
0x00007ff9d8b30000 - 0x00007ff9d8c38000 	C:\WINDOWS\SYSTEM32\WINHTTP.dll
0x00007ff9e3120000 - 0x00007ff9e318a000 	C:\WINDOWS\system32\mswsock.dll
0x00007ff9944a0000 - 0x00007ff9944b4000 	C:\Program Files\Android\Android Studio\jre\bin\nio.dll
0x00007ff9bd0f0000 - 0x00007ff9bd117000 	C:\Users\ahmed\.gradle\native\8bec1ad78214c89d9ad589b4d07fe93259594b29d510b10fafb7a158f7737e5d\windows-amd64\native-platform.dll
0x00007ff986cd0000 - 0x00007ff986e0d000 	C:\Users\ahmed\.gradle\native\53dbd7edfb1c66fb8903c78663c9afc45aea4f116125fa6feffd364cf09443e8\windows-amd64\native-platform-file-events.dll
0x00007ff9c9830000 - 0x00007ff9c983a000 	C:\Program Files\Android\Android Studio\jre\bin\management.dll
0x00007ff9c8bc0000 - 0x00007ff9c8bcc000 	C:\Program Files\Android\Android Studio\jre\bin\management_ext.dll
0x00007ff9e3320000 - 0x00007ff9e3338000 	C:\WINDOWS\SYSTEM32\CRYPTSP.dll
0x00007ff9e2a30000 - 0x00007ff9e2a64000 	C:\WINDOWS\system32\rsaenh.dll
0x00007ff9e3b50000 - 0x00007ff9e3b77000 	C:\WINDOWS\System32\bcrypt.dll
0x00007ff9e3820000 - 0x00007ff9e384e000 	C:\WINDOWS\SYSTEM32\USERENV.dll
0x00007ff9e3310000 - 0x00007ff9e331c000 	C:\WINDOWS\SYSTEM32\CRYPTBASE.dll
0x00007ff9e2dc0000 - 0x00007ff9e2dfb000 	C:\WINDOWS\SYSTEM32\IPHLPAPI.DLL
0x00007ff9e6180000 - 0x00007ff9e6188000 	C:\WINDOWS\System32\NSI.dll
0x00007ff9dd700000 - 0x00007ff9dd717000 	C:\WINDOWS\SYSTEM32\dhcpcsvc6.DLL
0x00007ff9dd6e0000 - 0x00007ff9dd6fd000 	C:\WINDOWS\SYSTEM32\dhcpcsvc.DLL
0x00007ff9e2e00000 - 0x00007ff9e2ecc000 	C:\WINDOWS\SYSTEM32\DNSAPI.dll

dbghelp: loaded successfully - version: 4.0.5 - missing functions: none
symbol engine: initialized successfully - sym options: 0x614 - pdb path: .;C:\Program Files\Android\Android Studio\jre\bin;C:\WINDOWS\SYSTEM32;C:\WINDOWS\WinSxS\amd64_microsoft.windows.common-controls_6595b64144ccf1df_6.0.19041.1110_none_60b5254171f9507e;C:\Program Files\Android\Android Studio\jre\bin\server;C:\Users\ahmed\.gradle\native\8bec1ad78214c89d9ad589b4d07fe93259594b29d510b10fafb7a158f7737e5d\windows-amd64;C:\Users\ahmed\.gradle\native\53dbd7edfb1c66fb8903c78663c9afc45aea4f116125fa6feffd364cf09443e8\windows-amd64

VM Arguments:
jvm_args: --add-opens=java.base/java.util=ALL-UNNAMED --add-opens=java.base/java.lang=ALL-UNNAMED --add-opens=java.base/java.lang.invoke=ALL-UNNAMED --add-opens=java.base/java.util=ALL-UNNAMED --add-opens=java.prefs/java.util.prefs=ALL-UNNAMED --add-opens=java.prefs/java.util.prefs=ALL-UNNAMED --add-opens=java.base/java.nio.charset=ALL-UNNAMED --add-opens=java.base/java.net=ALL-UNNAMED --add-opens=java.base/java.util.concurrent.atomic=ALL-UNNAMED -Xmx2048m -Dfile.encoding=UTF-8 -Duser.country=US -Duser.language=en -Duser.variant 
java_command: org.gradle.launcher.daemon.bootstrap.GradleDaemon 7.0.2
java_class_path (initial): C:\Users\ahmed\.gradle\wrapper\dists\gradle-7.0.2-bin\857tjihv64xamwrf0h14cai3r\gradle-7.0.2\lib\gradle-launcher-7.0.2.jar
Launcher Type: SUN_STANDARD

[Global flags]
     intx CICompilerCount                          = 3                                         {product} {ergonomic}
     uint ConcGCThreads                            = 1                                         {product} {ergonomic}
     uint G1ConcRefinementThreads                  = 4                                         {product} {ergonomic}
   size_t G1HeapRegionSize                         = 1048576                                   {product} {ergonomic}
    uintx GCDrainStackTargetSize                   = 64                                        {product} {ergonomic}
   size_t InitialHeapSize                          = 134217728                                 {product} {ergonomic}
   size_t MarkStackSize                            = 4194304                                   {product} {ergonomic}
   size_t MaxHeapSize                              = 2147483648                                {product} {command line}
   size_t MaxNewSize                               = 1287651328                                {product} {ergonomic}
   size_t MinHeapDeltaBytes                        = 1048576                                   {product} {ergonomic}
    uintx NonNMethodCodeHeapSize                   = 5830732                                {pd product} {ergonomic}
    uintx NonProfiledCodeHeapSize                  = 122913754                              {pd product} {ergonomic}
    uintx ProfiledCodeHeapSize                     = 122913754                              {pd product} {ergonomic}
    uintx ReservedCodeCacheSize                    = 251658240                              {pd product} {ergonomic}
     bool SegmentedCodeCache                       = true                                      {product} {ergonomic}
     bool UseCompressedClassPointers               = true                                 {lp64_product} {ergonomic}
     bool UseCompressedOops                        = true                                 {lp64_product} {ergonomic}
     bool UseG1GC                                  = true                                      {product} {ergonomic}
     bool UseLargePagesIndividualAllocation        = false                                  {pd product} {ergonomic}

Logging:
Log output configuration:
 #0: stdout all=warning uptime,level,tags
 #1: stderr all=off uptime,level,tags

Environment Variables:
PATH=C:\Program Files\Common Files\Oracle\Java\javapath;C:\WINDOWS\system32;C:\WINDOWS;C:\WINDOWS\System32\Wbem;C:\WINDOWS\System32\WindowsPowerShell\v1.0\;C:\Program Files (x86)\Brackets\command;C:\Program Files\Dart\dart-sdk\bin;C:\Program Files\Git\cmd;C:\src\flutter\bin;;C:\WINDOWS\System32\OpenSSH\;C:\Users\ahmed\AppData\Local\Programs\Python\Python39\Scripts\;C:\Users\ahmed\AppData\Local\Programs\Python\Python39\;C:\Users\ahmed\AppData\Local\Microsoft\WindowsApps;C:\Users\ahmed\AppData\Local\Programs\Microsoft VS Code\bin;C:\Users\ahmed\AppData\Local\atom\bin;C:\Users\ahmed\AppData\Local\Microsoft\WindowsApps;
USERNAME=ahmed
OS=Windows_NT
PROCESSOR_IDENTIFIER=Intel64 Family 6 Model 69 Stepping 1, GenuineIntel



---------------  S Y S T E M  ---------------

OS: Windows 10 , 64 bit Build 19041 (10.0.19041.1151)
OS uptime: 2 days 7:20 hours

CPU:total 4 (initial active 4) (2 cores per cpu, 2 threads per core) family 6 model 69 stepping 1 microcode 0x26, cmov, cx8, fxsr, mmx, sse, sse2, sse3, ssse3, sse4.1, sse4.2, popcnt, avx, avx2, aes, clmul, erms, lzcnt, ht, tsc, tscinvbit, bmi1, bmi2, fma

Memory: 4k page, system-wide physical 8128M (1086M free)
TotalPageFile size 23425M (AvailPageFile size 7M)
current process WorkingSet (physical memory assigned to process): 208M, peak: 210M
current process commit charge ("private bytes"): 280M, peak: 283M

vm_info: OpenJDK 64-Bit Server VM (11.0.10+0-b96-7249189) for windows-amd64 JRE (11.0.10+0-b96-7249189), built on Mar 31 2021 21:44:00 by "builder" with MS VC++ 14.0 (VS2015)

END.
