#
# There is insufficient memory for the Java Runtime Environment to continue.
# Native memory allocation (mmap) failed to map 32505856 bytes for Failed to commit area from 0x0000000089a00000 to 0x000000008b900000 of length 32505856.
# Possible reasons:
#   The system is out of physical RAM or swap space
#   The process is running with CompressedOops enabled, and the Java Heap may be blocking the growth of the native heap
# Possible solutions:
#   Reduce memory load on the system
#   Increase physical memory or swap space
#   Check if swap backing store is full
#   Decrease Java heap size (-Xmx/-Xms)
#   Decrease number of Java threads
#   Decrease Java thread stack sizes (-Xss)
#   Set larger code cache with -XX:ReservedCodeCacheSize=
#   JVM is running with Unscaled Compressed Oops mode in which the Java heap is
#     placed in the first 4GB address space. The Java Heap base address is the
#     maximum limit for the native heap growth. Please use -XX:HeapBaseMinAddress
#     to set the Java Heap base and to place the Java Heap above 4GB virtual address.
# This output file may be truncated or incomplete.
#
#  Out of Memory Error (./src/hotspot/os/windows/os_windows.cpp:3301), pid=4176, tid=6772
#
# JRE version: OpenJDK Runtime Environment (11.0.10) (build 11.0.10+0-b96-7249189)
# Java VM: OpenJDK 64-Bit Server VM (11.0.10+0-b96-7249189, mixed mode, tiered, compressed oops, g1 gc, windows-amd64)
# No core dump will be written. Minidumps are not enabled by default on client versions of Windows
#

---------------  S U M M A R Y ------------

Command Line: --add-opens=java.base/java.util=ALL-UNNAMED --add-opens=java.base/java.lang=ALL-UNNAMED --add-opens=java.base/java.lang.invoke=ALL-UNNAMED --add-opens=java.base/java.util=ALL-UNNAMED --add-opens=java.prefs/java.util.prefs=ALL-UNNAMED --add-opens=java.prefs/java.util.prefs=ALL-UNNAMED --add-opens=java.base/java.nio.charset=ALL-UNNAMED --add-opens=java.base/java.net=ALL-UNNAMED --add-opens=java.base/java.util.concurrent.atomic=ALL-UNNAMED -Xmx2048m -Dfile.encoding=UTF-8 -Duser.country=US -Duser.language=en -Duser.variant org.gradle.launcher.daemon.bootstrap.GradleDaemon 7.0.2

Host: Intel(R) Core(TM) i3-4005U CPU @ 1.70GHz, 4 cores, 7G,  Windows 10 , 64 bit Build 19041 (10.0.19041.1151)
Time: Mon Aug 30 03:32:31 2021 West Bank Gaza Daylight Time elapsed time: 21.780464 seconds (0d 0h 0m 21s)

---------------  T H R E A D  ---------------

Current thread (0x000002820f2bb800):  VMThread "VM Thread" [stack: 0x000000da85f00000,0x000000da86000000] [id=6772]

Stack: [0x000000da85f00000,0x000000da86000000]
[error occurred during error reporting (printing stack bounds), id 0xc0000005, EXCEPTION_ACCESS_VIOLATION (0xc0000005) at pc=0x0000028200000f2d]

Native frames: (J=compiled Java code, j=interpreted, Vv=VM code, C=native code)
V  [jvm.dll+0x5ecfaa]
V  [jvm.dll+0x722bd5]
V  [jvm.dll+0x72412d]
V  [jvm.dll+0x724745]
V  [jvm.dll+0x7246fb]
V  [jvm.dll+0x5ec348]
V  [jvm.dll+0x5ecad8]
C  [ntdll.dll+0xa217f]
C  [ntdll.dll+0x51454]
C  [ntdll.dll+0xa0cae]
C  0x0000028200000f2d

VM_Operation (0x000000da872f9700): G1CollectForAllocation, mode: safepoint, requested by thread 0x000002821165a800


---------------  P R O C E S S  ---------------

Threads class SMR info:
_java_thread_list=0x0000028219459a00, length=43, elements={
0x0000028274f1d000, 0x000002820f2c0000, 0x000002820f2c1800, 0x000002820fc53000,
0x000002820f2da000, 0x000002820f2da800, 0x000002820f2ea800, 0x000002820f2ed800,
0x000002820f2f1000, 0x000002820fdab000, 0x0000028211b92800, 0x00000282112b9800,
0x000002821161a800, 0x0000028210d75800, 0x00000282119f4800, 0x0000028210fce800,
0x000002821165a800, 0x0000028212652800, 0x0000028212653800, 0x0000028211b8f000,
0x0000028211b90000, 0x0000028211b8e800, 0x0000028211b91000, 0x00000282125a1800,
0x00000282125a3800, 0x00000282125a3000, 0x000002821259f800, 0x000002821259e000,
0x000002821259f000, 0x00000282125a4800, 0x00000282125a5800, 0x00000282125a0800,
0x000002820ffcf000, 0x00000282125a6000, 0x00000282125a7000, 0x00000282125a8800,
0x00000282125ac000, 0x00000282125a9800, 0x00000282125a8000, 0x00000282125aa000,
0x00000282125ac800, 0x000002821601b000, 0x0000028216017800
}

Java Threads: ( => current thread )
  0x0000028274f1d000 JavaThread "main" [_thread_blocked, id=13988, stack(0x000000da85900000,0x000000da85a00000)]
  0x000002820f2c0000 JavaThread "Reference Handler" daemon [_thread_blocked, id=9872, stack(0x000000da86000000,0x000000da86100000)]
  0x000002820f2c1800 JavaThread "Finalizer" daemon [_thread_blocked, id=9192, stack(0x000000da86100000,0x000000da86200000)]
  0x000002820fc53000 JavaThread "Signal Dispatcher" daemon [_thread_blocked, id=15532, stack(0x000000da86200000,0x000000da86300000)]
  0x000002820f2da000 JavaThread "Attach Listener" daemon [_thread_blocked, id=17144, stack(0x000000da86300000,0x000000da86400000)]
  0x000002820f2da800 JavaThread "Service Thread" daemon [_thread_blocked, id=7184, stack(0x000000da86400000,0x000000da86500000)]
  0x000002820f2ea800 JavaThread "C2 CompilerThread0" daemon [_thread_in_native, id=7728, stack(0x000000da86500000,0x000000da86600000)]
  0x000002820f2ed800 JavaThread "C1 CompilerThread0" daemon [_thread_blocked, id=9352, stack(0x000000da86600000,0x000000da86700000)]
  0x000002820f2f1000 JavaThread "Sweeper thread" daemon [_thread_blocked, id=11408, stack(0x000000da86700000,0x000000da86800000)]
  0x000002820fdab000 JavaThread "Common-Cleaner" daemon [_thread_blocked, id=13612, stack(0x000000da86800000,0x000000da86900000)]
  0x0000028211b92800 JavaThread "Daemon health stats" [_thread_blocked, id=16116, stack(0x000000da86d00000,0x000000da86e00000)]
  0x00000282112b9800 JavaThread "Incoming local TCP Connector on port 5857" [_thread_in_native, id=16672, stack(0x000000da86a00000,0x000000da86b00000)]
  0x000002821161a800 JavaThread "Daemon periodic checks" [_thread_blocked, id=7360, stack(0x000000da86e00000,0x000000da86f00000)]
  0x0000028210d75800 JavaThread "Daemon" [_thread_blocked, id=8760, stack(0x000000da86f00000,0x000000da87000000)]
  0x00000282119f4800 JavaThread "Handler for socket connection from /127.0.0.1:5857 to /127.0.0.1:5858" [_thread_in_native, id=8520, stack(0x000000da87000000,0x000000da87100000)]
  0x0000028210fce800 JavaThread "Cancel handler" [_thread_blocked, id=5704, stack(0x000000da87100000,0x000000da87200000)]
  0x000002821165a800 JavaThread "Daemon worker" [_thread_blocked, id=14140, stack(0x000000da87200000,0x000000da87300000)]
  0x0000028212652800 JavaThread "Asynchronous log dispatcher for DefaultDaemonConnection: socket connection from /127.0.0.1:5857 to /127.0.0.1:5858" [_thread_blocked, id=17352, stack(0x000000da87400000,0x000000da87500000)]
  0x0000028212653800 JavaThread "Stdin handler" [_thread_blocked, id=17104, stack(0x000000da87500000,0x000000da87600000)]
  0x0000028211b8f000 JavaThread "Daemon client event forwarder" [_thread_blocked, id=12144, stack(0x000000da87600000,0x000000da87700000)]
  0x0000028211b90000 JavaThread "Cache worker for file hash cache (C:\Users\ahmed\.gradle\caches\7.0.2\fileHashes)" [_thread_blocked, id=10372, stack(0x000000da87300000,0x000000da87400000)]
  0x0000028211b8e800 JavaThread "File lock request listener" [_thread_in_native, id=16016, stack(0x000000da87700000,0x000000da87800000)]
  0x0000028211b91000 JavaThread "Cache worker for journal cache (C:\Users\ahmed\.gradle\caches\journal-1)" [_thread_blocked, id=15760, stack(0x000000da87900000,0x000000da87a00000)]
  0x00000282125a1800 JavaThread "Cache worker for file hash cache (D:\Programming\Android\MyApps\VideoPlayer\Project\.gradle\7.0.2\fileHashes)" [_thread_blocked, id=3144, stack(0x000000da87b00000,0x000000da87c00000)]
  0x00000282125a3800 JavaThread "File watcher server" daemon [_thread_in_native, id=7388, stack(0x000000da87c00000,0x000000da87d00000)]
  0x00000282125a3000 JavaThread "File watcher consumer" daemon [_thread_blocked, id=7680, stack(0x000000da87d00000,0x000000da87e00000)]
  0x000002821259f800 JavaThread "jar transforms" [_thread_blocked, id=5836, stack(0x000000da87e00000,0x000000da87f00000)]
  0x000002821259e000 JavaThread "jar transforms Thread 2" [_thread_blocked, id=17272, stack(0x000000da87f00000,0x000000da88000000)]
  0x000002821259f000 JavaThread "jar transforms Thread 3" [_thread_blocked, id=3736, stack(0x000000da88000000,0x000000da88100000)]
  0x00000282125a4800 JavaThread "jar transforms Thread 4" [_thread_blocked, id=7760, stack(0x000000da88100000,0x000000da88200000)]
  0x00000282125a5800 JavaThread "Cache worker for checksums cache (D:\Programming\Android\MyApps\VideoPlayer\Project\.gradle\checksums)" [_thread_blocked, id=16752, stack(0x000000da87a00000,0x000000da87b00000)]
  0x00000282125a0800 JavaThread "Cache worker for cache directory md-supplier (C:\Users\ahmed\.gradle\caches\7.0.2\md-supplier)" [_thread_blocked, id=16132, stack(0x000000da88200000,0x000000da88300000)]
  0x000002820ffcf000 JavaThread "C2 CompilerThread1" daemon [_thread_blocked, id=16720, stack(0x000000da88300000,0x000000da88400000)]
  0x00000282125a6000 JavaThread "Cache worker for cache directory md-rule (C:\Users\ahmed\.gradle\caches\7.0.2\md-rule)" [_thread_blocked, id=10104, stack(0x000000da88400000,0x000000da88500000)]
  0x00000282125a7000 JavaThread "Cache worker for execution history cache (C:\Users\ahmed\.gradle\caches\7.0.2\executionHistory)" [_thread_blocked, id=17132, stack(0x000000da88500000,0x000000da88600000)]
  0x00000282125a8800 JavaThread "Cache worker for file content cache (C:\Users\ahmed\.gradle\caches\7.0.2\fileContent)" [_thread_blocked, id=4912, stack(0x000000da88600000,0x000000da88700000)]
  0x00000282125ac000 JavaThread "Cache worker for dependencies-accessors (D:\Programming\Android\MyApps\VideoPlayer\Project\.gradle\7.0.2\dependencies-accessors)" [_thread_blocked, id=10276, stack(0x000000da88700000,0x000000da88800000)]
  0x00000282125a9800 JavaThread "Cache worker for Build Output Cleanup Cache (D:\Programming\Android\MyApps\VideoPlayer\Project\.gradle\buildOutputCleanup)" [_thread_blocked, id=2036, stack(0x000000da88800000,0x000000da88900000)]
  0x00000282125a8000 JavaThread "Build operations" [_thread_blocked, id=12576, stack(0x000000da88900000,0x000000da88a00000)]
  0x00000282125aa000 JavaThread "Build operations Thread 2" [_thread_blocked, id=7124, stack(0x000000da88a00000,0x000000da88b00000)]
  0x00000282125ac800 JavaThread "Build operations Thread 3" [_thread_blocked, id=16588, stack(0x000000da88b00000,0x000000da88c00000)]
  0x000002821601b000 JavaThread "Build operations Thread 4" [_thread_blocked, id=10264, stack(0x000000da88c00000,0x000000da88d00000)]
  0x0000028216017800 JavaThread "Memory manager" [_thread_blocked, id=6732, stack(0x000000da88d00000,0x000000da88e00000)]

Other Threads:
=>0x000002820f2bb800 VMThread "VM Thread" [stack: 0x000000da85f00000,0x000000da86000000] [id=6772]
  0x000002820fdc3800 WatcherThread [stack: 0x000000da86900000,0x000000da86a00000] [id=3540]
  0x0000028274f36800 GCTaskThread "GC Thread#0" [stack: 0x000000da85a00000,0x000000da85b00000] [id=17220]
  0x000002820fe94800 GCTaskThread "GC Thread#1" [stack: 0x000000da86b00000,0x000000da86c00000] [id=15772]
  0x000002821066c800 GCTaskThread "GC Thread#2" [stack: 0x000000da86c00000,0x000000da86d00000] [id=17056]
  0x00000282111e2000 GCTaskThread "GC Thread#3" [stack: 0x000000da87800000,0x000000da87900000] [id=5780]
  0x0000028274f66000 ConcurrentGCThread "G1 Main Marker" [stack: 0x000000da85b00000,0x000000da85c00000] [id=11096]
  0x0000028274f68800 ConcurrentGCThread "G1 Conc#0" [stack: 0x000000da85c00000,0x000000da85d00000] [id=7328]
  0x0000028274ffa000 ConcurrentGCThread "G1 Refine#0" [stack: 0x000000da85d00000,0x000000da85e00000] [id=15480]
  0x0000028274ffb000 ConcurrentGCThread "G1 Young RemSet Sampling" [stack: 0x000000da85e00000,0x000000da85f00000] [id=5276]

Threads with active compile tasks:
C2 CompilerThread0  21811 6930       4       java.util.jar.JarFile::getManifestFromReference (117 bytes)
C1 CompilerThread0  21811 6969       3       java.util.regex.Pattern$BranchConn::match (11 bytes)
C2 CompilerThread1  21812 6945       4       org.codehaus.groovy.reflection.CachedClass$3$$Lambda$283/0x0000000100490040::test (8 bytes)

VM state:at safepoint (normal execution)

VM Mutex/Monitor currently owned by a thread:  ([mutex/lock_event])
[0x0000028274f1a130] Threads_lock - owner thread: 0x000002820f2bb800
[0x0000028274f187e0] Heap_lock - owner thread: 0x000002821165a800

Heap address: 0x0000000080000000, size: 2048 MB, Compressed Oops mode: 32-bit
Narrow klass base: 0x0000000000000000, Narrow klass shift: 3
Compressed class space size: 1073741824 Address: 0x0000000100000000

Heap:
 garbage-first heap   total 189440K, used 82158K [0x0000000080000000, 0x0000000100000000)
  region size 1024K, 4 young (4096K), 4 survivors (4096K)
 Metaspace       used 73854K, capacity 75769K, committed 76132K, reserved 1116160K
  class space    used 9607K, capacity 10242K, committed 10368K, reserved 1048576K
Heap Regions: E=young(eden), S=young(survivor), O=old, HS=humongous(starts), HC=humongous(continues), CS=collection set, F=free, A=archive, TAMS=top-at-mark-start (previous, next)
|   0|0x0000000080000000, 0x0000000080100000, 0x0000000080100000|100%| O|  |TAMS 0x0000000080100000, 0x0000000080000000| Untracked 
|   1|0x0000000080100000, 0x0000000080200000, 0x0000000080200000|100%| O|  |TAMS 0x0000000080200000, 0x0000000080100000| Untracked 
|   2|0x0000000080200000, 0x0000000080300000, 0x0000000080300000|100%| O|  |TAMS 0x0000000080300000, 0x0000000080200000| Untracked 
|   3|0x0000000080300000, 0x0000000080400000, 0x0000000080400000|100%|HS|  |TAMS 0x0000000080400000, 0x0000000080300000| Complete 
|   4|0x0000000080400000, 0x0000000080500000, 0x0000000080500000|100%|HC|  |TAMS 0x0000000080500000, 0x0000000080400000| Complete 
|   5|0x0000000080500000, 0x0000000080600000, 0x0000000080600000|100%|HC|  |TAMS 0x0000000080600000, 0x0000000080500000| Complete 
|   6|0x0000000080600000, 0x0000000080700000, 0x0000000080700000|100%| O|  |TAMS 0x0000000080700000, 0x0000000080600000| Untracked 
|   7|0x0000000080700000, 0x0000000080800000, 0x0000000080800000|100%| O|  |TAMS 0x0000000080800000, 0x0000000080700000| Untracked 
|   8|0x0000000080800000, 0x0000000080900000, 0x0000000080900000|100%| O|  |TAMS 0x0000000080900000, 0x0000000080800000| Untracked 
|   9|0x0000000080900000, 0x0000000080a00000, 0x0000000080a00000|100%|HS|  |TAMS 0x0000000080a00000, 0x0000000080900000| Complete 
|  10|0x0000000080a00000, 0x0000000080b00000, 0x0000000080b00000|100%|HC|  |TAMS 0x0000000080b00000, 0x0000000080a00000| Complete 
|  11|0x0000000080b00000, 0x0000000080c00000, 0x0000000080c00000|100%|HS|  |TAMS 0x0000000080c00000, 0x0000000080b00000| Complete 
|  12|0x0000000080c00000, 0x0000000080d00000, 0x0000000080d00000|100%|HC|  |TAMS 0x0000000080d00000, 0x0000000080c00000| Complete 
|  13|0x0000000080d00000, 0x0000000080e00000, 0x0000000080e00000|100%|HC|  |TAMS 0x0000000080e00000, 0x0000000080d00000| Complete 
|  14|0x0000000080e00000, 0x0000000080f00000, 0x0000000080f00000|100%|HS|  |TAMS 0x0000000080f00000, 0x0000000080e00000| Complete 
|  15|0x0000000080f00000, 0x0000000081000000, 0x0000000081000000|100%|HC|  |TAMS 0x0000000081000000, 0x0000000080f00000| Complete 
|  16|0x0000000081000000, 0x0000000081100000, 0x0000000081100000|100%|HC|  |TAMS 0x0000000081100000, 0x0000000081000000| Complete 
|  17|0x0000000081100000, 0x0000000081200000, 0x0000000081200000|100%|HC|  |TAMS 0x0000000081200000, 0x0000000081100000| Complete 
|  18|0x0000000081200000, 0x0000000081300000, 0x0000000081300000|100%|HC|  |TAMS 0x0000000081300000, 0x0000000081200000| Complete 
|  19|0x0000000081300000, 0x0000000081400000, 0x0000000081400000|100%| O|  |TAMS 0x0000000081400000, 0x0000000081300000| Untracked 
|  20|0x0000000081400000, 0x0000000081500000, 0x0000000081500000|100%| O|  |TAMS 0x0000000081500000, 0x0000000081400000| Untracked 
|  21|0x0000000081500000, 0x0000000081600000, 0x0000000081600000|100%| O|  |TAMS 0x0000000081600000, 0x0000000081500000| Untracked 
|  22|0x0000000081600000, 0x0000000081700000, 0x0000000081700000|100%| O|  |TAMS 0x0000000081700000, 0x0000000081600000| Untracked 
|  23|0x0000000081700000, 0x0000000081800000, 0x0000000081800000|100%| O|  |TAMS 0x0000000081800000, 0x0000000081700000| Untracked 
|  24|0x0000000081800000, 0x0000000081900000, 0x0000000081900000|100%| O|  |TAMS 0x0000000081900000, 0x0000000081800000| Untracked 
|  25|0x0000000081900000, 0x0000000081a00000, 0x0000000081a00000|100%| O|  |TAMS 0x0000000081a00000, 0x0000000081900000| Untracked 
|  26|0x0000000081a00000, 0x0000000081b00000, 0x0000000081b00000|100%| O|  |TAMS 0x0000000081b00000, 0x0000000081a00000| Untracked 
|  27|0x0000000081b00000, 0x0000000081c00000, 0x0000000081c00000|100%| O|  |TAMS 0x0000000081c00000, 0x0000000081b00000| Untracked 
|  28|0x0000000081c00000, 0x0000000081d00000, 0x0000000081d00000|100%| O|  |TAMS 0x0000000081d00000, 0x0000000081c00000| Untracked 
|  29|0x0000000081d00000, 0x0000000081e00000, 0x0000000081e00000|100%| O|  |TAMS 0x0000000081e00000, 0x0000000081d00000| Untracked 
|  30|0x0000000081e00000, 0x0000000081f00000, 0x0000000081f00000|100%| O|  |TAMS 0x0000000081f00000, 0x0000000081e00000| Untracked 
|  31|0x0000000081f00000, 0x0000000082000000, 0x0000000082000000|100%|HS|  |TAMS 0x0000000082000000, 0x0000000081f00000| Complete 
|  32|0x0000000082000000, 0x0000000082100000, 0x0000000082100000|100%|HC|  |TAMS 0x0000000082100000, 0x0000000082000000| Complete 
|  33|0x0000000082100000, 0x0000000082200000, 0x0000000082200000|100%|HC|  |TAMS 0x0000000082200000, 0x0000000082100000| Complete 
|  34|0x0000000082200000, 0x0000000082300000, 0x0000000082300000|100%|HC|  |TAMS 0x0000000082300000, 0x0000000082200000| Complete 
|  35|0x0000000082300000, 0x0000000082400000, 0x0000000082400000|100%|HC|  |TAMS 0x0000000082400000, 0x0000000082300000| Complete 
|  36|0x0000000082400000, 0x0000000082500000, 0x0000000082500000|100%|HS|  |TAMS 0x0000000082500000, 0x0000000082400000| Complete 
|  37|0x0000000082500000, 0x0000000082600000, 0x0000000082600000|100%|HC|  |TAMS 0x0000000082600000, 0x0000000082500000| Complete 
|  38|0x0000000082600000, 0x0000000082700000, 0x0000000082700000|100%|HC|  |TAMS 0x0000000082700000, 0x0000000082600000| Complete 
|  39|0x0000000082700000, 0x0000000082800000, 0x0000000082800000|100%|HS|  |TAMS 0x0000000082800000, 0x0000000082700000| Complete 
|  40|0x0000000082800000, 0x0000000082900000, 0x0000000082900000|100%| O|  |TAMS 0x0000000082900000, 0x0000000082800000| Untracked 
|  41|0x0000000082900000, 0x0000000082a00000, 0x0000000082a00000|100%| O|  |TAMS 0x0000000082a00000, 0x0000000082900000| Untracked 
|  42|0x0000000082a00000, 0x0000000082b00000, 0x0000000082b00000|100%| O|  |TAMS 0x0000000082b00000, 0x0000000082a00000| Untracked 
|  43|0x0000000082b00000, 0x0000000082c00000, 0x0000000082c00000|100%|HS|  |TAMS 0x0000000082c00000, 0x0000000082b00000| Complete 
|  44|0x0000000082c00000, 0x0000000082d00000, 0x0000000082d00000|100%| O|  |TAMS 0x0000000082d00000, 0x0000000082c00000| Untracked 
|  45|0x0000000082d00000, 0x0000000082e00000, 0x0000000082e00000|100%| O|  |TAMS 0x0000000082e00000, 0x0000000082d00000| Untracked 
|  46|0x0000000082e00000, 0x0000000082f00000, 0x0000000082f00000|100%| O|  |TAMS 0x0000000082f00000, 0x0000000082e00000| Untracked 
|  47|0x0000000082f00000, 0x0000000083000000, 0x0000000083000000|100%| O|  |TAMS 0x0000000083000000, 0x0000000082f00000| Untracked 
|  48|0x0000000083000000, 0x0000000083100000, 0x0000000083100000|100%| O|  |TAMS 0x0000000083100000, 0x0000000083000000| Untracked 
|  49|0x0000000083100000, 0x0000000083200000, 0x0000000083200000|100%| O|  |TAMS 0x0000000083200000, 0x0000000083100000| Untracked 
|  50|0x0000000083200000, 0x0000000083300000, 0x0000000083300000|100%| O|  |TAMS 0x0000000083300000, 0x0000000083200000| Untracked 
|  51|0x0000000083300000, 0x0000000083400000, 0x0000000083400000|100%| O|  |TAMS 0x0000000083400000, 0x0000000083300000| Untracked 
|  52|0x0000000083400000, 0x0000000083500000, 0x0000000083500000|100%| O|  |TAMS 0x0000000083500000, 0x0000000083400000| Untracked 
|  53|0x0000000083500000, 0x0000000083600000, 0x0000000083600000|100%| O|  |TAMS 0x0000000083600000, 0x0000000083500000| Untracked 
|  54|0x0000000083600000, 0x0000000083700000, 0x0000000083700000|100%| O|  |TAMS 0x0000000083700000, 0x0000000083600000| Untracked 
|  55|0x0000000083700000, 0x0000000083800000, 0x0000000083800000|100%|HS|  |TAMS 0x0000000083800000, 0x0000000083700000| Complete 
|  56|0x0000000083800000, 0x0000000083900000, 0x0000000083900000|100%|HC|  |TAMS 0x0000000083900000, 0x0000000083800000| Complete 
|  57|0x0000000083900000, 0x0000000083a00000, 0x0000000083a00000|100%| O|  |TAMS 0x0000000083a00000, 0x0000000083900000| Untracked 
|  58|0x0000000083a00000, 0x0000000083b00000, 0x0000000083b00000|100%| O|  |TAMS 0x0000000083b00000, 0x0000000083a00000| Untracked 
|  59|0x0000000083b00000, 0x0000000083c00000, 0x0000000083c00000|100%| O|  |TAMS 0x0000000083c00000, 0x0000000083b00000| Untracked 
|  60|0x0000000083c00000, 0x0000000083d00000, 0x0000000083d00000|100%| O|  |TAMS 0x0000000083d00000, 0x0000000083c00000| Untracked 
|  61|0x0000000083d00000, 0x0000000083e00000, 0x0000000083e00000|100%| O|  |TAMS 0x0000000083e00000, 0x0000000083d00000| Untracked 
|  62|0x0000000083e00000, 0x0000000083f00000, 0x0000000083f00000|100%| O|  |TAMS 0x0000000083f00000, 0x0000000083e00000| Untracked 
|  63|0x0000000083f00000, 0x0000000084000000, 0x0000000084000000|100%| O|  |TAMS 0x0000000084000000, 0x0000000083f00000| Untracked 
|  64|0x0000000084000000, 0x0000000084100000, 0x0000000084100000|100%| O|  |TAMS 0x0000000084100000, 0x0000000084000000| Untracked 
|  65|0x0000000084100000, 0x0000000084200000, 0x0000000084200000|100%| O|  |TAMS 0x0000000084200000, 0x0000000084100000| Untracked 
|  66|0x0000000084200000, 0x0000000084300000, 0x0000000084300000|100%| O|  |TAMS 0x0000000084300000, 0x0000000084200000| Untracked 
|  67|0x0000000084300000, 0x0000000084400000, 0x0000000084400000|100%| O|  |TAMS 0x0000000084400000, 0x0000000084300000| Untracked 
|  68|0x0000000084400000, 0x0000000084500000, 0x0000000084500000|100%| O|  |TAMS 0x0000000084500000, 0x0000000084400000| Untracked 
|  69|0x0000000084500000, 0x0000000084600000, 0x0000000084600000|100%| O|  |TAMS 0x0000000084600000, 0x0000000084500000| Untracked 
|  70|0x0000000084600000, 0x0000000084700000, 0x0000000084700000|100%| O|  |TAMS 0x0000000084700000, 0x0000000084600000| Untracked 
|  71|0x0000000084700000, 0x0000000084800000, 0x0000000084800000|100%| O|  |TAMS 0x0000000084800000, 0x0000000084700000| Untracked 
|  72|0x0000000084800000, 0x0000000084900000, 0x0000000084900000|100%| O|  |TAMS 0x0000000084900000, 0x0000000084800000| Untracked 
|  73|0x0000000084900000, 0x0000000084a00000, 0x0000000084a00000|100%| O|  |TAMS 0x0000000084a00000, 0x0000000084900000| Untracked 
|  74|0x0000000084a00000, 0x0000000084b00000, 0x0000000084b00000|100%| O|  |TAMS 0x0000000084b00000, 0x0000000084a00000| Untracked 
|  75|0x0000000084b00000, 0x0000000084c00000, 0x0000000084c00000|100%| O|  |TAMS 0x0000000084c00000, 0x0000000084b00000| Untracked 
|  76|0x0000000084c00000, 0x0000000084c52200, 0x0000000084d00000| 32%| O|  |TAMS 0x0000000084c52200, 0x0000000084c00000| Untracked 
|  77|0x0000000084d00000, 0x0000000084d00000, 0x0000000084e00000|  0%| F|  |TAMS 0x0000000084d00000, 0x0000000084d00000| Untracked 
|  78|0x0000000084e00000, 0x0000000084e00000, 0x0000000084f00000|  0%| F|  |TAMS 0x0000000084e00000, 0x0000000084e00000| Untracked 
|  79|0x0000000084f00000, 0x0000000084f00000, 0x0000000085000000|  0%| F|  |TAMS 0x0000000084f00000, 0x0000000084f00000| Untracked 
|  80|0x0000000085000000, 0x0000000085000000, 0x0000000085100000|  0%| F|  |TAMS 0x0000000085000000, 0x0000000085000000| Untracked 
|  81|0x0000000085100000, 0x0000000085100000, 0x0000000085200000|  0%| F|  |TAMS 0x0000000085100000, 0x0000000085100000| Untracked 
|  82|0x0000000085200000, 0x0000000085200000, 0x0000000085300000|  0%| F|  |TAMS 0x0000000085200000, 0x0000000085200000| Untracked 
|  83|0x0000000085300000, 0x0000000085300000, 0x0000000085400000|  0%| F|  |TAMS 0x0000000085300000, 0x0000000085300000| Untracked 
|  84|0x0000000085400000, 0x0000000085400000, 0x0000000085500000|  0%| F|  |TAMS 0x0000000085400000, 0x0000000085400000| Untracked 
|  85|0x0000000085500000, 0x0000000085500000, 0x0000000085600000|  0%| F|  |TAMS 0x0000000085500000, 0x0000000085500000| Untracked 
|  86|0x0000000085600000, 0x0000000085600000, 0x0000000085700000|  0%| F|  |TAMS 0x0000000085600000, 0x0000000085600000| Untracked 
|  87|0x0000000085700000, 0x0000000085700000, 0x0000000085800000|  0%| F|  |TAMS 0x0000000085700000, 0x0000000085700000| Untracked 
|  88|0x0000000085800000, 0x0000000085800000, 0x0000000085900000|  0%| F|  |TAMS 0x0000000085800000, 0x0000000085800000| Untracked 
|  89|0x0000000085900000, 0x0000000085900000, 0x0000000085a00000|  0%| F|  |TAMS 0x0000000085900000, 0x0000000085900000| Untracked 
|  90|0x0000000085a00000, 0x0000000085a00000, 0x0000000085b00000|  0%| F|  |TAMS 0x0000000085a00000, 0x0000000085a00000| Untracked 
|  91|0x0000000085b00000, 0x0000000085b00000, 0x0000000085c00000|  0%| F|  |TAMS 0x0000000085b00000, 0x0000000085b00000| Untracked 
|  92|0x0000000085c00000, 0x0000000085c00000, 0x0000000085d00000|  0%| F|  |TAMS 0x0000000085c00000, 0x0000000085c00000| Untracked 
|  93|0x0000000085d00000, 0x0000000085d00000, 0x0000000085e00000|  0%| F|  |TAMS 0x0000000085d00000, 0x0000000085d00000| Untracked 
|  94|0x0000000085e00000, 0x0000000085e00000, 0x0000000085f00000|  0%| F|  |TAMS 0x0000000085e00000, 0x0000000085e00000| Untracked 
|  95|0x0000000085f00000, 0x0000000085f00000, 0x0000000086000000|  0%| F|  |TAMS 0x0000000085f00000, 0x0000000085f00000| Untracked 
|  96|0x0000000086000000, 0x0000000086000000, 0x0000000086100000|  0%| F|  |TAMS 0x0000000086000000, 0x0000000086000000| Untracked 
|  97|0x0000000086100000, 0x0000000086100000, 0x0000000086200000|  0%| F|  |TAMS 0x0000000086100000, 0x0000000086100000| Untracked 
|  98|0x0000000086200000, 0x0000000086200000, 0x0000000086300000|  0%| F|  |TAMS 0x0000000086200000, 0x0000000086200000| Untracked 
|  99|0x0000000086300000, 0x0000000086300000, 0x0000000086400000|  0%| F|  |TAMS 0x0000000086300000, 0x0000000086300000| Untracked 
| 100|0x0000000086400000, 0x0000000086400000, 0x0000000086500000|  0%| F|  |TAMS 0x0000000086400000, 0x0000000086400000| Untracked 
| 101|0x0000000086500000, 0x0000000086500000, 0x0000000086600000|  0%| F|  |TAMS 0x0000000086500000, 0x0000000086500000| Untracked 
| 102|0x0000000086600000, 0x0000000086600000, 0x0000000086700000|  0%| F|  |TAMS 0x0000000086600000, 0x0000000086600000| Untracked 
| 103|0x0000000086700000, 0x0000000086700000, 0x0000000086800000|  0%| F|  |TAMS 0x0000000086700000, 0x0000000086700000| Untracked 
| 104|0x0000000086800000, 0x0000000086800000, 0x0000000086900000|  0%| F|  |TAMS 0x0000000086800000, 0x0000000086800000| Untracked 
| 105|0x0000000086900000, 0x0000000086900000, 0x0000000086a00000|  0%| F|  |TAMS 0x0000000086900000, 0x0000000086900000| Untracked 
| 106|0x0000000086a00000, 0x0000000086a00000, 0x0000000086b00000|  0%| F|  |TAMS 0x0000000086a00000, 0x0000000086a00000| Untracked 
| 107|0x0000000086b00000, 0x0000000086b00000, 0x0000000086c00000|  0%| F|  |TAMS 0x0000000086b00000, 0x0000000086b00000| Untracked 
| 108|0x0000000086c00000, 0x0000000086c00000, 0x0000000086d00000|  0%| F|  |TAMS 0x0000000086c00000, 0x0000000086c00000| Untracked 
| 109|0x0000000086d00000, 0x0000000086de9920, 0x0000000086e00000| 91%| S|CS|TAMS 0x0000000086d00000, 0x0000000086d00000| Complete 
| 110|0x0000000086e00000, 0x0000000086f00000, 0x0000000086f00000|100%| S|CS|TAMS 0x0000000086e00000, 0x0000000086e00000| Complete 
| 111|0x0000000086f00000, 0x0000000087000000, 0x0000000087000000|100%| S|CS|TAMS 0x0000000086f00000, 0x0000000086f00000| Complete 
| 112|0x0000000087000000, 0x0000000087100000, 0x0000000087100000|100%| S|CS|TAMS 0x0000000087000000, 0x0000000087000000| Complete 
| 113|0x0000000087100000, 0x0000000087100000, 0x0000000087200000|  0%| F|  |TAMS 0x0000000087100000, 0x0000000087100000| Untracked 
| 114|0x0000000087200000, 0x0000000087200000, 0x0000000087300000|  0%| F|  |TAMS 0x0000000087200000, 0x0000000087200000| Untracked 
| 115|0x0000000087300000, 0x0000000087300000, 0x0000000087400000|  0%| F|  |TAMS 0x0000000087300000, 0x0000000087300000| Untracked 
| 116|0x0000000087400000, 0x0000000087400000, 0x0000000087500000|  0%| F|  |TAMS 0x0000000087400000, 0x0000000087400000| Untracked 
| 117|0x0000000087500000, 0x0000000087500000, 0x0000000087600000|  0%| F|  |TAMS 0x0000000087500000, 0x0000000087500000| Untracked 
| 118|0x0000000087600000, 0x0000000087600000, 0x0000000087700000|  0%| F|  |TAMS 0x0000000087600000, 0x0000000087600000| Untracked 
| 119|0x0000000087700000, 0x0000000087700000, 0x0000000087800000|  0%| F|  |TAMS 0x0000000087700000, 0x0000000087700000| Untracked 
| 120|0x0000000087800000, 0x0000000087800000, 0x0000000087900000|  0%| F|  |TAMS 0x0000000087800000, 0x0000000087800000| Untracked 
| 121|0x0000000087900000, 0x0000000087900000, 0x0000000087a00000|  0%| F|  |TAMS 0x0000000087900000, 0x0000000087900000| Untracked 
| 122|0x0000000087a00000, 0x0000000087a00000, 0x0000000087b00000|  0%| F|  |TAMS 0x0000000087a00000, 0x0000000087a00000| Untracked 
| 123|0x0000000087b00000, 0x0000000087b00000, 0x0000000087c00000|  0%| F|  |TAMS 0x0000000087b00000, 0x0000000087b00000| Untracked 
| 124|0x0000000087c00000, 0x0000000087c00000, 0x0000000087d00000|  0%| F|  |TAMS 0x0000000087c00000, 0x0000000087c00000| Untracked 
| 125|0x0000000087d00000, 0x0000000087d00000, 0x0000000087e00000|  0%| F|  |TAMS 0x0000000087d00000, 0x0000000087d00000| Untracked 
| 126|0x0000000087e00000, 0x0000000087e00000, 0x0000000087f00000|  0%| F|  |TAMS 0x0000000087e00000, 0x0000000087e00000| Untracked 
| 127|0x0000000087f00000, 0x0000000087f00000, 0x0000000088000000|  0%| F|  |TAMS 0x0000000087f00000, 0x0000000087f00000| Untracked 
| 128|0x0000000088000000, 0x0000000088000000, 0x0000000088100000|  0%| F|  |TAMS 0x0000000088000000, 0x0000000088000000| Untracked 
| 129|0x0000000088100000, 0x0000000088100000, 0x0000000088200000|  0%| F|  |TAMS 0x0000000088100000, 0x0000000088100000| Untracked 
| 130|0x0000000088200000, 0x0000000088200000, 0x0000000088300000|  0%| F|  |TAMS 0x0000000088200000, 0x0000000088200000| Untracked 
| 131|0x0000000088300000, 0x0000000088300000, 0x0000000088400000|  0%| F|  |TAMS 0x0000000088300000, 0x0000000088300000| Untracked 
| 132|0x0000000088400000, 0x0000000088400000, 0x0000000088500000|  0%| F|  |TAMS 0x0000000088400000, 0x0000000088400000| Untracked 
| 133|0x0000000088500000, 0x0000000088500000, 0x0000000088600000|  0%| F|  |TAMS 0x0000000088500000, 0x0000000088500000| Untracked 
| 134|0x0000000088600000, 0x0000000088600000, 0x0000000088700000|  0%| F|  |TAMS 0x0000000088600000, 0x0000000088600000| Untracked 
| 135|0x0000000088700000, 0x0000000088700000, 0x0000000088800000|  0%| F|  |TAMS 0x0000000088700000, 0x0000000088700000| Untracked 
| 136|0x0000000088800000, 0x0000000088800000, 0x0000000088900000|  0%| F|  |TAMS 0x0000000088800000, 0x0000000088800000| Untracked 
| 137|0x0000000088900000, 0x0000000088900000, 0x0000000088a00000|  0%| F|  |TAMS 0x0000000088900000, 0x0000000088900000| Untracked 
| 138|0x0000000088a00000, 0x0000000088a00000, 0x0000000088b00000|  0%| F|  |TAMS 0x0000000088a00000, 0x0000000088a00000| Untracked 
| 139|0x0000000088b00000, 0x0000000088b00000, 0x0000000088c00000|  0%| F|  |TAMS 0x0000000088b00000, 0x0000000088b00000| Untracked 
| 140|0x0000000088c00000, 0x0000000088c00000, 0x0000000088d00000|  0%| F|  |TAMS 0x0000000088c00000, 0x0000000088c00000| Untracked 
| 141|0x0000000088d00000, 0x0000000088d00000, 0x0000000088e00000|  0%| F|  |TAMS 0x0000000088d00000, 0x0000000088d00000| Untracked 
| 142|0x0000000088e00000, 0x0000000088e00000, 0x0000000088f00000|  0%| F|  |TAMS 0x0000000088e00000, 0x0000000088e00000| Untracked 
| 143|0x0000000088f00000, 0x0000000088f00000, 0x0000000089000000|  0%| F|  |TAMS 0x0000000088f00000, 0x0000000088f00000| Untracked 
| 144|0x0000000089000000, 0x0000000089000000, 0x0000000089100000|  0%| F|  |TAMS 0x0000000089000000, 0x0000000089000000| Untracked 
| 145|0x0000000089100000, 0x0000000089100000, 0x0000000089200000|  0%| F|  |TAMS 0x0000000089100000, 0x0000000089100000| Untracked 
| 146|0x0000000089200000, 0x0000000089200000, 0x0000000089300000|  0%| F|  |TAMS 0x0000000089200000, 0x0000000089200000| Untracked 
| 147|0x0000000089300000, 0x0000000089300000, 0x0000000089400000|  0%| F|  |TAMS 0x0000000089300000, 0x0000000089300000| Untracked 
| 148|0x0000000089400000, 0x0000000089400000, 0x0000000089500000|  0%| F|  |TAMS 0x0000000089400000, 0x0000000089400000| Untracked 
| 149|0x0000000089500000, 0x0000000089500000, 0x0000000089600000|  0%| F|  |TAMS 0x0000000089500000, 0x0000000089500000| Untracked 
| 150|0x0000000089600000, 0x0000000089600000, 0x0000000089700000|  0%| F|  |TAMS 0x0000000089600000, 0x0000000089600000| Untracked 
| 151|0x0000000089700000, 0x0000000089700000, 0x0000000089800000|  0%| F|  |TAMS 0x0000000089700000, 0x0000000089700000| Untracked 
| 152|0x0000000089800000, 0x0000000089800000, 0x0000000089900000|  0%| F|  |TAMS 0x0000000089800000, 0x0000000089800000| Untracked 
| 153|0x0000000089900000, 0x0000000089900000, 0x0000000089a00000|  0%| F|  |TAMS 0x0000000089900000, 0x0000000089900000| Untracked 

Card table byte_map: [0x0000028279430000,0x0000028279830000] _byte_map_base: 0x0000028279030000

Marking Bits (Prev, Next): (CMBitMap*) 0x0000028274f5d5b0, (CMBitMap*) 0x0000028274f5d578
 Prev Bits: [0x000002827bc30000, 0x000002827dc30000)
 Next Bits: [0x0000028279c30000, 0x000002827bc30000)

Polling page: 0x00000282735e0000

Metaspace:

Usage:
  Non-class:     63.99 MB capacity,    62.74 MB ( 98%) used,     1.07 MB (  2%) free+waste,   183.25 KB ( <1%) overhead. 
      Class:     10.00 MB capacity,     9.38 MB ( 94%) used,   548.54 KB (  5%) free+waste,    86.13 KB ( <1%) overhead. 
       Both:     73.99 MB capacity,    72.12 MB ( 97%) used,     1.61 MB (  2%) free+waste,   269.38 KB ( <1%) overhead. 

Virtual space:
  Non-class space:       66.00 MB reserved,      64.22 MB ( 97%) committed 
      Class space:        1.00 GB reserved,      10.13 MB ( <1%) committed 
             Both:        1.06 GB reserved,      74.35 MB (  7%) committed 

Chunk freelists:
   Non-Class:  45.00 KB
       Class:  0 bytes
        Both:  45.00 KB

MaxMetaspaceSize: 17179869184.00 GB
CompressedClassSpaceSize: 1.00 GB

CodeHeap 'non-profiled nmethods': size=120064Kb used=3822Kb max_used=3822Kb free=116241Kb
 bounds [0x0000028207ac0000, 0x0000028207e80000, 0x000002820f000000]
CodeHeap 'profiled nmethods': size=120000Kb used=14905Kb max_used=14905Kb free=105095Kb
 bounds [0x0000028200590000, 0x0000028201420000, 0x0000028207ac0000]
CodeHeap 'non-nmethods': size=5696Kb used=2271Kb max_used=2323Kb free=3424Kb
 bounds [0x0000028200000000, 0x0000028200270000, 0x0000028200590000]
 total_blobs=7719 nmethods=6850 adapters=780
 compilation: enabled
              stopped_count=0, restarted_count=0
 full_count=0

Compilation events (20 events):
Event: 21.754 Thread 0x000002820f2ed800 nmethod 6957 0x0000028201419590 code [0x0000028201419860, 0x000002820141a698]
Event: 21.754 Thread 0x000002820f2ed800 6958       3       org.gradle.api.internal.artifacts.ivyservice.resolveengine.artifact.DefaultArtifactSet::select (26 bytes)
Event: 21.755 Thread 0x000002820f2ed800 nmethod 6958 0x000002820141ab90 code [0x000002820141ade0, 0x000002820141b4b8]
Event: 21.755 Thread 0x000002820f2ed800 6959       3       java.lang.Integer::compare (20 bytes)
Event: 21.755 Thread 0x000002820f2ed800 nmethod 6959 0x000002820141b810 code [0x000002820141b9c0, 0x000002820141bb58]
Event: 21.755 Thread 0x000002820f2ed800 6962       3       org.gradle.internal.component.model.AttributeMatchingExplanationBuilder::singleMatch (1 bytes)
Event: 21.756 Thread 0x000002820f2ed800 nmethod 6962 0x000002820141bc10 code [0x000002820141bdc0, 0x000002820141beb8]
Event: 21.756 Thread 0x000002820f2ed800 6960       1       org.gradle.internal.component.model.DefaultCompatibilityCheckResult::hasResult (5 bytes)
Event: 21.756 Thread 0x000002820f2ed800 nmethod 6960 0x0000028207e7b090 code [0x0000028207e7b240, 0x0000028207e7b2f8]
Event: 21.760 Thread 0x000002820f2ed800 6963       3       java.util.regex.Matcher::end (67 bytes)
Event: 21.762 Thread 0x000002820f2ed800 nmethod 6963 0x000002820141bf90 code [0x000002820141c220, 0x000002820141cc88]
Event: 21.762 Thread 0x000002820f2ed800 6966       3       java.util.Formatter$Conversion::isGeneral (64 bytes)
Event: 21.762 Thread 0x000002820f2ed800 nmethod 6966 0x000002820141d090 code [0x000002820141d240, 0x000002820141d418]
Event: 21.762 Thread 0x000002820f2ed800 6967       1       java.util.Formatter$FormatSpecifier::index (5 bytes)
Event: 21.763 Thread 0x000002820f2ed800 nmethod 6967 0x0000028207e7b390 code [0x0000028207e7b540, 0x0000028207e7b5f8]
Event: 21.763 Thread 0x000002820f2ed800 6965       3       org.gradle.api.internal.artifacts.DefaultImmutableModuleIdentifierFactory::moduleWithVersion (74 bytes)
Event: 21.764 Thread 0x000002820f2ed800 nmethod 6965 0x000002820141d490 code [0x000002820141d6e0, 0x000002820141e128]
Event: 21.764 Thread 0x000002820f2ed800 6968       1       java.util.Formatter$FixedString::index (3 bytes)
Event: 21.764 Thread 0x000002820f2ed800 nmethod 6968 0x0000028207e7b690 code [0x0000028207e7b840, 0x0000028207e7b8f8]
Event: 21.764 Thread 0x000002820f2ed800 6969       3       java.util.regex.Pattern$BranchConn::match (11 bytes)

GC Heap History (20 events):
Event: 7.220 GC heap after
{Heap after GC invocations=6 (full 0):
 garbage-first heap   total 131072K, used 31857K [0x0000000080000000, 0x0000000100000000)
  region size 1024K, 6 young (6144K), 6 survivors (6144K)
 Metaspace       used 26947K, capacity 27690K, committed 27904K, reserved 1073152K
  class space    used 3556K, capacity 3838K, committed 3840K, reserved 1048576K
}
Event: 8.918 GC heap before
{Heap before GC invocations=6 (full 0):
 garbage-first heap   total 131072K, used 81009K [0x0000000080000000, 0x0000000100000000)
  region size 1024K, 56 young (57344K), 6 survivors (6144K)
 Metaspace       used 34822K, capacity 35726K, committed 35840K, reserved 1081344K
  class space    used 4540K, capacity 4899K, committed 4992K, reserved 1048576K
}
Event: 8.942 GC heap after
{Heap after GC invocations=7 (full 0):
 garbage-first heap   total 131072K, used 35080K [0x0000000080000000, 0x0000000100000000)
  region size 1024K, 4 young (4096K), 4 survivors (4096K)
 Metaspace       used 34822K, capacity 35726K, committed 35840K, reserved 1081344K
  class space    used 4540K, capacity 4899K, committed 4992K, reserved 1048576K
}
Event: 10.597 GC heap before
{Heap before GC invocations=8 (full 0):
 garbage-first heap   total 131072K, used 100616K [0x0000000080000000, 0x0000000100000000)
  region size 1024K, 66 young (67584K), 4 survivors (4096K)
 Metaspace       used 41063K, capacity 42133K, committed 42340K, reserved 1085440K
  class space    used 5266K, capacity 5648K, committed 5760K, reserved 1048576K
}
Event: 10.629 GC heap after
{Heap after GC invocations=9 (full 0):
 garbage-first heap   total 157696K, used 39110K [0x0000000080000000, 0x0000000100000000)
  region size 1024K, 8 young (8192K), 8 survivors (8192K)
 Metaspace       used 41063K, capacity 42133K, committed 42340K, reserved 1085440K
  class space    used 5266K, capacity 5648K, committed 5760K, reserved 1048576K
}
Event: 12.600 GC heap before
{Heap before GC invocations=10 (full 0):
 garbage-first heap   total 157696K, used 123078K [0x0000000080000000, 0x0000000100000000)
  region size 1024K, 82 young (83968K), 8 survivors (8192K)
 Metaspace       used 45948K, capacity 47212K, committed 47460K, reserved 1091584K
  class space    used 5830K, capacity 6265K, committed 6272K, reserved 1048576K
}
Event: 12.632 GC heap after
{Heap after GC invocations=11 (full 0):
 garbage-first heap   total 157696K, used 54200K [0x0000000080000000, 0x0000000100000000)
  region size 1024K, 11 young (11264K), 11 survivors (11264K)
 Metaspace       used 45948K, capacity 47212K, committed 47460K, reserved 1091584K
  class space    used 5830K, capacity 6265K, committed 6272K, reserved 1048576K
}
Event: 14.586 GC heap before
{Heap before GC invocations=11 (full 0):
 garbage-first heap   total 157696K, used 122808K [0x0000000080000000, 0x0000000100000000)
  region size 1024K, 77 young (78848K), 11 survivors (11264K)
 Metaspace       used 49697K, capacity 51133K, committed 51428K, reserved 1093632K
  class space    used 6346K, capacity 6815K, committed 6912K, reserved 1048576K
}
Event: 14.618 GC heap after
{Heap after GC invocations=12 (full 0):
 garbage-first heap   total 157696K, used 61650K [0x0000000080000000, 0x0000000100000000)
  region size 1024K, 6 young (6144K), 6 survivors (6144K)
 Metaspace       used 49697K, capacity 51133K, committed 51428K, reserved 1093632K
  class space    used 6346K, capacity 6815K, committed 6912K, reserved 1048576K
}
Event: 16.566 GC heap before
{Heap before GC invocations=12 (full 0):
 garbage-first heap   total 157696K, used 125138K [0x0000000080000000, 0x0000000100000000)
  region size 1024K, 67 young (68608K), 6 survivors (6144K)
 Metaspace       used 57478K, capacity 59142K, committed 59364K, reserved 1101824K
  class space    used 7292K, capacity 7858K, committed 7936K, reserved 1048576K
}
Event: 16.584 GC heap after
{Heap after GC invocations=13 (full 0):
 garbage-first heap   total 157696K, used 69542K [0x0000000080000000, 0x0000000100000000)
  region size 1024K, 6 young (6144K), 6 survivors (6144K)
 Metaspace       used 57478K, capacity 59142K, committed 59364K, reserved 1101824K
  class space    used 7292K, capacity 7858K, committed 7936K, reserved 1048576K
}
Event: 18.194 GC heap before
{Heap before GC invocations=13 (full 0):
 garbage-first heap   total 157696K, used 125862K [0x0000000080000000, 0x0000000100000000)
  region size 1024K, 62 young (63488K), 6 survivors (6144K)
 Metaspace       used 63877K, capacity 65542K, committed 65892K, reserved 1105920K
  class space    used 8121K, capacity 8707K, committed 8832K, reserved 1048576K
}
Event: 18.212 GC heap after
{Heap after GC invocations=14 (full 0):
 garbage-first heap   total 157696K, used 74894K [0x0000000080000000, 0x0000000100000000)
  region size 1024K, 5 young (5120K), 5 survivors (5120K)
 Metaspace       used 63877K, capacity 65542K, committed 65892K, reserved 1105920K
  class space    used 8121K, capacity 8707K, committed 8832K, reserved 1048576K
}
Event: 18.279 GC heap before
{Heap before GC invocations=14 (full 0):
 garbage-first heap   total 157696K, used 76942K [0x0000000080000000, 0x0000000100000000)
  region size 1024K, 8 young (8192K), 5 survivors (5120K)
 Metaspace       used 64104K, capacity 65836K, committed 66148K, reserved 1105920K
  class space    used 8140K, capacity 8741K, committed 8832K, reserved 1048576K
}
Event: 18.292 GC heap after
{Heap after GC invocations=15 (full 0):
 garbage-first heap   total 157696K, used 75776K [0x0000000080000000, 0x0000000100000000)
  region size 1024K, 1 young (1024K), 1 survivors (1024K)
 Metaspace       used 64104K, capacity 65836K, committed 66148K, reserved 1105920K
  class space    used 8140K, capacity 8741K, committed 8832K, reserved 1048576K
}
Event: 19.176 GC heap before
{Heap before GC invocations=16 (full 0):
 garbage-first heap   total 157696K, used 117760K [0x0000000080000000, 0x0000000100000000)
  region size 1024K, 41 young (41984K), 1 survivors (1024K)
 Metaspace       used 65383K, capacity 67171K, committed 67300K, reserved 1107968K
  class space    used 8319K, capacity 8944K, committed 8960K, reserved 1048576K
}
Event: 19.189 GC heap after
{Heap after GC invocations=17 (full 0):
 garbage-first heap   total 157696K, used 78272K [0x0000000080000000, 0x0000000100000000)
  region size 1024K, 4 young (4096K), 4 survivors (4096K)
 Metaspace       used 65383K, capacity 67171K, committed 67300K, reserved 1107968K
  class space    used 8319K, capacity 8944K, committed 8960K, reserved 1048576K
}
Event: 20.508 GC heap before
{Heap before GC invocations=17 (full 0):
 garbage-first heap   total 157696K, used 120256K [0x0000000080000000, 0x0000000100000000)
  region size 1024K, 45 young (46080K), 4 survivors (4096K)
 Metaspace       used 70233K, capacity 72064K, committed 72292K, reserved 1112064K
  class space    used 9095K, capacity 9739K, committed 9856K, reserved 1048576K
}
Event: 20.526 GC heap after
{Heap after GC invocations=18 (full 0):
 garbage-first heap   total 157696K, used 80760K [0x0000000080000000, 0x0000000100000000)
  region size 1024K, 3 young (3072K), 3 survivors (3072K)
 Metaspace       used 70233K, capacity 72064K, committed 72292K, reserved 1112064K
  class space    used 9095K, capacity 9739K, committed 9856K, reserved 1048576K
}
Event: 21.764 GC heap before
{Heap before GC invocations=19 (full 0):
 garbage-first heap   total 157696K, used 122744K [0x0000000080000000, 0x0000000100000000)
  region size 1024K, 44 young (45056K), 3 survivors (3072K)
 Metaspace       used 73854K, capacity 75769K, committed 76132K, reserved 1116160K
  class space    used 9607K, capacity 10242K, committed 10368K, reserved 1048576K
}

Deoptimization events (20 events):
Event: 20.103 Thread 0x000002821165a800 DEOPT PACKING pc=0x0000028207dcd23c sp=0x000000da872f8be0
Event: 20.103 Thread 0x000002821165a800 DEOPT UNPACKING pc=0x00000282000278af sp=0x000000da872f8b88 mode 2
Event: 20.845 Thread 0x000002821165a800 DEOPT PACKING pc=0x0000028200e9e6f1 sp=0x000000da872f70f0
Event: 20.845 Thread 0x000002821165a800 DEOPT UNPACKING pc=0x00000282000276ce sp=0x000000da872f65e8 mode 0
Event: 21.127 Thread 0x000002821165a800 Uncommon trap: trap_request=0xffffff4d fr.pc=0x0000028207df4d50 relative=0x00000000000027b0
Event: 21.127 Thread 0x000002821165a800 Uncommon trap: reason=unstable_if action=reinterpret pc=0x0000028207df4d50 method=java.util.TreeMap.put(Ljava/lang/Object;Ljava/lang/Object;)Ljava/lang/Object; @ 163 c2
Event: 21.127 Thread 0x000002821165a800 DEOPT PACKING pc=0x0000028207df4d50 sp=0x000000da872f9710
Event: 21.127 Thread 0x000002821165a800 DEOPT UNPACKING pc=0x00000282000278af sp=0x000000da872f96e8 mode 2
Event: 21.134 Thread 0x000002821165a800 Uncommon trap: trap_request=0xffffff4d fr.pc=0x0000028207b9ba70 relative=0x00000000000006b0
Event: 21.134 Thread 0x000002821165a800 Uncommon trap: reason=unstable_if action=reinterpret pc=0x0000028207b9ba70 method=java.lang.Integer.stringSize(I)I @ 3 c2
Event: 21.134 Thread 0x000002821165a800 DEOPT PACKING pc=0x0000028207b9ba70 sp=0x000000da872fa560
Event: 21.134 Thread 0x000002821165a800 DEOPT UNPACKING pc=0x00000282000278af sp=0x000000da872fa4b0 mode 2
Event: 21.253 Thread 0x000002821165a800 Uncommon trap: trap_request=0xffffff4d fr.pc=0x0000028207bfa7f8 relative=0x0000000000000058
Event: 21.253 Thread 0x000002821165a800 Uncommon trap: reason=unstable_if action=reinterpret pc=0x0000028207bfa7f8 method=java.util.Objects.equals(Ljava/lang/Object;Ljava/lang/Object;)Z @ 6 c2
Event: 21.253 Thread 0x000002821165a800 DEOPT PACKING pc=0x0000028207bfa7f8 sp=0x000000da872f9520
Event: 21.253 Thread 0x000002821165a800 DEOPT UNPACKING pc=0x00000282000278af sp=0x000000da872f94c0 mode 2
Event: 21.310 Thread 0x000002821165a800 Uncommon trap: trap_request=0xffffff4d fr.pc=0x0000028207d28e7c relative=0x00000000000001bc
Event: 21.310 Thread 0x000002821165a800 Uncommon trap: reason=unstable_if action=reinterpret pc=0x0000028207d28e7c method=com.esotericsoftware.kryo.io.Input.require(I)I @ 65 c2
Event: 21.310 Thread 0x000002821165a800 DEOPT PACKING pc=0x0000028207d28e7c sp=0x000000da872f8c70
Event: 21.310 Thread 0x000002821165a800 DEOPT UNPACKING pc=0x00000282000278af sp=0x000000da872f8c20 mode 2

Classes redefined (0 events):
No events

Internal exceptions (20 events):
Event: 20.713 Thread 0x000002821165a800 Exception <a 'java/lang/ClassNotFoundException'{0x00000000892176d8}: org/jetbrains/plugins/gradle/model/scala/ScalaModelBeanInfo> (0x00000000892176d8) thrown at [./src/hotspot/share/classfile/systemDictionary.cpp, line 231]
Event: 20.714 Thread 0x000002821165a800 Exception <a 'java/lang/ClassNotFoundException'{0x0000000089228d80}: org/jetbrains/plugins/gradle/model/scala/ScalaModelCustomizer> (0x0000000089228d80) thrown at [./src/hotspot/share/classfile/systemDictionary.cpp, line 231]
Event: 21.034 Thread 0x000002821165a800 Exception <a 'java/lang/NoSuchMethodError'{0x0000000088879fc8}: 'java.lang.Object java.lang.invoke.Invokers$Holder.linkToTargetMethod(java.lang.Object, java.lang.Object, java.lang.Object, java.lang.Object, java.lang.Object, java.lang.Object, java.lang.Object)'> (0x0000000088879fc8) thrown at [./src/hotspot/share/interpreter/linkResolver.cpp, line 773]
Event: 21.284 Thread 0x0000028211b8f000 Exception <a 'java/lang/NoSuchMethodError'{0x0000000088088c50}: <clinit>> (0x0000000088088c50) thrown at [./src/hotspot/share/prims/jni.cpp, line 1362]
Event: 21.289 Thread 0x0000028211b8f000 Exception <a 'java/lang/NoSuchMethodError'{0x000000008809c958}: <clinit>> (0x000000008809c958) thrown at [./src/hotspot/share/prims/jni.cpp, line 1362]
Event: 21.291 Thread 0x0000028211b8f000 Exception <a 'java/lang/NoSuchMethodError'{0x00000000880a8ed8}: <clinit>> (0x00000000880a8ed8) thrown at [./src/hotspot/share/prims/jni.cpp, line 1362]
Event: 21.298 Thread 0x0000028211b8f000 Exception <a 'java/lang/NoSuchMethodError'{0x00000000880b4440}: <clinit>> (0x00000000880b4440) thrown at [./src/hotspot/share/prims/jni.cpp, line 1362]
Event: 21.667 Thread 0x000002821165a800 Exception <a 'java/lang/NoSuchMethodError'{0x00000000878ef558}: <clinit>> (0x00000000878ef558) thrown at [./src/hotspot/share/prims/jni.cpp, line 1362]
Event: 21.681 Thread 0x000002821165a800 Exception <a 'java/lang/NoSuchMethodError'{0x000000008778dd68}: <clinit>> (0x000000008778dd68) thrown at [./src/hotspot/share/prims/jni.cpp, line 1362]
Event: 21.690 Thread 0x000002821165a800 Exception <a 'java/lang/NoSuchMethodError'{0x00000000876060e8}: <clinit>> (0x00000000876060e8) thrown at [./src/hotspot/share/prims/jni.cpp, line 1362]
Event: 21.700 Thread 0x000002821165a800 Exception <a 'java/lang/ClassNotFoundException'{0x00000000875f4b00}: org/codehaus/groovy/runtime/NullObjectBeanInfo> (0x00000000875f4b00) thrown at [./src/hotspot/share/classfile/systemDictionary.cpp, line 231]
Event: 21.705 Thread 0x000002821165a800 Exception <a 'java/lang/ClassNotFoundException'{0x00000000873c9ae0}: org/codehaus/groovy/runtime/NullObjectCustomizer> (0x00000000873c9ae0) thrown at [./src/hotspot/share/classfile/systemDictionary.cpp, line 231]
Event: 21.718 Thread 0x000002821165a800 Exception <a 'java/lang/ClassNotFoundException'{0x0000000087216cc8}: org/jetbrains/plugins/gradle/tooling/util/SourceSetCachedFinder$1BeanInfo> (0x0000000087216cc8) thrown at [./src/hotspot/share/classfile/systemDictionary.cpp, line 231]
Event: 21.719 Thread 0x000002821165a800 Exception <a 'java/lang/ClassNotFoundException'{0x0000000087229198}: org/jetbrains/plugins/gradle/tooling/util/SourceSetCachedFinder$1Customizer> (0x0000000087229198) thrown at [./src/hotspot/share/classfile/systemDictionary.cpp, line 231]
Event: 21.724 Thread 0x000002821165a800 Exception <a 'java/lang/ClassNotFoundException'{0x0000000087265b28}: org/jetbrains/plugins/gradle/tooling/util/SourceSetCachedFinder$2BeanInfo> (0x0000000087265b28) thrown at [./src/hotspot/share/classfile/systemDictionary.cpp, line 231]
Event: 21.725 Thread 0x000002821165a800 Exception <a 'java/lang/ClassNotFoundException'{0x0000000087277ff8}: org/jetbrains/plugins/gradle/tooling/util/SourceSetCachedFinder$2Customizer> (0x0000000087277ff8) thrown at [./src/hotspot/share/classfile/systemDictionary.cpp, line 231]
Event: 21.728 Thread 0x000002821165a800 Exception <a 'java/lang/ClassNotFoundException'{0x00000000872adc20}: org/jetbrains/plugins/gradle/tooling/util/SourceSetCachedFinderBeanInfo> (0x00000000872adc20) thrown at [./src/hotspot/share/classfile/systemDictionary.cpp, line 231]
Event: 21.729 Thread 0x000002821165a800 Exception <a 'java/lang/ClassNotFoundException'{0x00000000872bed78}: org/jetbrains/plugins/gradle/tooling/util/SourceSetCachedFinderCustomizer> (0x00000000872bed78) thrown at [./src/hotspot/share/classfile/systemDictionary.cpp, line 231]
Event: 21.744 Thread 0x000002821165a800 Exception <a 'java/lang/ClassNotFoundException'{0x0000000087167e68}: org/jetbrains/plugins/gradle/tooling/util/SourceSetCachedFinder$ArtifactsMapBeanInfo> (0x0000000087167e68) thrown at [./src/hotspot/share/classfile/systemDictionary.cpp, line 231]
Event: 21.745 Thread 0x000002821165a800 Exception <a 'java/lang/ClassNotFoundException'{0x000000008717b740}: org/jetbrains/plugins/gradle/tooling/util/SourceSetCachedFinder$ArtifactsMapCustomizer> (0x000000008717b740) thrown at [./src/hotspot/share/classfile/systemDictionary.cpp, line 231]

Events (20 events):
Event: 21.752 loading class org/gradle/api/artifacts/LenientConfiguration done
Event: 21.755 loading class org/gradle/api/internal/artifacts/ivyservice/resolveengine/oldresult/ResolvedGraphResults
Event: 21.755 loading class org/gradle/api/internal/artifacts/ivyservice/resolveengine/oldresult/ResolvedGraphResults done
Event: 21.755 loading class org/gradle/api/internal/artifacts/ivyservice/resolveengine/oldresult/TransientConfigurationResults
Event: 21.755 loading class org/gradle/api/internal/artifacts/ivyservice/resolveengine/oldresult/TransientConfigurationResults done
Event: 21.755 loading class org/gradle/api/internal/artifacts/ivyservice/resolveengine/oldresult/TransientConfigurationResultsBuilder
Event: 21.755 loading class org/gradle/api/internal/artifacts/ivyservice/resolveengine/oldresult/TransientConfigurationResultsBuilder done
Event: 21.756 loading class org/gradle/internal/serialize/Decoder
Event: 21.756 loading class org/gradle/internal/serialize/Decoder done
Event: 21.756 loading class org/gradle/api/internal/artifacts/ivyservice/resolveengine/oldresult/ResolvedGraphResults
Event: 21.756 loading class org/gradle/api/internal/artifacts/ivyservice/resolveengine/oldresult/ResolvedGraphResults done
Event: 21.756 loading class org/gradle/internal/serialize/Decoder
Event: 21.756 loading class org/gradle/internal/serialize/Decoder done
Event: 21.756 loading class org/gradle/api/internal/artifacts/ivyservice/resolveengine/oldresult/TransientConfigurationResultsBuilder
Event: 21.756 loading class org/gradle/api/internal/artifacts/ivyservice/resolveengine/oldresult/TransientConfigurationResultsBuilder done
Event: 21.757 loading class org/gradle/api/internal/artifacts/DefaultResolvedDependency
Event: 21.757 loading class org/gradle/api/internal/artifacts/DefaultResolvedDependency done
Event: 21.758 loading class org/gradle/api/internal/artifacts/DependencyGraphNodeResult
Event: 21.758 loading class org/gradle/api/internal/artifacts/DependencyGraphNodeResult done
Event: 21.764 Executing VM operation: G1CollectForAllocation


Dynamic libraries:
0x00007ff6eaa30000 - 0x00007ff6eaa3a000 	C:\Program Files\Android\Android Studio\jre\bin\java.exe
0x00007ff9e6230000 - 0x00007ff9e6425000 	C:\WINDOWS\SYSTEM32\ntdll.dll
0x00007ff9e50f0000 - 0x00007ff9e51ad000 	C:\WINDOWS\System32\KERNEL32.DLL
0x00007ff9e3f60000 - 0x00007ff9e4229000 	C:\WINDOWS\System32\KERNELBASE.dll
0x00007ff9e3e60000 - 0x00007ff9e3f60000 	C:\WINDOWS\System32\ucrtbase.dll
0x00007ff9df450000 - 0x00007ff9df467000 	C:\Program Files\Android\Android Studio\jre\bin\VCRUNTIME140.dll
0x00007ff9df320000 - 0x00007ff9df339000 	C:\Program Files\Android\Android Studio\jre\bin\jli.dll
0x00007ff9e4a20000 - 0x00007ff9e4bc0000 	C:\WINDOWS\System32\USER32.dll
0x00007ff9d7170000 - 0x00007ff9d740a000 	C:\WINDOWS\WinSxS\amd64_microsoft.windows.common-controls_6595b64144ccf1df_6.0.19041.1110_none_60b5254171f9507e\COMCTL32.dll
0x00007ff9e3e30000 - 0x00007ff9e3e52000 	C:\WINDOWS\System32\win32u.dll
0x00007ff9e4920000 - 0x00007ff9e49be000 	C:\WINDOWS\System32\msvcrt.dll
0x00007ff9e5f80000 - 0x00007ff9e5faa000 	C:\WINDOWS\System32\GDI32.dll
0x00007ff9e39b0000 - 0x00007ff9e3abb000 	C:\WINDOWS\System32\gdi32full.dll
0x00007ff9e3d90000 - 0x00007ff9e3e2d000 	C:\WINDOWS\System32\msvcp_win.dll
0x00007ff9e48f0000 - 0x00007ff9e4920000 	C:\WINDOWS\System32\IMM32.DLL
0x00007ff9cac00000 - 0x00007ff9cac9d000 	C:\Program Files\Android\Android Studio\jre\bin\msvcp140.dll
0x00007ff987c00000 - 0x00007ff9886cf000 	C:\Program Files\Android\Android Studio\jre\bin\server\jvm.dll
0x00007ff9e4290000 - 0x00007ff9e433c000 	C:\WINDOWS\System32\ADVAPI32.dll
0x00007ff9e44f0000 - 0x00007ff9e458b000 	C:\WINDOWS\System32\sechost.dll
0x00007ff9e51b0000 - 0x00007ff9e52da000 	C:\WINDOWS\System32\RPCRT4.dll
0x00007ff9e5070000 - 0x00007ff9e5078000 	C:\WINDOWS\System32\PSAPI.DLL
0x00007ff9d87c0000 - 0x00007ff9d87c9000 	C:\WINDOWS\SYSTEM32\WSOCK32.dll
0x00007ff9d74e0000 - 0x00007ff9d7507000 	C:\WINDOWS\SYSTEM32\WINMM.dll
0x00007ff9d6c10000 - 0x00007ff9d6c1a000 	C:\WINDOWS\SYSTEM32\VERSION.dll
0x00007ff9e5080000 - 0x00007ff9e50eb000 	C:\WINDOWS\System32\WS2_32.dll
0x00007ff9e1870000 - 0x00007ff9e1882000 	C:\WINDOWS\SYSTEM32\kernel.appcore.dll
0x00007ff997120000 - 0x00007ff997131000 	C:\Program Files\Android\Android Studio\jre\bin\verify.dll
0x00007ff9d29c0000 - 0x00007ff9d2ba4000 	C:\WINDOWS\SYSTEM32\DBGHELP.DLL
0x00007ff9d2990000 - 0x00007ff9d29bc000 	C:\WINDOWS\SYSTEM32\dbgcore.DLL
0x00007ff9e3ac0000 - 0x00007ff9e3b43000 	C:\WINDOWS\System32\bcryptPrimitives.dll
0x00007ff996ff0000 - 0x00007ff997019000 	C:\Program Files\Android\Android Studio\jre\bin\java.dll
0x00007ff9c9d90000 - 0x00007ff9c9d9b000 	C:\Program Files\Android\Android Studio\jre\bin\jimage.dll
0x00007ff9970d0000 - 0x00007ff9970e8000 	C:\Program Files\Android\Android Studio\jre\bin\zip.dll
0x00007ff9e53c0000 - 0x00007ff9e5aff000 	C:\WINDOWS\System32\SHELL32.dll
0x00007ff9e1a70000 - 0x00007ff9e2200000 	C:\WINDOWS\SYSTEM32\windows.storage.dll
0x00007ff9e4590000 - 0x00007ff9e48e5000 	C:\WINDOWS\System32\combase.dll
0x00007ff9e33c0000 - 0x00007ff9e33ec000 	C:\WINDOWS\SYSTEM32\Wldp.dll
0x00007ff9e4e60000 - 0x00007ff9e4f0e000 	C:\WINDOWS\System32\SHCORE.dll
0x00007ff9e49c0000 - 0x00007ff9e4a15000 	C:\WINDOWS\System32\shlwapi.dll
0x00007ff9e38a0000 - 0x00007ff9e38bf000 	C:\WINDOWS\SYSTEM32\profapi.dll
0x00007ff9944c0000 - 0x00007ff9944da000 	C:\Program Files\Android\Android Studio\jre\bin\net.dll
0x00007ff9d8b30000 - 0x00007ff9d8c38000 	C:\WINDOWS\SYSTEM32\WINHTTP.dll
0x00007ff9e3120000 - 0x00007ff9e318a000 	C:\WINDOWS\system32\mswsock.dll
0x00007ff9944a0000 - 0x00007ff9944b4000 	C:\Program Files\Android\Android Studio\jre\bin\nio.dll
0x00007ff9bd0f0000 - 0x00007ff9bd117000 	C:\Users\ahmed\.gradle\native\8bec1ad78214c89d9ad589b4d07fe93259594b29d510b10fafb7a158f7737e5d\windows-amd64\native-platform.dll
0x00007ff986cd0000 - 0x00007ff986e0d000 	C:\Users\ahmed\.gradle\native\53dbd7edfb1c66fb8903c78663c9afc45aea4f116125fa6feffd364cf09443e8\windows-amd64\native-platform-file-events.dll
0x00007ff9c9830000 - 0x00007ff9c983a000 	C:\Program Files\Android\Android Studio\jre\bin\management.dll
0x00007ff9c8bc0000 - 0x00007ff9c8bcc000 	C:\Program Files\Android\Android Studio\jre\bin\management_ext.dll
0x00007ff9e3320000 - 0x00007ff9e3338000 	C:\WINDOWS\SYSTEM32\CRYPTSP.dll
0x00007ff9e2a30000 - 0x00007ff9e2a64000 	C:\WINDOWS\system32\rsaenh.dll
0x00007ff9e3b50000 - 0x00007ff9e3b77000 	C:\WINDOWS\System32\bcrypt.dll
0x00007ff9e3820000 - 0x00007ff9e384e000 	C:\WINDOWS\SYSTEM32\USERENV.dll
0x00007ff9e3310000 - 0x00007ff9e331c000 	C:\WINDOWS\SYSTEM32\CRYPTBASE.dll
0x00007ff9e2dc0000 - 0x00007ff9e2dfb000 	C:\WINDOWS\SYSTEM32\IPHLPAPI.DLL
0x00007ff9e6180000 - 0x00007ff9e6188000 	C:\WINDOWS\System32\NSI.dll
0x00007ff9dd700000 - 0x00007ff9dd717000 	C:\WINDOWS\SYSTEM32\dhcpcsvc6.DLL
0x00007ff9dd6e0000 - 0x00007ff9dd6fd000 	C:\WINDOWS\SYSTEM32\dhcpcsvc.DLL
0x00007ff9e2e00000 - 0x00007ff9e2ecc000 	C:\WINDOWS\SYSTEM32\DNSAPI.dll

dbghelp: loaded successfully - version: 4.0.5 - missing functions: none
symbol engine: initialized successfully - sym options: 0x614 - pdb path: .;C:\Program Files\Android\Android Studio\jre\bin;C:\WINDOWS\SYSTEM32;C:\WINDOWS\WinSxS\amd64_microsoft.windows.common-controls_6595b64144ccf1df_6.0.19041.1110_none_60b5254171f9507e;C:\Program Files\Android\Android Studio\jre\bin\server;C:\Users\ahmed\.gradle\native\8bec1ad78214c89d9ad589b4d07fe93259594b29d510b10fafb7a158f7737e5d\windows-amd64;C:\Users\ahmed\.gradle\native\53dbd7edfb1c66fb8903c78663c9afc45aea4f116125fa6feffd364cf09443e8\windows-amd64

VM Arguments:
jvm_args: --add-opens=java.base/java.util=ALL-UNNAMED --add-opens=java.base/java.lang=ALL-UNNAMED --add-opens=java.base/java.lang.invoke=ALL-UNNAMED --add-opens=java.base/java.util=ALL-UNNAMED --add-opens=java.prefs/java.util.prefs=ALL-UNNAMED --add-opens=java.prefs/java.util.prefs=ALL-UNNAMED --add-opens=java.base/java.nio.charset=ALL-UNNAMED --add-opens=java.base/java.net=ALL-UNNAMED --add-opens=java.base/java.util.concurrent.atomic=ALL-UNNAMED -Xmx2048m -Dfile.encoding=UTF-8 -Duser.country=US -Duser.language=en -Duser.variant 
java_command: org.gradle.launcher.daemon.bootstrap.GradleDaemon 7.0.2
java_class_path (initial): C:\Users\ahmed\.gradle\wrapper\dists\gradle-7.0.2-bin\857tjihv64xamwrf0h14cai3r\gradle-7.0.2\lib\gradle-launcher-7.0.2.jar
Launcher Type: SUN_STANDARD

[Global flags]
     intx CICompilerCount                          = 3                                         {product} {ergonomic}
     uint ConcGCThreads                            = 1                                         {product} {ergonomic}
     uint G1ConcRefinementThreads                  = 4                                         {product} {ergonomic}
   size_t G1HeapRegionSize                         = 1048576                                   {product} {ergonomic}
    uintx GCDrainStackTargetSize                   = 64                                        {product} {ergonomic}
   size_t InitialHeapSize                          = 134217728                                 {product} {ergonomic}
   size_t MarkStackSize                            = 4194304                                   {product} {ergonomic}
   size_t MaxHeapSize                              = 2147483648                                {product} {command line}
   size_t MaxNewSize                               = 1287651328                                {product} {ergonomic}
   size_t MinHeapDeltaBytes                        = 1048576                                   {product} {ergonomic}
    uintx NonNMethodCodeHeapSize                   = 5830732                                {pd product} {ergonomic}
    uintx NonProfiledCodeHeapSize                  = 122913754                              {pd product} {ergonomic}
    uintx ProfiledCodeHeapSize                     = 122913754                              {pd product} {ergonomic}
    uintx ReservedCodeCacheSize                    = 251658240                              {pd product} {ergonomic}
     bool SegmentedCodeCache                       = true                                      {product} {ergonomic}
     bool UseCompressedClassPointers               = true                                 {lp64_product} {ergonomic}
     bool UseCompressedOops                        = true                                 {lp64_product} {ergonomic}
     bool UseG1GC                                  = true                                      {product} {ergonomic}
     bool UseLargePagesIndividualAllocation        = false                                  {pd product} {ergonomic}

Logging:
Log output configuration:
 #0: stdout all=warning uptime,level,tags
 #1: stderr all=off uptime,level,tags

Environment Variables:
PATH=C:\Program Files\Common Files\Oracle\Java\javapath;C:\WINDOWS\system32;C:\WINDOWS;C:\WINDOWS\System32\Wbem;C:\WINDOWS\System32\WindowsPowerShell\v1.0\;C:\Program Files (x86)\Brackets\command;C:\Program Files\Dart\dart-sdk\bin;C:\Program Files\Git\cmd;C:\src\flutter\bin;;C:\WINDOWS\System32\OpenSSH\;C:\Users\ahmed\AppData\Local\Programs\Python\Python39\Scripts\;C:\Users\ahmed\AppData\Local\Programs\Python\Python39\;C:\Users\ahmed\AppData\Local\Microsoft\WindowsApps;C:\Users\ahmed\AppData\Local\Programs\Microsoft VS Code\bin;C:\Users\ahmed\AppData\Local\atom\bin;C:\Users\ahmed\AppData\Local\Microsoft\WindowsApps;
USERNAME=ahmed
OS=Windows_NT
PROCESSOR_IDENTIFIER=Intel64 Family 6 Model 69 Stepping 1, GenuineIntel



---------------  S Y S T E M  ---------------

OS: Windows 10 , 64 bit Build 19041 (10.0.19041.1151)
OS uptime: 2 days 7:17 hours

CPU:total 4 (initial active 4) (2 cores per cpu, 2 threads per core) family 6 model 69 stepping 1 microcode 0x26, cmov, cx8, fxsr, mmx, sse, sse2, sse3, ssse3, sse4.1, sse4.2, popcnt, avx, avx2, aes, clmul, erms, lzcnt, ht, tsc, tscinvbit, bmi1, bmi2, fma

Memory: 4k page, system-wide physical 8128M (1042M free)
TotalPageFile size 23425M (AvailPageFile size 12M)
current process WorkingSet (physical memory assigned to process): 366M, peak: 371M
current process commit charge ("private bytes"): 397M, peak: 427M

vm_info: OpenJDK 64-Bit Server VM (11.0.10+0-b96-7249189) for windows-amd64 JRE (11.0.10+0-b96-7249189), built on Mar 31 2021 21:44:00 by "builder" with MS VC++ 14.0 (VS2015)

END.
