#
# There is insufficient memory for the Java Runtime Environment to continue.
# Native memory allocation (malloc) failed to allocate 1997456 bytes for Chunk::new
# Possible reasons:
#   The system is out of physical RAM or swap space
#   The process is running with CompressedOops enabled, and the Java Heap may be blocking the growth of the native heap
# Possible solutions:
#   Reduce memory load on the system
#   Increase physical memory or swap space
#   Check if swap backing store is full
#   Decrease Java heap size (-Xmx/-Xms)
#   Decrease number of Java threads
#   Decrease Java thread stack sizes (-Xss)
#   Set larger code cache with -XX:ReservedCodeCacheSize=
#   JVM is running with Unscaled Compressed Oops mode in which the Java heap is
#     placed in the first 4GB address space. The Java Heap base address is the
#     maximum limit for the native heap growth. Please use -XX:HeapBaseMinAddress
#     to set the Java Heap base and to place the Java Heap above 4GB virtual address.
# This output file may be truncated or incomplete.
#
#  Out of Memory Error (./src/hotspot/share/memory/arena.cpp:197), pid=14616, tid=4324
#
# JRE version: OpenJDK Runtime Environment (11.0.10) (build 11.0.10+0-b96-7249189)
# Java VM: OpenJDK 64-Bit Server VM (11.0.10+0-b96-7249189, mixed mode, tiered, compressed oops, g1 gc, windows-amd64)
# No core dump will be written. Minidumps are not enabled by default on client versions of Windows
#

---------------  S U M M A R Y ------------

Command Line: --add-opens=java.base/java.util=ALL-UNNAMED --add-opens=java.base/java.lang=ALL-UNNAMED --add-opens=java.base/java.lang.invoke=ALL-UNNAMED --add-opens=java.base/java.util=ALL-UNNAMED --add-opens=java.prefs/java.util.prefs=ALL-UNNAMED --add-opens=java.prefs/java.util.prefs=ALL-UNNAMED --add-opens=java.base/java.nio.charset=ALL-UNNAMED --add-opens=java.base/java.net=ALL-UNNAMED --add-opens=java.base/java.util.concurrent.atomic=ALL-UNNAMED -Xmx2048m -Dfile.encoding=UTF-8 -Duser.country=US -Duser.language=en -Duser.variant org.gradle.launcher.daemon.bootstrap.GradleDaemon 7.0.2

Host: Intel(R) Core(TM) i3-4005U CPU @ 1.70GHz, 4 cores, 7G,  Windows 10 , 64 bit Build 19041 (10.0.19041.1151)
Time: Mon Aug 30 03:22:49 2021 West Bank Gaza Daylight Time elapsed time: 379.463440 seconds (0d 0h 6m 19s)

---------------  T H R E A D  ---------------

Current thread (0x000002727f58c000):  JavaThread "C2 CompilerThread0" daemon [_thread_in_native, id=4324, stack(0x000000af88200000,0x000000af88300000)]


Current CompileTask:
C2: 379463 17328       4       org.gradle.internal.logging.sink.OutputEventTransformer::onOutput (399 bytes)

Stack: [0x000000af88200000,0x000000af88300000]
Native frames: (J=compiled Java code, j=interpreted, Vv=VM code, C=native code)
V  [jvm.dll+0x5ecfaa]
V  [jvm.dll+0x722bd5]
V  [jvm.dll+0x72412d]
V  [jvm.dll+0x7247e3]
V  [jvm.dll+0x242928]
V  [jvm.dll+0xbc4fc]
V  [jvm.dll+0xbca0c]
V  [jvm.dll+0x352d3b]
V  [jvm.dll+0x320ad3]
V  [jvm.dll+0x31ffca]
V  [jvm.dll+0x1fb602]
V  [jvm.dll+0x1fa7f4]
V  [jvm.dll+0x18354c]
V  [jvm.dll+0x208ee7]
V  [jvm.dll+0x207731]
V  [jvm.dll+0x6eb1cf]
V  [jvm.dll+0x6e3d45]
V  [jvm.dll+0x5ebe96]
C  [ucrtbase.dll+0x21bb2]
C  [KERNEL32.DLL+0x17034]
C  [ntdll.dll+0x52651]


---------------  P R O C E S S  ---------------

Threads class SMR info:
_java_thread_list=0x000002721aa70670, length=51, elements={
0x0000027276a6d000, 0x000002727f572000, 0x000002727f573800, 0x000002727f586800,
0x000002727f589000, 0x000002727f58b000, 0x000002727f58c000, 0x000002727f597000,
0x000002727f5a2800, 0x000002721318a000, 0x0000027214851000, 0x00000272142b4800,
0x0000027213c7c800, 0x0000027214816800, 0x000002721481a800, 0x0000027214817800,
0x000002721481b800, 0x000002721481a000, 0x0000027216f8e000, 0x0000027216f91000,
0x0000027216f92800, 0x0000027216f93800, 0x0000027216f96000, 0x0000027216f97800,
0x0000027216f9c800, 0x0000027219014800, 0x0000027216f97000, 0x0000027216f99000,
0x0000027216f8e800, 0x0000027216f95000, 0x0000027216f8f800, 0x0000027216f92000,
0x0000027216f98800, 0x0000027216f9a000, 0x0000027216f9b000, 0x0000027216f9b800,
0x000002721a11b000, 0x000002721a117000, 0x000002721a11b800, 0x000002721a11c800,
0x000002721a11d800, 0x000002721a11a000, 0x000002721a117800, 0x000002721a11e000,
0x000002721a118800, 0x000002721a119000, 0x000002721a11f000, 0x000002721a123000,
0x000002721a120800, 0x000002721a122000, 0x000002721a125800
}

Java Threads: ( => current thread )
  0x0000027276a6d000 JavaThread "main" [_thread_blocked, id=15048, stack(0x000000af87600000,0x000000af87700000)]
  0x000002727f572000 JavaThread "Reference Handler" daemon [_thread_blocked, id=7628, stack(0x000000af87d00000,0x000000af87e00000)]
  0x000002727f573800 JavaThread "Finalizer" daemon [_thread_blocked, id=9512, stack(0x000000af87e00000,0x000000af87f00000)]
  0x000002727f586800 JavaThread "Signal Dispatcher" daemon [_thread_blocked, id=12384, stack(0x000000af87f00000,0x000000af88000000)]
  0x000002727f589000 JavaThread "Attach Listener" daemon [_thread_blocked, id=6860, stack(0x000000af88000000,0x000000af88100000)]
  0x000002727f58b000 JavaThread "Service Thread" daemon [_thread_blocked, id=16776, stack(0x000000af88100000,0x000000af88200000)]
=>0x000002727f58c000 JavaThread "C2 CompilerThread0" daemon [_thread_in_native, id=4324, stack(0x000000af88200000,0x000000af88300000)]
  0x000002727f597000 JavaThread "C1 CompilerThread0" daemon [_thread_blocked, id=7112, stack(0x000000af88300000,0x000000af88400000)]
  0x000002727f5a2800 JavaThread "Sweeper thread" daemon [_thread_blocked, id=11228, stack(0x000000af88400000,0x000000af88500000)]
  0x000002721318a000 JavaThread "Common-Cleaner" daemon [_thread_blocked, id=6780, stack(0x000000af88500000,0x000000af88600000)]
  0x0000027214851000 JavaThread "Daemon health stats" [_thread_blocked, id=12644, stack(0x000000af88a00000,0x000000af88b00000)]
  0x00000272142b4800 JavaThread "Incoming local TCP Connector on port 7689" [_thread_in_native, id=7904, stack(0x000000af88700000,0x000000af88800000)]
  0x0000027213c7c800 JavaThread "Daemon periodic checks" [_thread_blocked, id=2628, stack(0x000000af88c00000,0x000000af88d00000)]
  0x0000027214816800 JavaThread "Cache worker for file hash cache (C:\Users\ahmed\.gradle\caches\7.0.2\fileHashes)" [_thread_blocked, id=8408, stack(0x000000af89400000,0x000000af89500000)]
  0x000002721481a800 JavaThread "File lock request listener" [_thread_in_native, id=16304, stack(0x000000af89500000,0x000000af89600000)]
  0x0000027214817800 JavaThread "Cache worker for journal cache (C:\Users\ahmed\.gradle\caches\journal-1)" [_thread_blocked, id=15488, stack(0x000000af89600000,0x000000af89700000)]
  0x000002721481b800 JavaThread "File watcher server" daemon [_thread_in_native, id=13872, stack(0x000000af89900000,0x000000af89a00000)]
  0x000002721481a000 JavaThread "File watcher consumer" daemon [_thread_blocked, id=15528, stack(0x000000af89a00000,0x000000af89b00000)]
  0x0000027216f8e000 JavaThread "Cache worker for execution history cache (C:\Users\ahmed\.gradle\caches\7.0.2\executionHistory)" [_thread_blocked, id=13156, stack(0x000000af89e00000,0x000000af89f00000)]
  0x0000027216f91000 JavaThread "jar transforms" [_thread_blocked, id=996, stack(0x000000af89f00000,0x000000af8a000000)]
  0x0000027216f92800 JavaThread "jar transforms Thread 2" [_thread_blocked, id=2188, stack(0x000000af8a000000,0x000000af8a100000)]
  0x0000027216f93800 JavaThread "Cache worker for file content cache (C:\Users\ahmed\.gradle\caches\7.0.2\fileContent)" [_thread_blocked, id=14352, stack(0x000000af8a100000,0x000000af8a200000)]
  0x0000027216f96000 JavaThread "jar transforms Thread 3" [_thread_blocked, id=14380, stack(0x000000af8a300000,0x000000af8a400000)]
  0x0000027216f97800 JavaThread "jar transforms Thread 4" [_thread_blocked, id=16320, stack(0x000000af8a900000,0x000000af8aa00000)]
  0x0000027216f9c800 JavaThread "Memory manager" [_thread_blocked, id=4008, stack(0x000000af8aa00000,0x000000af8ab00000)]
  0x0000027219014800 JavaThread "Cache worker for Java compile cache (C:\Users\ahmed\.gradle\caches\7.0.2\javaCompile)" [_thread_blocked, id=6692, stack(0x000000af8b200000,0x000000af8b300000)]
  0x0000027216f97000 JavaThread "ForkJoinPool.commonPool-worker-3" daemon [_thread_blocked, id=5116, stack(0x000000af8b600000,0x000000af8b700000)]
  0x0000027216f99000 JavaThread "ForkJoinPool.commonPool-worker-5" daemon [_thread_blocked, id=3964, stack(0x000000af8b700000,0x000000af8b800000)]
  0x0000027216f8e800 JavaThread "Daemon Thread 4" [_thread_blocked, id=11128, stack(0x000000af87300000,0x000000af87400000)]
  0x0000027216f95000 JavaThread "Handler for socket connection from /127.0.0.1:7689 to /127.0.0.1:2240" [_thread_in_native, id=13608, stack(0x000000af87400000,0x000000af87500000)]
  0x0000027216f8f800 JavaThread "Cancel handler" [_thread_blocked, id=14832, stack(0x000000af87500000,0x000000af87600000)]
  0x0000027216f92000 JavaThread "Daemon worker Thread 4" [_thread_blocked, id=904, stack(0x000000af88d00000,0x000000af88e00000)]
  0x0000027216f98800 JavaThread "Asynchronous log dispatcher for DefaultDaemonConnection: socket connection from /127.0.0.1:7689 to /127.0.0.1:2240" [_thread_blocked, id=17348, stack(0x000000af88e00000,0x000000af88f00000)]
  0x0000027216f9a000 JavaThread "Stdin handler" [_thread_blocked, id=14672, stack(0x000000af88f00000,0x000000af89000000)]
  0x0000027216f9b000 JavaThread "Daemon client event forwarder" [_thread_blocked, id=14728, stack(0x000000af89000000,0x000000af89100000)]
  0x0000027216f9b800 JavaThread "Cache worker for file hash cache (D:\Programming\Android\MyApps\VideoPlayer\Project\.gradle\7.0.2\fileHashes)" [_thread_blocked, id=4504, stack(0x000000af89100000,0x000000af89200000)]
  0x000002721a11b000 JavaThread "Cache worker for checksums cache (D:\Programming\Android\MyApps\VideoPlayer\Project\.gradle\checksums)" [_thread_blocked, id=4240, stack(0x000000af89200000,0x000000af89300000)]
  0x000002721a117000 JavaThread "Cache worker for cache directory md-supplier (C:\Users\ahmed\.gradle\caches\7.0.2\md-supplier)" [_thread_blocked, id=3076, stack(0x000000af89300000,0x000000af89400000)]
  0x000002721a11b800 JavaThread "Cache worker for cache directory md-rule (C:\Users\ahmed\.gradle\caches\7.0.2\md-rule)" [_thread_blocked, id=1340, stack(0x000000af89700000,0x000000af89800000)]
  0x000002721a11c800 JavaThread "Cache worker for dependencies-accessors (D:\Programming\Android\MyApps\VideoPlayer\Project\.gradle\7.0.2\dependencies-accessors)" [_thread_blocked, id=11816, stack(0x000000af89800000,0x000000af89900000)]
  0x000002721a11d800 JavaThread "Cache worker for Build Output Cleanup Cache (D:\Programming\Android\MyApps\VideoPlayer\Project\.gradle\buildOutputCleanup)" [_thread_blocked, id=11296, stack(0x000000af89b00000,0x000000af89c00000)]
  0x000002721a11a000 JavaThread "Build operations" [_thread_in_Java, id=16556, stack(0x000000af89c00000,0x000000af89d00000)]
  0x000002721a117800 JavaThread "Build operations Thread 2" [_thread_blocked, id=10048, stack(0x000000af89d00000,0x000000af89e00000)]
  0x000002721a11e000 JavaThread "Build operations Thread 3" [_thread_blocked, id=14920, stack(0x000000af8a200000,0x000000af8a300000)]
  0x000002721a118800 JavaThread "Build operations Thread 4" [_thread_blocked, id=7312, stack(0x000000af8a400000,0x000000af8a500000)]
  0x000002721a119000 JavaThread "C2 CompilerThread1" daemon [_thread_in_vm, id=11876, stack(0x000000af8a500000,0x000000af8a600000)]
  0x000002721a11f000 JavaThread "build event listener" [_thread_blocked, id=1160, stack(0x000000af8a600000,0x000000af8a700000)]
  0x000002721a123000 JavaThread "Execution worker for ':'" [_thread_blocked, id=2820, stack(0x000000af8a700000,0x000000af8a800000)]
  0x000002721a120800 JavaThread "Execution worker for ':' Thread 2" [_thread_blocked, id=13568, stack(0x000000af8a800000,0x000000af8a900000)]
  0x000002721a122000 JavaThread "Execution worker for ':' Thread 3" [_thread_blocked, id=16064, stack(0x000000af8ab00000,0x000000af8ac00000)]
  0x000002721a125800 JavaThread "Cache worker for execution history cache (D:\Programming\Android\MyApps\VideoPlayer\Project\.gradle\7.0.2\executionHistory)" [_thread_blocked, id=2380, stack(0x000000af8ac00000,0x000000af8ad00000)]

Other Threads:
  0x000002727f56d000 VMThread "VM Thread" [stack: 0x000000af87c00000,0x000000af87d00000] [id=16520]
  0x00000272131be800 WatcherThread [stack: 0x000000af88600000,0x000000af88700000] [id=13440]
  0x0000027276a86800 GCTaskThread "GC Thread#0" [stack: 0x000000af87700000,0x000000af87800000] [id=9632]
  0x0000027213462800 GCTaskThread "GC Thread#1" [stack: 0x000000af88800000,0x000000af88900000] [id=2844]
  0x000002721350b000 GCTaskThread "GC Thread#2" [stack: 0x000000af88900000,0x000000af88a00000] [id=9272]
  0x00000272162f8800 GCTaskThread "GC Thread#3" [stack: 0x000000af88b00000,0x000000af88c00000] [id=5064]
  0x0000027276ab6000 ConcurrentGCThread "G1 Main Marker" [stack: 0x000000af87800000,0x000000af87900000] [id=17404]
  0x0000027276ab8800 ConcurrentGCThread "G1 Conc#0" [stack: 0x000000af87900000,0x000000af87a00000] [id=16596]
  0x0000027276b47800 ConcurrentGCThread "G1 Refine#0" [stack: 0x000000af87a00000,0x000000af87b00000] [id=4092]
  0x0000027276b49000 ConcurrentGCThread "G1 Young RemSet Sampling" [stack: 0x000000af87b00000,0x000000af87c00000] [id=12736]

Threads with active compile tasks:
C2 CompilerThread0 379725 17328       4       org.gradle.internal.logging.sink.OutputEventTransformer::onOutput (399 bytes)
C2 CompilerThread1 379725 17572       4       org.gradle.api.internal.artifacts.ivyservice.resolveengine.artifact.DefaultArtifactSet$SingleVariantArtifactSet::getVariants (8 bytes)

VM state:not at safepoint (normal execution)

VM Mutex/Monitor currently owned by a thread: None

Heap address: 0x0000000080000000, size: 2048 MB, Compressed Oops mode: 32-bit
Narrow klass base: 0x0000000000000000, Narrow klass shift: 3
Compressed class space size: 1073741824 Address: 0x0000000100000000

Heap:
 garbage-first heap   total 189440K, used 118475K [0x0000000080000000, 0x0000000100000000)
  region size 1024K, 16 young (16384K), 1 survivors (1024K)
 Metaspace       used 115149K, capacity 118340K, committed 118588K, reserved 1153024K
  class space    used 14797K, capacity 16027K, committed 16128K, reserved 1048576K
Heap Regions: E=young(eden), S=young(survivor), O=old, HS=humongous(starts), HC=humongous(continues), CS=collection set, F=free, A=archive, TAMS=top-at-mark-start (previous, next)
|   0|0x0000000080000000, 0x0000000080100000, 0x0000000080100000|100%| O|  |TAMS 0x0000000080100000, 0x0000000080000000| Untracked 
|   1|0x0000000080100000, 0x0000000080200000, 0x0000000080200000|100%| O|  |TAMS 0x0000000080200000, 0x0000000080100000| Untracked 
|   2|0x0000000080200000, 0x0000000080300000, 0x0000000080300000|100%| O|  |TAMS 0x0000000080300000, 0x0000000080200000| Untracked 
|   3|0x0000000080300000, 0x0000000080400000, 0x0000000080400000|100%|HS|  |TAMS 0x0000000080400000, 0x0000000080300000| Complete 
|   4|0x0000000080400000, 0x0000000080500000, 0x0000000080500000|100%|HC|  |TAMS 0x0000000080500000, 0x0000000080400000| Complete 
|   5|0x0000000080500000, 0x0000000080600000, 0x0000000080600000|100%|HC|  |TAMS 0x0000000080600000, 0x0000000080500000| Complete 
|   6|0x0000000080600000, 0x0000000080700000, 0x0000000080700000|100%| O|  |TAMS 0x0000000080700000, 0x0000000080600000| Untracked 
|   7|0x0000000080700000, 0x0000000080800000, 0x0000000080800000|100%| O|  |TAMS 0x0000000080800000, 0x0000000080700000| Untracked 
|   8|0x0000000080800000, 0x0000000080900000, 0x0000000080900000|100%| O|  |TAMS 0x0000000080900000, 0x0000000080800000| Untracked 
|   9|0x0000000080900000, 0x0000000080a00000, 0x0000000080a00000|100%| O|  |TAMS 0x0000000080a00000, 0x0000000080900000| Untracked 
|  10|0x0000000080a00000, 0x0000000080b00000, 0x0000000080b00000|100%| O|  |TAMS 0x0000000080b00000, 0x0000000080a00000| Untracked 
|  11|0x0000000080b00000, 0x0000000080c00000, 0x0000000080c00000|100%| O|  |TAMS 0x0000000080c00000, 0x0000000080b00000| Untracked 
|  12|0x0000000080c00000, 0x0000000080d00000, 0x0000000080d00000|100%| O|  |TAMS 0x0000000080d00000, 0x0000000080c00000| Untracked 
|  13|0x0000000080d00000, 0x0000000080e00000, 0x0000000080e00000|100%| O|  |TAMS 0x0000000080e00000, 0x0000000080d00000| Untracked 
|  14|0x0000000080e00000, 0x0000000080f00000, 0x0000000080f00000|100%| O|  |TAMS 0x0000000080f00000, 0x0000000080e00000| Untracked 
|  15|0x0000000080f00000, 0x0000000081000000, 0x0000000081000000|100%|HS|  |TAMS 0x0000000081000000, 0x0000000080f00000| Complete 
|  16|0x0000000081000000, 0x0000000081100000, 0x0000000081100000|100%| O|  |TAMS 0x0000000081100000, 0x0000000081000000| Untracked 
|  17|0x0000000081100000, 0x0000000081200000, 0x0000000081200000|100%| O|  |TAMS 0x0000000081200000, 0x0000000081100000| Untracked 
|  18|0x0000000081200000, 0x0000000081300000, 0x0000000081300000|100%| O|  |TAMS 0x0000000081300000, 0x0000000081200000| Untracked 
|  19|0x0000000081300000, 0x0000000081400000, 0x0000000081400000|100%| O|  |TAMS 0x0000000081400000, 0x0000000081300000| Untracked 
|  20|0x0000000081400000, 0x0000000081500000, 0x0000000081500000|100%| O|  |TAMS 0x0000000081500000, 0x0000000081400000| Untracked 
|  21|0x0000000081500000, 0x0000000081600000, 0x0000000081600000|100%| O|  |TAMS 0x0000000081600000, 0x0000000081500000| Untracked 
|  22|0x0000000081600000, 0x0000000081700000, 0x0000000081700000|100%| O|  |TAMS 0x0000000081700000, 0x0000000081600000| Untracked 
|  23|0x0000000081700000, 0x0000000081800000, 0x0000000081800000|100%|HS|  |TAMS 0x0000000081800000, 0x0000000081700000| Complete 
|  24|0x0000000081800000, 0x0000000081900000, 0x0000000081900000|100%|HS|  |TAMS 0x0000000081900000, 0x0000000081800000| Complete 
|  25|0x0000000081900000, 0x0000000081a00000, 0x0000000081a00000|100%|HC|  |TAMS 0x0000000081a00000, 0x0000000081900000| Complete 
|  26|0x0000000081a00000, 0x0000000081b00000, 0x0000000081b00000|100%| O|  |TAMS 0x0000000081b00000, 0x0000000081a00000| Untracked 
|  27|0x0000000081b00000, 0x0000000081c00000, 0x0000000081c00000|100%| O|  |TAMS 0x0000000081c00000, 0x0000000081b00000| Untracked 
|  28|0x0000000081c00000, 0x0000000081d00000, 0x0000000081d00000|100%| O|  |TAMS 0x0000000081d00000, 0x0000000081c00000| Untracked 
|  29|0x0000000081d00000, 0x0000000081e00000, 0x0000000081e00000|100%| O|  |TAMS 0x0000000081e00000, 0x0000000081d00000| Untracked 
|  30|0x0000000081e00000, 0x0000000081f00000, 0x0000000081f00000|100%| O|  |TAMS 0x0000000081f00000, 0x0000000081e00000| Untracked 
|  31|0x0000000081f00000, 0x0000000082000000, 0x0000000082000000|100%| O|  |TAMS 0x0000000082000000, 0x0000000081f00000| Untracked 
|  32|0x0000000082000000, 0x0000000082100000, 0x0000000082100000|100%| O|  |TAMS 0x0000000082100000, 0x0000000082000000| Untracked 
|  33|0x0000000082100000, 0x0000000082200000, 0x0000000082200000|100%| O|  |TAMS 0x0000000082200000, 0x0000000082100000| Untracked 
|  34|0x0000000082200000, 0x0000000082300000, 0x0000000082300000|100%| O|  |TAMS 0x0000000082300000, 0x0000000082200000| Untracked 
|  35|0x0000000082300000, 0x0000000082400000, 0x0000000082400000|100%| O|  |TAMS 0x0000000082400000, 0x0000000082300000| Untracked 
|  36|0x0000000082400000, 0x0000000082500000, 0x0000000082500000|100%| O|  |TAMS 0x0000000082500000, 0x0000000082400000| Untracked 
|  37|0x0000000082500000, 0x0000000082600000, 0x0000000082600000|100%| O|  |TAMS 0x0000000082600000, 0x0000000082500000| Untracked 
|  38|0x0000000082600000, 0x0000000082700000, 0x0000000082700000|100%| O|  |TAMS 0x0000000082700000, 0x0000000082600000| Untracked 
|  39|0x0000000082700000, 0x0000000082700000, 0x0000000082800000|  0%| F|  |TAMS 0x0000000082700000, 0x0000000082700000| Untracked 
|  40|0x0000000082800000, 0x0000000082900000, 0x0000000082900000|100%| O|  |TAMS 0x0000000082900000, 0x0000000082800000| Untracked 
|  41|0x0000000082900000, 0x0000000082a00000, 0x0000000082a00000|100%| O|  |TAMS 0x0000000082a00000, 0x0000000082900000| Untracked 
|  42|0x0000000082a00000, 0x0000000082b00000, 0x0000000082b00000|100%| O|  |TAMS 0x0000000082b00000, 0x0000000082a00000| Untracked 
|  43|0x0000000082b00000, 0x0000000082c00000, 0x0000000082c00000|100%| O|  |TAMS 0x0000000082c00000, 0x0000000082b00000| Untracked 
|  44|0x0000000082c00000, 0x0000000082d00000, 0x0000000082d00000|100%| O|  |TAMS 0x0000000082d00000, 0x0000000082c00000| Untracked 
|  45|0x0000000082d00000, 0x0000000082e00000, 0x0000000082e00000|100%| O|  |TAMS 0x0000000082e00000, 0x0000000082d00000| Untracked 
|  46|0x0000000082e00000, 0x0000000082f00000, 0x0000000082f00000|100%| O|  |TAMS 0x0000000082f00000, 0x0000000082e00000| Untracked 
|  47|0x0000000082f00000, 0x0000000083000000, 0x0000000083000000|100%| O|  |TAMS 0x0000000083000000, 0x0000000082f00000| Untracked 
|  48|0x0000000083000000, 0x0000000083100000, 0x0000000083100000|100%| O|  |TAMS 0x0000000083100000, 0x0000000083000000| Untracked 
|  49|0x0000000083100000, 0x0000000083200000, 0x0000000083200000|100%| O|  |TAMS 0x0000000083200000, 0x0000000083100000| Untracked 
|  50|0x0000000083200000, 0x0000000083300000, 0x0000000083300000|100%| O|  |TAMS 0x0000000083300000, 0x0000000083200000| Untracked 
|  51|0x0000000083300000, 0x0000000083400000, 0x0000000083400000|100%| O|  |TAMS 0x0000000083400000, 0x0000000083300000| Untracked 
|  52|0x0000000083400000, 0x0000000083500000, 0x0000000083500000|100%| O|  |TAMS 0x0000000083500000, 0x0000000083400000| Untracked 
|  53|0x0000000083500000, 0x0000000083600000, 0x0000000083600000|100%| O|  |TAMS 0x0000000083600000, 0x0000000083500000| Untracked 
|  54|0x0000000083600000, 0x0000000083700000, 0x0000000083700000|100%| O|  |TAMS 0x0000000083700000, 0x0000000083600000| Untracked 
|  55|0x0000000083700000, 0x0000000083700000, 0x0000000083800000|  0%| F|  |TAMS 0x0000000083700000, 0x0000000083700000| Untracked 
|  56|0x0000000083800000, 0x0000000083900000, 0x0000000083900000|100%| O|  |TAMS 0x0000000083900000, 0x0000000083800000| Untracked 
|  57|0x0000000083900000, 0x0000000083a00000, 0x0000000083a00000|100%| O|  |TAMS 0x0000000083a00000, 0x0000000083900000| Untracked 
|  58|0x0000000083a00000, 0x0000000083b00000, 0x0000000083b00000|100%| O|  |TAMS 0x0000000083b00000, 0x0000000083a00000| Untracked 
|  59|0x0000000083b00000, 0x0000000083b00000, 0x0000000083c00000|  0%| F|  |TAMS 0x0000000083b00000, 0x0000000083b00000| Untracked 
|  60|0x0000000083c00000, 0x0000000083d00000, 0x0000000083d00000|100%| O|  |TAMS 0x0000000083d00000, 0x0000000083c00000| Untracked 
|  61|0x0000000083d00000, 0x0000000083e00000, 0x0000000083e00000|100%| O|  |TAMS 0x0000000083e00000, 0x0000000083d00000| Untracked 
|  62|0x0000000083e00000, 0x0000000083f00000, 0x0000000083f00000|100%| O|  |TAMS 0x0000000083f00000, 0x0000000083e00000| Untracked 
|  63|0x0000000083f00000, 0x0000000084000000, 0x0000000084000000|100%| O|  |TAMS 0x0000000084000000, 0x0000000083f00000| Untracked 
|  64|0x0000000084000000, 0x0000000084100000, 0x0000000084100000|100%| O|  |TAMS 0x0000000084100000, 0x0000000084000000| Untracked 
|  65|0x0000000084100000, 0x0000000084200000, 0x0000000084200000|100%| O|  |TAMS 0x0000000084200000, 0x0000000084100000| Untracked 
|  66|0x0000000084200000, 0x0000000084300000, 0x0000000084300000|100%| O|  |TAMS 0x0000000084300000, 0x0000000084200000| Untracked 
|  67|0x0000000084300000, 0x0000000084400000, 0x0000000084400000|100%| O|  |TAMS 0x0000000084300000, 0x0000000084300000| Untracked 
|  68|0x0000000084400000, 0x0000000084500000, 0x0000000084500000|100%| O|  |TAMS 0x0000000084400000, 0x0000000084400000| Untracked 
|  69|0x0000000084500000, 0x0000000084600000, 0x0000000084600000|100%| O|  |TAMS 0x0000000084600000, 0x0000000084500000| Untracked 
|  70|0x0000000084600000, 0x0000000084700000, 0x0000000084700000|100%| O|  |TAMS 0x0000000084700000, 0x0000000084600000| Untracked 
|  71|0x0000000084700000, 0x0000000084700000, 0x0000000084800000|  0%| F|  |TAMS 0x0000000084700000, 0x0000000084700000| Untracked 
|  72|0x0000000084800000, 0x0000000084900000, 0x0000000084900000|100%| O|  |TAMS 0x0000000084900000, 0x0000000084800000| Untracked 
|  73|0x0000000084900000, 0x0000000084a00000, 0x0000000084a00000|100%| O|  |TAMS 0x0000000084a00000, 0x0000000084900000| Untracked 
|  74|0x0000000084a00000, 0x0000000084b00000, 0x0000000084b00000|100%| O|  |TAMS 0x0000000084b00000, 0x0000000084a00000| Untracked 
|  75|0x0000000084b00000, 0x0000000084c00000, 0x0000000084c00000|100%| O|  |TAMS 0x0000000084c00000, 0x0000000084b00000| Untracked 
|  76|0x0000000084c00000, 0x0000000084c00000, 0x0000000084d00000|  0%| F|  |TAMS 0x0000000084c00000, 0x0000000084c00000| Untracked 
|  77|0x0000000084d00000, 0x0000000084e00000, 0x0000000084e00000|100%| O|  |TAMS 0x0000000084e00000, 0x0000000084d00000| Untracked 
|  78|0x0000000084e00000, 0x0000000084f00000, 0x0000000084f00000|100%| O|  |TAMS 0x0000000084e00000, 0x0000000084e00000| Untracked 
|  79|0x0000000084f00000, 0x0000000085000000, 0x0000000085000000|100%| O|  |TAMS 0x0000000085000000, 0x0000000084f00000| Untracked 
|  80|0x0000000085000000, 0x0000000085100000, 0x0000000085100000|100%| O|  |TAMS 0x0000000085000000, 0x0000000085000000| Untracked 
|  81|0x0000000085100000, 0x0000000085200000, 0x0000000085200000|100%| O|  |TAMS 0x0000000085200000, 0x0000000085100000| Untracked 
|  82|0x0000000085200000, 0x0000000085300000, 0x0000000085300000|100%| O|  |TAMS 0x0000000085300000, 0x0000000085200000| Untracked 
|  83|0x0000000085300000, 0x0000000085400000, 0x0000000085400000|100%| O|  |TAMS 0x0000000085300000, 0x0000000085300000| Untracked 
|  84|0x0000000085400000, 0x0000000085500000, 0x0000000085500000|100%| O|  |TAMS 0x0000000085400000, 0x0000000085400000| Untracked 
|  85|0x0000000085500000, 0x0000000085600000, 0x0000000085600000|100%| O|  |TAMS 0x0000000085500000, 0x0000000085500000| Untracked 
|  86|0x0000000085600000, 0x0000000085700000, 0x0000000085700000|100%| O|  |TAMS 0x0000000085600000, 0x0000000085600000| Untracked 
|  87|0x0000000085700000, 0x0000000085700000, 0x0000000085800000|  0%| F|  |TAMS 0x0000000085700000, 0x0000000085700000| Untracked 
|  88|0x0000000085800000, 0x0000000085900000, 0x0000000085900000|100%| O|  |TAMS 0x0000000085900000, 0x0000000085800000| Untracked 
|  89|0x0000000085900000, 0x0000000085a00000, 0x0000000085a00000|100%| O|  |TAMS 0x0000000085a00000, 0x0000000085900000| Untracked 
|  90|0x0000000085a00000, 0x0000000085b00000, 0x0000000085b00000|100%| O|  |TAMS 0x0000000085b00000, 0x0000000085a00000| Untracked 
|  91|0x0000000085b00000, 0x0000000085c00000, 0x0000000085c00000|100%| O|  |TAMS 0x0000000085c00000, 0x0000000085b00000| Untracked 
|  92|0x0000000085c00000, 0x0000000085d00000, 0x0000000085d00000|100%| O|  |TAMS 0x0000000085c00000, 0x0000000085c00000| Untracked 
|  93|0x0000000085d00000, 0x0000000085dc7200, 0x0000000085e00000| 77%| O|  |TAMS 0x0000000085d00000, 0x0000000085d00000| Untracked 
|  94|0x0000000085e00000, 0x0000000085f00000, 0x0000000085f00000|100%| O|  |TAMS 0x0000000085e00000, 0x0000000085e00000| Untracked 
|  95|0x0000000085f00000, 0x0000000085f00000, 0x0000000086000000|  0%| F|  |TAMS 0x0000000085f00000, 0x0000000085f00000| Untracked 
|  96|0x0000000086000000, 0x0000000086100000, 0x0000000086100000|100%|HS|  |TAMS 0x0000000086100000, 0x0000000086000000| Complete 
|  97|0x0000000086100000, 0x0000000086200000, 0x0000000086200000|100%|HC|  |TAMS 0x0000000086200000, 0x0000000086100000| Complete 
|  98|0x0000000086200000, 0x0000000086300000, 0x0000000086300000|100%| O|  |TAMS 0x0000000086300000, 0x0000000086200000| Untracked 
|  99|0x0000000086300000, 0x0000000086300000, 0x0000000086400000|  0%| F|  |TAMS 0x0000000086300000, 0x0000000086300000| Untracked 
| 100|0x0000000086400000, 0x0000000086500000, 0x0000000086500000|100%| O|  |TAMS 0x0000000086500000, 0x0000000086400000| Untracked 
| 101|0x0000000086500000, 0x0000000086600000, 0x0000000086600000|100%| O|  |TAMS 0x0000000086600000, 0x0000000086500000| Untracked 
| 102|0x0000000086600000, 0x0000000086600000, 0x0000000086700000|  0%| F|  |TAMS 0x0000000086600000, 0x0000000086600000| Untracked 
| 103|0x0000000086700000, 0x0000000086700000, 0x0000000086800000|  0%| F|  |TAMS 0x0000000086700000, 0x0000000086700000| Untracked 
| 104|0x0000000086800000, 0x0000000086900000, 0x0000000086900000|100%| O|  |TAMS 0x0000000086900000, 0x0000000086800000| Untracked 
| 105|0x0000000086900000, 0x0000000086a00000, 0x0000000086a00000|100%| O|  |TAMS 0x0000000086a00000, 0x0000000086900000| Untracked 
| 106|0x0000000086a00000, 0x0000000086a00000, 0x0000000086b00000|  0%| F|  |TAMS 0x0000000086a00000, 0x0000000086a00000| Untracked 
| 107|0x0000000086b00000, 0x0000000086c00000, 0x0000000086c00000|100%| O|  |TAMS 0x0000000086c00000, 0x0000000086b00000| Untracked 
| 108|0x0000000086c00000, 0x0000000086d00000, 0x0000000086d00000|100%| O|  |TAMS 0x0000000086c00000, 0x0000000086c00000| Untracked 
| 109|0x0000000086d00000, 0x0000000086e00000, 0x0000000086e00000|100%| O|  |TAMS 0x0000000086e00000, 0x0000000086d00000| Untracked 
| 110|0x0000000086e00000, 0x0000000086f00000, 0x0000000086f00000|100%| O|  |TAMS 0x0000000086f00000, 0x0000000086e00000| Untracked 
| 111|0x0000000086f00000, 0x0000000086f00000, 0x0000000087000000|  0%| F|  |TAMS 0x0000000086f00000, 0x0000000086f00000| Untracked 
| 112|0x0000000087000000, 0x0000000087000000, 0x0000000087100000|  0%| F|  |TAMS 0x0000000087000000, 0x0000000087000000| Untracked 
| 113|0x0000000087100000, 0x0000000087100000, 0x0000000087200000|  0%| F|  |TAMS 0x0000000087100000, 0x0000000087100000| Untracked 
| 114|0x0000000087200000, 0x0000000087300000, 0x0000000087300000|100%| O|  |TAMS 0x0000000087300000, 0x0000000087200000| Untracked 
| 115|0x0000000087300000, 0x0000000087300000, 0x0000000087400000|  0%| F|  |TAMS 0x0000000087300000, 0x0000000087300000| Untracked 
| 116|0x0000000087400000, 0x0000000087400000, 0x0000000087500000|  0%| F|  |TAMS 0x0000000087400000, 0x0000000087400000| Untracked 
| 117|0x0000000087500000, 0x0000000087500000, 0x0000000087600000|  0%| F|  |TAMS 0x0000000087500000, 0x0000000087500000| Untracked 
| 118|0x0000000087600000, 0x0000000087600000, 0x0000000087700000|  0%| F|  |TAMS 0x0000000087600000, 0x0000000087600000| Untracked 
| 119|0x0000000087700000, 0x0000000087700000, 0x0000000087800000|  0%| F|  |TAMS 0x0000000087700000, 0x0000000087700000| Untracked 
| 120|0x0000000087800000, 0x0000000087800000, 0x0000000087900000|  0%| F|  |TAMS 0x0000000087800000, 0x0000000087800000| Untracked 
| 121|0x0000000087900000, 0x0000000087900000, 0x0000000087a00000|  0%| F|  |TAMS 0x0000000087900000, 0x0000000087900000| Untracked 
| 122|0x0000000087a00000, 0x0000000087a00000, 0x0000000087b00000|  0%| F|  |TAMS 0x0000000087a00000, 0x0000000087a00000| Untracked 
| 123|0x0000000087b00000, 0x0000000087b00000, 0x0000000087c00000|  0%| F|  |TAMS 0x0000000087b00000, 0x0000000087b00000| Untracked 
| 124|0x0000000087c00000, 0x0000000087c00000, 0x0000000087d00000|  0%| F|  |TAMS 0x0000000087c00000, 0x0000000087c00000| Untracked 
| 125|0x0000000087d00000, 0x0000000087d00000, 0x0000000087e00000|  0%| F|  |TAMS 0x0000000087d00000, 0x0000000087d00000| Untracked 
| 126|0x0000000087e00000, 0x0000000087e00000, 0x0000000087f00000|  0%| F|  |TAMS 0x0000000087e00000, 0x0000000087e00000| Untracked 
| 127|0x0000000087f00000, 0x0000000087f00000, 0x0000000088000000|  0%| F|  |TAMS 0x0000000087f00000, 0x0000000087f00000| Untracked 
| 128|0x0000000088000000, 0x0000000088000000, 0x0000000088100000|  0%| F|  |TAMS 0x0000000088000000, 0x0000000088000000| Untracked 
| 129|0x0000000088100000, 0x0000000088100000, 0x0000000088200000|  0%| F|  |TAMS 0x0000000088100000, 0x0000000088100000| Untracked 
| 130|0x0000000088200000, 0x0000000088200000, 0x0000000088300000|  0%| F|  |TAMS 0x0000000088200000, 0x0000000088200000| Untracked 
| 131|0x0000000088300000, 0x0000000088300000, 0x0000000088400000|  0%| F|  |TAMS 0x0000000088300000, 0x0000000088300000| Untracked 
| 132|0x0000000088400000, 0x0000000088400000, 0x0000000088500000|  0%| F|  |TAMS 0x0000000088400000, 0x0000000088400000| Untracked 
| 133|0x0000000088500000, 0x0000000088500000, 0x0000000088600000|  0%| F|  |TAMS 0x0000000088500000, 0x0000000088500000| Untracked 
| 134|0x0000000088600000, 0x0000000088600000, 0x0000000088700000|  0%| F|  |TAMS 0x0000000088600000, 0x0000000088600000| Untracked 
| 135|0x0000000088700000, 0x0000000088700000, 0x0000000088800000|  0%| F|  |TAMS 0x0000000088700000, 0x0000000088700000| Untracked 
| 136|0x0000000088800000, 0x0000000088800000, 0x0000000088900000|  0%| F|  |TAMS 0x0000000088800000, 0x0000000088800000| Untracked 
| 137|0x0000000088900000, 0x0000000088900000, 0x0000000088a00000|  0%| F|  |TAMS 0x0000000088900000, 0x0000000088900000| Untracked 
| 138|0x0000000088a00000, 0x0000000088a00000, 0x0000000088b00000|  0%| F|  |TAMS 0x0000000088a00000, 0x0000000088a00000| Untracked 
| 139|0x0000000088b00000, 0x0000000088b00000, 0x0000000088c00000|  0%| F|  |TAMS 0x0000000088b00000, 0x0000000088b00000| Untracked 
| 140|0x0000000088c00000, 0x0000000088c00000, 0x0000000088d00000|  0%| F|  |TAMS 0x0000000088c00000, 0x0000000088c00000| Untracked 
| 141|0x0000000088d00000, 0x0000000088d00000, 0x0000000088e00000|  0%| F|  |TAMS 0x0000000088d00000, 0x0000000088d00000| Untracked 
| 142|0x0000000088e00000, 0x0000000088e00000, 0x0000000088f00000|  0%| F|  |TAMS 0x0000000088e00000, 0x0000000088e00000| Untracked 
| 143|0x0000000088f00000, 0x0000000088f00000, 0x0000000089000000|  0%| F|  |TAMS 0x0000000088f00000, 0x0000000088f00000| Untracked 
| 144|0x0000000089000000, 0x0000000089000000, 0x0000000089100000|  0%| F|  |TAMS 0x0000000089000000, 0x0000000089000000| Untracked 
| 145|0x0000000089100000, 0x0000000089100000, 0x0000000089200000|  0%| F|  |TAMS 0x0000000089100000, 0x0000000089100000| Untracked 
| 146|0x0000000089200000, 0x0000000089200000, 0x0000000089300000|  0%| F|  |TAMS 0x0000000089200000, 0x0000000089200000| Untracked 
| 147|0x0000000089300000, 0x0000000089300000, 0x0000000089400000|  0%| F|  |TAMS 0x0000000089300000, 0x0000000089300000| Untracked 
| 148|0x0000000089400000, 0x0000000089400000, 0x0000000089500000|  0%| F|  |TAMS 0x0000000089400000, 0x0000000089400000| Untracked 
| 149|0x0000000089500000, 0x0000000089500000, 0x0000000089600000|  0%| F|  |TAMS 0x0000000089500000, 0x0000000089500000| Untracked 
| 150|0x0000000089600000, 0x0000000089600000, 0x0000000089700000|  0%| F|  |TAMS 0x0000000089600000, 0x0000000089600000| Untracked 
| 151|0x0000000089700000, 0x0000000089700000, 0x0000000089800000|  0%| F|  |TAMS 0x0000000089700000, 0x0000000089700000| Untracked 
| 152|0x0000000089800000, 0x0000000089800000, 0x0000000089900000|  0%| F|  |TAMS 0x0000000089800000, 0x0000000089800000| Untracked 
| 153|0x0000000089900000, 0x0000000089900000, 0x0000000089a00000|  0%| F|  |TAMS 0x0000000089900000, 0x0000000089900000| Untracked 
| 154|0x0000000089a00000, 0x0000000089a00000, 0x0000000089b00000|  0%| F|  |TAMS 0x0000000089a00000, 0x0000000089a00000| Untracked 
| 155|0x0000000089b00000, 0x0000000089b00000, 0x0000000089c00000|  0%| F|  |TAMS 0x0000000089b00000, 0x0000000089b00000| Untracked 
| 156|0x0000000089c00000, 0x0000000089c00000, 0x0000000089d00000|  0%| F|  |TAMS 0x0000000089c00000, 0x0000000089c00000| Untracked 
| 157|0x0000000089d00000, 0x0000000089d00000, 0x0000000089e00000|  0%| F|  |TAMS 0x0000000089d00000, 0x0000000089d00000| Untracked 
| 158|0x0000000089e00000, 0x0000000089e00000, 0x0000000089f00000|  0%| F|  |TAMS 0x0000000089e00000, 0x0000000089e00000| Untracked 
| 159|0x0000000089f00000, 0x0000000089f00000, 0x000000008a000000|  0%| F|  |TAMS 0x0000000089f00000, 0x0000000089f00000| Untracked 
| 160|0x000000008a000000, 0x000000008a000000, 0x000000008a100000|  0%| F|  |TAMS 0x000000008a000000, 0x000000008a000000| Untracked 
| 161|0x000000008a100000, 0x000000008a100000, 0x000000008a200000|  0%| F|  |TAMS 0x000000008a100000, 0x000000008a100000| Untracked 
| 162|0x000000008a200000, 0x000000008a200000, 0x000000008a300000|  0%| F|  |TAMS 0x000000008a200000, 0x000000008a200000| Untracked 
| 163|0x000000008a300000, 0x000000008a300000, 0x000000008a400000|  0%| F|  |TAMS 0x000000008a300000, 0x000000008a300000| Untracked 
| 164|0x000000008a400000, 0x000000008a400000, 0x000000008a500000|  0%| F|  |TAMS 0x000000008a400000, 0x000000008a400000| Untracked 
| 165|0x000000008a500000, 0x000000008a500000, 0x000000008a600000|  0%| F|  |TAMS 0x000000008a500000, 0x000000008a500000| Untracked 
| 166|0x000000008a600000, 0x000000008a600000, 0x000000008a700000|  0%| F|  |TAMS 0x000000008a600000, 0x000000008a600000| Untracked 
| 167|0x000000008a700000, 0x000000008a700000, 0x000000008a800000|  0%| F|  |TAMS 0x000000008a700000, 0x000000008a700000| Untracked 
| 168|0x000000008a800000, 0x000000008a834190, 0x000000008a900000| 20%| E|  |TAMS 0x000000008a800000, 0x000000008a800000| Complete 
| 169|0x000000008a900000, 0x000000008aa00000, 0x000000008aa00000|100%| E|CS|TAMS 0x000000008a900000, 0x000000008a900000| Complete 
| 170|0x000000008aa00000, 0x000000008ab00000, 0x000000008ab00000|100%| E|CS|TAMS 0x000000008aa00000, 0x000000008aa00000| Complete 
| 171|0x000000008ab00000, 0x000000008ac00000, 0x000000008ac00000|100%| E|CS|TAMS 0x000000008ab00000, 0x000000008ab00000| Complete 
| 172|0x000000008ac00000, 0x000000008ad00000, 0x000000008ad00000|100%| E|CS|TAMS 0x000000008ac00000, 0x000000008ac00000| Complete 
| 173|0x000000008ad00000, 0x000000008ae00000, 0x000000008ae00000|100%| E|CS|TAMS 0x000000008ad00000, 0x000000008ad00000| Complete 
| 174|0x000000008ae00000, 0x000000008af00000, 0x000000008af00000|100%| E|CS|TAMS 0x000000008ae00000, 0x000000008ae00000| Complete 
| 175|0x000000008af00000, 0x000000008b000000, 0x000000008b000000|100%| E|CS|TAMS 0x000000008af00000, 0x000000008af00000| Complete 
| 176|0x000000008b000000, 0x000000008b100000, 0x000000008b100000|100%| E|CS|TAMS 0x000000008b000000, 0x000000008b000000| Complete 
| 177|0x000000008b100000, 0x000000008b200000, 0x000000008b200000|100%| E|CS|TAMS 0x000000008b100000, 0x000000008b100000| Complete 
| 178|0x000000008b200000, 0x000000008b2ebd00, 0x000000008b300000| 92%| S|CS|TAMS 0x000000008b200000, 0x000000008b200000| Complete 
| 179|0x000000008b300000, 0x000000008b400000, 0x000000008b400000|100%| E|CS|TAMS 0x000000008b300000, 0x000000008b300000| Complete 
| 180|0x000000008b400000, 0x000000008b500000, 0x000000008b500000|100%| E|CS|TAMS 0x000000008b400000, 0x000000008b400000| Complete 
| 181|0x000000008b500000, 0x000000008b600000, 0x000000008b600000|100%| E|CS|TAMS 0x000000008b500000, 0x000000008b500000| Complete 
| 182|0x000000008b600000, 0x000000008b700000, 0x000000008b700000|100%| E|CS|TAMS 0x000000008b600000, 0x000000008b600000| Complete 
| 183|0x000000008b700000, 0x000000008b800000, 0x000000008b800000|100%| E|CS|TAMS 0x000000008b700000, 0x000000008b700000| Complete 
| 184|0x000000008b800000, 0x000000008b900000, 0x000000008b900000|100%| E|CS|TAMS 0x000000008b800000, 0x000000008b800000| Complete 

Card table byte_map: [0x000002727c780000,0x000002727cb80000] _byte_map_base: 0x000002727c380000

Marking Bits (Prev, Next): (CMBitMap*) 0x0000027276aad4c8, (CMBitMap*) 0x0000027276aad500
 Prev Bits: [0x000002727cf80000, 0x000002727ef80000)
 Next Bits: [0x000002720f000000, 0x0000027211000000)

Polling page: 0x0000027276850000

Metaspace:

Usage:
  Non-class:     99.92 MB capacity,    98.00 MB ( 98%) used,     1.54 MB (  2%) free+waste,   382.19 KB ( <1%) overhead. 
      Class:     15.65 MB capacity,    14.45 MB ( 92%) used,     1.03 MB (  7%) free+waste,   172.38 KB (  1%) overhead. 
       Both:    115.57 MB capacity,   112.45 MB ( 97%) used,     2.57 MB (  2%) free+waste,   554.56 KB ( <1%) overhead. 

Virtual space:
  Non-class space:      102.00 MB reserved,     100.06 MB ( 98%) committed 
      Class space:        1.00 GB reserved,      15.75 MB (  2%) committed 
             Both:        1.10 GB reserved,     115.81 MB ( 10%) committed 

Chunk freelists:
   Non-Class:  19.00 KB
       Class:  5.00 KB
        Both:  24.00 KB

MaxMetaspaceSize: 17179869184.00 GB
CompressedClassSpaceSize: 1.00 GB

CodeHeap 'non-profiled nmethods': size=120064Kb used=11037Kb max_used=11429Kb free=109026Kb
 bounds [0x0000027207ac0000, 0x0000027208600000, 0x000002720f000000]
CodeHeap 'profiled nmethods': size=120000Kb used=36528Kb max_used=36828Kb free=83471Kb
 bounds [0x0000027200590000, 0x00000272029a0000, 0x0000027207ac0000]
CodeHeap 'non-nmethods': size=5696Kb used=2353Kb max_used=2418Kb free=3342Kb
 bounds [0x0000027200000000, 0x0000027200270000, 0x0000027200590000]
 total_blobs=17561 nmethods=16590 adapters=881
 compilation: enabled
              stopped_count=0, restarted_count=0
 full_count=0

Compilation events (20 events):
Event: 379.433 Thread 0x000002721a119000 nmethod 17425 0x0000027207b9ac90 code [0x0000027207b9aee0, 0x0000027207b9b8d0]
Event: 379.433 Thread 0x000002721a119000 17453       4       com.sun.org.apache.xerces.internal.impl.XMLEntityScanner::scanContent (690 bytes)
Event: 379.434 Thread 0x000002727f597000 17459       3       java.io.FileInputStream::read (5 bytes)
Event: 379.434 Thread 0x000002727f597000 nmethod 17459 0x00000272008ad410 code [0x00000272008ad5c0, 0x00000272008ad6e8]
Event: 379.435 Thread 0x000002727f597000 17461       3       com.sun.org.apache.xerces.internal.impl.XMLDocumentFragmentScannerImpl::getString (76 bytes)
Event: 379.436 Thread 0x000002727f597000 nmethod 17461 0x0000027200a10c90 code [0x0000027200a10f00, 0x0000027200a11c28]
Event: 379.436 Thread 0x000002727f597000 17463       3       com.sun.org.apache.xerces.internal.util.XMLAttributesImpl::addAttributeNS (169 bytes)
Event: 379.438 Thread 0x000002727f597000 nmethod 17463 0x0000027200a1f410 code [0x0000027200a1f6e0, 0x0000027200a20a98]
Event: 379.438 Thread 0x000002727f597000 17464       3       com.sun.org.apache.xerces.internal.impl.XMLDocumentFragmentScannerImpl::scanContent (171 bytes)
Event: 379.440 Thread 0x000002727f597000 nmethod 17464 0x0000027200a1d890 code [0x0000027200a1db40, 0x0000027200a1e4b8]
Event: 379.440 Thread 0x000002727f597000 17462       3       com.sun.org.apache.xerces.internal.impl.XMLScanner::scanAttributeValue (991 bytes)
Event: 379.450 Thread 0x000002727f597000 nmethod 17462 0x0000027201009390 code [0x0000027201009b80, 0x000002720100f5b8]
Event: 379.450 Thread 0x000002727f597000 17466       3       com.sun.xml.bind.v2.runtime.Coordinator::pushCoordinator (21 bytes)
Event: 379.451 Thread 0x000002727f597000 nmethod 17466 0x0000027200a46110 code [0x0000027200a46320, 0x0000027200a46aa8]
Event: 379.451 Thread 0x000002727f597000 17467       3       com.sun.xml.bind.v2.runtime.Coordinator::popCoordinator (32 bytes)
Event: 379.452 Thread 0x000002727f597000 nmethod 17467 0x0000027200a71410 code [0x0000027200a71640, 0x0000027200a71e88]
Event: 379.452 Thread 0x000002727f597000 17468       1       com.sun.xml.bind.v2.runtime.unmarshaller.UnmarshallerImpl::getListener (5 bytes)
Event: 379.452 Thread 0x000002727f597000 nmethod 17468 0x0000027207b90590 code [0x0000027207b90740, 0x0000027207b907f8]
Event: 379.452 Thread 0x000002727f597000 17469       1       com.android.repository.Revision::getSeparator (5 bytes)
Event: 379.452 Thread 0x000002727f597000 nmethod 17469 0x0000027207b90290 code [0x0000027207b90440, 0x0000027207b904f8]

GC Heap History (20 events):
Event: 146.716 GC heap before
{Heap before GC invocations=36 (full 0):
 garbage-first heap   total 189440K, used 148429K [0x0000000080000000, 0x0000000100000000)
  region size 1024K, 32 young (32768K), 2 survivors (2048K)
 Metaspace       used 112436K, capacity 115460K, committed 115772K, reserved 1148928K
  class space    used 14617K, capacity 15748K, committed 15872K, reserved 1048576K
}
Event: 146.739 GC heap after
{Heap after GC invocations=37 (full 0):
 garbage-first heap   total 189440K, used 123450K [0x0000000080000000, 0x0000000100000000)
  region size 1024K, 4 young (4096K), 4 survivors (4096K)
 Metaspace       used 112436K, capacity 115460K, committed 115772K, reserved 1148928K
  class space    used 14617K, capacity 15748K, committed 15872K, reserved 1048576K
}
Event: 291.304 GC heap before
{Heap before GC invocations=38 (full 0):
 garbage-first heap   total 189440K, used 153146K [0x0000000080000000, 0x0000000100000000)
  region size 1024K, 33 young (33792K), 4 survivors (4096K)
 Metaspace       used 112871K, capacity 115917K, committed 116284K, reserved 1150976K
  class space    used 14638K, capacity 15789K, committed 15872K, reserved 1048576K
}
Event: 291.324 GC heap after
{Heap after GC invocations=39 (full 0):
 garbage-first heap   total 189440K, used 109344K [0x0000000080000000, 0x0000000100000000)
  region size 1024K, 2 young (2048K), 2 survivors (2048K)
 Metaspace       used 112871K, capacity 115917K, committed 116284K, reserved 1150976K
  class space    used 14638K, capacity 15789K, committed 15872K, reserved 1048576K
}
Event: 291.527 GC heap before
{Heap before GC invocations=39 (full 0):
 garbage-first heap   total 189440K, used 116512K [0x0000000080000000, 0x0000000100000000)
  region size 1024K, 9 young (9216K), 2 survivors (2048K)
 Metaspace       used 112899K, capacity 115930K, committed 116284K, reserved 1150976K
  class space    used 14639K, capacity 15791K, committed 15872K, reserved 1048576K
}
Event: 291.546 GC heap after
{Heap after GC invocations=40 (full 0):
 garbage-first heap   total 189440K, used 99751K [0x0000000080000000, 0x0000000100000000)
  region size 1024K, 2 young (2048K), 2 survivors (2048K)
 Metaspace       used 112899K, capacity 115930K, committed 116284K, reserved 1150976K
  class space    used 14639K, capacity 15791K, committed 15872K, reserved 1048576K
}
Event: 292.901 GC heap before
{Heap before GC invocations=40 (full 0):
 garbage-first heap   total 189440K, used 139687K [0x0000000080000000, 0x0000000100000000)
  region size 1024K, 42 young (43008K), 2 survivors (2048K)
 Metaspace       used 113399K, capacity 116485K, committed 116668K, reserved 1150976K
  class space    used 14660K, capacity 15842K, committed 16000K, reserved 1048576K
}
Event: 292.922 GC heap after
{Heap after GC invocations=41 (full 0):
 garbage-first heap   total 189440K, used 104206K [0x0000000080000000, 0x0000000100000000)
  region size 1024K, 6 young (6144K), 6 survivors (6144K)
 Metaspace       used 113399K, capacity 116485K, committed 116668K, reserved 1150976K
  class space    used 14660K, capacity 15842K, committed 16000K, reserved 1048576K
}
Event: 292.960 GC heap before
{Heap before GC invocations=41 (full 0):
 garbage-first heap   total 189440K, used 105230K [0x0000000080000000, 0x0000000100000000)
  region size 1024K, 8 young (8192K), 6 survivors (6144K)
 Metaspace       used 113416K, capacity 116549K, committed 116924K, reserved 1150976K
  class space    used 14665K, capacity 15842K, committed 16000K, reserved 1048576K
}
Event: 292.991 GC heap after
{Heap after GC invocations=42 (full 0):
 garbage-first heap   total 189440K, used 105513K [0x0000000080000000, 0x0000000100000000)
  region size 1024K, 2 young (2048K), 2 survivors (2048K)
 Metaspace       used 113416K, capacity 116549K, committed 116924K, reserved 1150976K
  class space    used 14665K, capacity 15842K, committed 16000K, reserved 1048576K
}
Event: 293.985 GC heap before
{Heap before GC invocations=43 (full 0):
 garbage-first heap   total 189440K, used 134185K [0x0000000080000000, 0x0000000100000000)
  region size 1024K, 30 young (30720K), 2 survivors (2048K)
 Metaspace       used 113437K, capacity 116549K, committed 116924K, reserved 1150976K
  class space    used 14665K, capacity 15842K, committed 16000K, reserved 1048576K
}
Event: 294.008 GC heap after
{Heap after GC invocations=44 (full 0):
 garbage-first heap   total 189440K, used 113453K [0x0000000080000000, 0x0000000100000000)
  region size 1024K, 4 young (4096K), 4 survivors (4096K)
 Metaspace       used 113437K, capacity 116549K, committed 116924K, reserved 1150976K
  class space    used 14665K, capacity 15842K, committed 16000K, reserved 1048576K
}
Event: 294.255 GC heap before
{Heap before GC invocations=44 (full 0):
 garbage-first heap   total 189440K, used 118573K [0x0000000080000000, 0x0000000100000000)
  region size 1024K, 9 young (9216K), 4 survivors (4096K)
 Metaspace       used 113792K, capacity 116837K, committed 117180K, reserved 1150976K
  class space    used 14708K, capacity 15874K, committed 16000K, reserved 1048576K
}
Event: 294.290 GC heap after
{Heap after GC invocations=45 (full 0):
 garbage-first heap   total 189440K, used 105317K [0x0000000080000000, 0x0000000100000000)
  region size 1024K, 2 young (2048K), 2 survivors (2048K)
 Metaspace       used 113792K, capacity 116837K, committed 117180K, reserved 1150976K
  class space    used 14708K, capacity 15874K, committed 16000K, reserved 1048576K
}
Event: 295.384 GC heap before
{Heap before GC invocations=45 (full 0):
 garbage-first heap   total 189440K, used 135013K [0x0000000080000000, 0x0000000100000000)
  region size 1024K, 31 young (31744K), 2 survivors (2048K)
 Metaspace       used 114551K, capacity 117677K, committed 118076K, reserved 1150976K
  class space    used 14771K, capacity 15980K, committed 16128K, reserved 1048576K
}
Event: 295.404 GC heap after
{Heap after GC invocations=46 (full 0):
 garbage-first heap   total 189440K, used 108544K [0x0000000080000000, 0x0000000100000000)
  region size 1024K, 4 young (4096K), 4 survivors (4096K)
 Metaspace       used 114551K, capacity 117677K, committed 118076K, reserved 1150976K
  class space    used 14771K, capacity 15980K, committed 16128K, reserved 1048576K
}
Event: 378.799 GC heap before
{Heap before GC invocations=47 (full 0):
 garbage-first heap   total 189440K, used 153600K [0x0000000080000000, 0x0000000100000000)
  region size 1024K, 35 young (35840K), 4 survivors (4096K)
 Metaspace       used 114898K, capacity 118145K, committed 118332K, reserved 1150976K
  class space    used 14791K, capacity 16018K, committed 16128K, reserved 1048576K
}
Event: 378.829 GC heap after
{Heap after GC invocations=48 (full 0):
 garbage-first heap   total 189440K, used 110495K [0x0000000080000000, 0x0000000100000000)
  region size 1024K, 3 young (3072K), 3 survivors (3072K)
 Metaspace       used 114898K, capacity 118145K, committed 118332K, reserved 1150976K
  class space    used 14791K, capacity 16018K, committed 16128K, reserved 1048576K
}
Event: 379.029 GC heap before
{Heap before GC invocations=48 (full 0):
 garbage-first heap   total 189440K, used 116639K [0x0000000080000000, 0x0000000100000000)
  region size 1024K, 9 young (9216K), 3 survivors (3072K)
 Metaspace       used 114944K, capacity 118217K, committed 118332K, reserved 1150976K
  class space    used 14791K, capacity 16018K, committed 16128K, reserved 1048576K
}
Event: 379.087 GC heap after
{Heap after GC invocations=49 (full 0):
 garbage-first heap   total 189440K, used 104139K [0x0000000080000000, 0x0000000100000000)
  region size 1024K, 1 young (1024K), 1 survivors (1024K)
 Metaspace       used 114944K, capacity 118217K, committed 118332K, reserved 1150976K
  class space    used 14791K, capacity 16018K, committed 16128K, reserved 1048576K
}

Deoptimization events (20 events):
Event: 297.046 Thread 0x0000027219012000 DEOPT PACKING pc=0x0000027207e90e30 sp=0x000000af874fee40
Event: 297.046 Thread 0x0000027219012000 DEOPT UNPACKING pc=0x00000272000278af sp=0x000000af874fedf8 mode 2
Event: 378.527 Thread 0x0000027216f92000 Uncommon trap: trap_request=0xffffffde fr.pc=0x00000272081ea468 relative=0x00000000000008c8
Event: 378.528 Thread 0x0000027216f92000 Uncommon trap: reason=class_check action=maybe_recompile pc=0x00000272081ea468 method=com.google.common.cache.LocalCache$Segment.getLiveValue(Lcom/google/common/cache/ReferenceEntry;J)Ljava/lang/Object; @ 21 c2
Event: 378.528 Thread 0x0000027216f92000 DEOPT PACKING pc=0x00000272081ea468 sp=0x000000af88dfc020
Event: 378.528 Thread 0x0000027216f92000 DEOPT UNPACKING pc=0x00000272000278af sp=0x000000af88dfbf58 mode 2
Event: 378.583 Thread 0x0000027216f92000 Uncommon trap: trap_request=0xffffffde fr.pc=0x00000272082e15c0 relative=0x0000000000000a00
Event: 378.583 Thread 0x0000027216f92000 Uncommon trap: reason=class_check action=maybe_recompile pc=0x00000272082e15c0 method=org.gradle.cache.internal.LockOnDemandCrossProcessCacheAccess.incrementLockCount()V @ 97 c2
Event: 378.583 Thread 0x0000027216f92000 DEOPT PACKING pc=0x00000272082e15c0 sp=0x000000af88df8350
Event: 378.583 Thread 0x0000027216f92000 DEOPT UNPACKING pc=0x00000272000278af sp=0x000000af88df8330 mode 2
Event: 379.240 Thread 0x0000027216f92000 DEOPT PACKING pc=0x0000027200d88471 sp=0x000000af88df91d0
Event: 379.240 Thread 0x0000027216f92000 DEOPT UNPACKING pc=0x00000272000276ce sp=0x000000af88df86c8 mode 0
Event: 379.408 Thread 0x0000027216f92000 DEOPT PACKING pc=0x00000272022df999 sp=0x000000af88dfa470
Event: 379.408 Thread 0x0000027216f92000 DEOPT UNPACKING pc=0x00000272000276ce sp=0x000000af88df9928 mode 0
Event: 379.408 Thread 0x0000027216f92000 DEOPT PACKING pc=0x00000272022df999 sp=0x000000af88dfa470
Event: 379.408 Thread 0x0000027216f92000 DEOPT UNPACKING pc=0x00000272000276ce sp=0x000000af88df9928 mode 0
Event: 379.437 Thread 0x0000027216f92000 DEOPT PACKING pc=0x00000272022df999 sp=0x000000af88dfa3b0
Event: 379.437 Thread 0x0000027216f92000 DEOPT UNPACKING pc=0x00000272000276ce sp=0x000000af88df9868 mode 0
Event: 379.437 Thread 0x0000027216f92000 DEOPT PACKING pc=0x00000272022df999 sp=0x000000af88dfa3b0
Event: 379.437 Thread 0x0000027216f92000 DEOPT UNPACKING pc=0x00000272000276ce sp=0x000000af88df9868 mode 0

Classes redefined (0 events):
No events

Internal exceptions (20 events):
Event: 295.031 Thread 0x0000027219015000 Exception <a 'sun/nio/fs/WindowsException'{0x000000008a09ae20}> (0x000000008a09ae20) thrown at [./src/hotspot/share/prims/jni.cpp, line 615]
Event: 295.031 Thread 0x0000027219015000 Exception <a 'sun/nio/fs/WindowsException'{0x000000008a09af88}> (0x000000008a09af88) thrown at [./src/hotspot/share/prims/jni.cpp, line 615]
Event: 295.048 Thread 0x0000027219015000 Exception <a 'sun/nio/fs/WindowsException'{0x000000008a0e8088}> (0x000000008a0e8088) thrown at [./src/hotspot/share/prims/jni.cpp, line 615]
Event: 295.048 Thread 0x0000027219015000 Exception <a 'sun/nio/fs/WindowsException'{0x000000008a0e8218}> (0x000000008a0e8218) thrown at [./src/hotspot/share/prims/jni.cpp, line 615]
Event: 295.088 Thread 0x0000027219015000 Exception <a 'sun/nio/fs/WindowsException'{0x0000000089fa1fb0}> (0x0000000089fa1fb0) thrown at [./src/hotspot/share/prims/jni.cpp, line 615]
Event: 295.088 Thread 0x0000027219015000 Exception <a 'sun/nio/fs/WindowsException'{0x0000000089fa2150}> (0x0000000089fa2150) thrown at [./src/hotspot/share/prims/jni.cpp, line 615]
Event: 295.135 Thread 0x0000027219015000 Exception <a 'sun/nio/fs/WindowsException'{0x0000000089d7e8a8}> (0x0000000089d7e8a8) thrown at [./src/hotspot/share/prims/jni.cpp, line 615]
Event: 295.182 Thread 0x0000027219015000 Exception <a 'sun/nio/fs/WindowsException'{0x0000000089dbae40}> (0x0000000089dbae40) thrown at [./src/hotspot/share/prims/jni.cpp, line 615]
Event: 295.216 Thread 0x0000027219015000 Exception <a 'sun/nio/fs/WindowsException'{0x0000000089ddd560}> (0x0000000089ddd560) thrown at [./src/hotspot/share/prims/jni.cpp, line 615]
Event: 295.607 Thread 0x0000027216f95000 Exception <a 'sun/nio/fs/WindowsException'{0x000000008b153518}> (0x000000008b153518) thrown at [./src/hotspot/share/prims/jni.cpp, line 615]
Event: 295.762 Thread 0x0000027216f95000 Exception <a 'sun/nio/fs/WindowsException'{0x000000008affaa20}> (0x000000008affaa20) thrown at [./src/hotspot/share/prims/jni.cpp, line 615]
Event: 296.028 Thread 0x0000027216f92000 Exception <a 'sun/nio/fs/WindowsException'{0x000000008adf5fc0}> (0x000000008adf5fc0) thrown at [./src/hotspot/share/prims/jni.cpp, line 615]
Event: 296.112 Thread 0x0000027216f92000 Exception <a 'sun/nio/fs/WindowsException'{0x000000008aceac18}> (0x000000008aceac18) thrown at [./src/hotspot/share/prims/jni.cpp, line 615]
Event: 378.980 Thread 0x0000027216f92000 Exception <a 'sun/nio/fs/WindowsException'{0x000000008b328f60}> (0x000000008b328f60) thrown at [./src/hotspot/share/prims/jni.cpp, line 615]
Event: 379.215 Thread 0x0000027216f92000 Exception <a 'java/lang/NoClassDefFoundError'{0x000000008b612250}: org/jetbrains/kotlin/gradle/plugin/KotlinBasePluginWrapper> (0x000000008b612250) thrown at [./src/hotspot/share/oops/constantPool.cpp, line 775]
Event: 379.398 Thread 0x0000027216f92000 Exception <a 'sun/nio/fs/WindowsException'{0x000000008b45ac98}> (0x000000008b45ac98) thrown at [./src/hotspot/share/prims/jni.cpp, line 615]
Event: 379.421 Thread 0x0000027216f92000 Exception <a 'sun/nio/fs/WindowsException'{0x000000008b4fc208}> (0x000000008b4fc208) thrown at [./src/hotspot/share/prims/jni.cpp, line 615]
Event: 379.421 Thread 0x0000027216f92000 Exception <a 'sun/nio/fs/WindowsException'{0x000000008b4fd2d8}> (0x000000008b4fd2d8) thrown at [./src/hotspot/share/prims/jni.cpp, line 615]
Event: 379.421 Thread 0x0000027216f92000 Exception <a 'sun/nio/fs/WindowsException'{0x000000008b4fe3f8}> (0x000000008b4fe3f8) thrown at [./src/hotspot/share/prims/jni.cpp, line 615]
Event: 379.422 Thread 0x0000027216f92000 Exception <a 'sun/nio/fs/WindowsException'{0x000000008b4ff518}> (0x000000008b4ff518) thrown at [./src/hotspot/share/prims/jni.cpp, line 615]

Events (20 events):
Event: 378.445 Thread 0x000002721a11b800 Thread added: 0x000002721a11b800
Event: 378.530 Thread 0x000002721a11c800 Thread added: 0x000002721a11c800
Event: 378.551 Executing VM operation: BulkRevokeBias
Event: 378.552 Executing VM operation: BulkRevokeBias done
Event: 378.579 Thread 0x000002721a11d800 Thread added: 0x000002721a11d800
Event: 378.771 Thread 0x000002721a11a000 Thread added: 0x000002721a11a000
Event: 378.771 Thread 0x000002721a117800 Thread added: 0x000002721a117800
Event: 378.772 Thread 0x000002721a11e000 Thread added: 0x000002721a11e000
Event: 378.772 Thread 0x000002721a118800 Thread added: 0x000002721a118800
Event: 378.773 Executing VM operation: RevokeBias
Event: 378.774 Executing VM operation: RevokeBias done
Event: 378.799 Executing VM operation: G1CollectForAllocation
Event: 378.829 Executing VM operation: G1CollectForAllocation done
Event: 378.829 Executing VM operation: RevokeBias
Event: 378.829 Executing VM operation: RevokeBias done
Event: 378.860 Thread 0x000002721a119000 Thread added: 0x000002721a119000
Event: 379.029 Executing VM operation: G1CollectForAllocation
Event: 379.087 Executing VM operation: G1CollectForAllocation done
Event: 379.189 loading class org/gradle/internal/operations/BuildOperationDescriptor$1
Event: 379.189 loading class org/gradle/internal/operations/BuildOperationDescriptor$1 done


Dynamic libraries:
0x00007ff6eaa30000 - 0x00007ff6eaa3a000 	C:\Program Files\Android\Android Studio\jre\bin\java.exe
0x00007ff9e6230000 - 0x00007ff9e6425000 	C:\WINDOWS\SYSTEM32\ntdll.dll
0x00007ff9e50f0000 - 0x00007ff9e51ad000 	C:\WINDOWS\System32\KERNEL32.DLL
0x00007ff9e3f60000 - 0x00007ff9e4229000 	C:\WINDOWS\System32\KERNELBASE.dll
0x00007ff9e3e60000 - 0x00007ff9e3f60000 	C:\WINDOWS\System32\ucrtbase.dll
0x00007ff9df320000 - 0x00007ff9df337000 	C:\Program Files\Android\Android Studio\jre\bin\VCRUNTIME140.dll
0x00007ff9dc750000 - 0x00007ff9dc769000 	C:\Program Files\Android\Android Studio\jre\bin\jli.dll
0x00007ff9e4a20000 - 0x00007ff9e4bc0000 	C:\WINDOWS\System32\USER32.dll
0x00007ff9e3e30000 - 0x00007ff9e3e52000 	C:\WINDOWS\System32\win32u.dll
0x00007ff9e5f80000 - 0x00007ff9e5faa000 	C:\WINDOWS\System32\GDI32.dll
0x00007ff9d7170000 - 0x00007ff9d740a000 	C:\WINDOWS\WinSxS\amd64_microsoft.windows.common-controls_6595b64144ccf1df_6.0.19041.1110_none_60b5254171f9507e\COMCTL32.dll
0x00007ff9e39b0000 - 0x00007ff9e3abb000 	C:\WINDOWS\System32\gdi32full.dll
0x00007ff9e4920000 - 0x00007ff9e49be000 	C:\WINDOWS\System32\msvcrt.dll
0x00007ff9e3d90000 - 0x00007ff9e3e2d000 	C:\WINDOWS\System32\msvcp_win.dll
0x00007ff9e48f0000 - 0x00007ff9e4920000 	C:\WINDOWS\System32\IMM32.DLL
0x00007ff9cac00000 - 0x00007ff9cac9d000 	C:\Program Files\Android\Android Studio\jre\bin\msvcp140.dll
0x00007ff987c00000 - 0x00007ff9886cf000 	C:\Program Files\Android\Android Studio\jre\bin\server\jvm.dll
0x00007ff9e4290000 - 0x00007ff9e433c000 	C:\WINDOWS\System32\ADVAPI32.dll
0x00007ff9e44f0000 - 0x00007ff9e458b000 	C:\WINDOWS\System32\sechost.dll
0x00007ff9e51b0000 - 0x00007ff9e52da000 	C:\WINDOWS\System32\RPCRT4.dll
0x00007ff9e5070000 - 0x00007ff9e5078000 	C:\WINDOWS\System32\PSAPI.DLL
0x00007ff9d87c0000 - 0x00007ff9d87c9000 	C:\WINDOWS\SYSTEM32\WSOCK32.dll
0x00007ff9d74e0000 - 0x00007ff9d7507000 	C:\WINDOWS\SYSTEM32\WINMM.dll
0x00007ff9e5080000 - 0x00007ff9e50eb000 	C:\WINDOWS\System32\WS2_32.dll
0x00007ff9d6c10000 - 0x00007ff9d6c1a000 	C:\WINDOWS\SYSTEM32\VERSION.dll
0x00007ff9e1870000 - 0x00007ff9e1882000 	C:\WINDOWS\SYSTEM32\kernel.appcore.dll
0x00007ff997120000 - 0x00007ff997131000 	C:\Program Files\Android\Android Studio\jre\bin\verify.dll
0x00007ff9d29c0000 - 0x00007ff9d2ba4000 	C:\WINDOWS\SYSTEM32\DBGHELP.DLL
0x00007ff9d2990000 - 0x00007ff9d29bc000 	C:\WINDOWS\SYSTEM32\dbgcore.DLL
0x00007ff9e3ac0000 - 0x00007ff9e3b43000 	C:\WINDOWS\System32\bcryptPrimitives.dll
0x00007ff996ff0000 - 0x00007ff997019000 	C:\Program Files\Android\Android Studio\jre\bin\java.dll
0x00007ff9c9d90000 - 0x00007ff9c9d9b000 	C:\Program Files\Android\Android Studio\jre\bin\jimage.dll
0x00007ff9970d0000 - 0x00007ff9970e8000 	C:\Program Files\Android\Android Studio\jre\bin\zip.dll
0x00007ff9e53c0000 - 0x00007ff9e5aff000 	C:\WINDOWS\System32\SHELL32.dll
0x00007ff9e1a70000 - 0x00007ff9e2200000 	C:\WINDOWS\SYSTEM32\windows.storage.dll
0x00007ff9e4590000 - 0x00007ff9e48e5000 	C:\WINDOWS\System32\combase.dll
0x00007ff9e33c0000 - 0x00007ff9e33ec000 	C:\WINDOWS\SYSTEM32\Wldp.dll
0x00007ff9e4e60000 - 0x00007ff9e4f0e000 	C:\WINDOWS\System32\SHCORE.dll
0x00007ff9e49c0000 - 0x00007ff9e4a15000 	C:\WINDOWS\System32\shlwapi.dll
0x00007ff9e38a0000 - 0x00007ff9e38bf000 	C:\WINDOWS\SYSTEM32\profapi.dll
0x00007ff9944c0000 - 0x00007ff9944da000 	C:\Program Files\Android\Android Studio\jre\bin\net.dll
0x00007ff9d8b30000 - 0x00007ff9d8c38000 	C:\WINDOWS\SYSTEM32\WINHTTP.dll
0x00007ff9e3120000 - 0x00007ff9e318a000 	C:\WINDOWS\system32\mswsock.dll
0x00007ff9944a0000 - 0x00007ff9944b4000 	C:\Program Files\Android\Android Studio\jre\bin\nio.dll
0x00007ff9bd0f0000 - 0x00007ff9bd117000 	C:\Users\ahmed\.gradle\native\8bec1ad78214c89d9ad589b4d07fe93259594b29d510b10fafb7a158f7737e5d\windows-amd64\native-platform.dll
0x00007ff986cd0000 - 0x00007ff986e0d000 	C:\Users\ahmed\.gradle\native\53dbd7edfb1c66fb8903c78663c9afc45aea4f116125fa6feffd364cf09443e8\windows-amd64\native-platform-file-events.dll
0x00007ff9c9830000 - 0x00007ff9c983a000 	C:\Program Files\Android\Android Studio\jre\bin\management.dll
0x00007ff9c8bc0000 - 0x00007ff9c8bcc000 	C:\Program Files\Android\Android Studio\jre\bin\management_ext.dll
0x00007ff9e3320000 - 0x00007ff9e3338000 	C:\WINDOWS\SYSTEM32\CRYPTSP.dll
0x00007ff9e2a30000 - 0x00007ff9e2a64000 	C:\WINDOWS\system32\rsaenh.dll
0x00007ff9e3b50000 - 0x00007ff9e3b77000 	C:\WINDOWS\System32\bcrypt.dll
0x00007ff9e3820000 - 0x00007ff9e384e000 	C:\WINDOWS\SYSTEM32\USERENV.dll
0x00007ff9e3310000 - 0x00007ff9e331c000 	C:\WINDOWS\SYSTEM32\CRYPTBASE.dll
0x00007ff9e2dc0000 - 0x00007ff9e2dfb000 	C:\WINDOWS\SYSTEM32\IPHLPAPI.DLL
0x00007ff9e6180000 - 0x00007ff9e6188000 	C:\WINDOWS\System32\NSI.dll
0x00007ff9dd700000 - 0x00007ff9dd717000 	C:\WINDOWS\SYSTEM32\dhcpcsvc6.DLL
0x00007ff9dd6e0000 - 0x00007ff9dd6fd000 	C:\WINDOWS\SYSTEM32\dhcpcsvc.DLL
0x00007ff9e2e00000 - 0x00007ff9e2ecc000 	C:\WINDOWS\SYSTEM32\DNSAPI.dll

dbghelp: loaded successfully - version: 4.0.5 - missing functions: none
symbol engine: initialized successfully - sym options: 0x614 - pdb path: .;C:\Program Files\Android\Android Studio\jre\bin;C:\WINDOWS\SYSTEM32;C:\WINDOWS\WinSxS\amd64_microsoft.windows.common-controls_6595b64144ccf1df_6.0.19041.1110_none_60b5254171f9507e;C:\Program Files\Android\Android Studio\jre\bin\server;C:\Users\ahmed\.gradle\native\8bec1ad78214c89d9ad589b4d07fe93259594b29d510b10fafb7a158f7737e5d\windows-amd64;C:\Users\ahmed\.gradle\native\53dbd7edfb1c66fb8903c78663c9afc45aea4f116125fa6feffd364cf09443e8\windows-amd64

VM Arguments:
jvm_args: --add-opens=java.base/java.util=ALL-UNNAMED --add-opens=java.base/java.lang=ALL-UNNAMED --add-opens=java.base/java.lang.invoke=ALL-UNNAMED --add-opens=java.base/java.util=ALL-UNNAMED --add-opens=java.prefs/java.util.prefs=ALL-UNNAMED --add-opens=java.prefs/java.util.prefs=ALL-UNNAMED --add-opens=java.base/java.nio.charset=ALL-UNNAMED --add-opens=java.base/java.net=ALL-UNNAMED --add-opens=java.base/java.util.concurrent.atomic=ALL-UNNAMED -Xmx2048m -Dfile.encoding=UTF-8 -Duser.country=US -Duser.language=en -Duser.variant 
java_command: org.gradle.launcher.daemon.bootstrap.GradleDaemon 7.0.2
java_class_path (initial): C:\Users\ahmed\.gradle\wrapper\dists\gradle-7.0.2-bin\857tjihv64xamwrf0h14cai3r\gradle-7.0.2\lib\gradle-launcher-7.0.2.jar
Launcher Type: SUN_STANDARD

[Global flags]
     intx CICompilerCount                          = 3                                         {product} {ergonomic}
     uint ConcGCThreads                            = 1                                         {product} {ergonomic}
     uint G1ConcRefinementThreads                  = 4                                         {product} {ergonomic}
   size_t G1HeapRegionSize                         = 1048576                                   {product} {ergonomic}
    uintx GCDrainStackTargetSize                   = 64                                        {product} {ergonomic}
   size_t InitialHeapSize                          = 134217728                                 {product} {ergonomic}
   size_t MarkStackSize                            = 4194304                                   {product} {ergonomic}
   size_t MaxHeapSize                              = 2147483648                                {product} {command line}
   size_t MaxNewSize                               = 1287651328                                {product} {ergonomic}
   size_t MinHeapDeltaBytes                        = 1048576                                   {product} {ergonomic}
    uintx NonNMethodCodeHeapSize                   = 5830732                                {pd product} {ergonomic}
    uintx NonProfiledCodeHeapSize                  = 122913754                              {pd product} {ergonomic}
    uintx ProfiledCodeHeapSize                     = 122913754                              {pd product} {ergonomic}
    uintx ReservedCodeCacheSize                    = 251658240                              {pd product} {ergonomic}
     bool SegmentedCodeCache                       = true                                      {product} {ergonomic}
     bool UseCompressedClassPointers               = true                                 {lp64_product} {ergonomic}
     bool UseCompressedOops                        = true                                 {lp64_product} {ergonomic}
     bool UseG1GC                                  = true                                      {product} {ergonomic}
     bool UseLargePagesIndividualAllocation        = false                                  {pd product} {ergonomic}

Logging:
Log output configuration:
 #0: stdout all=warning uptime,level,tags
 #1: stderr all=off uptime,level,tags

Environment Variables:
PATH=C:\Program Files\Common Files\Oracle\Java\javapath;C:\WINDOWS\system32;C:\WINDOWS;C:\WINDOWS\System32\Wbem;C:\WINDOWS\System32\WindowsPowerShell\v1.0\;C:\Program Files (x86)\Brackets\command;C:\Program Files\Dart\dart-sdk\bin;C:\Program Files\Git\cmd;C:\src\flutter\bin;;C:\WINDOWS\System32\OpenSSH\;C:\Users\ahmed\AppData\Local\Programs\Python\Python39\Scripts\;C:\Users\ahmed\AppData\Local\Programs\Python\Python39\;C:\Users\ahmed\AppData\Local\Microsoft\WindowsApps;C:\Users\ahmed\AppData\Local\Programs\Microsoft VS Code\bin;C:\Users\ahmed\AppData\Local\atom\bin;C:\Users\ahmed\AppData\Local\Microsoft\WindowsApps;
USERNAME=ahmed
OS=Windows_NT
PROCESSOR_IDENTIFIER=Intel64 Family 6 Model 69 Stepping 1, GenuineIntel



---------------  S Y S T E M  ---------------

OS: Windows 10 , 64 bit Build 19041 (10.0.19041.1151)
OS uptime: 2 days 7:07 hours

CPU:total 4 (initial active 4) (2 cores per cpu, 2 threads per core) family 6 model 69 stepping 1 microcode 0x26, cmov, cx8, fxsr, mmx, sse, sse2, sse3, ssse3, sse4.1, sse4.2, popcnt, avx, avx2, aes, clmul, erms, lzcnt, ht, tsc, tscinvbit, bmi1, bmi2, fma

Memory: 4k page, system-wide physical 8128M (1095M free)
TotalPageFile size 23425M (AvailPageFile size 4M)
current process WorkingSet (physical memory assigned to process): 497M, peak: 503M
current process commit charge ("private bytes"): 522M, peak: 529M

vm_info: OpenJDK 64-Bit Server VM (11.0.10+0-b96-7249189) for windows-amd64 JRE (11.0.10+0-b96-7249189), built on Mar 31 2021 21:44:00 by "builder" with MS VC++ 14.0 (VS2015)

END.
